================================================================================
Summary of training process:
Algorithm: pFedC
Batch size: 32
Learing rate       : 0.01
Ensemble learing rate       : 0.0001
Average Moving       : 1.0
Subset of users      : 20
Number of global rounds       : 60
Number of local rounds       : 10
Dataset       : Cifar100-alpha0.05
Local Model       : cnn
Device            : cuda
================================================================================


         [ Start training iteration 0 ]           


use cifar model
dataset:  Cifar100-alpha0.05   labels_index: all 1
Users in total: 20
use dataset:  Cifar100-alpha0.05
use dataset:  Cifar100-alpha0.05
use dataset:  Cifar100-alpha0.05
use dataset:  Cifar100-alpha0.05
use dataset:  Cifar100-alpha0.05
use dataset:  Cifar100-alpha0.05
use dataset:  Cifar100-alpha0.05
use dataset:  Cifar100-alpha0.05
use dataset:  Cifar100-alpha0.05
use dataset:  Cifar100-alpha0.05
use dataset:  Cifar100-alpha0.05
use dataset:  Cifar100-alpha0.05
use dataset:  Cifar100-alpha0.05
use dataset:  Cifar100-alpha0.05
use dataset:  Cifar100-alpha0.05
use dataset:  Cifar100-alpha0.05
use dataset:  Cifar100-alpha0.05
use dataset:  Cifar100-alpha0.05
use dataset:  Cifar100-alpha0.05
use dataset:  Cifar100-alpha0.05
Number of users / total users: 20  /  20
Finished creating pFedC server.
All users are selected
-------------------------------------------
test_samples:  [791, 340, 910, 23, 195, 45, 965, 83, 439, 583, 496, 1201, 33, 27, 65, 17, 548, 146, 481, 118]
test_accs:  [{0: 1.0, 1: 0.0, 2: 0.0, 3: 0.8015170670037927, 4: 0.9810366624525917, 5: 0.9860935524652339, 6: 0.06826801517067003, 7: 0.0, 8: 1.0, 9: 0.8697850821744627}, {0: 0.052941176470588235, 1: 0.0, 2: 0.0, 3: 0.03823529411764706, 4: 0.9882352941176471, 5: 0.9676470588235294, 6: 0.011764705882352941, 7: 0.0029411764705882353, 8: 1.0, 9: 1.0}, {0: 0.8296703296703297, 1: 0.015384615384615385, 2: 0.0, 3: 0.001098901098901099, 4: 0.9703296703296703, 5: 0.9736263736263736, 6: 0.0, 7: 0.0, 8: 0.18681318681318682, 9: 1.0}, {0: 1.0, 1: 0.0, 2: 0.08695652173913043, 3: 0.9130434782608695, 4: 0.8695652173913043, 5: 1.0, 6: 0.0, 7: 0.0, 8: 1.0, 9: 1.0}, {0: 1.0, 1: 0.0, 2: 0.3076923076923077, 3: 0.0, 4: 0.8307692307692308, 5: 0.5230769230769231, 6: 0.0, 7: 0.0, 8: 1.0, 9: 0.9076923076923077}, {0: 1.0, 1: 0.0, 2: 0.6444444444444445, 3: 0.35555555555555557, 4: 0.8888888888888888, 5: 1.0, 6: 0.0, 7: 0.0, 8: 1.0, 9: 1.0}, {0: 1.0, 1: 0.008290155440414507, 2: 0.0, 3: 0.0031088082901554403, 4: 0.9658031088082901, 5: 0.9471502590673575, 6: 0.002072538860103627, 7: 0.7295336787564767, 8: 1.0, 9: 0.7430051813471502}, {0: 1.0, 1: 0.0, 2: 0.40963855421686746, 3: 0.0, 4: 0.9879518072289156, 5: 0.6626506024096386, 6: 0.10843373493975904, 7: 0.04819277108433735, 8: 1.0, 9: 0.9036144578313253}, {0: 0.9977220956719818, 1: 0.0, 2: 0.0, 3: 0.0, 4: 0.13439635535307518, 5: 0.9977220956719818, 6: 0.08656036446469248, 7: 0.0, 8: 1.0, 9: 1.0}, {0: 1.0, 1: 0.0, 2: 0.018867924528301886, 3: 0.0, 4: 0.6569468267581475, 5: 0.9468267581475128, 6: 0.0, 7: 0.0, 8: 1.0, 9: 0.4236706689536878}, {0: 1.0, 1: 0.0, 2: 0.9979838709677419, 3: 0.0, 4: 0.9354838709677419, 5: 0.9939516129032258, 6: 0.0, 7: 0.0, 8: 1.0, 9: 0.9979838709677419}, {0: 0.9650291423813488, 1: 0.4987510407993339, 2: 0.0, 3: 0.0, 4: 0.980849292256453, 5: 0.9791840133222315, 6: 0.466278101582015, 7: 0.0, 8: 1.0, 9: 1.0}, {0: 1.0, 1: 0.0, 2: 0.42424242424242425, 3: 0.030303030303030304, 4: 0.8787878787878788, 5: 1.0, 6: 0.0, 7: 0.5151515151515151, 8: 1.0, 9: 1.0}, {0: 1.0, 1: 0.0, 2: 0.0, 3: 0.0, 4: 1.0, 5: 1.0, 6: 0.0, 7: 0.0, 8: 1.0, 9: 0.0}, {0: 1.0, 1: 0.0, 2: 0.0, 3: 0.9230769230769231, 4: 0.9384615384615385, 5: 0.9692307692307692, 6: 0.0, 7: 0.0, 8: 0.9230769230769231, 9: 1.0}, {0: 1.0, 1: 0.0, 2: 0.058823529411764705, 3: 0.0, 4: 0.7058823529411765, 5: 1.0, 6: 0.0, 7: 0.0, 8: 1.0, 9: 0.35294117647058826}, {0: 1.0, 1: 0.2354014598540146, 2: 0.0072992700729927005, 3: 0.0, 4: 0.968978102189781, 5: 0.29927007299270075, 6: 0.0, 7: 0.03102189781021898, 8: 0.9927007299270073, 9: 1.0}, {0: 1.0, 1: 0.0, 2: 0.0547945205479452, 3: 0.0, 4: 0.9863013698630136, 5: 0.6643835616438356, 6: 0.6095890410958904, 7: 0.0136986301369863, 8: 1.0, 9: 1.0}, {0: 0.525987525987526, 1: 0.0, 2: 0.1891891891891892, 3: 0.0, 4: 0.9542619542619543, 5: 0.6632016632016632, 6: 0.0, 7: 0.008316008316008316, 8: 0.997920997920998, 9: 1.0}, {0: 0.9915254237288136, 1: 0.0, 2: 0.00847457627118644, 3: 0.0, 4: 0.0847457627118644, 5: 0.9661016949152542, 6: 0.0, 7: 0.0, 8: 0.9915254237288136, 9: 1.0}]
each client's acc:
0.5706700379266751
0.40617647058823536
0.3976923076923077
0.5869565217391305
0.4569230769230769
0.5888888888888889
0.5398963730569948
0.5120481927710843
0.4216400911161731
0.404631217838765
0.5925403225806452
0.5890091590341382
0.5848484848484848
0.4
0.5753846153846154
0.4117647058823529
0.4534671532846716
0.5328767123287671
0.4338877338877339
0.40423728813559323
-------------------------------------------
client No.: 0
client No.: 1
client No.: 2
client No.: 3
client No.: 4
client No.: 5
client No.: 6
client No.: 7
client No.: 8
client No.: 9
client No.: 10
client No.: 11
client No.: 12
client No.: 13
client No.: 14
client No.: 15
client No.: 16
client No.: 17
client No.: 18
client No.: 19
glob_iter:  0     train_time:  42.561739313602445
glob_iter:  0     agg_time:  5.520450115203857
All users are selected
-------------------------------------------
test_samples:  [791, 340, 910, 23, 195, 45, 965, 83, 439, 583, 496, 1201, 33, 27, 65, 17, 548, 146, 481, 118]
test_accs:  [{0: 1.0, 1: 1.0, 2: 1.0, 3: 0.8015170670037927, 4: 1.0, 5: 1.0, 6: 0.93173198482933, 7: 1.0, 8: 1.0, 9: 0.8697850821744627}, {0: 0.9470588235294117, 1: 1.0, 2: 1.0, 3: 0.961764705882353, 4: 1.0, 5: 1.0, 6: 0.9882352941176471, 7: 0.9970588235294118, 8: 1.0, 9: 1.0}, {0: 0.8296703296703297, 1: 0.9846153846153847, 2: 1.0, 3: 0.9989010989010989, 4: 1.0, 5: 1.0, 6: 1.0, 7: 1.0, 8: 0.8131868131868132, 9: 1.0}, {0: 1.0, 1: 0.6086956521739131, 2: 0.8260869565217391, 3: 0.9130434782608695, 4: 1.0, 5: 0.9565217391304348, 6: 0.0, 7: 1.0, 8: 1.0, 9: 1.0}, {0: 1.0, 1: 1.0, 2: 0.6923076923076923, 3: 1.0, 4: 0.8871794871794871, 5: 0.5487179487179488, 6: 1.0, 7: 1.0, 8: 1.0, 9: 0.9076923076923077}, {0: 1.0, 1: 0.9555555555555556, 2: 0.4666666666666667, 3: 0.37777777777777777, 4: 1.0, 5: 1.0, 6: 0.3111111111111111, 7: 1.0, 8: 1.0, 9: 1.0}, {0: 1.0, 1: 0.9917098445595854, 2: 1.0, 3: 0.9968911917098445, 4: 1.0, 5: 1.0, 6: 0.9979274611398964, 7: 0.7295336787564767, 8: 1.0, 9: 0.7430051813471502}, {0: 1.0, 1: 1.0, 2: 0.5903614457831325, 3: 1.0, 4: 1.0, 5: 0.6626506024096386, 6: 0.8554216867469879, 7: 0.9518072289156626, 8: 1.0, 9: 0.9036144578313253}, {0: 0.9977220956719818, 1: 1.0, 2: 1.0, 3: 1.0, 4: 0.9111617312072893, 5: 1.0, 6: 0.9134396355353075, 7: 1.0, 8: 1.0, 9: 1.0}, {0: 1.0, 1: 1.0, 2: 0.9811320754716981, 3: 1.0, 4: 0.7427101200686106, 5: 0.9485420240137221, 6: 1.0, 7: 1.0, 8: 1.0, 9: 0.7444253859348199}, {0: 1.0, 1: 1.0, 2: 0.9979838709677419, 3: 1.0, 4: 1.0, 5: 1.0, 6: 1.0, 7: 1.0, 8: 1.0, 9: 0.9979838709677419}, {0: 0.9650291423813488, 1: 0.7210657785179018, 2: 1.0, 3: 1.0, 4: 1.0, 5: 1.0, 6: 0.7252289758534555, 7: 1.0, 8: 1.0, 9: 1.0}, {0: 1.0, 1: 0.9090909090909091, 2: 0.5454545454545454, 3: 0.45454545454545453, 4: 0.9696969696969697, 5: 1.0, 6: 0.030303030303030304, 7: 0.5151515151515151, 8: 1.0, 9: 1.0}, {0: 1.0, 1: 0.9259259259259259, 2: 0.9629629629629629, 3: 0.14814814814814814, 4: 1.0, 5: 0.8888888888888888, 6: 0.07407407407407407, 7: 0.7777777777777778, 8: 1.0, 9: 0.0}, {0: 1.0, 1: 1.0, 2: 1.0, 3: 0.9230769230769231, 4: 1.0, 5: 1.0, 6: 0.7384615384615385, 7: 1.0, 8: 0.9230769230769231, 9: 1.0}, {0: 1.0, 1: 0.6470588235294118, 2: 0.9411764705882353, 3: 0.17647058823529413, 4: 0.7058823529411765, 5: 0.9411764705882353, 6: 0.058823529411764705, 7: 0.6470588235294118, 8: 0.9411764705882353, 9: 0.35294117647058826}, {0: 1.0, 1: 0.7645985401459854, 2: 0.9927007299270073, 3: 1.0, 4: 1.0, 5: 0.718978102189781, 6: 1.0, 7: 0.968978102189781, 8: 0.9927007299270073, 9: 1.0}, {0: 1.0, 1: 1.0, 2: 0.9452054794520548, 3: 1.0, 4: 1.0, 5: 0.678082191780822, 6: 0.6095890410958904, 7: 0.9863013698630136, 8: 1.0, 9: 1.0}, {0: 0.683991683991684, 1: 1.0, 2: 0.8108108108108109, 3: 1.0, 4: 1.0, 5: 0.6735966735966736, 6: 1.0, 7: 0.9916839916839917, 8: 0.997920997920998, 9: 1.0}, {0: 0.9915254237288136, 1: 1.0, 2: 0.9915254237288136, 3: 1.0, 4: 0.9745762711864406, 5: 1.0, 6: 1.0, 7: 1.0, 8: 0.9915254237288136, 9: 1.0}]
each client's acc:
0.9603034134007586
0.9894117647058824
0.9626373626373628
0.8304347826086957
0.9035897435897435
0.8111111111111111
0.9459067357512954
0.8963855421686748
0.9822323462414578
0.9416809605488851
0.9995967741935484
0.9411323896752706
0.7424242424242424
0.6777777777777778
0.9584615384615385
0.6411764705882352
0.9437956204379562
0.9219178082191781
0.9158004158004157
0.9949152542372881
-------------------------------------------
client No.: 0
client No.: 1
client No.: 2
client No.: 3
client No.: 4
client No.: 5
client No.: 6
client No.: 7
client No.: 8
client No.: 9
client No.: 10
client No.: 11
client No.: 12
client No.: 13
client No.: 14
client No.: 15
client No.: 16
client No.: 17
client No.: 18
client No.: 19
glob_iter:  1     train_time:  50.65526045560837
glob_iter:  1     agg_time:  5.523587942123413
All users are selected
-------------------------------------------
test_samples:  [791, 340, 910, 23, 195, 45, 965, 83, 439, 583, 496, 1201, 33, 27, 65, 17, 548, 146, 481, 118]
test_accs:  [{0: 1.0, 1: 1.0, 2: 1.0, 3: 0.8015170670037927, 4: 1.0, 5: 1.0, 6: 0.93173198482933, 7: 1.0, 8: 1.0, 9: 0.8697850821744627}, {0: 0.9470588235294117, 1: 1.0, 2: 1.0, 3: 0.961764705882353, 4: 1.0, 5: 1.0, 6: 0.9882352941176471, 7: 0.9970588235294118, 8: 1.0, 9: 1.0}, {0: 0.8296703296703297, 1: 0.9846153846153847, 2: 1.0, 3: 0.9989010989010989, 4: 1.0, 5: 1.0, 6: 1.0, 7: 1.0, 8: 0.8131868131868132, 9: 1.0}, {0: 1.0, 1: 1.0, 2: 0.9130434782608695, 3: 0.9130434782608695, 4: 1.0, 5: 1.0, 6: 0.6521739130434783, 7: 1.0, 8: 1.0, 9: 1.0}, {0: 1.0, 1: 1.0, 2: 0.6923076923076923, 3: 1.0, 4: 0.8871794871794871, 5: 0.5948717948717949, 6: 1.0, 7: 1.0, 8: 1.0, 9: 0.9076923076923077}, {0: 1.0, 1: 1.0, 2: 0.5777777777777777, 3: 0.6666666666666666, 4: 1.0, 5: 1.0, 6: 1.0, 7: 1.0, 8: 1.0, 9: 1.0}, {0: 1.0, 1: 0.9917098445595854, 2: 1.0, 3: 0.9968911917098445, 4: 1.0, 5: 1.0, 6: 0.9979274611398964, 7: 0.8746113989637305, 8: 1.0, 9: 0.8746113989637305}, {0: 1.0, 1: 1.0, 2: 0.5903614457831325, 3: 1.0, 4: 1.0, 5: 0.6626506024096386, 6: 0.891566265060241, 7: 0.9518072289156626, 8: 1.0, 9: 0.9036144578313253}, {0: 0.9977220956719818, 1: 1.0, 2: 1.0, 3: 1.0, 4: 0.9111617312072893, 5: 1.0, 6: 0.9134396355353075, 7: 1.0, 8: 1.0, 9: 1.0}, {0: 1.0, 1: 1.0, 2: 0.9811320754716981, 3: 1.0, 4: 0.8919382504288165, 5: 0.9485420240137221, 6: 1.0, 7: 1.0, 8: 1.0, 9: 0.8747855917667239}, {0: 1.0, 1: 1.0, 2: 0.9979838709677419, 3: 1.0, 4: 1.0, 5: 1.0, 6: 1.0, 7: 1.0, 8: 1.0, 9: 0.9979838709677419}, {0: 0.9650291423813488, 1: 0.7985012489592007, 2: 1.0, 3: 1.0, 4: 1.0, 5: 1.0, 6: 0.8193172356369692, 7: 1.0, 8: 1.0, 9: 1.0}, {0: 1.0, 1: 1.0, 2: 0.6060606060606061, 3: 0.9696969696969697, 4: 0.9696969696969697, 5: 1.0, 6: 1.0, 7: 0.6060606060606061, 8: 1.0, 9: 1.0}, {0: 1.0, 1: 1.0, 2: 1.0, 3: 1.0, 4: 1.0, 5: 1.0, 6: 1.0, 7: 1.0, 8: 1.0, 9: 0.9259259259259259}, {0: 1.0, 1: 1.0, 2: 1.0, 3: 0.9230769230769231, 4: 1.0, 5: 1.0, 6: 1.0, 7: 1.0, 8: 0.9230769230769231, 9: 1.0}, {0: 1.0, 1: 1.0, 2: 0.9411764705882353, 3: 0.6470588235294118, 4: 0.7058823529411765, 5: 1.0, 6: 0.6470588235294118, 7: 1.0, 8: 1.0, 9: 0.35294117647058826}, {0: 1.0, 1: 0.7645985401459854, 2: 0.9927007299270073, 3: 1.0, 4: 1.0, 5: 0.718978102189781, 6: 1.0, 7: 0.968978102189781, 8: 0.9927007299270073, 9: 1.0}, {0: 1.0, 1: 1.0, 2: 0.9452054794520548, 3: 1.0, 4: 1.0, 5: 0.678082191780822, 6: 0.6095890410958904, 7: 0.9863013698630136, 8: 1.0, 9: 1.0}, {0: 0.7401247401247402, 1: 1.0, 2: 0.8108108108108109, 3: 1.0, 4: 1.0, 5: 0.6735966735966736, 6: 1.0, 7: 0.9916839916839917, 8: 0.997920997920998, 9: 1.0}, {0: 0.9915254237288136, 1: 1.0, 2: 0.9915254237288136, 3: 1.0, 4: 0.9745762711864406, 5: 1.0, 6: 1.0, 7: 1.0, 8: 0.9915254237288136, 9: 1.0}]
each client's acc:
0.9603034134007586
0.9894117647058824
0.9626373626373628
0.9478260869565218
0.9082051282051282
0.9244444444444444
0.9735751295336789
0.9000000000000001
0.9822323462414578
0.969639794168096
0.9995967741935484
0.9582847626977518
0.9151515151515153
0.9925925925925926
0.9846153846153847
0.8294117647058824
0.9437956204379562
0.9219178082191781
0.9214137214137214
0.9949152542372881
-------------------------------------------
client No.: 0
client No.: 1
client No.: 2
client No.: 3
client No.: 4
client No.: 5
client No.: 6
client No.: 7
client No.: 8
client No.: 9
client No.: 10
client No.: 11
client No.: 12
client No.: 13
client No.: 14
client No.: 15
client No.: 16
client No.: 17
client No.: 18
client No.: 19
glob_iter:  2     train_time:  50.05954424142838
glob_iter:  2     agg_time:  5.510368347167969
All users are selected
-------------------------------------------
test_samples:  [791, 340, 910, 23, 195, 45, 965, 83, 439, 583, 496, 1201, 33, 27, 65, 17, 548, 146, 481, 118]
test_accs:  [{0: 1.0, 1: 1.0, 2: 1.0, 3: 0.8015170670037927, 4: 1.0, 5: 1.0, 6: 0.93173198482933, 7: 1.0, 8: 1.0, 9: 0.8697850821744627}, {0: 0.9470588235294117, 1: 1.0, 2: 1.0, 3: 0.961764705882353, 4: 1.0, 5: 1.0, 6: 0.9882352941176471, 7: 0.9970588235294118, 8: 1.0, 9: 1.0}, {0: 0.8417582417582418, 1: 0.9846153846153847, 2: 1.0, 3: 0.9989010989010989, 4: 1.0, 5: 1.0, 6: 1.0, 7: 1.0, 8: 0.8384615384615385, 9: 1.0}, {0: 1.0, 1: 1.0, 2: 0.9130434782608695, 3: 0.9130434782608695, 4: 1.0, 5: 1.0, 6: 1.0, 7: 1.0, 8: 1.0, 9: 1.0}, {0: 1.0, 1: 1.0, 2: 0.6923076923076923, 3: 1.0, 4: 0.8871794871794871, 5: 0.6461538461538462, 6: 1.0, 7: 1.0, 8: 1.0, 9: 0.9076923076923077}, {0: 1.0, 1: 1.0, 2: 0.6444444444444445, 3: 0.6444444444444445, 4: 1.0, 5: 1.0, 6: 1.0, 7: 1.0, 8: 1.0, 9: 1.0}, {0: 1.0, 1: 0.9917098445595854, 2: 1.0, 3: 0.9968911917098445, 4: 1.0, 5: 1.0, 6: 0.9979274611398964, 7: 0.9150259067357513, 8: 1.0, 9: 0.9191709844559586}, {0: 1.0, 1: 1.0, 2: 0.5903614457831325, 3: 1.0, 4: 1.0, 5: 0.6626506024096386, 6: 0.891566265060241, 7: 0.9518072289156626, 8: 1.0, 9: 0.9036144578313253}, {0: 0.9977220956719818, 1: 1.0, 2: 1.0, 3: 1.0, 4: 0.9111617312072893, 5: 1.0, 6: 0.9134396355353075, 7: 1.0, 8: 1.0, 9: 1.0}, {0: 1.0, 1: 1.0, 2: 0.9811320754716981, 3: 1.0, 4: 0.9125214408233276, 5: 0.9485420240137221, 6: 1.0, 7: 1.0, 8: 1.0, 9: 0.9005145797598628}, {0: 1.0, 1: 1.0, 2: 0.9979838709677419, 3: 1.0, 4: 1.0, 5: 1.0, 6: 1.0, 7: 1.0, 8: 1.0, 9: 0.9979838709677419}, {0: 0.9650291423813488, 1: 0.8318068276436303, 2: 1.0, 3: 1.0, 4: 1.0, 5: 1.0, 6: 0.8559533721898418, 7: 1.0, 8: 1.0, 9: 1.0}, {0: 1.0, 1: 1.0, 2: 0.5757575757575758, 3: 0.9696969696969697, 4: 0.9696969696969697, 5: 1.0, 6: 1.0, 7: 0.5151515151515151, 8: 1.0, 9: 1.0}, {0: 1.0, 1: 1.0, 2: 1.0, 3: 1.0, 4: 1.0, 5: 1.0, 6: 1.0, 7: 1.0, 8: 1.0, 9: 1.0}, {0: 1.0, 1: 1.0, 2: 1.0, 3: 0.9230769230769231, 4: 1.0, 5: 1.0, 6: 1.0, 7: 1.0, 8: 0.9230769230769231, 9: 1.0}, {0: 1.0, 1: 1.0, 2: 0.9411764705882353, 3: 1.0, 4: 0.7058823529411765, 5: 1.0, 6: 1.0, 7: 1.0, 8: 1.0, 9: 0.35294117647058826}, {0: 1.0, 1: 0.7645985401459854, 2: 0.9927007299270073, 3: 1.0, 4: 1.0, 5: 0.718978102189781, 6: 1.0, 7: 0.968978102189781, 8: 0.9927007299270073, 9: 1.0}, {0: 1.0, 1: 1.0, 2: 0.9452054794520548, 3: 1.0, 4: 1.0, 5: 0.678082191780822, 6: 0.6095890410958904, 7: 0.9863013698630136, 8: 1.0, 9: 1.0}, {0: 0.738045738045738, 1: 1.0, 2: 0.8544698544698545, 3: 1.0, 4: 1.0, 5: 0.6735966735966736, 6: 1.0, 7: 0.9916839916839917, 8: 0.997920997920998, 9: 1.0}, {0: 0.9915254237288136, 1: 1.0, 2: 0.9915254237288136, 3: 1.0, 4: 0.9745762711864406, 5: 1.0, 6: 1.0, 7: 1.0, 8: 0.9915254237288136, 9: 1.0}]
each client's acc:
0.9603034134007586
0.9894117647058824
0.9663736263736264
0.9826086956521738
0.9133333333333333
0.9288888888888888
0.9820725388601035
0.9000000000000001
0.9822323462414578
0.974271012006861
0.9995967741935484
0.965278934221482
0.9030303030303031
1.0
0.9846153846153847
0.9000000000000001
0.9437956204379562
0.9219178082191781
0.9255717255717256
0.9949152542372881
-------------------------------------------
client No.: 0
client No.: 1
client No.: 2
client No.: 3
client No.: 4
client No.: 5
client No.: 6
client No.: 7
client No.: 8
client No.: 9
client No.: 10
client No.: 11
client No.: 12
client No.: 13
client No.: 14
client No.: 15
client No.: 16
client No.: 17
client No.: 18
client No.: 19
glob_iter:  3     train_time:  50.09228756427765
glob_iter:  3     agg_time:  5.0089945793151855
All users are selected
-------------------------------------------
test_samples:  [791, 340, 910, 23, 195, 45, 965, 83, 439, 583, 496, 1201, 33, 27, 65, 17, 548, 146, 481, 118]
test_accs:  [{0: 1.0, 1: 1.0, 2: 1.0, 3: 0.8015170670037927, 4: 1.0, 5: 1.0, 6: 0.93173198482933, 7: 1.0, 8: 1.0, 9: 0.8697850821744627}, {0: 0.9470588235294117, 1: 1.0, 2: 1.0, 3: 0.961764705882353, 4: 1.0, 5: 1.0, 6: 0.9882352941176471, 7: 0.9970588235294118, 8: 1.0, 9: 1.0}, {0: 0.8571428571428571, 1: 0.9846153846153847, 2: 1.0, 3: 0.9989010989010989, 4: 1.0, 5: 1.0, 6: 1.0, 7: 1.0, 8: 0.856043956043956, 9: 1.0}, {0: 1.0, 1: 1.0, 2: 0.9130434782608695, 3: 0.9130434782608695, 4: 1.0, 5: 1.0, 6: 1.0, 7: 1.0, 8: 1.0, 9: 1.0}, {0: 1.0, 1: 1.0, 2: 0.6923076923076923, 3: 1.0, 4: 0.8871794871794871, 5: 0.6820512820512821, 6: 1.0, 7: 1.0, 8: 1.0, 9: 0.9076923076923077}, {0: 1.0, 1: 1.0, 2: 0.6444444444444445, 3: 0.6444444444444445, 4: 1.0, 5: 1.0, 6: 1.0, 7: 1.0, 8: 1.0, 9: 1.0}, {0: 1.0, 1: 0.9917098445595854, 2: 1.0, 3: 0.9968911917098445, 4: 1.0, 5: 1.0, 6: 0.9979274611398964, 7: 0.9398963730569948, 8: 1.0, 9: 0.9409326424870467}, {0: 1.0, 1: 1.0, 2: 0.5903614457831325, 3: 1.0, 4: 1.0, 5: 0.6626506024096386, 6: 0.891566265060241, 7: 0.9518072289156626, 8: 1.0, 9: 0.9036144578313253}, {0: 0.9977220956719818, 1: 1.0, 2: 1.0, 3: 1.0, 4: 0.9111617312072893, 5: 1.0, 6: 0.9134396355353075, 7: 1.0, 8: 1.0, 9: 1.0}, {0: 1.0, 1: 1.0, 2: 0.9811320754716981, 3: 1.0, 4: 0.9279588336192109, 5: 0.9485420240137221, 6: 1.0, 7: 1.0, 8: 1.0, 9: 0.9159519725557461}, {0: 1.0, 1: 1.0, 2: 0.9979838709677419, 3: 1.0, 4: 1.0, 5: 1.0, 6: 1.0, 7: 1.0, 8: 1.0, 9: 0.9979838709677419}, {0: 0.9650291423813488, 1: 0.8426311407160699, 2: 1.0, 3: 1.0, 4: 1.0, 5: 1.0, 6: 0.86511240632806, 7: 1.0, 8: 1.0, 9: 1.0}, {0: 1.0, 1: 1.0, 2: 0.5757575757575758, 3: 0.9696969696969697, 4: 0.9696969696969697, 5: 1.0, 6: 1.0, 7: 0.48484848484848486, 8: 1.0, 9: 1.0}, {0: 1.0, 1: 1.0, 2: 1.0, 3: 1.0, 4: 1.0, 5: 1.0, 6: 1.0, 7: 1.0, 8: 1.0, 9: 1.0}, {0: 1.0, 1: 1.0, 2: 1.0, 3: 0.9230769230769231, 4: 1.0, 5: 1.0, 6: 1.0, 7: 1.0, 8: 0.9230769230769231, 9: 1.0}, {0: 1.0, 1: 1.0, 2: 0.9411764705882353, 3: 1.0, 4: 0.7058823529411765, 5: 1.0, 6: 1.0, 7: 1.0, 8: 1.0, 9: 0.35294117647058826}, {0: 1.0, 1: 0.7645985401459854, 2: 0.9927007299270073, 3: 1.0, 4: 1.0, 5: 0.718978102189781, 6: 1.0, 7: 0.968978102189781, 8: 0.9927007299270073, 9: 1.0}, {0: 1.0, 1: 1.0, 2: 0.9452054794520548, 3: 1.0, 4: 1.0, 5: 0.678082191780822, 6: 0.6095890410958904, 7: 0.9863013698630136, 8: 1.0, 9: 1.0}, {0: 0.7671517671517671, 1: 1.0, 2: 0.9085239085239085, 3: 1.0, 4: 1.0, 5: 0.6735966735966736, 6: 1.0, 7: 0.9916839916839917, 8: 0.997920997920998, 9: 1.0}, {0: 0.9915254237288136, 1: 1.0, 2: 0.9915254237288136, 3: 1.0, 4: 0.9745762711864406, 5: 1.0, 6: 1.0, 7: 1.0, 8: 0.9915254237288136, 9: 1.0}]
each client's acc:
0.9603034134007586
0.9894117647058824
0.9696703296703297
0.9826086956521738
0.9169230769230768
0.9288888888888888
0.9867357512953369
0.9000000000000001
0.9822323462414578
0.9773584905660379
0.9995967741935484
0.9672772689425478
0.9
1.0
0.9846153846153847
0.9000000000000001
0.9437956204379562
0.9219178082191781
0.9338877338877338
0.9949152542372881
-------------------------------------------
client No.: 0
client No.: 1
client No.: 2
client No.: 3
client No.: 4
client No.: 5
client No.: 6
client No.: 7
client No.: 8
client No.: 9
client No.: 10
client No.: 11
client No.: 12
client No.: 13
client No.: 14
client No.: 15
client No.: 16
client No.: 17
client No.: 18
client No.: 19
glob_iter:  4     train_time:  50.10528702735901
glob_iter:  4     agg_time:  5.5200183391571045
All users are selected
-------------------------------------------
test_samples:  [791, 340, 910, 23, 195, 45, 965, 83, 439, 583, 496, 1201, 33, 27, 65, 17, 548, 146, 481, 118]
test_accs:  [{0: 1.0, 1: 1.0, 2: 1.0, 3: 0.8015170670037927, 4: 1.0, 5: 1.0, 6: 0.93173198482933, 7: 1.0, 8: 1.0, 9: 0.8697850821744627}, {0: 0.9470588235294117, 1: 1.0, 2: 1.0, 3: 0.961764705882353, 4: 1.0, 5: 1.0, 6: 0.9882352941176471, 7: 0.9970588235294118, 8: 1.0, 9: 1.0}, {0: 0.8593406593406593, 1: 0.9846153846153847, 2: 1.0, 3: 0.9989010989010989, 4: 1.0, 5: 1.0, 6: 1.0, 7: 1.0, 8: 0.8692307692307693, 9: 1.0}, {0: 1.0, 1: 1.0, 2: 0.9130434782608695, 3: 0.9130434782608695, 4: 1.0, 5: 1.0, 6: 1.0, 7: 1.0, 8: 1.0, 9: 1.0}, {0: 1.0, 1: 1.0, 2: 0.6923076923076923, 3: 1.0, 4: 0.8871794871794871, 5: 0.717948717948718, 6: 1.0, 7: 1.0, 8: 1.0, 9: 0.9076923076923077}, {0: 1.0, 1: 1.0, 2: 0.6444444444444445, 3: 0.6444444444444445, 4: 1.0, 5: 1.0, 6: 1.0, 7: 1.0, 8: 1.0, 9: 1.0}, {0: 1.0, 1: 0.9917098445595854, 2: 1.0, 3: 0.9968911917098445, 4: 1.0, 5: 1.0, 6: 0.9979274611398964, 7: 0.9471502590673575, 8: 1.0, 9: 0.9461139896373058}, {0: 1.0, 1: 1.0, 2: 0.5903614457831325, 3: 1.0, 4: 1.0, 5: 0.6626506024096386, 6: 0.891566265060241, 7: 0.9518072289156626, 8: 1.0, 9: 0.9036144578313253}, {0: 0.9977220956719818, 1: 1.0, 2: 1.0, 3: 1.0, 4: 0.9111617312072893, 5: 1.0, 6: 0.9134396355353075, 7: 1.0, 8: 1.0, 9: 1.0}, {0: 1.0, 1: 1.0, 2: 0.9811320754716981, 3: 1.0, 4: 0.934819897084048, 5: 0.9485420240137221, 6: 1.0, 7: 1.0, 8: 1.0, 9: 0.9228130360205832}, {0: 1.0, 1: 1.0, 2: 0.9979838709677419, 3: 1.0, 4: 1.0, 5: 1.0, 6: 1.0, 7: 1.0, 8: 1.0, 9: 0.9979838709677419}, {0: 0.9650291423813488, 1: 0.8476269775187344, 2: 1.0, 3: 1.0, 4: 1.0, 5: 1.0, 6: 0.8784346378018318, 7: 1.0, 8: 1.0, 9: 1.0}, {0: 1.0, 1: 1.0, 2: 0.5757575757575758, 3: 0.9696969696969697, 4: 0.9696969696969697, 5: 1.0, 6: 1.0, 7: 0.48484848484848486, 8: 1.0, 9: 1.0}, {0: 1.0, 1: 1.0, 2: 1.0, 3: 1.0, 4: 1.0, 5: 1.0, 6: 1.0, 7: 1.0, 8: 1.0, 9: 1.0}, {0: 1.0, 1: 1.0, 2: 1.0, 3: 0.9230769230769231, 4: 1.0, 5: 1.0, 6: 1.0, 7: 1.0, 8: 0.9230769230769231, 9: 1.0}, {0: 1.0, 1: 1.0, 2: 0.9411764705882353, 3: 1.0, 4: 0.7058823529411765, 5: 1.0, 6: 1.0, 7: 1.0, 8: 1.0, 9: 0.47058823529411764}, {0: 1.0, 1: 0.7645985401459854, 2: 0.9927007299270073, 3: 1.0, 4: 1.0, 5: 0.718978102189781, 6: 1.0, 7: 0.968978102189781, 8: 0.9927007299270073, 9: 1.0}, {0: 1.0, 1: 1.0, 2: 0.9452054794520548, 3: 1.0, 4: 1.0, 5: 0.678082191780822, 6: 0.6095890410958904, 7: 0.9863013698630136, 8: 1.0, 9: 1.0}, {0: 0.7754677754677755, 1: 1.0, 2: 0.9168399168399168, 3: 1.0, 4: 1.0, 5: 0.681912681912682, 6: 1.0, 7: 0.9916839916839917, 8: 0.997920997920998, 9: 1.0}, {0: 0.9915254237288136, 1: 1.0, 2: 0.9915254237288136, 3: 1.0, 4: 0.9745762711864406, 5: 1.0, 6: 1.0, 7: 1.0, 8: 0.9915254237288136, 9: 1.0}]
each client's acc:
0.9603034134007586
0.9894117647058824
0.9712087912087913
0.9826086956521738
0.9205128205128205
0.9288888888888888
0.987979274611399
0.9000000000000001
0.9822323462414578
0.9787307032590051
0.9995967741935484
0.9691090757701915
0.9
1.0
0.9846153846153847
0.911764705882353
0.9437956204379562
0.9219178082191781
0.9363825363825364
0.9949152542372881
-------------------------------------------
client No.: 0
client No.: 1
client No.: 2
client No.: 3
client No.: 4
client No.: 5
client No.: 6
client No.: 7
client No.: 8
client No.: 9
client No.: 10
client No.: 11
client No.: 12
client No.: 13
client No.: 14
client No.: 15
client No.: 16
client No.: 17
client No.: 18
client No.: 19
glob_iter:  5     train_time:  50.09993871450424
glob_iter:  5     agg_time:  5.464686393737793
All users are selected
-------------------------------------------
test_samples:  [791, 340, 910, 23, 195, 45, 965, 83, 439, 583, 496, 1201, 33, 27, 65, 17, 548, 146, 481, 118]
test_accs:  [{0: 1.0, 1: 1.0, 2: 1.0, 3: 0.8394437420986094, 4: 1.0, 5: 1.0, 6: 0.93173198482933, 7: 1.0, 8: 1.0, 9: 0.9140328697850821}, {0: 0.9470588235294117, 1: 1.0, 2: 1.0, 3: 0.961764705882353, 4: 1.0, 5: 1.0, 6: 0.9882352941176471, 7: 0.9970588235294118, 8: 1.0, 9: 1.0}, {0: 0.8615384615384616, 1: 0.9846153846153847, 2: 1.0, 3: 0.9989010989010989, 4: 1.0, 5: 1.0, 6: 1.0, 7: 1.0, 8: 0.8703296703296703, 9: 1.0}, {0: 1.0, 1: 1.0, 2: 0.9130434782608695, 3: 0.9130434782608695, 4: 1.0, 5: 1.0, 6: 1.0, 7: 1.0, 8: 1.0, 9: 1.0}, {0: 1.0, 1: 1.0, 2: 0.7384615384615385, 3: 1.0, 4: 0.8871794871794871, 5: 0.7230769230769231, 6: 1.0, 7: 1.0, 8: 1.0, 9: 0.9076923076923077}, {0: 1.0, 1: 1.0, 2: 0.6444444444444445, 3: 0.6444444444444445, 4: 1.0, 5: 1.0, 6: 1.0, 7: 1.0, 8: 1.0, 9: 1.0}, {0: 1.0, 1: 0.9917098445595854, 2: 1.0, 3: 0.9968911917098445, 4: 1.0, 5: 1.0, 6: 0.9979274611398964, 7: 0.9481865284974094, 8: 1.0, 9: 0.9450777202072539}, {0: 1.0, 1: 1.0, 2: 0.6024096385542169, 3: 1.0, 4: 1.0, 5: 0.6626506024096386, 6: 0.891566265060241, 7: 0.9518072289156626, 8: 1.0, 9: 0.9036144578313253}, {0: 0.9977220956719818, 1: 1.0, 2: 1.0, 3: 1.0, 4: 0.9111617312072893, 5: 1.0, 6: 0.9134396355353075, 7: 1.0, 8: 1.0, 9: 1.0}, {0: 1.0, 1: 1.0, 2: 0.9811320754716981, 3: 1.0, 4: 0.934819897084048, 5: 0.9485420240137221, 6: 1.0, 7: 1.0, 8: 1.0, 9: 0.9245283018867925}, {0: 1.0, 1: 1.0, 2: 0.9979838709677419, 3: 1.0, 4: 1.0, 5: 1.0, 6: 1.0, 7: 1.0, 8: 1.0, 9: 0.9979838709677419}, {0: 0.9650291423813488, 1: 0.8626144879267277, 2: 1.0, 3: 1.0, 4: 1.0, 5: 1.0, 6: 0.884263114071607, 7: 1.0, 8: 1.0, 9: 1.0}, {0: 1.0, 1: 1.0, 2: 0.5757575757575758, 3: 0.9696969696969697, 4: 0.9696969696969697, 5: 1.0, 6: 1.0, 7: 0.48484848484848486, 8: 1.0, 9: 1.0}, {0: 1.0, 1: 1.0, 2: 1.0, 3: 1.0, 4: 1.0, 5: 1.0, 6: 1.0, 7: 1.0, 8: 1.0, 9: 1.0}, {0: 1.0, 1: 1.0, 2: 1.0, 3: 0.9230769230769231, 4: 1.0, 5: 1.0, 6: 1.0, 7: 1.0, 8: 0.9230769230769231, 9: 1.0}, {0: 1.0, 1: 1.0, 2: 0.9411764705882353, 3: 1.0, 4: 0.7058823529411765, 5: 1.0, 6: 1.0, 7: 1.0, 8: 1.0, 9: 0.6470588235294118}, {0: 1.0, 1: 0.7645985401459854, 2: 0.9927007299270073, 3: 1.0, 4: 1.0, 5: 0.7317518248175182, 6: 1.0, 7: 0.968978102189781, 8: 0.9927007299270073, 9: 1.0}, {0: 1.0, 1: 1.0, 2: 0.9452054794520548, 3: 1.0, 4: 1.0, 5: 0.678082191780822, 6: 0.6095890410958904, 7: 0.9863013698630136, 8: 1.0, 9: 1.0}, {0: 0.7858627858627859, 1: 1.0, 2: 0.918918918918919, 3: 1.0, 4: 1.0, 5: 0.7089397089397089, 6: 1.0, 7: 0.9916839916839917, 8: 0.997920997920998, 9: 1.0}, {0: 0.9915254237288136, 1: 1.0, 2: 0.9915254237288136, 3: 1.0, 4: 0.9745762711864406, 5: 1.0, 6: 1.0, 7: 1.0, 8: 0.9915254237288136, 9: 1.0}]
each client's acc:
0.9685208596713022
0.9894117647058824
0.9715384615384617
0.9826086956521738
0.9256410256410256
0.9288888888888888
0.987979274611399
0.9012048192771085
0.9822323462414578
0.978902229845626
0.9995967741935484
0.9711906744379682
0.9
1.0
0.9846153846153847
0.9294117647058824
0.94507299270073
0.9219178082191781
0.9403326403326403
0.9949152542372881
-------------------------------------------
client No.: 0
client No.: 1
client No.: 2
client No.: 3
client No.: 4
client No.: 5
client No.: 6
client No.: 7
client No.: 8
client No.: 9
client No.: 10
client No.: 11
client No.: 12
client No.: 13
client No.: 14
client No.: 15
client No.: 16
client No.: 17
client No.: 18
client No.: 19
glob_iter:  6     train_time:  50.08918724060059
glob_iter:  6     agg_time:  5.482405424118042
All users are selected
-------------------------------------------
test_samples:  [791, 340, 910, 23, 195, 45, 965, 83, 439, 583, 496, 1201, 33, 27, 65, 17, 548, 146, 481, 118]
test_accs:  [{0: 1.0, 1: 1.0, 2: 1.0, 3: 0.8811630847029077, 4: 1.0, 5: 1.0, 6: 0.93173198482933, 7: 1.0, 8: 1.0, 9: 0.934260429835651}, {0: 0.9470588235294117, 1: 1.0, 2: 1.0, 3: 0.961764705882353, 4: 1.0, 5: 1.0, 6: 0.9882352941176471, 7: 0.9970588235294118, 8: 1.0, 9: 1.0}, {0: 0.8582417582417582, 1: 0.9846153846153847, 2: 1.0, 3: 0.9989010989010989, 4: 1.0, 5: 1.0, 6: 1.0, 7: 1.0, 8: 0.8681318681318682, 9: 1.0}, {0: 1.0, 1: 1.0, 2: 0.9130434782608695, 3: 0.9130434782608695, 4: 1.0, 5: 1.0, 6: 1.0, 7: 1.0, 8: 1.0, 9: 1.0}, {0: 1.0, 1: 1.0, 2: 0.7692307692307693, 3: 1.0, 4: 0.8871794871794871, 5: 0.7333333333333333, 6: 1.0, 7: 1.0, 8: 1.0, 9: 0.9076923076923077}, {0: 1.0, 1: 1.0, 2: 0.6444444444444445, 3: 0.6444444444444445, 4: 1.0, 5: 1.0, 6: 1.0, 7: 1.0, 8: 1.0, 9: 1.0}, {0: 1.0, 1: 0.9917098445595854, 2: 1.0, 3: 0.9968911917098445, 4: 1.0, 5: 1.0, 6: 0.9979274611398964, 7: 0.9471502590673575, 8: 1.0, 9: 0.9492227979274611}, {0: 1.0, 1: 1.0, 2: 0.7349397590361446, 3: 1.0, 4: 1.0, 5: 0.6626506024096386, 6: 0.891566265060241, 7: 0.9518072289156626, 8: 1.0, 9: 0.9036144578313253}, {0: 0.9977220956719818, 1: 1.0, 2: 1.0, 3: 1.0, 4: 0.9111617312072893, 5: 1.0, 6: 0.9134396355353075, 7: 1.0, 8: 1.0, 9: 1.0}, {0: 1.0, 1: 1.0, 2: 0.9811320754716981, 3: 1.0, 4: 0.9313893653516295, 5: 0.9485420240137221, 6: 1.0, 7: 1.0, 8: 1.0, 9: 0.9210977701543739}, {0: 1.0, 1: 1.0, 2: 0.9979838709677419, 3: 1.0, 4: 1.0, 5: 1.0, 6: 1.0, 7: 1.0, 8: 1.0, 9: 0.9979838709677419}, {0: 0.9650291423813488, 1: 0.86511240632806, 2: 1.0, 3: 1.0, 4: 1.0, 5: 1.0, 6: 0.8892589508742714, 7: 1.0, 8: 1.0, 9: 1.0}, {0: 1.0, 1: 1.0, 2: 0.6363636363636364, 3: 0.9696969696969697, 4: 0.9696969696969697, 5: 1.0, 6: 1.0, 7: 0.5757575757575758, 8: 1.0, 9: 1.0}, {0: 1.0, 1: 1.0, 2: 1.0, 3: 1.0, 4: 1.0, 5: 1.0, 6: 1.0, 7: 1.0, 8: 1.0, 9: 1.0}, {0: 1.0, 1: 1.0, 2: 1.0, 3: 0.9230769230769231, 4: 1.0, 5: 1.0, 6: 1.0, 7: 1.0, 8: 0.9230769230769231, 9: 1.0}, {0: 1.0, 1: 1.0, 2: 0.9411764705882353, 3: 1.0, 4: 0.7058823529411765, 5: 1.0, 6: 1.0, 7: 1.0, 8: 1.0, 9: 0.6470588235294118}, {0: 1.0, 1: 0.781021897810219, 2: 0.9927007299270073, 3: 1.0, 4: 1.0, 5: 0.7828467153284672, 6: 1.0, 7: 0.968978102189781, 8: 0.9927007299270073, 9: 1.0}, {0: 1.0, 1: 1.0, 2: 0.9452054794520548, 3: 1.0, 4: 1.0, 5: 0.678082191780822, 6: 0.6095890410958904, 7: 0.9863013698630136, 8: 1.0, 9: 1.0}, {0: 0.8066528066528067, 1: 1.0, 2: 0.920997920997921, 3: 1.0, 4: 1.0, 5: 0.7442827442827443, 6: 1.0, 7: 0.9916839916839917, 8: 0.997920997920998, 9: 1.0}, {0: 0.9915254237288136, 1: 1.0, 2: 0.9915254237288136, 3: 1.0, 4: 0.9745762711864406, 5: 1.0, 6: 1.0, 7: 1.0, 8: 0.9915254237288136, 9: 1.0}]
each client's acc:
0.974715549936789
0.9894117647058824
0.9709890109890111
0.9826086956521738
0.9297435897435896
0.9288888888888888
0.9882901554404147
0.9144578313253012
0.9822323462414578
0.9782161234991422
0.9995967741935484
0.9719400499583681
0.9151515151515153
1.0
0.9846153846153847
0.9294117647058824
0.9518248175182482
0.9219178082191781
0.9461538461538461
0.9949152542372881
-------------------------------------------
client No.: 0
client No.: 1
client No.: 2
client No.: 3
client No.: 4
client No.: 5
client No.: 6
client No.: 7
client No.: 8
client No.: 9
client No.: 10
client No.: 11
client No.: 12
client No.: 13
client No.: 14
client No.: 15
client No.: 16
client No.: 17
client No.: 18
client No.: 19
glob_iter:  7     train_time:  50.041065502166745
glob_iter:  7     agg_time:  5.497989654541016
All users are selected
-------------------------------------------
test_samples:  [791, 340, 910, 23, 195, 45, 965, 83, 439, 583, 496, 1201, 33, 27, 65, 17, 548, 146, 481, 118]
test_accs:  [{0: 1.0, 1: 1.0, 2: 1.0, 3: 0.877370417193426, 4: 1.0, 5: 1.0, 6: 0.93173198482933, 7: 1.0, 8: 1.0, 9: 0.9292035398230089}, {0: 0.9470588235294117, 1: 1.0, 2: 1.0, 3: 0.961764705882353, 4: 1.0, 5: 1.0, 6: 0.9882352941176471, 7: 0.9970588235294118, 8: 1.0, 9: 1.0}, {0: 0.8626373626373627, 1: 0.9846153846153847, 2: 1.0, 3: 0.9989010989010989, 4: 1.0, 5: 1.0, 6: 1.0, 7: 1.0, 8: 0.8648351648351649, 9: 1.0}, {0: 1.0, 1: 1.0, 2: 0.9130434782608695, 3: 0.9130434782608695, 4: 1.0, 5: 1.0, 6: 1.0, 7: 1.0, 8: 1.0, 9: 1.0}, {0: 1.0, 1: 1.0, 2: 0.7948717948717948, 3: 1.0, 4: 0.8871794871794871, 5: 0.7333333333333333, 6: 1.0, 7: 1.0, 8: 1.0, 9: 0.9076923076923077}, {0: 1.0, 1: 1.0, 2: 0.6444444444444445, 3: 0.6444444444444445, 4: 1.0, 5: 1.0, 6: 1.0, 7: 1.0, 8: 1.0, 9: 1.0}, {0: 1.0, 1: 0.9917098445595854, 2: 1.0, 3: 0.9968911917098445, 4: 1.0, 5: 1.0, 6: 0.9979274611398964, 7: 0.9492227979274611, 8: 1.0, 9: 0.9492227979274611}, {0: 1.0, 1: 1.0, 2: 0.7710843373493976, 3: 1.0, 4: 1.0, 5: 0.6626506024096386, 6: 0.891566265060241, 7: 0.9518072289156626, 8: 1.0, 9: 0.9036144578313253}, {0: 0.9977220956719818, 1: 1.0, 2: 1.0, 3: 1.0, 4: 0.9111617312072893, 5: 1.0, 6: 0.9134396355353075, 7: 1.0, 8: 1.0, 9: 1.0}, {0: 1.0, 1: 1.0, 2: 0.9811320754716981, 3: 1.0, 4: 0.9262435677530018, 5: 0.9485420240137221, 6: 1.0, 7: 1.0, 8: 1.0, 9: 0.9228130360205832}, {0: 1.0, 1: 1.0, 2: 0.9979838709677419, 3: 1.0, 4: 1.0, 5: 1.0, 6: 1.0, 7: 1.0, 8: 1.0, 9: 0.9979838709677419}, {0: 0.9650291423813488, 1: 0.8642797668609492, 2: 1.0, 3: 1.0, 4: 1.0, 5: 1.0, 6: 0.8884263114071607, 7: 1.0, 8: 1.0, 9: 1.0}, {0: 1.0, 1: 1.0, 2: 0.696969696969697, 3: 0.9696969696969697, 4: 0.9696969696969697, 5: 1.0, 6: 1.0, 7: 0.696969696969697, 8: 1.0, 9: 1.0}, {0: 1.0, 1: 1.0, 2: 1.0, 3: 1.0, 4: 1.0, 5: 1.0, 6: 1.0, 7: 1.0, 8: 1.0, 9: 1.0}, {0: 1.0, 1: 1.0, 2: 1.0, 3: 0.9230769230769231, 4: 1.0, 5: 1.0, 6: 1.0, 7: 1.0, 8: 0.9230769230769231, 9: 1.0}, {0: 1.0, 1: 1.0, 2: 0.9411764705882353, 3: 1.0, 4: 0.7058823529411765, 5: 1.0, 6: 1.0, 7: 1.0, 8: 1.0, 9: 0.6470588235294118}, {0: 1.0, 1: 0.8175182481751825, 2: 0.9927007299270073, 3: 1.0, 4: 1.0, 5: 0.8102189781021898, 6: 1.0, 7: 0.968978102189781, 8: 0.9927007299270073, 9: 1.0}, {0: 1.0, 1: 1.0, 2: 0.9452054794520548, 3: 1.0, 4: 1.0, 5: 0.678082191780822, 6: 0.6095890410958904, 7: 0.9863013698630136, 8: 1.0, 9: 1.0}, {0: 0.8191268191268192, 1: 1.0, 2: 0.920997920997921, 3: 1.0, 4: 1.0, 5: 0.7692307692307693, 6: 1.0, 7: 0.9916839916839917, 8: 0.997920997920998, 9: 1.0}, {0: 0.9915254237288136, 1: 1.0, 2: 0.9915254237288136, 3: 1.0, 4: 0.9745762711864406, 5: 1.0, 6: 1.0, 7: 1.0, 8: 0.9915254237288136, 9: 1.0}]
each client's acc:
0.9738305941845764
0.9894117647058824
0.9710989010989012
0.9826086956521738
0.9323076923076922
0.9288888888888888
0.9884974093264249
0.9180722891566268
0.9822323462414578
0.9778730703259007
0.9995967741935484
0.9717735220649459
0.9333333333333333
1.0
0.9846153846153847
0.9294117647058824
0.9582116788321169
0.9219178082191781
0.94989604989605
0.9949152542372881
-------------------------------------------
client No.: 0
client No.: 1
client No.: 2
client No.: 3
client No.: 4
client No.: 5
client No.: 6
client No.: 7
client No.: 8
client No.: 9
client No.: 10
client No.: 11
client No.: 12
client No.: 13
client No.: 14
client No.: 15
client No.: 16
client No.: 17
client No.: 18
client No.: 19
glob_iter:  8     train_time:  50.09378068447113
glob_iter:  8     agg_time:  5.467633247375488
All users are selected
-------------------------------------------
test_samples:  [791, 340, 910, 23, 195, 45, 965, 83, 439, 583, 496, 1201, 33, 27, 65, 17, 548, 146, 481, 118]
test_accs:  [{0: 1.0, 1: 1.0, 2: 1.0, 3: 0.8761061946902655, 4: 1.0, 5: 1.0, 6: 0.93173198482933, 7: 1.0, 8: 1.0, 9: 0.93173198482933}, {0: 0.9470588235294117, 1: 1.0, 2: 1.0, 3: 0.961764705882353, 4: 1.0, 5: 1.0, 6: 0.9882352941176471, 7: 0.9970588235294118, 8: 1.0, 9: 1.0}, {0: 0.8637362637362638, 1: 0.9846153846153847, 2: 1.0, 3: 0.9989010989010989, 4: 1.0, 5: 1.0, 6: 1.0, 7: 1.0, 8: 0.8681318681318682, 9: 1.0}, {0: 1.0, 1: 1.0, 2: 0.9130434782608695, 3: 0.9130434782608695, 4: 1.0, 5: 1.0, 6: 1.0, 7: 1.0, 8: 1.0, 9: 1.0}, {0: 1.0, 1: 1.0, 2: 0.8051282051282052, 3: 1.0, 4: 0.8871794871794871, 5: 0.7435897435897436, 6: 1.0, 7: 1.0, 8: 1.0, 9: 0.9076923076923077}, {0: 1.0, 1: 1.0, 2: 0.6444444444444445, 3: 0.6444444444444445, 4: 1.0, 5: 1.0, 6: 1.0, 7: 1.0, 8: 1.0, 9: 1.0}, {0: 1.0, 1: 0.9917098445595854, 2: 1.0, 3: 0.9968911917098445, 4: 1.0, 5: 1.0, 6: 0.9979274611398964, 7: 0.9481865284974094, 8: 1.0, 9: 0.9512953367875647}, {0: 1.0, 1: 1.0, 2: 0.7831325301204819, 3: 1.0, 4: 1.0, 5: 0.6626506024096386, 6: 0.891566265060241, 7: 0.9518072289156626, 8: 1.0, 9: 0.9036144578313253}, {0: 0.9977220956719818, 1: 1.0, 2: 1.0, 3: 1.0, 4: 0.9111617312072893, 5: 1.0, 6: 0.9134396355353075, 7: 1.0, 8: 1.0, 9: 1.0}, {0: 1.0, 1: 1.0, 2: 0.9811320754716981, 3: 1.0, 4: 0.9262435677530018, 5: 0.9485420240137221, 6: 1.0, 7: 1.0, 8: 1.0, 9: 0.9262435677530018}, {0: 1.0, 1: 1.0, 2: 0.9979838709677419, 3: 1.0, 4: 1.0, 5: 1.0, 6: 1.0, 7: 1.0, 8: 1.0, 9: 0.9979838709677419}, {0: 0.9650291423813488, 1: 0.8684429641965029, 2: 1.0, 3: 1.0, 4: 1.0, 5: 1.0, 6: 0.8892589508742714, 7: 1.0, 8: 1.0, 9: 1.0}, {0: 1.0, 1: 1.0, 2: 0.696969696969697, 3: 0.9696969696969697, 4: 0.9696969696969697, 5: 1.0, 6: 1.0, 7: 0.696969696969697, 8: 1.0, 9: 1.0}, {0: 1.0, 1: 1.0, 2: 1.0, 3: 1.0, 4: 1.0, 5: 1.0, 6: 1.0, 7: 1.0, 8: 1.0, 9: 1.0}, {0: 1.0, 1: 1.0, 2: 1.0, 3: 0.9230769230769231, 4: 1.0, 5: 1.0, 6: 1.0, 7: 1.0, 8: 0.9230769230769231, 9: 1.0}, {0: 1.0, 1: 1.0, 2: 0.9411764705882353, 3: 1.0, 4: 0.7058823529411765, 5: 1.0, 6: 1.0, 7: 1.0, 8: 1.0, 9: 0.6470588235294118}, {0: 1.0, 1: 0.833941605839416, 2: 0.9927007299270073, 3: 1.0, 4: 1.0, 5: 0.8029197080291971, 6: 1.0, 7: 0.968978102189781, 8: 0.9927007299270073, 9: 1.0}, {0: 1.0, 1: 1.0, 2: 0.9452054794520548, 3: 1.0, 4: 1.0, 5: 0.678082191780822, 6: 0.6095890410958904, 7: 0.9863013698630136, 8: 1.0, 9: 1.0}, {0: 0.8378378378378378, 1: 1.0, 2: 0.920997920997921, 3: 1.0, 4: 1.0, 5: 0.7879417879417879, 6: 1.0, 7: 0.9916839916839917, 8: 0.997920997920998, 9: 1.0}, {0: 0.9915254237288136, 1: 1.0, 2: 0.9915254237288136, 3: 1.0, 4: 0.9745762711864406, 5: 1.0, 6: 1.0, 7: 1.0, 8: 0.9915254237288136, 9: 1.0}]
each client's acc:
0.9739570164348926
0.9894117647058824
0.9715384615384617
0.9826086956521738
0.9343589743589742
0.9288888888888888
0.9886010362694302
0.919277108433735
0.9822323462414578
0.9782161234991424
0.9995967741935484
0.9722731057452123
0.9333333333333333
1.0
0.9846153846153847
0.9294117647058824
0.9591240875912408
0.9219178082191781
0.9536382536382536
0.9949152542372881
-------------------------------------------
client No.: 0
client No.: 1
client No.: 2
client No.: 3
client No.: 4
client No.: 5
client No.: 6
client No.: 7
client No.: 8
client No.: 9
client No.: 10
client No.: 11
client No.: 12
client No.: 13
client No.: 14
client No.: 15
client No.: 16
client No.: 17
client No.: 18
client No.: 19
glob_iter:  9     train_time:  50.07178604602814
glob_iter:  9     agg_time:  5.461213827133179
All users are selected
-------------------------------------------
test_samples:  [791, 340, 910, 23, 195, 45, 965, 83, 439, 583, 496, 1201, 33, 27, 65, 17, 548, 146, 481, 118]
test_accs:  [{0: 1.0, 1: 1.0, 2: 1.0, 3: 0.8761061946902655, 4: 1.0, 5: 1.0, 6: 0.93173198482933, 7: 1.0, 8: 1.0, 9: 0.9329962073324906}, {0: 0.9470588235294117, 1: 1.0, 2: 1.0, 3: 0.961764705882353, 4: 1.0, 5: 1.0, 6: 0.9882352941176471, 7: 0.9970588235294118, 8: 1.0, 9: 1.0}, {0: 0.8626373626373627, 1: 0.9846153846153847, 2: 1.0, 3: 0.9989010989010989, 4: 1.0, 5: 1.0, 6: 1.0, 7: 1.0, 8: 0.8670329670329671, 9: 1.0}, {0: 1.0, 1: 1.0, 2: 0.9130434782608695, 3: 0.9130434782608695, 4: 1.0, 5: 1.0, 6: 1.0, 7: 1.0, 8: 1.0, 9: 1.0}, {0: 1.0, 1: 1.0, 2: 0.8153846153846154, 3: 1.0, 4: 0.8871794871794871, 5: 0.764102564102564, 6: 1.0, 7: 1.0, 8: 1.0, 9: 0.9076923076923077}, {0: 1.0, 1: 1.0, 2: 0.6444444444444445, 3: 0.6444444444444445, 4: 1.0, 5: 1.0, 6: 1.0, 7: 1.0, 8: 1.0, 9: 1.0}, {0: 1.0, 1: 0.9917098445595854, 2: 1.0, 3: 0.9968911917098445, 4: 1.0, 5: 1.0, 6: 0.9979274611398964, 7: 0.9481865284974094, 8: 1.0, 9: 0.9523316062176166}, {0: 1.0, 1: 1.0, 2: 0.7831325301204819, 3: 1.0, 4: 1.0, 5: 0.6626506024096386, 6: 0.891566265060241, 7: 0.9518072289156626, 8: 1.0, 9: 0.9036144578313253}, {0: 0.9977220956719818, 1: 1.0, 2: 1.0, 3: 1.0, 4: 0.9111617312072893, 5: 1.0, 6: 0.9134396355353075, 7: 1.0, 8: 1.0, 9: 1.0}, {0: 1.0, 1: 1.0, 2: 0.9811320754716981, 3: 1.0, 4: 0.9313893653516295, 5: 0.9485420240137221, 6: 1.0, 7: 1.0, 8: 1.0, 9: 0.9262435677530018}, {0: 1.0, 1: 1.0, 2: 0.9979838709677419, 3: 1.0, 4: 1.0, 5: 1.0, 6: 1.0, 7: 1.0, 8: 1.0, 9: 0.9979838709677419}, {0: 0.9650291423813488, 1: 0.8684429641965029, 2: 1.0, 3: 1.0, 4: 1.0, 5: 1.0, 6: 0.8925895087427144, 7: 1.0, 8: 1.0, 9: 1.0}, {0: 1.0, 1: 1.0, 2: 0.696969696969697, 3: 0.9696969696969697, 4: 0.9696969696969697, 5: 1.0, 6: 1.0, 7: 0.7878787878787878, 8: 1.0, 9: 1.0}, {0: 1.0, 1: 1.0, 2: 1.0, 3: 1.0, 4: 1.0, 5: 1.0, 6: 1.0, 7: 1.0, 8: 1.0, 9: 1.0}, {0: 1.0, 1: 1.0, 2: 1.0, 3: 0.9230769230769231, 4: 1.0, 5: 1.0, 6: 1.0, 7: 1.0, 8: 0.9230769230769231, 9: 1.0}, {0: 1.0, 1: 1.0, 2: 0.9411764705882353, 3: 1.0, 4: 0.7058823529411765, 5: 1.0, 6: 1.0, 7: 1.0, 8: 1.0, 9: 0.6470588235294118}, {0: 1.0, 1: 0.8266423357664233, 2: 0.9927007299270073, 3: 1.0, 4: 1.0, 5: 0.8175182481751825, 6: 1.0, 7: 0.968978102189781, 8: 0.9927007299270073, 9: 1.0}, {0: 1.0, 1: 1.0, 2: 0.9452054794520548, 3: 1.0, 4: 1.0, 5: 0.678082191780822, 6: 0.6095890410958904, 7: 0.9863013698630136, 8: 1.0, 9: 1.0}, {0: 0.83991683991684, 1: 1.0, 2: 0.9293139293139293, 3: 1.0, 4: 1.0, 5: 0.7983367983367984, 6: 1.0, 7: 0.9916839916839917, 8: 0.997920997920998, 9: 1.0}, {0: 0.9915254237288136, 1: 1.0, 2: 0.9915254237288136, 3: 1.0, 4: 0.9745762711864406, 5: 1.0, 6: 1.0, 7: 1.0, 8: 0.9915254237288136, 9: 1.0}]
each client's acc:
0.9740834386852086
0.9894117647058824
0.9713186813186814
0.9826086956521738
0.9374358974358973
0.9288888888888888
0.9887046632124352
0.919277108433735
0.9822323462414578
0.978730703259005
0.9995967741935484
0.9726061615320567
0.9424242424242426
1.0
0.9846153846153847
0.9294117647058824
0.9598540145985401
0.9219178082191781
0.9557172557172556
0.9949152542372881
-------------------------------------------
client No.: 0
client No.: 1
client No.: 2
client No.: 3
client No.: 4
client No.: 5
client No.: 6
client No.: 7
client No.: 8
client No.: 9
client No.: 10
client No.: 11
client No.: 12
client No.: 13
client No.: 14
client No.: 15
client No.: 16
client No.: 17
client No.: 18
client No.: 19
glob_iter:  10     train_time:  50.086923718452454
glob_iter:  10     agg_time:  5.497976779937744
All users are selected
-------------------------------------------
test_samples:  [791, 340, 910, 23, 195, 45, 965, 83, 439, 583, 496, 1201, 33, 27, 65, 17, 548, 146, 481, 118]
test_accs:  [{0: 1.0, 1: 1.0, 2: 1.0, 3: 0.8836915297092288, 4: 1.0, 5: 1.0, 6: 0.93173198482933, 7: 1.0, 8: 1.0, 9: 0.9443742098609356}, {0: 0.9470588235294117, 1: 1.0, 2: 1.0, 3: 0.961764705882353, 4: 1.0, 5: 1.0, 6: 0.9882352941176471, 7: 0.9970588235294118, 8: 1.0, 9: 1.0}, {0: 0.8593406593406593, 1: 0.9846153846153847, 2: 1.0, 3: 0.9989010989010989, 4: 1.0, 5: 1.0, 6: 1.0, 7: 1.0, 8: 0.8692307692307693, 9: 1.0}, {0: 1.0, 1: 1.0, 2: 0.9130434782608695, 3: 0.9130434782608695, 4: 1.0, 5: 1.0, 6: 1.0, 7: 1.0, 8: 1.0, 9: 1.0}, {0: 1.0, 1: 1.0, 2: 0.8153846153846154, 3: 1.0, 4: 0.8871794871794871, 5: 0.764102564102564, 6: 1.0, 7: 1.0, 8: 1.0, 9: 0.9076923076923077}, {0: 1.0, 1: 1.0, 2: 0.6444444444444445, 3: 0.6444444444444445, 4: 1.0, 5: 1.0, 6: 1.0, 7: 1.0, 8: 1.0, 9: 1.0}, {0: 1.0, 1: 0.9917098445595854, 2: 1.0, 3: 0.9968911917098445, 4: 1.0, 5: 1.0, 6: 0.9979274611398964, 7: 0.9461139896373058, 8: 1.0, 9: 0.9533678756476683}, {0: 1.0, 1: 1.0, 2: 0.7951807228915663, 3: 1.0, 4: 1.0, 5: 0.6626506024096386, 6: 0.891566265060241, 7: 0.9518072289156626, 8: 1.0, 9: 0.9036144578313253}, {0: 0.9977220956719818, 1: 1.0, 2: 1.0, 3: 1.0, 4: 0.9111617312072893, 5: 1.0, 6: 0.9134396355353075, 7: 1.0, 8: 1.0, 9: 1.0}, {0: 1.0, 1: 1.0, 2: 0.9811320754716981, 3: 1.0, 4: 0.9331046312178388, 5: 0.9485420240137221, 6: 1.0, 7: 1.0, 8: 1.0, 9: 0.9193825042881647}, {0: 1.0, 1: 1.0, 2: 0.9979838709677419, 3: 1.0, 4: 1.0, 5: 1.0, 6: 1.0, 7: 1.0, 8: 1.0, 9: 0.9979838709677419}, {0: 0.9650291423813488, 1: 0.8667776852622814, 2: 1.0, 3: 1.0, 4: 1.0, 5: 1.0, 6: 0.8917568692756037, 7: 1.0, 8: 1.0, 9: 1.0}, {0: 1.0, 1: 1.0, 2: 0.696969696969697, 3: 0.9696969696969697, 4: 0.9696969696969697, 5: 1.0, 6: 1.0, 7: 0.8181818181818182, 8: 1.0, 9: 1.0}, {0: 1.0, 1: 1.0, 2: 1.0, 3: 1.0, 4: 1.0, 5: 1.0, 6: 1.0, 7: 1.0, 8: 1.0, 9: 1.0}, {0: 1.0, 1: 1.0, 2: 1.0, 3: 0.9230769230769231, 4: 1.0, 5: 1.0, 6: 1.0, 7: 1.0, 8: 0.9230769230769231, 9: 1.0}, {0: 1.0, 1: 1.0, 2: 0.9411764705882353, 3: 1.0, 4: 0.7058823529411765, 5: 1.0, 6: 1.0, 7: 1.0, 8: 1.0, 9: 0.6470588235294118}, {0: 1.0, 1: 0.8248175182481752, 2: 0.9927007299270073, 3: 1.0, 4: 1.0, 5: 0.8211678832116789, 6: 1.0, 7: 0.968978102189781, 8: 0.9927007299270073, 9: 1.0}, {0: 1.0, 1: 1.0, 2: 0.9452054794520548, 3: 1.0, 4: 1.0, 5: 0.678082191780822, 6: 0.6095890410958904, 7: 0.9863013698630136, 8: 1.0, 9: 1.0}, {0: 0.841995841995842, 1: 1.0, 2: 0.9293139293139293, 3: 1.0, 4: 1.0, 5: 0.8087318087318087, 6: 1.0, 7: 0.9916839916839917, 8: 0.997920997920998, 9: 1.0}, {0: 0.9915254237288136, 1: 1.0, 2: 0.9915254237288136, 3: 1.0, 4: 0.9745762711864406, 5: 1.0, 6: 1.0, 7: 1.0, 8: 0.9915254237288136, 9: 1.0}]
each client's acc:
0.9759797724399494
0.9894117647058824
0.9712087912087913
0.9826086956521738
0.9374358974358973
0.9288888888888888
0.98860103626943
0.9204819277108436
0.9822323462414578
0.9782161234991424
0.9995967741935484
0.9723563696919234
0.9454545454545455
1.0
0.9846153846153847
0.9294117647058824
0.9600364963503649
0.9219178082191781
0.9569646569646568
0.9949152542372881
-------------------------------------------
client No.: 0
client No.: 1
client No.: 2
client No.: 3
client No.: 4
client No.: 5
client No.: 6
client No.: 7
client No.: 8
client No.: 9
client No.: 10
client No.: 11
client No.: 12
client No.: 13
client No.: 14
client No.: 15
client No.: 16
client No.: 17
client No.: 18
client No.: 19
glob_iter:  11     train_time:  50.06721361875534
glob_iter:  11     agg_time:  5.502791166305542
All users are selected
-------------------------------------------
test_samples:  [791, 340, 910, 23, 195, 45, 965, 83, 439, 583, 496, 1201, 33, 27, 65, 17, 548, 146, 481, 118]
test_accs:  [{0: 1.0, 1: 1.0, 2: 1.0, 3: 0.8862199747155499, 4: 1.0, 5: 1.0, 6: 0.93173198482933, 7: 1.0, 8: 1.0, 9: 0.9506953223767383}, {0: 0.9470588235294117, 1: 1.0, 2: 1.0, 3: 0.961764705882353, 4: 1.0, 5: 1.0, 6: 0.9882352941176471, 7: 0.9970588235294118, 8: 1.0, 9: 1.0}, {0: 0.8615384615384616, 1: 0.9846153846153847, 2: 1.0, 3: 0.9989010989010989, 4: 1.0, 5: 1.0, 6: 1.0, 7: 1.0, 8: 0.8736263736263736, 9: 1.0}, {0: 1.0, 1: 1.0, 2: 0.9130434782608695, 3: 0.9130434782608695, 4: 1.0, 5: 1.0, 6: 1.0, 7: 1.0, 8: 1.0, 9: 1.0}, {0: 1.0, 1: 1.0, 2: 0.8358974358974359, 3: 1.0, 4: 0.8871794871794871, 5: 0.7743589743589744, 6: 1.0, 7: 1.0, 8: 1.0, 9: 0.9076923076923077}, {0: 1.0, 1: 1.0, 2: 0.6444444444444445, 3: 0.6444444444444445, 4: 1.0, 5: 1.0, 6: 1.0, 7: 1.0, 8: 1.0, 9: 1.0}, {0: 1.0, 1: 0.9917098445595854, 2: 1.0, 3: 0.9968911917098445, 4: 1.0, 5: 1.0, 6: 0.9979274611398964, 7: 0.9471502590673575, 8: 1.0, 9: 0.9564766839378238}, {0: 1.0, 1: 1.0, 2: 0.7951807228915663, 3: 1.0, 4: 1.0, 5: 0.6626506024096386, 6: 0.891566265060241, 7: 0.9518072289156626, 8: 1.0, 9: 0.9036144578313253}, {0: 0.9977220956719818, 1: 1.0, 2: 1.0, 3: 1.0, 4: 0.9111617312072893, 5: 1.0, 6: 0.9134396355353075, 7: 1.0, 8: 1.0, 9: 1.0}, {0: 1.0, 1: 1.0, 2: 0.9811320754716981, 3: 1.0, 4: 0.9296740994854202, 5: 0.9485420240137221, 6: 1.0, 7: 1.0, 8: 1.0, 9: 0.9176672384219554}, {0: 1.0, 1: 1.0, 2: 0.9979838709677419, 3: 1.0, 4: 1.0, 5: 1.0, 6: 1.0, 7: 1.0, 8: 1.0, 9: 0.9979838709677419}, {0: 0.9650291423813488, 1: 0.8626144879267277, 2: 1.0, 3: 1.0, 4: 1.0, 5: 1.0, 6: 0.890924229808493, 7: 1.0, 8: 1.0, 9: 1.0}, {0: 1.0, 1: 1.0, 2: 0.696969696969697, 3: 0.9696969696969697, 4: 0.9696969696969697, 5: 1.0, 6: 1.0, 7: 0.8484848484848485, 8: 1.0, 9: 1.0}, {0: 1.0, 1: 1.0, 2: 1.0, 3: 1.0, 4: 1.0, 5: 1.0, 6: 1.0, 7: 1.0, 8: 1.0, 9: 1.0}, {0: 1.0, 1: 1.0, 2: 1.0, 3: 0.9230769230769231, 4: 1.0, 5: 1.0, 6: 1.0, 7: 1.0, 8: 0.9230769230769231, 9: 1.0}, {0: 1.0, 1: 1.0, 2: 0.9411764705882353, 3: 1.0, 4: 0.7058823529411765, 5: 1.0, 6: 1.0, 7: 1.0, 8: 1.0, 9: 0.6470588235294118}, {0: 1.0, 1: 0.8284671532846716, 2: 0.9927007299270073, 3: 1.0, 4: 1.0, 5: 0.8357664233576643, 6: 1.0, 7: 0.968978102189781, 8: 0.9927007299270073, 9: 1.0}, {0: 1.0, 1: 1.0, 2: 0.9452054794520548, 3: 1.0, 4: 1.0, 5: 0.678082191780822, 6: 0.6095890410958904, 7: 0.9863013698630136, 8: 1.0, 9: 1.0}, {0: 0.8544698544698545, 1: 1.0, 2: 0.9313929313929314, 3: 1.0, 4: 1.0, 5: 0.817047817047817, 6: 1.0, 7: 0.9916839916839917, 8: 0.997920997920998, 9: 1.0}, {0: 0.9915254237288136, 1: 1.0, 2: 0.9915254237288136, 3: 1.0, 4: 0.9745762711864406, 5: 1.0, 6: 1.0, 7: 1.0, 8: 0.9915254237288136, 9: 1.0}]
each client's acc:
0.9768647281921619
0.9894117647058824
0.9718681318681319
0.9826086956521738
0.9405128205128206
0.9288888888888888
0.9890155440414509
0.9204819277108436
0.9822323462414578
0.9777015437392796
0.9995967741935484
0.9718567860116568
0.9484848484848485
1.0
0.9846153846153847
0.9294117647058824
0.9618613138686131
0.9219178082191781
0.9592515592515592
0.9949152542372881
-------------------------------------------
client No.: 0
client No.: 1
client No.: 2
client No.: 3
client No.: 4
client No.: 5
client No.: 6
client No.: 7
client No.: 8
client No.: 9
client No.: 10
client No.: 11
client No.: 12
client No.: 13
client No.: 14
client No.: 15
client No.: 16
client No.: 17
client No.: 18
client No.: 19
glob_iter:  12     train_time:  50.06997466087341
glob_iter:  12     agg_time:  5.455373525619507
All users are selected
-------------------------------------------
test_samples:  [791, 340, 910, 23, 195, 45, 965, 83, 439, 583, 496, 1201, 33, 27, 65, 17, 548, 146, 481, 118]
test_accs:  [{0: 1.0, 1: 1.0, 2: 1.0, 3: 0.8925410872313527, 4: 1.0, 5: 1.0, 6: 0.93173198482933, 7: 1.0, 8: 1.0, 9: 0.95448798988622}, {0: 0.9470588235294117, 1: 1.0, 2: 1.0, 3: 0.961764705882353, 4: 1.0, 5: 1.0, 6: 0.9882352941176471, 7: 0.9970588235294118, 8: 1.0, 9: 1.0}, {0: 0.8637362637362638, 1: 0.9846153846153847, 2: 1.0, 3: 0.9989010989010989, 4: 1.0, 5: 1.0, 6: 1.0, 7: 1.0, 8: 0.8725274725274725, 9: 1.0}, {0: 1.0, 1: 1.0, 2: 0.9130434782608695, 3: 0.9130434782608695, 4: 1.0, 5: 1.0, 6: 1.0, 7: 1.0, 8: 1.0, 9: 1.0}, {0: 1.0, 1: 1.0, 2: 0.8358974358974359, 3: 1.0, 4: 0.8871794871794871, 5: 0.7897435897435897, 6: 1.0, 7: 1.0, 8: 1.0, 9: 0.9076923076923077}, {0: 1.0, 1: 1.0, 2: 0.6444444444444445, 3: 0.6444444444444445, 4: 1.0, 5: 1.0, 6: 1.0, 7: 1.0, 8: 1.0, 9: 1.0}, {0: 1.0, 1: 0.9917098445595854, 2: 1.0, 3: 0.9968911917098445, 4: 1.0, 5: 1.0, 6: 0.9979274611398964, 7: 0.9471502590673575, 8: 1.0, 9: 0.9544041450777202}, {0: 1.0, 1: 1.0, 2: 0.7951807228915663, 3: 1.0, 4: 1.0, 5: 0.6626506024096386, 6: 0.891566265060241, 7: 0.9518072289156626, 8: 1.0, 9: 0.9036144578313253}, {0: 0.9977220956719818, 1: 1.0, 2: 1.0, 3: 1.0, 4: 0.9111617312072893, 5: 1.0, 6: 0.9134396355353075, 7: 1.0, 8: 1.0, 9: 1.0}, {0: 1.0, 1: 1.0, 2: 0.9811320754716981, 3: 1.0, 4: 0.9245283018867925, 5: 0.9485420240137221, 6: 1.0, 7: 1.0, 8: 1.0, 9: 0.9193825042881647}, {0: 1.0, 1: 1.0, 2: 0.9979838709677419, 3: 1.0, 4: 1.0, 5: 1.0, 6: 1.0, 7: 1.0, 8: 1.0, 9: 0.9979838709677419}, {0: 0.9650291423813488, 1: 0.8667776852622814, 2: 1.0, 3: 1.0, 4: 1.0, 5: 1.0, 6: 0.8892589508742714, 7: 1.0, 8: 1.0, 9: 1.0}, {0: 1.0, 1: 1.0, 2: 0.6666666666666666, 3: 0.9696969696969697, 4: 0.9696969696969697, 5: 1.0, 6: 1.0, 7: 0.9090909090909091, 8: 1.0, 9: 1.0}, {0: 1.0, 1: 1.0, 2: 1.0, 3: 1.0, 4: 1.0, 5: 1.0, 6: 1.0, 7: 1.0, 8: 1.0, 9: 1.0}, {0: 1.0, 1: 1.0, 2: 1.0, 3: 0.9230769230769231, 4: 1.0, 5: 1.0, 6: 1.0, 7: 1.0, 8: 0.9230769230769231, 9: 1.0}, {0: 1.0, 1: 1.0, 2: 0.9411764705882353, 3: 1.0, 4: 0.7058823529411765, 5: 1.0, 6: 1.0, 7: 1.0, 8: 1.0, 9: 0.6470588235294118}, {0: 1.0, 1: 0.8375912408759124, 2: 0.9927007299270073, 3: 1.0, 4: 1.0, 5: 0.8321167883211679, 6: 1.0, 7: 0.968978102189781, 8: 0.9927007299270073, 9: 1.0}, {0: 1.0, 1: 1.0, 2: 0.9452054794520548, 3: 1.0, 4: 1.0, 5: 0.678082191780822, 6: 0.6164383561643836, 7: 0.9863013698630136, 8: 1.0, 9: 1.0}, {0: 0.8648648648648649, 1: 1.0, 2: 0.9313929313929314, 3: 1.0, 4: 1.0, 5: 0.817047817047817, 6: 1.0, 7: 0.9916839916839917, 8: 0.997920997920998, 9: 1.0}, {0: 0.9915254237288136, 1: 1.0, 2: 0.9915254237288136, 3: 1.0, 4: 0.9745762711864406, 5: 1.0, 6: 1.0, 7: 1.0, 8: 0.9915254237288136, 9: 1.0}]
each client's acc:
0.9778761061946902
0.9894117647058824
0.9719780219780221
0.9826086956521738
0.9420512820512821
0.9288888888888888
0.9888082901554405
0.9204819277108436
0.9822323462414578
0.9773584905660379
0.9995967741935484
0.9721065778517902
0.9515151515151515
1.0
0.9846153846153847
0.9294117647058824
0.9624087591240876
0.9226027397260275
0.9602910602910603
0.9949152542372881
-------------------------------------------
client No.: 0
client No.: 1
client No.: 2
client No.: 3
client No.: 4
client No.: 5
client No.: 6
client No.: 7
client No.: 8
client No.: 9
client No.: 10
client No.: 11
client No.: 12
client No.: 13
client No.: 14
client No.: 15
client No.: 16
client No.: 17
client No.: 18
client No.: 19
glob_iter:  13     train_time:  50.02823967933655
glob_iter:  13     agg_time:  5.471147537231445
All users are selected
-------------------------------------------
test_samples:  [791, 340, 910, 23, 195, 45, 965, 83, 439, 583, 496, 1201, 33, 27, 65, 17, 548, 146, 481, 118]
test_accs:  [{0: 1.0, 1: 1.0, 2: 1.0, 3: 0.8938053097345132, 4: 1.0, 5: 1.0, 6: 0.93173198482933, 7: 1.0, 8: 1.0, 9: 0.9506953223767383}, {0: 0.9470588235294117, 1: 1.0, 2: 1.0, 3: 0.961764705882353, 4: 1.0, 5: 1.0, 6: 0.9882352941176471, 7: 0.9970588235294118, 8: 1.0, 9: 1.0}, {0: 0.865934065934066, 1: 0.9846153846153847, 2: 1.0, 3: 0.9989010989010989, 4: 1.0, 5: 1.0, 6: 1.0, 7: 1.0, 8: 0.8725274725274725, 9: 1.0}, {0: 1.0, 1: 1.0, 2: 0.9130434782608695, 3: 0.9130434782608695, 4: 1.0, 5: 1.0, 6: 1.0, 7: 1.0, 8: 1.0, 9: 1.0}, {0: 1.0, 1: 1.0, 2: 0.8358974358974359, 3: 1.0, 4: 0.8871794871794871, 5: 0.7846153846153846, 6: 1.0, 7: 1.0, 8: 1.0, 9: 0.9076923076923077}, {0: 1.0, 1: 1.0, 2: 0.6444444444444445, 3: 0.6444444444444445, 4: 1.0, 5: 1.0, 6: 1.0, 7: 1.0, 8: 1.0, 9: 1.0}, {0: 1.0, 1: 0.9917098445595854, 2: 1.0, 3: 0.9968911917098445, 4: 1.0, 5: 1.0, 6: 0.9979274611398964, 7: 0.9450777202072539, 8: 1.0, 9: 0.9523316062176166}, {0: 1.0, 1: 1.0, 2: 0.8192771084337349, 3: 1.0, 4: 1.0, 5: 0.6987951807228916, 6: 0.891566265060241, 7: 0.9518072289156626, 8: 1.0, 9: 0.9036144578313253}, {0: 0.9977220956719818, 1: 1.0, 2: 1.0, 3: 1.0, 4: 0.9111617312072893, 5: 1.0, 6: 0.9134396355353075, 7: 1.0, 8: 1.0, 9: 1.0}, {0: 1.0, 1: 1.0, 2: 0.9811320754716981, 3: 1.0, 4: 0.9245283018867925, 5: 0.9485420240137221, 6: 1.0, 7: 1.0, 8: 1.0, 9: 0.9210977701543739}, {0: 1.0, 1: 1.0, 2: 0.9979838709677419, 3: 1.0, 4: 1.0, 5: 1.0, 6: 1.0, 7: 1.0, 8: 1.0, 9: 0.9979838709677419}, {0: 0.9650291423813488, 1: 0.8626144879267277, 2: 1.0, 3: 1.0, 4: 1.0, 5: 1.0, 6: 0.8925895087427144, 7: 1.0, 8: 1.0, 9: 1.0}, {0: 1.0, 1: 1.0, 2: 0.7272727272727273, 3: 0.9696969696969697, 4: 0.9696969696969697, 5: 1.0, 6: 1.0, 7: 0.9393939393939394, 8: 1.0, 9: 1.0}, {0: 1.0, 1: 1.0, 2: 1.0, 3: 1.0, 4: 1.0, 5: 1.0, 6: 1.0, 7: 1.0, 8: 1.0, 9: 1.0}, {0: 1.0, 1: 1.0, 2: 1.0, 3: 0.9230769230769231, 4: 1.0, 5: 1.0, 6: 1.0, 7: 1.0, 8: 0.9230769230769231, 9: 1.0}, {0: 1.0, 1: 1.0, 2: 0.9411764705882353, 3: 1.0, 4: 0.7058823529411765, 5: 1.0, 6: 1.0, 7: 1.0, 8: 1.0, 9: 0.6470588235294118}, {0: 1.0, 1: 0.8394160583941606, 2: 0.9927007299270073, 3: 1.0, 4: 1.0, 5: 0.8321167883211679, 6: 1.0, 7: 0.968978102189781, 8: 0.9927007299270073, 9: 1.0}, {0: 1.0, 1: 1.0, 2: 0.9452054794520548, 3: 1.0, 4: 1.0, 5: 0.684931506849315, 6: 0.6438356164383562, 7: 0.9863013698630136, 8: 1.0, 9: 1.0}, {0: 0.8648648648648649, 1: 1.0, 2: 0.9376299376299376, 3: 1.0, 4: 1.0, 5: 0.8191268191268192, 6: 1.0, 7: 0.9916839916839917, 8: 0.997920997920998, 9: 1.0}, {0: 0.9915254237288136, 1: 1.0, 2: 0.9915254237288136, 3: 1.0, 4: 0.9745762711864406, 5: 1.0, 6: 1.0, 7: 1.0, 8: 0.9915254237288136, 9: 1.0}]
each client's acc:
0.9776232616940582
0.9894117647058824
0.9721978021978023
0.9826086956521738
0.9415384615384615
0.9288888888888888
0.9883937823834199
0.9265060240963857
0.9822323462414578
0.9775300171526586
0.9995967741935484
0.9720233139050791
0.9606060606060606
1.0
0.9846153846153847
0.9294117647058824
0.9625912408759124
0.9260273972602739
0.9611226611226613
0.9949152542372881
-------------------------------------------
client No.: 0
client No.: 1
client No.: 2
client No.: 3
client No.: 4
client No.: 5
client No.: 6
client No.: 7
client No.: 8
client No.: 9
client No.: 10
client No.: 11
client No.: 12
client No.: 13
client No.: 14
client No.: 15
client No.: 16
client No.: 17
client No.: 18
client No.: 19
glob_iter:  14     train_time:  50.091663563251494
glob_iter:  14     agg_time:  5.447582244873047
All users are selected
-------------------------------------------
test_samples:  [791, 340, 910, 23, 195, 45, 965, 83, 439, 583, 496, 1201, 33, 27, 65, 17, 548, 146, 481, 118]
test_accs:  [{0: 1.0, 1: 1.0, 2: 1.0, 3: 0.900126422250316, 4: 1.0, 5: 1.0, 6: 0.93173198482933, 7: 1.0, 8: 1.0, 9: 0.9494310998735778}, {0: 0.9470588235294117, 1: 1.0, 2: 1.0, 3: 0.961764705882353, 4: 1.0, 5: 1.0, 6: 0.9882352941176471, 7: 0.9970588235294118, 8: 1.0, 9: 1.0}, {0: 0.8615384615384616, 1: 0.9846153846153847, 2: 1.0, 3: 0.9989010989010989, 4: 1.0, 5: 1.0, 6: 1.0, 7: 1.0, 8: 0.8714285714285714, 9: 1.0}, {0: 1.0, 1: 1.0, 2: 0.9130434782608695, 3: 0.9130434782608695, 4: 1.0, 5: 1.0, 6: 1.0, 7: 1.0, 8: 1.0, 9: 1.0}, {0: 1.0, 1: 1.0, 2: 0.8512820512820513, 3: 1.0, 4: 0.8871794871794871, 5: 0.8, 6: 1.0, 7: 1.0, 8: 1.0, 9: 0.9076923076923077}, {0: 1.0, 1: 1.0, 2: 0.6444444444444445, 3: 0.6444444444444445, 4: 1.0, 5: 1.0, 6: 1.0, 7: 1.0, 8: 1.0, 9: 1.0}, {0: 1.0, 1: 0.9917098445595854, 2: 1.0, 3: 0.9968911917098445, 4: 1.0, 5: 1.0, 6: 0.9979274611398964, 7: 0.9450777202072539, 8: 1.0, 9: 0.9533678756476683}, {0: 1.0, 1: 1.0, 2: 0.8313253012048193, 3: 1.0, 4: 1.0, 5: 0.7349397590361446, 6: 0.891566265060241, 7: 0.9518072289156626, 8: 1.0, 9: 0.9036144578313253}, {0: 0.9977220956719818, 1: 1.0, 2: 1.0, 3: 1.0, 4: 0.9111617312072893, 5: 1.0, 6: 0.9134396355353075, 7: 1.0, 8: 1.0, 9: 1.0}, {0: 1.0, 1: 1.0, 2: 0.9811320754716981, 3: 1.0, 4: 0.9228130360205832, 5: 0.9485420240137221, 6: 1.0, 7: 1.0, 8: 1.0, 9: 0.9210977701543739}, {0: 1.0, 1: 1.0, 2: 0.9979838709677419, 3: 1.0, 4: 1.0, 5: 1.0, 6: 1.0, 7: 1.0, 8: 1.0, 9: 0.9979838709677419}, {0: 0.9650291423813488, 1: 0.858451290591174, 2: 1.0, 3: 1.0, 4: 1.0, 5: 1.0, 6: 0.88759367194005, 7: 1.0, 8: 1.0, 9: 1.0}, {0: 1.0, 1: 1.0, 2: 0.7878787878787878, 3: 0.9696969696969697, 4: 0.9696969696969697, 5: 1.0, 6: 1.0, 7: 0.9393939393939394, 8: 1.0, 9: 1.0}, {0: 1.0, 1: 1.0, 2: 1.0, 3: 1.0, 4: 1.0, 5: 1.0, 6: 1.0, 7: 1.0, 8: 1.0, 9: 1.0}, {0: 1.0, 1: 1.0, 2: 1.0, 3: 0.9230769230769231, 4: 1.0, 5: 1.0, 6: 1.0, 7: 1.0, 8: 0.9230769230769231, 9: 1.0}, {0: 1.0, 1: 1.0, 2: 0.9411764705882353, 3: 1.0, 4: 0.7058823529411765, 5: 1.0, 6: 1.0, 7: 1.0, 8: 1.0, 9: 0.6470588235294118}, {0: 1.0, 1: 0.8394160583941606, 2: 0.9927007299270073, 3: 1.0, 4: 1.0, 5: 0.833941605839416, 6: 1.0, 7: 0.968978102189781, 8: 0.9927007299270073, 9: 1.0}, {0: 1.0, 1: 1.0, 2: 0.9452054794520548, 3: 1.0, 4: 1.0, 5: 0.6986301369863014, 6: 0.6575342465753424, 7: 0.9863013698630136, 8: 1.0, 9: 1.0}, {0: 0.8711018711018711, 1: 1.0, 2: 0.9355509355509356, 3: 1.0, 4: 1.0, 5: 0.8232848232848233, 6: 1.0, 7: 0.9916839916839917, 8: 0.997920997920998, 9: 1.0}, {0: 0.9915254237288136, 1: 1.0, 2: 0.9915254237288136, 3: 1.0, 4: 0.9745762711864406, 5: 1.0, 6: 1.0, 7: 1.0, 8: 0.9915254237288136, 9: 1.0}]
each client's acc:
0.9781289506953226
0.9894117647058824
0.9716483516483517
0.9826086956521738
0.9446153846153846
0.9288888888888888
0.9884974093264249
0.9313253012048195
0.9822323462414578
0.9773584905660376
0.9995967741935484
0.9711074104912573
0.9666666666666668
1.0
0.9846153846153847
0.9294117647058824
0.9627737226277372
0.9287671232876711
0.961954261954262
0.9949152542372881
-------------------------------------------
client No.: 0
client No.: 1
client No.: 2
client No.: 3
client No.: 4
client No.: 5
client No.: 6
client No.: 7
client No.: 8
client No.: 9
client No.: 10
client No.: 11
client No.: 12
client No.: 13
client No.: 14
client No.: 15
client No.: 16
client No.: 17
client No.: 18
client No.: 19
glob_iter:  15     train_time:  50.05409309864044
glob_iter:  15     agg_time:  5.472737789154053
All users are selected
-------------------------------------------
test_samples:  [791, 340, 910, 23, 195, 45, 965, 83, 439, 583, 496, 1201, 33, 27, 65, 17, 548, 146, 481, 118]
test_accs:  [{0: 1.0, 1: 1.0, 2: 1.0, 3: 0.8912768647281921, 4: 1.0, 5: 1.0, 6: 0.93173198482933, 7: 1.0, 8: 1.0, 9: 0.9506953223767383}, {0: 0.9470588235294117, 1: 1.0, 2: 1.0, 3: 0.961764705882353, 4: 1.0, 5: 1.0, 6: 0.9882352941176471, 7: 0.9970588235294118, 8: 1.0, 9: 1.0}, {0: 0.8593406593406593, 1: 0.9846153846153847, 2: 1.0, 3: 0.9989010989010989, 4: 1.0, 5: 1.0, 6: 1.0, 7: 1.0, 8: 0.8692307692307693, 9: 1.0}, {0: 1.0, 1: 1.0, 2: 0.9130434782608695, 3: 0.9130434782608695, 4: 1.0, 5: 1.0, 6: 1.0, 7: 1.0, 8: 1.0, 9: 1.0}, {0: 1.0, 1: 1.0, 2: 0.8666666666666667, 3: 1.0, 4: 0.8871794871794871, 5: 0.7948717948717948, 6: 1.0, 7: 1.0, 8: 1.0, 9: 0.9076923076923077}, {0: 1.0, 1: 1.0, 2: 0.6444444444444445, 3: 0.6444444444444445, 4: 1.0, 5: 1.0, 6: 1.0, 7: 1.0, 8: 1.0, 9: 1.0}, {0: 1.0, 1: 0.9917098445595854, 2: 1.0, 3: 0.9968911917098445, 4: 1.0, 5: 1.0, 6: 0.9979274611398964, 7: 0.9450777202072539, 8: 1.0, 9: 0.9544041450777202}, {0: 1.0, 1: 1.0, 2: 0.8313253012048193, 3: 1.0, 4: 1.0, 5: 0.7228915662650602, 6: 0.891566265060241, 7: 0.9518072289156626, 8: 1.0, 9: 0.9036144578313253}, {0: 0.9977220956719818, 1: 1.0, 2: 1.0, 3: 1.0, 4: 0.9111617312072893, 5: 1.0, 6: 0.9134396355353075, 7: 1.0, 8: 1.0, 9: 1.0}, {0: 1.0, 1: 1.0, 2: 0.9811320754716981, 3: 1.0, 4: 0.9193825042881647, 5: 0.9485420240137221, 6: 1.0, 7: 1.0, 8: 1.0, 9: 0.9193825042881647}, {0: 1.0, 1: 1.0, 2: 0.9979838709677419, 3: 1.0, 4: 1.0, 5: 1.0, 6: 1.0, 7: 1.0, 8: 1.0, 9: 0.9979838709677419}, {0: 0.9650291423813488, 1: 0.8601165695253955, 2: 1.0, 3: 1.0, 4: 1.0, 5: 1.0, 6: 0.8867610324729392, 7: 1.0, 8: 1.0, 9: 1.0}, {0: 1.0, 1: 1.0, 2: 0.7878787878787878, 3: 0.9696969696969697, 4: 0.9696969696969697, 5: 1.0, 6: 1.0, 7: 0.9393939393939394, 8: 1.0, 9: 1.0}, {0: 1.0, 1: 1.0, 2: 1.0, 3: 1.0, 4: 1.0, 5: 1.0, 6: 1.0, 7: 1.0, 8: 1.0, 9: 1.0}, {0: 1.0, 1: 1.0, 2: 1.0, 3: 0.9230769230769231, 4: 1.0, 5: 1.0, 6: 1.0, 7: 1.0, 8: 0.9230769230769231, 9: 1.0}, {0: 1.0, 1: 1.0, 2: 0.9411764705882353, 3: 1.0, 4: 0.7058823529411765, 5: 1.0, 6: 1.0, 7: 1.0, 8: 1.0, 9: 0.6470588235294118}, {0: 1.0, 1: 0.8394160583941606, 2: 0.9927007299270073, 3: 1.0, 4: 1.0, 5: 0.8302919708029197, 6: 1.0, 7: 0.968978102189781, 8: 0.9927007299270073, 9: 1.0}, {0: 1.0, 1: 1.0, 2: 0.9452054794520548, 3: 1.0, 4: 1.0, 5: 0.7191780821917808, 6: 0.6506849315068494, 7: 0.9863013698630136, 8: 1.0, 9: 1.0}, {0: 0.8711018711018711, 1: 1.0, 2: 0.9355509355509356, 3: 1.0, 4: 1.0, 5: 0.8253638253638254, 6: 1.0, 7: 0.9916839916839917, 8: 0.997920997920998, 9: 1.0}, {0: 0.9915254237288136, 1: 1.0, 2: 0.9915254237288136, 3: 1.0, 4: 0.9745762711864406, 5: 1.0, 6: 1.0, 7: 1.0, 8: 0.9915254237288136, 9: 1.0}]
each client's acc:
0.9773704171934261
0.9894117647058824
0.9712087912087913
0.9826086956521738
0.9456410256410257
0.9288888888888888
0.9886010362694302
0.9301204819277109
0.9822323462414578
0.9768439108061748
0.9995967741935484
0.9711906744379682
0.9666666666666668
1.0
0.9846153846153847
0.9294117647058824
0.9624087591240876
0.9301369863013699
0.9621621621621621
0.9949152542372881
-------------------------------------------
client No.: 0
client No.: 1
client No.: 2
client No.: 3
client No.: 4
client No.: 5
client No.: 6
client No.: 7
client No.: 8
client No.: 9
client No.: 10
client No.: 11
client No.: 12
client No.: 13
client No.: 14
client No.: 15
client No.: 16
client No.: 17
client No.: 18
client No.: 19
glob_iter:  16     train_time:  50.079209971427915
glob_iter:  16     agg_time:  5.477613210678101
All users are selected
-------------------------------------------
test_samples:  [791, 340, 910, 23, 195, 45, 965, 83, 439, 583, 496, 1201, 33, 27, 65, 17, 548, 146, 481, 118]
test_accs:  [{0: 1.0, 1: 1.0, 2: 1.0, 3: 0.8950695322376738, 4: 1.0, 5: 1.0, 6: 0.93173198482933, 7: 1.0, 8: 1.0, 9: 0.9481668773704172}, {0: 0.9470588235294117, 1: 1.0, 2: 1.0, 3: 0.961764705882353, 4: 1.0, 5: 1.0, 6: 0.9882352941176471, 7: 0.9970588235294118, 8: 1.0, 9: 1.0}, {0: 0.8527472527472527, 1: 0.9846153846153847, 2: 1.0, 3: 0.9989010989010989, 4: 1.0, 5: 1.0, 6: 1.0, 7: 1.0, 8: 0.8692307692307693, 9: 1.0}, {0: 1.0, 1: 1.0, 2: 0.9130434782608695, 3: 0.9130434782608695, 4: 1.0, 5: 1.0, 6: 1.0, 7: 1.0, 8: 1.0, 9: 1.0}, {0: 1.0, 1: 1.0, 2: 0.8666666666666667, 3: 1.0, 4: 0.8871794871794871, 5: 0.8102564102564103, 6: 1.0, 7: 1.0, 8: 1.0, 9: 0.9076923076923077}, {0: 1.0, 1: 1.0, 2: 0.6444444444444445, 3: 0.6444444444444445, 4: 1.0, 5: 1.0, 6: 1.0, 7: 1.0, 8: 1.0, 9: 1.0}, {0: 1.0, 1: 0.9917098445595854, 2: 1.0, 3: 0.9968911917098445, 4: 1.0, 5: 1.0, 6: 0.9979274611398964, 7: 0.944041450777202, 8: 1.0, 9: 0.9554404145077721}, {0: 1.0, 1: 1.0, 2: 0.8674698795180723, 3: 1.0, 4: 1.0, 5: 0.7469879518072289, 6: 0.891566265060241, 7: 0.9518072289156626, 8: 1.0, 9: 0.9036144578313253}, {0: 0.9977220956719818, 1: 1.0, 2: 1.0, 3: 1.0, 4: 0.9111617312072893, 5: 1.0, 6: 0.9134396355353075, 7: 1.0, 8: 1.0, 9: 1.0}, {0: 1.0, 1: 1.0, 2: 0.9811320754716981, 3: 1.0, 4: 0.9210977701543739, 5: 0.9485420240137221, 6: 1.0, 7: 1.0, 8: 1.0, 9: 0.9228130360205832}, {0: 1.0, 1: 1.0, 2: 0.9979838709677419, 3: 1.0, 4: 1.0, 5: 1.0, 6: 1.0, 7: 1.0, 8: 1.0, 9: 0.9979838709677419}, {0: 0.9650291423813488, 1: 0.8592839300582847, 2: 1.0, 3: 1.0, 4: 1.0, 5: 1.0, 6: 0.8884263114071607, 7: 1.0, 8: 1.0, 9: 1.0}, {0: 1.0, 1: 1.0, 2: 0.8181818181818182, 3: 0.9696969696969697, 4: 0.9696969696969697, 5: 1.0, 6: 1.0, 7: 0.9393939393939394, 8: 1.0, 9: 1.0}, {0: 1.0, 1: 1.0, 2: 1.0, 3: 1.0, 4: 1.0, 5: 1.0, 6: 1.0, 7: 1.0, 8: 1.0, 9: 1.0}, {0: 1.0, 1: 1.0, 2: 1.0, 3: 0.9230769230769231, 4: 1.0, 5: 1.0, 6: 1.0, 7: 1.0, 8: 0.9230769230769231, 9: 1.0}, {0: 1.0, 1: 1.0, 2: 0.9411764705882353, 3: 1.0, 4: 0.7058823529411765, 5: 1.0, 6: 1.0, 7: 1.0, 8: 1.0, 9: 0.6470588235294118}, {0: 1.0, 1: 0.8375912408759124, 2: 0.9927007299270073, 3: 1.0, 4: 1.0, 5: 0.8302919708029197, 6: 1.0, 7: 0.968978102189781, 8: 0.9927007299270073, 9: 1.0}, {0: 1.0, 1: 1.0, 2: 0.9452054794520548, 3: 1.0, 4: 1.0, 5: 0.7191780821917808, 6: 0.6506849315068494, 7: 0.9863013698630136, 8: 1.0, 9: 1.0}, {0: 0.8607068607068608, 1: 1.0, 2: 0.9397089397089398, 3: 1.0, 4: 1.0, 5: 0.8232848232848233, 6: 1.0, 7: 0.9916839916839917, 8: 0.997920997920998, 9: 1.0}, {0: 0.9915254237288136, 1: 1.0, 2: 0.9915254237288136, 3: 1.0, 4: 0.9745762711864406, 5: 1.0, 6: 1.0, 7: 1.0, 8: 0.9915254237288136, 9: 1.0}]
each client's acc:
0.9774968394437421
0.9894117647058824
0.9705494505494506
0.9826086956521738
0.9471794871794872
0.9288888888888888
0.98860103626943
0.9361445783132533
0.9822323462414578
0.9773584905660376
0.9995967741935484
0.9712739383846793
0.9696969696969697
1.0
0.9846153846153847
0.9294117647058824
0.9622262773722629
0.9301369863013699
0.9613305613305613
0.9949152542372881
-------------------------------------------
client No.: 0
client No.: 1
client No.: 2
client No.: 3
client No.: 4
client No.: 5
client No.: 6
client No.: 7
client No.: 8
client No.: 9
client No.: 10
client No.: 11
client No.: 12
client No.: 13
client No.: 14
client No.: 15
client No.: 16
client No.: 17
client No.: 18
client No.: 19
glob_iter:  17     train_time:  50.049519789218905
glob_iter:  17     agg_time:  5.5081470012664795
All users are selected
-------------------------------------------
test_samples:  [791, 340, 910, 23, 195, 45, 965, 83, 439, 583, 496, 1201, 33, 27, 65, 17, 548, 146, 481, 118]
test_accs:  [{0: 1.0, 1: 1.0, 2: 1.0, 3: 0.8963337547408344, 4: 1.0, 5: 1.0, 6: 0.93173198482933, 7: 1.0, 8: 1.0, 9: 0.9443742098609356}, {0: 0.9470588235294117, 1: 1.0, 2: 1.0, 3: 0.961764705882353, 4: 1.0, 5: 1.0, 6: 0.9882352941176471, 7: 0.9970588235294118, 8: 1.0, 9: 1.0}, {0: 0.856043956043956, 1: 0.9846153846153847, 2: 1.0, 3: 0.9989010989010989, 4: 1.0, 5: 1.0, 6: 1.0, 7: 1.0, 8: 0.8692307692307693, 9: 1.0}, {0: 1.0, 1: 1.0, 2: 0.9130434782608695, 3: 0.9130434782608695, 4: 1.0, 5: 1.0, 6: 1.0, 7: 1.0, 8: 1.0, 9: 1.0}, {0: 1.0, 1: 1.0, 2: 0.8666666666666667, 3: 1.0, 4: 0.8871794871794871, 5: 0.8102564102564103, 6: 1.0, 7: 1.0, 8: 1.0, 9: 0.9076923076923077}, {0: 1.0, 1: 1.0, 2: 0.6444444444444445, 3: 0.6444444444444445, 4: 1.0, 5: 1.0, 6: 1.0, 7: 1.0, 8: 1.0, 9: 1.0}, {0: 1.0, 1: 0.9917098445595854, 2: 1.0, 3: 0.9968911917098445, 4: 1.0, 5: 1.0, 6: 0.9979274611398964, 7: 0.9461139896373058, 8: 1.0, 9: 0.9533678756476683}, {0: 1.0, 1: 1.0, 2: 0.8674698795180723, 3: 1.0, 4: 1.0, 5: 0.7710843373493976, 6: 0.891566265060241, 7: 0.9518072289156626, 8: 1.0, 9: 0.9036144578313253}, {0: 0.9977220956719818, 1: 1.0, 2: 1.0, 3: 1.0, 4: 0.9111617312072893, 5: 1.0, 6: 0.9134396355353075, 7: 1.0, 8: 1.0, 9: 1.0}, {0: 1.0, 1: 1.0, 2: 0.9811320754716981, 3: 1.0, 4: 0.9193825042881647, 5: 0.9485420240137221, 6: 1.0, 7: 1.0, 8: 1.0, 9: 0.9210977701543739}, {0: 1.0, 1: 1.0, 2: 0.9979838709677419, 3: 1.0, 4: 1.0, 5: 1.0, 6: 1.0, 7: 1.0, 8: 1.0, 9: 0.9979838709677419}, {0: 0.9650291423813488, 1: 0.858451290591174, 2: 1.0, 3: 1.0, 4: 1.0, 5: 1.0, 6: 0.8892589508742714, 7: 1.0, 8: 1.0, 9: 1.0}, {0: 1.0, 1: 1.0, 2: 0.8484848484848485, 3: 0.9696969696969697, 4: 0.9696969696969697, 5: 1.0, 6: 1.0, 7: 0.9393939393939394, 8: 1.0, 9: 1.0}, {0: 1.0, 1: 1.0, 2: 1.0, 3: 1.0, 4: 1.0, 5: 1.0, 6: 1.0, 7: 1.0, 8: 1.0, 9: 1.0}, {0: 1.0, 1: 1.0, 2: 1.0, 3: 0.9230769230769231, 4: 1.0, 5: 1.0, 6: 1.0, 7: 1.0, 8: 0.9230769230769231, 9: 1.0}, {0: 1.0, 1: 1.0, 2: 0.9411764705882353, 3: 1.0, 4: 0.7058823529411765, 5: 1.0, 6: 1.0, 7: 1.0, 8: 1.0, 9: 0.6470588235294118}, {0: 1.0, 1: 0.8412408759124088, 2: 0.9927007299270073, 3: 1.0, 4: 1.0, 5: 0.8138686131386861, 6: 1.0, 7: 0.968978102189781, 8: 0.9927007299270073, 9: 1.0}, {0: 1.0, 1: 1.0, 2: 0.9452054794520548, 3: 1.0, 4: 1.0, 5: 0.7191780821917808, 6: 0.6575342465753424, 7: 0.9863013698630136, 8: 1.0, 9: 1.0}, {0: 0.8544698544698545, 1: 1.0, 2: 0.9417879417879418, 3: 1.0, 4: 1.0, 5: 0.8253638253638254, 6: 1.0, 7: 0.9916839916839917, 8: 0.997920997920998, 9: 1.0}, {0: 0.9915254237288136, 1: 1.0, 2: 0.9915254237288136, 3: 1.0, 4: 0.9745762711864406, 5: 1.0, 6: 1.0, 7: 1.0, 8: 0.9915254237288136, 9: 1.0}]
each client's acc:
0.97724399494311
0.9894117647058824
0.970879120879121
0.9826086956521738
0.9471794871794872
0.9288888888888888
0.98860103626943
0.9385542168674699
0.9822323462414578
0.9770154373927958
0.9995967741935484
0.9712739383846796
0.9727272727272727
1.0
0.9846153846153847
0.9294117647058824
0.960948905109489
0.9308219178082192
0.9611226611226613
0.9949152542372881
-------------------------------------------
client No.: 0
client No.: 1
client No.: 2
client No.: 3
client No.: 4
client No.: 5
client No.: 6
client No.: 7
client No.: 8
client No.: 9
client No.: 10
client No.: 11
client No.: 12
client No.: 13
client No.: 14
client No.: 15
client No.: 16
client No.: 17
client No.: 18
client No.: 19
glob_iter:  18     train_time:  50.08493900299072
glob_iter:  18     agg_time:  5.4953930377960205
All users are selected
-------------------------------------------
test_samples:  [791, 340, 910, 23, 195, 45, 965, 83, 439, 583, 496, 1201, 33, 27, 65, 17, 548, 146, 481, 118]
test_accs:  [{0: 1.0, 1: 1.0, 2: 1.0, 3: 0.8938053097345132, 4: 1.0, 5: 1.0, 6: 0.93173198482933, 7: 1.0, 8: 1.0, 9: 0.9443742098609356}, {0: 0.9470588235294117, 1: 1.0, 2: 1.0, 3: 0.961764705882353, 4: 1.0, 5: 1.0, 6: 0.9882352941176471, 7: 0.9970588235294118, 8: 1.0, 9: 1.0}, {0: 0.856043956043956, 1: 0.9846153846153847, 2: 1.0, 3: 0.9989010989010989, 4: 1.0, 5: 1.0, 6: 1.0, 7: 1.0, 8: 0.8670329670329671, 9: 1.0}, {0: 1.0, 1: 1.0, 2: 0.9130434782608695, 3: 0.9130434782608695, 4: 1.0, 5: 1.0, 6: 1.0, 7: 1.0, 8: 1.0, 9: 1.0}, {0: 1.0, 1: 1.0, 2: 0.8615384615384616, 3: 1.0, 4: 0.8871794871794871, 5: 0.8153846153846154, 6: 1.0, 7: 1.0, 8: 1.0, 9: 0.9076923076923077}, {0: 1.0, 1: 1.0, 2: 0.6666666666666666, 3: 0.6444444444444445, 4: 1.0, 5: 1.0, 6: 1.0, 7: 1.0, 8: 1.0, 9: 1.0}, {0: 1.0, 1: 0.9917098445595854, 2: 1.0, 3: 0.9968911917098445, 4: 1.0, 5: 1.0, 6: 0.9979274611398964, 7: 0.9481865284974094, 8: 1.0, 9: 0.9523316062176166}, {0: 1.0, 1: 1.0, 2: 0.8674698795180723, 3: 1.0, 4: 1.0, 5: 0.7710843373493976, 6: 0.891566265060241, 7: 0.9518072289156626, 8: 1.0, 9: 0.9036144578313253}, {0: 0.9977220956719818, 1: 1.0, 2: 1.0, 3: 1.0, 4: 0.9111617312072893, 5: 1.0, 6: 0.9134396355353075, 7: 1.0, 8: 1.0, 9: 1.0}, {0: 1.0, 1: 1.0, 2: 0.9811320754716981, 3: 1.0, 4: 0.9193825042881647, 5: 0.9485420240137221, 6: 1.0, 7: 1.0, 8: 1.0, 9: 0.9279588336192109}, {0: 1.0, 1: 1.0, 2: 0.9979838709677419, 3: 1.0, 4: 1.0, 5: 1.0, 6: 1.0, 7: 1.0, 8: 1.0, 9: 0.9979838709677419}, {0: 0.9650291423813488, 1: 0.8576186511240633, 2: 1.0, 3: 1.0, 4: 1.0, 5: 1.0, 6: 0.8884263114071607, 7: 1.0, 8: 1.0, 9: 1.0}, {0: 1.0, 1: 1.0, 2: 0.8787878787878788, 3: 0.9696969696969697, 4: 0.9696969696969697, 5: 1.0, 6: 1.0, 7: 0.9393939393939394, 8: 1.0, 9: 1.0}, {0: 1.0, 1: 1.0, 2: 1.0, 3: 1.0, 4: 1.0, 5: 1.0, 6: 1.0, 7: 1.0, 8: 1.0, 9: 1.0}, {0: 1.0, 1: 1.0, 2: 1.0, 3: 0.9230769230769231, 4: 1.0, 5: 1.0, 6: 1.0, 7: 1.0, 8: 0.9230769230769231, 9: 1.0}, {0: 1.0, 1: 1.0, 2: 0.9411764705882353, 3: 1.0, 4: 0.7058823529411765, 5: 1.0, 6: 1.0, 7: 1.0, 8: 1.0, 9: 0.6470588235294118}, {0: 1.0, 1: 0.8321167883211679, 2: 0.9927007299270073, 3: 1.0, 4: 1.0, 5: 0.8175182481751825, 6: 1.0, 7: 0.968978102189781, 8: 0.9927007299270073, 9: 1.0}, {0: 1.0, 1: 1.0, 2: 0.9452054794520548, 3: 1.0, 4: 1.0, 5: 0.726027397260274, 6: 0.678082191780822, 7: 0.9863013698630136, 8: 1.0, 9: 1.0}, {0: 0.8523908523908524, 1: 1.0, 2: 0.9480249480249481, 3: 1.0, 4: 1.0, 5: 0.8232848232848233, 6: 1.0, 7: 0.9916839916839917, 8: 0.997920997920998, 9: 1.0}, {0: 0.9915254237288136, 1: 1.0, 2: 0.9915254237288136, 3: 1.0, 4: 0.9745762711864406, 5: 1.0, 6: 1.0, 7: 1.0, 8: 0.9915254237288136, 9: 1.0}]
each client's acc:
0.976991150442478
0.9894117647058824
0.9706593406593408
0.9826086956521738
0.9471794871794872
0.931111111111111
0.9887046632124352
0.9385542168674699
0.9822323462414578
0.9777015437392796
0.9995967741935484
0.9711074104912573
0.9757575757575758
1.0
0.9846153846153847
0.9294117647058824
0.9604014598540147
0.9335616438356164
0.9613305613305613
0.9949152542372881
-------------------------------------------
client No.: 0
client No.: 1
client No.: 2
client No.: 3
client No.: 4
client No.: 5
client No.: 6
client No.: 7
client No.: 8
client No.: 9
client No.: 10
client No.: 11
client No.: 12
client No.: 13
client No.: 14
client No.: 15
client No.: 16
client No.: 17
client No.: 18
client No.: 19
glob_iter:  19     train_time:  50.04827754497528
glob_iter:  19     agg_time:  5.505542516708374
All users are selected
-------------------------------------------
test_samples:  [791, 340, 910, 23, 195, 45, 965, 83, 439, 583, 496, 1201, 33, 27, 65, 17, 548, 146, 481, 118]
test_accs:  [{0: 1.0, 1: 1.0, 2: 1.0, 3: 0.888748419721871, 4: 1.0, 5: 1.0, 6: 0.93173198482933, 7: 1.0, 8: 1.0, 9: 0.9456384323640961}, {0: 0.9470588235294117, 1: 1.0, 2: 1.0, 3: 0.961764705882353, 4: 1.0, 5: 1.0, 6: 0.9882352941176471, 7: 0.9970588235294118, 8: 1.0, 9: 1.0}, {0: 0.8538461538461538, 1: 0.9846153846153847, 2: 1.0, 3: 0.9989010989010989, 4: 1.0, 5: 1.0, 6: 1.0, 7: 1.0, 8: 0.8648351648351649, 9: 1.0}, {0: 1.0, 1: 1.0, 2: 0.9130434782608695, 3: 0.9130434782608695, 4: 1.0, 5: 1.0, 6: 1.0, 7: 1.0, 8: 1.0, 9: 1.0}, {0: 1.0, 1: 1.0, 2: 0.8615384615384616, 3: 1.0, 4: 0.8871794871794871, 5: 0.8205128205128205, 6: 1.0, 7: 1.0, 8: 1.0, 9: 0.9076923076923077}, {0: 1.0, 1: 1.0, 2: 0.6666666666666666, 3: 0.6444444444444445, 4: 1.0, 5: 1.0, 6: 1.0, 7: 1.0, 8: 1.0, 9: 1.0}, {0: 1.0, 1: 0.9917098445595854, 2: 1.0, 3: 0.9968911917098445, 4: 1.0, 5: 1.0, 6: 0.9979274611398964, 7: 0.9461139896373058, 8: 1.0, 9: 0.9523316062176166}, {0: 1.0, 1: 1.0, 2: 0.8554216867469879, 3: 1.0, 4: 1.0, 5: 0.7590361445783133, 6: 0.891566265060241, 7: 0.9518072289156626, 8: 1.0, 9: 0.9036144578313253}, {0: 0.9977220956719818, 1: 1.0, 2: 1.0, 3: 1.0, 4: 0.9134396355353075, 5: 1.0, 6: 0.9134396355353075, 7: 1.0, 8: 1.0, 9: 1.0}, {0: 1.0, 1: 1.0, 2: 0.9811320754716981, 3: 1.0, 4: 0.9210977701543739, 5: 0.9485420240137221, 6: 1.0, 7: 1.0, 8: 1.0, 9: 0.9279588336192109}, {0: 1.0, 1: 1.0, 2: 0.9979838709677419, 3: 1.0, 4: 1.0, 5: 1.0, 6: 1.0, 7: 1.0, 8: 1.0, 9: 0.9979838709677419}, {0: 0.9633638634471274, 1: 0.858451290591174, 2: 1.0, 3: 1.0, 4: 1.0, 5: 1.0, 6: 0.88759367194005, 7: 1.0, 8: 1.0, 9: 1.0}, {0: 1.0, 1: 1.0, 2: 0.8787878787878788, 3: 0.9696969696969697, 4: 0.9696969696969697, 5: 1.0, 6: 1.0, 7: 0.9393939393939394, 8: 1.0, 9: 1.0}, {0: 1.0, 1: 1.0, 2: 1.0, 3: 1.0, 4: 1.0, 5: 1.0, 6: 1.0, 7: 1.0, 8: 1.0, 9: 1.0}, {0: 1.0, 1: 1.0, 2: 1.0, 3: 0.9230769230769231, 4: 1.0, 5: 1.0, 6: 1.0, 7: 1.0, 8: 0.9230769230769231, 9: 1.0}, {0: 1.0, 1: 1.0, 2: 0.9411764705882353, 3: 1.0, 4: 0.7058823529411765, 5: 1.0, 6: 1.0, 7: 1.0, 8: 1.0, 9: 0.6470588235294118}, {0: 1.0, 1: 0.8302919708029197, 2: 0.9927007299270073, 3: 1.0, 4: 1.0, 5: 0.8302919708029197, 6: 1.0, 7: 0.968978102189781, 8: 0.9927007299270073, 9: 1.0}, {0: 1.0, 1: 1.0, 2: 0.9452054794520548, 3: 1.0, 4: 1.0, 5: 0.7465753424657534, 6: 0.6986301369863014, 7: 0.9863013698630136, 8: 1.0, 9: 1.0}, {0: 0.8461538461538461, 1: 1.0, 2: 0.9438669438669439, 3: 1.0, 4: 1.0, 5: 0.8232848232848233, 6: 1.0, 7: 0.9916839916839917, 8: 0.997920997920998, 9: 1.0}, {0: 0.9915254237288136, 1: 1.0, 2: 0.9915254237288136, 3: 1.0, 4: 0.9745762711864406, 5: 1.0, 6: 1.0, 7: 1.0, 8: 0.9915254237288136, 9: 1.0}]
each client's acc:
0.9766118836915296
0.9894117647058824
0.9702197802197803
0.9826086956521738
0.9476923076923077
0.931111111111111
0.9884974093264247
0.9361445783132529
0.9824601366742597
0.9778730703259004
0.9995967741935484
0.9709408825978351
0.9757575757575758
1.0
0.9846153846153847
0.9294117647058824
0.9614963503649635
0.9376712328767123
0.9602910602910605
0.9949152542372881
-------------------------------------------
client No.: 0
client No.: 1
client No.: 2
client No.: 3
client No.: 4
client No.: 5
client No.: 6
client No.: 7
client No.: 8
client No.: 9
client No.: 10
client No.: 11
client No.: 12
client No.: 13
client No.: 14
client No.: 15
client No.: 16
client No.: 17
client No.: 18
client No.: 19
glob_iter:  20     train_time:  50.0811424612999
glob_iter:  20     agg_time:  5.489694595336914
All users are selected
-------------------------------------------
test_samples:  [791, 340, 910, 23, 195, 45, 965, 83, 439, 583, 496, 1201, 33, 27, 65, 17, 548, 146, 481, 118]
test_accs:  [{0: 1.0, 1: 1.0, 2: 1.0, 3: 0.8862199747155499, 4: 1.0, 5: 1.0, 6: 0.93173198482933, 7: 1.0, 8: 1.0, 9: 0.943109987357775}, {0: 0.9470588235294117, 1: 1.0, 2: 1.0, 3: 0.961764705882353, 4: 1.0, 5: 1.0, 6: 0.9882352941176471, 7: 0.9970588235294118, 8: 1.0, 9: 1.0}, {0: 0.8505494505494505, 1: 0.9846153846153847, 2: 1.0, 3: 0.9989010989010989, 4: 1.0, 5: 1.0, 6: 1.0, 7: 1.0, 8: 0.8692307692307693, 9: 1.0}, {0: 1.0, 1: 1.0, 2: 0.9130434782608695, 3: 0.9130434782608695, 4: 1.0, 5: 1.0, 6: 1.0, 7: 1.0, 8: 1.0, 9: 1.0}, {0: 1.0, 1: 1.0, 2: 0.8564102564102564, 3: 1.0, 4: 0.8871794871794871, 5: 0.8205128205128205, 6: 1.0, 7: 1.0, 8: 1.0, 9: 0.9076923076923077}, {0: 1.0, 1: 1.0, 2: 0.6888888888888889, 3: 0.6666666666666666, 4: 1.0, 5: 1.0, 6: 1.0, 7: 1.0, 8: 1.0, 9: 1.0}, {0: 1.0, 1: 0.9917098445595854, 2: 1.0, 3: 0.9968911917098445, 4: 1.0, 5: 1.0, 6: 0.9979274611398964, 7: 0.9450777202072539, 8: 1.0, 9: 0.9523316062176166}, {0: 1.0, 1: 1.0, 2: 0.8554216867469879, 3: 1.0, 4: 1.0, 5: 0.7710843373493976, 6: 0.891566265060241, 7: 0.9518072289156626, 8: 1.0, 9: 0.9036144578313253}, {0: 0.9977220956719818, 1: 1.0, 2: 1.0, 3: 1.0, 4: 0.9157175398633257, 5: 1.0, 6: 0.9134396355353075, 7: 1.0, 8: 1.0, 9: 1.0}, {0: 1.0, 1: 1.0, 2: 0.9811320754716981, 3: 1.0, 4: 0.9193825042881647, 5: 0.9485420240137221, 6: 1.0, 7: 1.0, 8: 1.0, 9: 0.9279588336192109}, {0: 1.0, 1: 1.0, 2: 0.9979838709677419, 3: 1.0, 4: 1.0, 5: 1.0, 6: 1.0, 7: 1.0, 8: 1.0, 9: 0.9979838709677419}, {0: 0.9641965029142381, 1: 0.8559533721898418, 2: 1.0, 3: 1.0, 4: 1.0, 5: 1.0, 6: 0.8892589508742714, 7: 1.0, 8: 1.0, 9: 1.0}, {0: 1.0, 1: 1.0, 2: 0.8787878787878788, 3: 0.9696969696969697, 4: 0.9696969696969697, 5: 1.0, 6: 1.0, 7: 0.9393939393939394, 8: 1.0, 9: 1.0}, {0: 1.0, 1: 1.0, 2: 1.0, 3: 1.0, 4: 1.0, 5: 1.0, 6: 1.0, 7: 1.0, 8: 1.0, 9: 1.0}, {0: 1.0, 1: 1.0, 2: 1.0, 3: 0.9230769230769231, 4: 1.0, 5: 1.0, 6: 1.0, 7: 1.0, 8: 0.9230769230769231, 9: 1.0}, {0: 1.0, 1: 1.0, 2: 0.9411764705882353, 3: 1.0, 4: 0.7058823529411765, 5: 1.0, 6: 1.0, 7: 1.0, 8: 1.0, 9: 0.6470588235294118}, {0: 1.0, 1: 0.833941605839416, 2: 0.9927007299270073, 3: 1.0, 4: 1.0, 5: 0.833941605839416, 6: 1.0, 7: 0.968978102189781, 8: 0.9927007299270073, 9: 1.0}, {0: 1.0, 1: 1.0, 2: 0.9452054794520548, 3: 1.0, 4: 1.0, 5: 0.7465753424657534, 6: 0.7191780821917808, 7: 0.9863013698630136, 8: 1.0, 9: 1.0}, {0: 0.83991683991684, 1: 1.0, 2: 0.9417879417879418, 3: 1.0, 4: 1.0, 5: 0.8191268191268192, 6: 1.0, 7: 0.9916839916839917, 8: 0.997920997920998, 9: 1.0}, {0: 0.9915254237288136, 1: 1.0, 2: 0.9915254237288136, 3: 1.0, 4: 0.9745762711864406, 5: 1.0, 6: 1.0, 7: 1.0, 8: 0.9915254237288136, 9: 1.0}]
each client's acc:
0.9761061946902656
0.9894117647058824
0.9703296703296704
0.9826086956521738
0.9471794871794872
0.9355555555555556
0.9883937823834199
0.9373493975903615
0.9826879271070614
0.9777015437392796
0.9995967741935484
0.9709408825978351
0.9757575757575758
1.0
0.9846153846153847
0.9294117647058824
0.9622262773722629
0.9397260273972602
0.9590436590436593
0.9949152542372881
-------------------------------------------
client No.: 0
client No.: 1
client No.: 2
client No.: 3
client No.: 4
client No.: 5
client No.: 6
client No.: 7
client No.: 8
client No.: 9
client No.: 10
client No.: 11
client No.: 12
client No.: 13
client No.: 14
client No.: 15
client No.: 16
client No.: 17
client No.: 18
client No.: 19
glob_iter:  21     train_time:  50.075920736789705
glob_iter:  21     agg_time:  5.501377105712891
All users are selected
-------------------------------------------
test_samples:  [791, 340, 910, 23, 195, 45, 965, 83, 439, 583, 496, 1201, 33, 27, 65, 17, 548, 146, 481, 118]
test_accs:  [{0: 1.0, 1: 1.0, 2: 1.0, 3: 0.8849557522123894, 4: 1.0, 5: 1.0, 6: 0.9355246523388117, 7: 1.0, 8: 1.0, 9: 0.9405815423514539}, {0: 0.9470588235294117, 1: 1.0, 2: 1.0, 3: 0.961764705882353, 4: 1.0, 5: 1.0, 6: 0.9882352941176471, 7: 0.9970588235294118, 8: 1.0, 9: 1.0}, {0: 0.8516483516483516, 1: 0.9846153846153847, 2: 1.0, 3: 0.9989010989010989, 4: 1.0, 5: 1.0, 6: 1.0, 7: 1.0, 8: 0.8703296703296703, 9: 1.0}, {0: 1.0, 1: 1.0, 2: 0.9130434782608695, 3: 0.9130434782608695, 4: 1.0, 5: 1.0, 6: 1.0, 7: 1.0, 8: 1.0, 9: 1.0}, {0: 1.0, 1: 1.0, 2: 0.8615384615384616, 3: 1.0, 4: 0.8871794871794871, 5: 0.8307692307692308, 6: 1.0, 7: 1.0, 8: 1.0, 9: 0.9076923076923077}, {0: 1.0, 1: 1.0, 2: 0.6888888888888889, 3: 0.6666666666666666, 4: 1.0, 5: 1.0, 6: 1.0, 7: 1.0, 8: 1.0, 9: 1.0}, {0: 1.0, 1: 0.9917098445595854, 2: 1.0, 3: 0.9968911917098445, 4: 1.0, 5: 1.0, 6: 0.9979274611398964, 7: 0.9430051813471503, 8: 1.0, 9: 0.9512953367875647}, {0: 1.0, 1: 1.0, 2: 0.8554216867469879, 3: 1.0, 4: 1.0, 5: 0.7710843373493976, 6: 0.891566265060241, 7: 0.9518072289156626, 8: 1.0, 9: 0.9036144578313253}, {0: 0.9977220956719818, 1: 1.0, 2: 1.0, 3: 1.0, 4: 0.9202733485193622, 5: 1.0, 6: 0.9134396355353075, 7: 1.0, 8: 1.0, 9: 1.0}, {0: 1.0, 1: 1.0, 2: 0.9811320754716981, 3: 1.0, 4: 0.9193825042881647, 5: 0.9485420240137221, 6: 1.0, 7: 1.0, 8: 1.0, 9: 0.9331046312178388}, {0: 1.0, 1: 1.0, 2: 0.9979838709677419, 3: 1.0, 4: 1.0, 5: 1.0, 6: 1.0, 7: 1.0, 8: 1.0, 9: 0.9979838709677419}, {0: 0.9641965029142381, 1: 0.8559533721898418, 2: 1.0, 3: 1.0, 4: 1.0, 5: 1.0, 6: 0.8884263114071607, 7: 1.0, 8: 1.0, 9: 1.0}, {0: 1.0, 1: 1.0, 2: 0.8787878787878788, 3: 0.9696969696969697, 4: 0.9696969696969697, 5: 1.0, 6: 1.0, 7: 0.9393939393939394, 8: 1.0, 9: 1.0}, {0: 1.0, 1: 1.0, 2: 1.0, 3: 1.0, 4: 1.0, 5: 1.0, 6: 1.0, 7: 1.0, 8: 1.0, 9: 1.0}, {0: 1.0, 1: 1.0, 2: 1.0, 3: 0.9230769230769231, 4: 1.0, 5: 1.0, 6: 1.0, 7: 1.0, 8: 0.9230769230769231, 9: 1.0}, {0: 1.0, 1: 1.0, 2: 0.9411764705882353, 3: 1.0, 4: 0.7058823529411765, 5: 1.0, 6: 1.0, 7: 1.0, 8: 1.0, 9: 0.6470588235294118}, {0: 1.0, 1: 0.8357664233576643, 2: 0.9927007299270073, 3: 1.0, 4: 1.0, 5: 0.833941605839416, 6: 1.0, 7: 0.968978102189781, 8: 0.9927007299270073, 9: 1.0}, {0: 1.0, 1: 1.0, 2: 0.9452054794520548, 3: 1.0, 4: 1.0, 5: 0.7465753424657534, 6: 0.726027397260274, 7: 0.9863013698630136, 8: 1.0, 9: 1.0}, {0: 0.8378378378378378, 1: 1.0, 2: 0.9417879417879418, 3: 1.0, 4: 1.0, 5: 0.8108108108108109, 6: 1.0, 7: 0.9916839916839917, 8: 0.997920997920998, 9: 1.0}, {0: 0.9915254237288136, 1: 1.0, 2: 0.9915254237288136, 3: 1.0, 4: 0.9745762711864406, 5: 1.0, 6: 1.0, 7: 1.0, 8: 0.9915254237288136, 9: 1.0}]
each client's acc:
0.9761061946902656
0.9894117647058824
0.9705494505494506
0.9826086956521738
0.9487179487179487
0.9355555555555556
0.9880829015544043
0.9373493975903615
0.9831435079726653
0.9782161234991424
0.9995967741935484
0.9708576186511241
0.9757575757575758
1.0
0.9846153846153847
0.9294117647058824
0.9624087591240876
0.9404109589041095
0.9580041580041581
0.9949152542372881
-------------------------------------------
client No.: 0
client No.: 1
client No.: 2
client No.: 3
client No.: 4
client No.: 5
client No.: 6
client No.: 7
client No.: 8
client No.: 9
client No.: 10
client No.: 11
client No.: 12
client No.: 13
client No.: 14
client No.: 15
client No.: 16
client No.: 17
client No.: 18
client No.: 19
glob_iter:  22     train_time:  50.08210543394089
glob_iter:  22     agg_time:  5.484730005264282
All users are selected
-------------------------------------------
test_samples:  [791, 340, 910, 23, 195, 45, 965, 83, 439, 583, 496, 1201, 33, 27, 65, 17, 548, 146, 481, 118]
test_accs:  [{0: 1.0, 1: 1.0, 2: 1.0, 3: 0.8824273072060683, 4: 1.0, 5: 1.0, 6: 0.934260429835651, 7: 1.0, 8: 1.0, 9: 0.9380530973451328}, {0: 0.9470588235294117, 1: 1.0, 2: 1.0, 3: 0.961764705882353, 4: 1.0, 5: 1.0, 6: 0.9882352941176471, 7: 0.9970588235294118, 8: 1.0, 9: 1.0}, {0: 0.8538461538461538, 1: 0.9846153846153847, 2: 1.0, 3: 0.9989010989010989, 4: 1.0, 5: 1.0, 6: 1.0, 7: 1.0, 8: 0.8703296703296703, 9: 1.0}, {0: 1.0, 1: 1.0, 2: 0.9130434782608695, 3: 0.9130434782608695, 4: 1.0, 5: 1.0, 6: 1.0, 7: 1.0, 8: 1.0, 9: 1.0}, {0: 1.0, 1: 1.0, 2: 0.8615384615384616, 3: 1.0, 4: 0.8871794871794871, 5: 0.8307692307692308, 6: 1.0, 7: 1.0, 8: 1.0, 9: 0.9076923076923077}, {0: 1.0, 1: 1.0, 2: 0.7111111111111111, 3: 0.6888888888888889, 4: 1.0, 5: 1.0, 6: 1.0, 7: 1.0, 8: 1.0, 9: 1.0}, {0: 1.0, 1: 0.9917098445595854, 2: 1.0, 3: 0.9968911917098445, 4: 1.0, 5: 1.0, 6: 0.9979274611398964, 7: 0.9419689119170984, 8: 1.0, 9: 0.9512953367875647}, {0: 1.0, 1: 1.0, 2: 0.8674698795180723, 3: 1.0, 4: 1.0, 5: 0.7710843373493976, 6: 0.891566265060241, 7: 0.9518072289156626, 8: 1.0, 9: 0.9036144578313253}, {0: 0.9977220956719818, 1: 1.0, 2: 1.0, 3: 1.0, 4: 0.9271070615034168, 5: 1.0, 6: 0.9179954441913439, 7: 1.0, 8: 1.0, 9: 1.0}, {0: 1.0, 1: 1.0, 2: 0.9811320754716981, 3: 1.0, 4: 0.9228130360205832, 5: 0.9485420240137221, 6: 1.0, 7: 1.0, 8: 1.0, 9: 0.9331046312178388}, {0: 1.0, 1: 1.0, 2: 0.9979838709677419, 3: 1.0, 4: 1.0, 5: 1.0, 6: 1.0, 7: 1.0, 8: 1.0, 9: 0.9979838709677419}, {0: 0.9641965029142381, 1: 0.8534554537885096, 2: 1.0, 3: 1.0, 4: 1.0, 5: 1.0, 6: 0.8892589508742714, 7: 1.0, 8: 1.0, 9: 1.0}, {0: 1.0, 1: 1.0, 2: 0.9090909090909091, 3: 0.9696969696969697, 4: 0.9696969696969697, 5: 1.0, 6: 1.0, 7: 0.9393939393939394, 8: 1.0, 9: 1.0}, {0: 1.0, 1: 1.0, 2: 1.0, 3: 1.0, 4: 1.0, 5: 1.0, 6: 1.0, 7: 1.0, 8: 1.0, 9: 1.0}, {0: 1.0, 1: 1.0, 2: 1.0, 3: 0.9230769230769231, 4: 1.0, 5: 1.0, 6: 1.0, 7: 1.0, 8: 0.9230769230769231, 9: 1.0}, {0: 1.0, 1: 1.0, 2: 0.9411764705882353, 3: 1.0, 4: 0.7058823529411765, 5: 1.0, 6: 1.0, 7: 1.0, 8: 1.0, 9: 0.6470588235294118}, {0: 1.0, 1: 0.8375912408759124, 2: 0.9927007299270073, 3: 1.0, 4: 1.0, 5: 0.833941605839416, 6: 1.0, 7: 0.968978102189781, 8: 0.9927007299270073, 9: 1.0}, {0: 1.0, 1: 1.0, 2: 0.9452054794520548, 3: 1.0, 4: 1.0, 5: 0.7534246575342466, 6: 0.7328767123287672, 7: 0.9863013698630136, 8: 1.0, 9: 1.0}, {0: 0.8357588357588358, 1: 1.0, 2: 0.9438669438669439, 3: 1.0, 4: 1.0, 5: 0.8108108108108109, 6: 1.0, 7: 0.9916839916839917, 8: 0.997920997920998, 9: 1.0}, {0: 0.9915254237288136, 1: 1.0, 2: 0.9915254237288136, 3: 1.0, 4: 0.9745762711864406, 5: 1.0, 6: 1.0, 7: 1.0, 8: 0.9915254237288136, 9: 1.0}]
each client's acc:
0.9754740834386851
0.9894117647058824
0.9707692307692308
0.9826086956521738
0.9487179487179487
0.9400000000000001
0.987979274611399
0.9385542168674699
0.9842824601366743
0.9785591766723842
0.9995967741935484
0.9706910907577019
0.9787878787878789
1.0
0.9846153846153847
0.9294117647058824
0.9625912408759124
0.9417808219178083
0.9580041580041581
0.9949152542372881
-------------------------------------------
client No.: 0
client No.: 1
client No.: 2
client No.: 3
client No.: 4
client No.: 5
client No.: 6
client No.: 7
client No.: 8
client No.: 9
client No.: 10
client No.: 11
client No.: 12
client No.: 13
client No.: 14
client No.: 15
client No.: 16
client No.: 17
client No.: 18
client No.: 19
glob_iter:  23     train_time:  50.068106496334075
glob_iter:  23     agg_time:  5.503178358078003
All users are selected
-------------------------------------------
test_samples:  [791, 340, 910, 23, 195, 45, 965, 83, 439, 583, 496, 1201, 33, 27, 65, 17, 548, 146, 481, 118]
test_accs:  [{0: 1.0, 1: 1.0, 2: 1.0, 3: 0.8836915297092288, 4: 1.0, 5: 1.0, 6: 0.9355246523388117, 7: 1.0, 8: 1.0, 9: 0.943109987357775}, {0: 0.9470588235294117, 1: 1.0, 2: 1.0, 3: 0.961764705882353, 4: 1.0, 5: 1.0, 6: 0.9882352941176471, 7: 0.9970588235294118, 8: 1.0, 9: 1.0}, {0: 0.8538461538461538, 1: 0.9846153846153847, 2: 1.0, 3: 0.9989010989010989, 4: 1.0, 5: 1.0, 6: 1.0, 7: 1.0, 8: 0.8692307692307693, 9: 1.0}, {0: 1.0, 1: 1.0, 2: 0.9130434782608695, 3: 0.9130434782608695, 4: 1.0, 5: 1.0, 6: 1.0, 7: 1.0, 8: 1.0, 9: 1.0}, {0: 1.0, 1: 1.0, 2: 0.8564102564102564, 3: 1.0, 4: 0.8871794871794871, 5: 0.8205128205128205, 6: 1.0, 7: 1.0, 8: 1.0, 9: 0.9076923076923077}, {0: 1.0, 1: 1.0, 2: 0.7555555555555555, 3: 0.6888888888888889, 4: 1.0, 5: 1.0, 6: 1.0, 7: 1.0, 8: 1.0, 9: 1.0}, {0: 1.0, 1: 0.9917098445595854, 2: 1.0, 3: 0.9968911917098445, 4: 1.0, 5: 1.0, 6: 0.9979274611398964, 7: 0.9398963730569948, 8: 1.0, 9: 0.9523316062176166}, {0: 1.0, 1: 1.0, 2: 0.8795180722891566, 3: 1.0, 4: 1.0, 5: 0.7590361445783133, 6: 0.891566265060241, 7: 0.9518072289156626, 8: 1.0, 9: 0.9036144578313253}, {0: 0.9977220956719818, 1: 1.0, 2: 1.0, 3: 1.0, 4: 0.9316628701594533, 5: 1.0, 6: 0.9179954441913439, 7: 1.0, 8: 1.0, 9: 1.0}, {0: 1.0, 1: 1.0, 2: 0.9811320754716981, 3: 1.0, 4: 0.9228130360205832, 5: 0.9468267581475128, 6: 1.0, 7: 1.0, 8: 1.0, 9: 0.9313893653516295}, {0: 1.0, 1: 1.0, 2: 0.9979838709677419, 3: 1.0, 4: 1.0, 5: 1.0, 6: 1.0, 7: 1.0, 8: 1.0, 9: 0.9979838709677419}, {0: 0.9633638634471274, 1: 0.8567860116569526, 2: 1.0, 3: 1.0, 4: 1.0, 5: 1.0, 6: 0.8900915903413822, 7: 1.0, 8: 1.0, 9: 1.0}, {0: 1.0, 1: 1.0, 2: 0.9393939393939394, 3: 0.9696969696969697, 4: 0.9696969696969697, 5: 1.0, 6: 1.0, 7: 0.9393939393939394, 8: 1.0, 9: 1.0}, {0: 1.0, 1: 1.0, 2: 1.0, 3: 1.0, 4: 1.0, 5: 1.0, 6: 1.0, 7: 1.0, 8: 1.0, 9: 1.0}, {0: 1.0, 1: 1.0, 2: 1.0, 3: 0.9230769230769231, 4: 1.0, 5: 1.0, 6: 1.0, 7: 1.0, 8: 0.9230769230769231, 9: 1.0}, {0: 1.0, 1: 1.0, 2: 0.9411764705882353, 3: 1.0, 4: 0.7058823529411765, 5: 1.0, 6: 1.0, 7: 1.0, 8: 1.0, 9: 0.6470588235294118}, {0: 1.0, 1: 0.8394160583941606, 2: 0.9927007299270073, 3: 1.0, 4: 1.0, 5: 0.833941605839416, 6: 1.0, 7: 0.968978102189781, 8: 0.9927007299270073, 9: 1.0}, {0: 1.0, 1: 1.0, 2: 0.9452054794520548, 3: 1.0, 4: 1.0, 5: 0.7397260273972602, 6: 0.7191780821917808, 7: 0.9863013698630136, 8: 1.0, 9: 1.0}, {0: 0.8336798336798337, 1: 1.0, 2: 0.9459459459459459, 3: 1.0, 4: 1.0, 5: 0.8128898128898129, 6: 1.0, 7: 0.9916839916839917, 8: 0.997920997920998, 9: 1.0}, {0: 0.9915254237288136, 1: 1.0, 2: 0.9915254237288136, 3: 1.0, 4: 0.9745762711864406, 5: 1.0, 6: 1.0, 7: 1.0, 8: 0.9915254237288136, 9: 1.0}]
each client's acc:
0.9762326169405815
0.9894117647058824
0.9706593406593408
0.9826086956521738
0.9471794871794872
0.9444444444444444
0.987875647668394
0.9385542168674699
0.9847380410022779
0.9782161234991422
0.9995967741935484
0.9710241465445464
0.9818181818181818
1.0
0.9846153846153847
0.9294117647058824
0.9627737226277372
0.939041095890411
0.9582120582120582
0.9949152542372881
-------------------------------------------
client No.: 0
client No.: 1
client No.: 2
client No.: 3
client No.: 4
client No.: 5
client No.: 6
client No.: 7
client No.: 8
client No.: 9
client No.: 10
client No.: 11
