================================================================================
Summary of training process:
Algorithm: pFedC
Batch size: 32
Learing rate       : 0.01
Ensemble learing rate       : 0.0001
Average Moving       : 1.0
Subset of users      : 20
Number of global rounds       : 60
Number of local rounds       : 10
Dataset       : Cifar10-alpha1.0
Local Model       : cnn
Device            : cuda
================================================================================


         [ Start training iteration 0 ]           


use cifar model
dataset:  Cifar10-alpha1.0   labels_index: all 1
Users in total: 20
use dataset:  Cifar10-alpha1.0
use dataset:  Cifar10-alpha1.0
use dataset:  Cifar10-alpha1.0
use dataset:  Cifar10-alpha1.0
use dataset:  Cifar10-alpha1.0
use dataset:  Cifar10-alpha1.0
use dataset:  Cifar10-alpha1.0
use dataset:  Cifar10-alpha1.0
use dataset:  Cifar10-alpha1.0
use dataset:  Cifar10-alpha1.0
use dataset:  Cifar10-alpha1.0
use dataset:  Cifar10-alpha1.0
use dataset:  Cifar10-alpha1.0
use dataset:  Cifar10-alpha1.0
use dataset:  Cifar10-alpha1.0
use dataset:  Cifar10-alpha1.0
use dataset:  Cifar10-alpha1.0
use dataset:  Cifar10-alpha1.0
use dataset:  Cifar10-alpha1.0
use dataset:  Cifar10-alpha1.0
Number of users / total users: 20  /  20
Finished creating pFedC server.
All users are selected
-------------------------------------------
test_samples:  [933, 830, 529, 826, 833, 783, 779, 409, 755, 750, 769, 569, 652, 819, 878, 519, 716, 939, 866, 853]
test_accs:  [{0: 0.9839228295819936, 1: 0.1189710610932476, 2: 0.06002143622722401, 3: 0.04394426580921758, 4: 0.8928188638799571, 5: 0.9185423365487674, 6: 0.1832797427652733, 7: 0.04715969989281887, 8: 0.9667738478027867, 9: 0.632368703108253}, {0: 0.9072289156626506, 1: 0.0891566265060241, 2: 0.22048192771084338, 3: 0.12048192771084337, 4: 0.7891566265060241, 5: 0.9590361445783132, 6: 0.25421686746987954, 7: 0.0, 8: 1.0, 9: 1.0}, {0: 0.8922495274102079, 1: 0.0888468809073724, 2: 0.005671077504725898, 3: 0.007561436672967864, 4: 0.6181474480151229, 5: 0.9357277882797732, 6: 0.166351606805293, 7: 0.18525519848771266, 8: 0.9886578449905482, 9: 0.9829867674858223}, {0: 0.9079903147699758, 1: 0.1937046004842615, 2: 0.04721549636803874, 3: 0.16343825665859565, 4: 0.8002421307506054, 5: 0.9285714285714286, 6: 0.0847457627118644, 7: 0.024213075060532687, 8: 0.9418886198547215, 9: 0.887409200968523}, {0: 0.985594237695078, 1: 0.009603841536614645, 2: 0.2148859543817527, 3: 0.056422569027611044, 4: 0.9471788715486195, 5: 0.7082833133253301, 6: 0.04321728691476591, 7: 0.20768307322929172, 8: 0.957983193277311, 9: 0.8967587034813925}, {0: 0.9642401021711366, 1: 0.070242656449553, 2: 0.08301404853128991, 3: 0.11877394636015326, 4: 0.9118773946360154, 5: 0.896551724137931, 6: 0.019157088122605363, 7: 0.41890166028097064, 8: 0.8991060025542784, 9: 1.0}, {0: 0.9922978177150192, 1: 0.1951219512195122, 2: 0.011553273427471117, 3: 0.5712451861360719, 4: 0.9602053915275995, 5: 0.9640564826700898, 6: 0.03209242618741977, 7: 0.04236200256739409, 8: 0.8844672657252889, 9: 1.0}, {0: 0.9755501222493888, 1: 0.08801955990220049, 2: 0.07090464547677261, 3: 0.06356968215158924, 4: 0.7775061124694377, 5: 0.8997555012224939, 6: 0.004889975550122249, 7: 0.34474327628361856, 8: 0.9388753056234719, 9: 0.9388753056234719}, {0: 0.8556291390728477, 1: 0.3165562913907285, 2: 0.17483443708609273, 3: 0.17483443708609273, 4: 0.9589403973509933, 5: 0.8821192052980132, 6: 0.07947019867549669, 7: 0.007947019867549669, 8: 1.0, 9: 1.0}, {0: 0.9973333333333333, 1: 0.09333333333333334, 2: 0.013333333333333334, 3: 0.09866666666666667, 4: 0.8986666666666666, 5: 0.616, 6: 0.27066666666666667, 7: 0.052, 8: 1.0, 9: 1.0}, {0: 0.9128738621586476, 1: 0.11573472041612484, 2: 0.016905071521456438, 3: 0.04161248374512354, 4: 0.8907672301690507, 5: 0.9674902470741222, 6: 0.12093628088426528, 7: 0.002600780234070221, 8: 0.6605981794538361, 9: 0.823146944083225}, {0: 0.945518453427065, 1: 0.015817223198594025, 2: 0.10017574692442882, 3: 0.1054481546572935, 4: 0.7662565905096661, 5: 0.8400702987697716, 6: 0.06502636203866433, 7: 0.005272407732864675, 8: 0.7557117750439367, 9: 0.9701230228471002}, {0: 0.7315950920245399, 1: 0.015337423312883436, 2: 0.1901840490797546, 3: 0.0352760736196319, 4: 0.9601226993865031, 5: 0.9079754601226994, 6: 0.0950920245398773, 7: 0.13650306748466257, 8: 0.9187116564417178, 9: 0.9033742331288344}, {0: 0.9169719169719169, 1: 0.06837606837606838, 2: 0.040293040293040296, 3: 0.02442002442002442, 4: 0.905982905982906, 5: 0.8595848595848596, 6: 0.02564102564102564, 7: 0.13675213675213677, 8: 0.7130647130647131, 9: 0.8547008547008547}, {0: 0.41002277904328016, 1: 0.010250569476082005, 2: 0.0193621867881549, 3: 0.05125284738041002, 4: 0.8473804100227791, 5: 0.9578587699316629, 6: 0.0056947608200455585, 7: 0.003416856492027335, 8: 0.8496583143507973, 9: 1.0}, {0: 0.8631984585741811, 1: 0.10211946050096339, 2: 0.005780346820809248, 3: 0.005780346820809248, 4: 0.791907514450867, 5: 0.7167630057803468, 6: 0.08285163776493257, 7: 0.18882466281310212, 8: 0.9922928709055877, 9: 0.9980732177263969}, {0: 0.9008379888268156, 1: 0.06005586592178771, 2: 0.3463687150837989, 3: 0.07262569832402235, 4: 0.9078212290502793, 5: 0.8310055865921788, 6: 0.019553072625698324, 7: 0.051675977653631286, 8: 0.9455307262569832, 9: 0.9287709497206704}, {0: 0.9627263045793397, 1: 0.002129925452609159, 2: 0.005324813631522897, 3: 0.02875399361022364, 4: 0.9648562300319489, 5: 0.9009584664536742, 6: 0.2598509052183174, 7: 0.19808306709265175, 8: 0.9361022364217252, 9: 0.6815761448349308}, {0: 0.9711316397228638, 1: 0.10969976905311778, 2: 0.25057736720554274, 3: 0.06235565819861432, 4: 0.9168591224018475, 5: 0.9237875288683602, 6: 0.028868360277136258, 7: 0.03695150115473441, 8: 0.9122401847575058, 9: 0.7032332563510393}, {0: 0.943728018757327, 1: 0.21453692848769051, 2: 0.09026963657678781, 3: 0.10199296600234467, 4: 0.8229777256740914, 5: 0.9718640093786636, 6: 0.09026963657678781, 7: 0.06799531066822978, 8: 0.779601406799531, 9: 1.0}]
each client's acc:
0.48478027867095397
0.5339759036144578
0.4871455576559546
0.49794188861985467
0.5027611044417767
0.5381864623243934
0.5653401797175867
0.5102689486552567
0.5450331125827814
0.504
0.45526657997399217
0.45694200351493847
0.48941717791411044
0.4545787545787546
0.41548974943052386
0.47475915221579956
0.5064245810055865
0.4940362087326943
0.49157043879907614
0.5083235638921454
-------------------------------------------
client No.: 0
client No.: 1
client No.: 2
client No.: 3
client No.: 4
client No.: 5
client No.: 6
client No.: 7
client No.: 8
client No.: 9
client No.: 10
client No.: 11
client No.: 12
client No.: 13
client No.: 14
client No.: 15
client No.: 16
client No.: 17
client No.: 18
client No.: 19
glob_iter:  0     train_time:  24.739742088317872
glob_iter:  0     agg_time:  1.0296533107757568
All users are selected
-------------------------------------------
test_samples:  [933, 830, 529, 826, 833, 783, 779, 409, 755, 750, 769, 569, 652, 819, 878, 519, 716, 939, 866, 853]
test_accs:  [{0: 0.9839228295819936, 1: 0.8810289389067524, 2: 0.939978563772776, 3: 0.9560557341907824, 4: 0.9292604501607717, 5: 0.9410503751339764, 6: 0.8167202572347267, 7: 0.9528403001071811, 8: 0.9667738478027867, 9: 0.6366559485530546}, {0: 0.9072289156626506, 1: 0.9108433734939759, 2: 0.7795180722891566, 3: 0.8795180722891566, 4: 0.8024096385542169, 5: 0.9746987951807229, 6: 0.7457831325301205, 7: 1.0, 8: 1.0, 9: 1.0}, {0: 0.8922495274102079, 1: 0.9111531190926276, 2: 0.994328922495274, 3: 0.9924385633270322, 4: 0.6313799621928167, 5: 0.9584120982986768, 6: 0.833648393194707, 7: 0.8147448015122873, 8: 0.9886578449905482, 9: 0.9829867674858223}, {0: 0.9079903147699758, 1: 0.8062953995157385, 2: 0.9527845036319612, 3: 0.8365617433414043, 4: 0.8220338983050848, 5: 0.9539951573849879, 6: 0.9152542372881356, 7: 0.9757869249394673, 8: 0.9418886198547215, 9: 0.887409200968523}, {0: 0.985594237695078, 1: 0.9903961584633854, 2: 0.7851140456182473, 3: 0.943577430972389, 4: 0.9699879951980792, 5: 0.7214885954381752, 6: 0.9567827130852341, 7: 0.7923169267707083, 8: 0.957983193277311, 9: 0.8967587034813925}, {0: 0.9642401021711366, 1: 0.929757343550447, 2: 0.9169859514687101, 3: 0.8812260536398467, 4: 0.9310344827586207, 5: 0.9157088122605364, 6: 0.9808429118773946, 7: 0.5810983397190294, 8: 0.8991060025542784, 9: 1.0}, {0: 0.9922978177150192, 1: 0.8048780487804879, 2: 0.9884467265725289, 3: 0.5712451861360719, 4: 0.9922978177150192, 5: 0.9833119383825417, 6: 0.9679075738125802, 7: 0.9576379974326059, 8: 0.8844672657252889, 9: 1.0}, {0: 0.9755501222493888, 1: 0.9119804400977995, 2: 0.9290953545232273, 3: 0.9364303178484108, 4: 0.7970660146699267, 5: 0.921760391198044, 6: 0.9951100244498777, 7: 0.6552567237163814, 8: 0.9388753056234719, 9: 0.9388753056234719}, {0: 0.8556291390728477, 1: 0.6834437086092715, 2: 0.8251655629139073, 3: 0.8251655629139073, 4: 0.9947019867549669, 5: 0.9033112582781457, 6: 0.9205298013245033, 7: 0.9920529801324504, 8: 1.0, 9: 1.0}, {0: 0.9973333333333333, 1: 0.9066666666666666, 2: 0.9866666666666667, 3: 0.9013333333333333, 4: 0.9146666666666666, 5: 0.616, 6: 0.7293333333333333, 7: 0.948, 8: 1.0, 9: 1.0}, {0: 0.9128738621586476, 1: 0.8842652795838751, 2: 0.9830949284785435, 3: 0.9583875162548765, 4: 0.9154746423927178, 5: 0.9856957087126138, 6: 0.8790637191157347, 7: 0.9973992197659298, 8: 0.6605981794538361, 9: 0.823146944083225}, {0: 0.945518453427065, 1: 0.984182776801406, 2: 0.8998242530755711, 3: 0.8945518453427065, 4: 0.773286467486819, 5: 0.8471001757469244, 6: 0.9349736379613357, 7: 0.9947275922671354, 8: 0.7557117750439367, 9: 0.9701230228471002}, {0: 0.7315950920245399, 1: 0.9846625766871165, 2: 0.8098159509202454, 3: 0.9647239263803681, 4: 0.9938650306748467, 5: 0.9248466257668712, 6: 0.9049079754601227, 7: 0.8634969325153374, 8: 0.9187116564417178, 9: 0.9033742331288344}, {0: 0.9169719169719169, 1: 0.9316239316239316, 2: 0.9597069597069597, 3: 0.9755799755799756, 4: 0.9304029304029304, 5: 0.8803418803418803, 6: 0.9743589743589743, 7: 0.8632478632478633, 8: 0.7130647130647131, 9: 0.8547008547008547}, {0: 0.5899772209567198, 1: 0.989749430523918, 2: 0.9806378132118451, 3: 0.94874715261959, 4: 0.856492027334852, 5: 0.9738041002277904, 6: 0.9943052391799544, 7: 0.9965831435079726, 8: 0.8496583143507973, 9: 1.0}, {0: 0.8631984585741811, 1: 0.8978805394990366, 2: 0.9942196531791907, 3: 0.9942196531791907, 4: 0.815028901734104, 5: 0.7167630057803468, 6: 0.9171483622350675, 7: 0.8111753371868978, 8: 0.9922928709055877, 9: 0.9980732177263969}, {0: 0.9008379888268156, 1: 0.9399441340782123, 2: 0.6536312849162011, 3: 0.9273743016759777, 4: 0.9287709497206704, 5: 0.8463687150837989, 6: 0.9804469273743017, 7: 0.9483240223463687, 8: 0.9455307262569832, 9: 0.9287709497206704}, {0: 0.9627263045793397, 1: 0.9978700745473909, 2: 0.9946751863684771, 3: 0.9712460063897763, 4: 0.9946751863684771, 5: 0.919062832800852, 6: 0.7401490947816827, 7: 0.8019169329073482, 8: 0.9361022364217252, 9: 0.6815761448349308}, {0: 0.9711316397228638, 1: 0.8903002309468823, 2: 0.7494226327944573, 3: 0.9376443418013857, 4: 0.9549653579676675, 5: 0.9468822170900693, 6: 0.9711316397228638, 7: 0.9630484988452656, 8: 0.9122401847575058, 9: 0.7032332563510393}, {0: 0.943728018757327, 1: 0.7854630715123095, 2: 0.9097303634232122, 3: 0.8980070339976554, 4: 0.8569753810082064, 5: 0.984759671746776, 6: 0.9097303634232122, 7: 0.9320046893317703, 8: 0.779601406799531, 9: 1.0}]
each client's acc:
0.90042872454448
0.9
0.9000000000000001
0.9
0.9
0.9000000000000001
0.9142490372272144
0.9000000000000001
0.9
0.8999999999999998
0.9
0.9
0.9
0.9
0.9179954441913439
0.9
0.9
0.9
0.8999999999999998
0.9
-------------------------------------------
client No.: 0
client No.: 1
client No.: 2
client No.: 3
client No.: 4
client No.: 5
client No.: 6
client No.: 7
client No.: 8
client No.: 9
client No.: 10
client No.: 11
client No.: 12
client No.: 13
client No.: 14
client No.: 15
client No.: 16
client No.: 17
client No.: 18
client No.: 19
glob_iter:  1     train_time:  26.05355372428894
glob_iter:  1     agg_time:  2.5287933349609375
All users are selected
-------------------------------------------
test_samples:  [933, 830, 529, 826, 833, 783, 779, 409, 755, 750, 769, 569, 652, 819, 878, 519, 716, 939, 866, 853]
test_accs:  [{0: 0.9839228295819936, 1: 0.8810289389067524, 2: 0.939978563772776, 3: 0.9560557341907824, 4: 0.9292604501607717, 5: 0.9410503751339764, 6: 0.8167202572347267, 7: 0.9528403001071811, 8: 0.9667738478027867, 9: 0.7642015005359056}, {0: 0.9072289156626506, 1: 0.9108433734939759, 2: 0.7795180722891566, 3: 0.8795180722891566, 4: 0.8024096385542169, 5: 0.9746987951807229, 6: 0.7457831325301205, 7: 1.0, 8: 1.0, 9: 1.0}, {0: 0.8922495274102079, 1: 0.9111531190926276, 2: 0.994328922495274, 3: 0.9924385633270322, 4: 0.6313799621928167, 5: 0.9584120982986768, 6: 0.833648393194707, 7: 0.8147448015122873, 8: 0.9886578449905482, 9: 0.9829867674858223}, {0: 0.9079903147699758, 1: 0.8062953995157385, 2: 0.9527845036319612, 3: 0.8365617433414043, 4: 0.8220338983050848, 5: 0.9539951573849879, 6: 0.9152542372881356, 7: 0.9757869249394673, 8: 0.9418886198547215, 9: 0.887409200968523}, {0: 0.985594237695078, 1: 0.9903961584633854, 2: 0.7851140456182473, 3: 0.943577430972389, 4: 0.9699879951980792, 5: 0.7214885954381752, 6: 0.9567827130852341, 7: 0.7923169267707083, 8: 0.957983193277311, 9: 0.8967587034813925}, {0: 0.9642401021711366, 1: 0.929757343550447, 2: 0.9169859514687101, 3: 0.8812260536398467, 4: 0.9310344827586207, 5: 0.9157088122605364, 6: 0.9808429118773946, 7: 0.6819923371647509, 8: 0.8991060025542784, 9: 1.0}, {0: 0.9922978177150192, 1: 0.8048780487804879, 2: 0.9884467265725289, 3: 0.637997432605905, 4: 0.9922978177150192, 5: 0.9833119383825417, 6: 0.9679075738125802, 7: 0.9576379974326059, 8: 0.8844672657252889, 9: 1.0}, {0: 0.9755501222493888, 1: 0.9119804400977995, 2: 0.9290953545232273, 3: 0.9364303178484108, 4: 0.7970660146699267, 5: 0.921760391198044, 6: 0.9951100244498777, 7: 0.6552567237163814, 8: 0.9388753056234719, 9: 0.9388753056234719}, {0: 0.8556291390728477, 1: 0.6834437086092715, 2: 0.8251655629139073, 3: 0.8251655629139073, 4: 0.9947019867549669, 5: 0.9033112582781457, 6: 0.9205298013245033, 7: 0.9920529801324504, 8: 1.0, 9: 1.0}, {0: 0.9973333333333333, 1: 0.9066666666666666, 2: 0.9866666666666667, 3: 0.9013333333333333, 4: 0.9146666666666666, 5: 0.616, 6: 0.7293333333333333, 7: 0.948, 8: 1.0, 9: 1.0}, {0: 0.9128738621586476, 1: 0.8842652795838751, 2: 0.9830949284785435, 3: 0.9583875162548765, 4: 0.9154746423927178, 5: 0.9856957087126138, 6: 0.8790637191157347, 7: 0.9973992197659298, 8: 0.5825747724317295, 9: 0.823146944083225}, {0: 0.945518453427065, 1: 0.984182776801406, 2: 0.8998242530755711, 3: 0.8945518453427065, 4: 0.773286467486819, 5: 0.8471001757469244, 6: 0.9349736379613357, 7: 0.9947275922671354, 8: 0.7574692442882249, 9: 0.9701230228471002}, {0: 0.7315950920245399, 1: 0.9846625766871165, 2: 0.8098159509202454, 3: 0.9647239263803681, 4: 0.9938650306748467, 5: 0.9248466257668712, 6: 0.9049079754601227, 7: 0.8634969325153374, 8: 0.9187116564417178, 9: 0.9033742331288344}, {0: 0.9169719169719169, 1: 0.9316239316239316, 2: 0.9597069597069597, 3: 0.9755799755799756, 4: 0.9304029304029304, 5: 0.8803418803418803, 6: 0.9743589743589743, 7: 0.8632478632478633, 8: 0.7545787545787546, 9: 0.8547008547008547}, {0: 0.7107061503416856, 1: 0.989749430523918, 2: 0.9806378132118451, 3: 0.94874715261959, 4: 0.856492027334852, 5: 0.9738041002277904, 6: 0.9943052391799544, 7: 0.9965831435079726, 8: 0.8496583143507973, 9: 1.0}, {0: 0.8631984585741811, 1: 0.8978805394990366, 2: 0.9942196531791907, 3: 0.9942196531791907, 4: 0.815028901734104, 5: 0.7167630057803468, 6: 0.9171483622350675, 7: 0.8111753371868978, 8: 0.9922928709055877, 9: 0.9980732177263969}, {0: 0.9008379888268156, 1: 0.9399441340782123, 2: 0.6536312849162011, 3: 0.9273743016759777, 4: 0.9287709497206704, 5: 0.8463687150837989, 6: 0.9804469273743017, 7: 0.9483240223463687, 8: 0.9455307262569832, 9: 0.9287709497206704}, {0: 0.9627263045793397, 1: 0.9978700745473909, 2: 0.9946751863684771, 3: 0.9712460063897763, 4: 0.9946751863684771, 5: 0.919062832800852, 6: 0.8072417465388712, 7: 0.8019169329073482, 8: 0.9361022364217252, 9: 0.7976570820021299}, {0: 0.9711316397228638, 1: 0.8903002309468823, 2: 0.7494226327944573, 3: 0.9376443418013857, 4: 0.9549653579676675, 5: 0.9468822170900693, 6: 0.9711316397228638, 7: 0.9630484988452656, 8: 0.9122401847575058, 9: 0.7401847575057737}, {0: 0.943728018757327, 1: 0.7854630715123095, 2: 0.9097303634232122, 3: 0.8980070339976554, 4: 0.8569753810082064, 5: 0.984759671746776, 6: 0.9097303634232122, 7: 0.9320046893317703, 8: 0.7854630715123095, 9: 1.0}]
each client's acc:
0.9131832797427653
0.9
0.9000000000000001
0.9
0.9
0.9100893997445721
0.9209242618741976
0.9000000000000001
0.9
0.8999999999999998
0.8921976592977894
0.9001757469244287
0.9
0.9041514041514042
0.9300683371298406
0.9
0.9
0.9183173588924388
0.9036951501154732
0.9005861664712779
-------------------------------------------
client No.: 0
client No.: 1
client No.: 2
client No.: 3
client No.: 4
client No.: 5
client No.: 6
client No.: 7
client No.: 8
client No.: 9
client No.: 10
client No.: 11
client No.: 12
client No.: 13
client No.: 14
client No.: 15
client No.: 16
client No.: 17
client No.: 18
client No.: 19
glob_iter:  2     train_time:  93.09740099906921
glob_iter:  2     agg_time:  5.557828903198242
All users are selected
-------------------------------------------
test_samples:  [933, 830, 529, 826, 833, 783, 779, 409, 755, 750, 769, 569, 652, 819, 878, 519, 716, 939, 866, 853]
test_accs:  [{0: 0.9839228295819936, 1: 0.8810289389067524, 2: 0.939978563772776, 3: 0.9560557341907824, 4: 0.9292604501607717, 5: 0.9410503751339764, 6: 0.7995712754555199, 7: 0.9528403001071811, 8: 0.9667738478027867, 9: 0.77491961414791}, {0: 0.9072289156626506, 1: 0.9108433734939759, 2: 0.7795180722891566, 3: 0.8795180722891566, 4: 0.8024096385542169, 5: 0.9746987951807229, 6: 0.7433734939759036, 7: 1.0, 8: 1.0, 9: 1.0}, {0: 0.8922495274102079, 1: 0.9111531190926276, 2: 0.994328922495274, 3: 0.9924385633270322, 4: 0.665406427221172, 5: 0.9584120982986768, 6: 0.833648393194707, 7: 0.8147448015122873, 8: 0.9886578449905482, 9: 0.9829867674858223}, {0: 0.9079903147699758, 1: 0.8062953995157385, 2: 0.9527845036319612, 3: 0.8365617433414043, 4: 0.8220338983050848, 5: 0.9539951573849879, 6: 0.9152542372881356, 7: 0.9757869249394673, 8: 0.9418886198547215, 9: 0.887409200968523}, {0: 0.985594237695078, 1: 0.9903961584633854, 2: 0.7851140456182473, 3: 0.943577430972389, 4: 0.9699879951980792, 5: 0.7214885954381752, 6: 0.9567827130852341, 7: 0.7923169267707083, 8: 0.957983193277311, 9: 0.8967587034813925}, {0: 0.9642401021711366, 1: 0.929757343550447, 2: 0.9169859514687101, 3: 0.8812260536398467, 4: 0.9310344827586207, 5: 0.9157088122605364, 6: 0.9808429118773946, 7: 0.7100893997445722, 8: 0.8991060025542784, 9: 1.0}, {0: 0.9922978177150192, 1: 0.810012836970475, 2: 0.9884467265725289, 3: 0.7881899871630296, 4: 0.9922978177150192, 5: 0.9833119383825417, 6: 0.9679075738125802, 7: 0.9576379974326059, 8: 0.8844672657252889, 9: 1.0}, {0: 0.9755501222493888, 1: 0.9119804400977995, 2: 0.9290953545232273, 3: 0.9364303178484108, 4: 0.7970660146699267, 5: 0.921760391198044, 6: 0.9951100244498777, 7: 0.6552567237163814, 8: 0.9388753056234719, 9: 0.9388753056234719}, {0: 0.8556291390728477, 1: 0.856953642384106, 2: 0.8251655629139073, 3: 0.8251655629139073, 4: 0.9947019867549669, 5: 0.9033112582781457, 6: 0.9205298013245033, 7: 0.9920529801324504, 8: 1.0, 9: 1.0}, {0: 0.9973333333333333, 1: 0.9066666666666666, 2: 0.9866666666666667, 3: 0.9013333333333333, 4: 0.9146666666666666, 5: 0.66, 6: 0.756, 7: 0.948, 8: 1.0, 9: 1.0}, {0: 0.9128738621586476, 1: 0.8842652795838751, 2: 0.9830949284785435, 3: 0.9583875162548765, 4: 0.9154746423927178, 5: 0.9856957087126138, 6: 0.8790637191157347, 7: 0.9973992197659298, 8: 0.5903771131339401, 9: 0.823146944083225}, {0: 0.945518453427065, 1: 0.984182776801406, 2: 0.8998242530755711, 3: 0.8945518453427065, 4: 0.773286467486819, 5: 0.8471001757469244, 6: 0.9349736379613357, 7: 0.9947275922671354, 8: 0.8084358523725835, 9: 0.9701230228471002}, {0: 0.7898773006134969, 1: 0.9846625766871165, 2: 0.8098159509202454, 3: 0.9647239263803681, 4: 0.9938650306748467, 5: 0.9248466257668712, 6: 0.9049079754601227, 7: 0.8634969325153374, 8: 0.9187116564417178, 9: 0.9033742331288344}, {0: 0.9169719169719169, 1: 0.9316239316239316, 2: 0.9597069597069597, 3: 0.9755799755799756, 4: 0.9304029304029304, 5: 0.8803418803418803, 6: 0.9743589743589743, 7: 0.8632478632478633, 8: 0.7912087912087912, 9: 0.8547008547008547}, {0: 0.7061503416856492, 1: 0.989749430523918, 2: 0.9806378132118451, 3: 0.94874715261959, 4: 0.8678815489749431, 5: 0.9738041002277904, 6: 0.9943052391799544, 7: 0.9965831435079726, 8: 0.8496583143507973, 9: 1.0}, {0: 0.8631984585741811, 1: 0.8978805394990366, 2: 0.9942196531791907, 3: 0.9942196531791907, 4: 0.815028901734104, 5: 0.7167630057803468, 6: 0.9171483622350675, 7: 0.8111753371868978, 8: 0.9922928709055877, 9: 0.9980732177263969}, {0: 0.9008379888268156, 1: 0.9399441340782123, 2: 0.6536312849162011, 3: 0.9273743016759777, 4: 0.9287709497206704, 5: 0.8463687150837989, 6: 0.9804469273743017, 7: 0.9483240223463687, 8: 0.9455307262569832, 9: 0.9287709497206704}, {0: 0.9627263045793397, 1: 0.9978700745473909, 2: 0.9946751863684771, 3: 0.9712460063897763, 4: 0.9946751863684771, 5: 0.919062832800852, 6: 0.8274760383386581, 7: 0.8019169329073482, 8: 0.9361022364217252, 9: 0.8189563365282215}, {0: 0.9711316397228638, 1: 0.8903002309468823, 2: 0.7956120092378753, 3: 0.9376443418013857, 4: 0.9549653579676675, 5: 0.9468822170900693, 6: 0.9711316397228638, 7: 0.9630484988452656, 8: 0.9122401847575058, 9: 0.8060046189376443}, {0: 0.943728018757327, 1: 0.7854630715123095, 2: 0.9097303634232122, 3: 0.8980070339976554, 4: 0.8569753810082064, 5: 0.984759671746776, 6: 0.9097303634232122, 7: 0.9320046893317703, 8: 0.813599062133646, 9: 1.0}]
each client's acc:
0.912540192926045
0.8997590361445784
0.9034026465028356
0.9
0.9
0.9128991060025544
0.9364569961489089
0.9000000000000001
0.9173509933774835
0.9070666666666666
0.8929778933680103
0.9052724077328647
0.9058282208588958
0.9078144078144079
0.9307517084282461
0.9
0.9
0.9224707135250266
0.9148960739030022
0.9033997655334115
-------------------------------------------
client No.: 0
client No.: 1
client No.: 2
client No.: 3
client No.: 4
client No.: 5
client No.: 6
client No.: 7
client No.: 8
client No.: 9
client No.: 10
client No.: 11
client No.: 12
client No.: 13
client No.: 14
client No.: 15
client No.: 16
client No.: 17
client No.: 18
client No.: 19
glob_iter:  3     train_time:  99.0886872768402
glob_iter:  3     agg_time:  5.226327180862427
All users are selected
-------------------------------------------
test_samples:  [933, 830, 529, 826, 833, 783, 779, 409, 755, 750, 769, 569, 652, 819, 878, 519, 716, 939, 866, 853]
test_accs:  [{0: 0.9839228295819936, 1: 0.8810289389067524, 2: 0.939978563772776, 3: 0.9560557341907824, 4: 0.9292604501607717, 5: 0.9410503751339764, 6: 0.8092175777063236, 7: 0.9528403001071811, 8: 0.9667738478027867, 9: 0.7888531618435155}, {0: 0.9072289156626506, 1: 0.9108433734939759, 2: 0.7795180722891566, 3: 0.8795180722891566, 4: 0.8024096385542169, 5: 0.9746987951807229, 6: 0.7807228915662651, 7: 1.0, 8: 1.0, 9: 1.0}, {0: 0.8922495274102079, 1: 0.9111531190926276, 2: 0.994328922495274, 3: 0.9924385633270322, 4: 0.7051039697542533, 5: 0.9584120982986768, 6: 0.833648393194707, 7: 0.8147448015122873, 8: 0.9886578449905482, 9: 0.9829867674858223}, {0: 0.9079903147699758, 1: 0.8171912832929782, 2: 0.9527845036319612, 3: 0.8365617433414043, 4: 0.8220338983050848, 5: 0.9539951573849879, 6: 0.9152542372881356, 7: 0.9757869249394673, 8: 0.9418886198547215, 9: 0.887409200968523}, {0: 0.985594237695078, 1: 0.9903961584633854, 2: 0.7851140456182473, 3: 0.943577430972389, 4: 0.9699879951980792, 5: 0.7322929171668667, 6: 0.9567827130852341, 7: 0.7923169267707083, 8: 0.957983193277311, 9: 0.8967587034813925}, {0: 0.9642401021711366, 1: 0.929757343550447, 2: 0.9169859514687101, 3: 0.8812260536398467, 4: 0.9310344827586207, 5: 0.9157088122605364, 6: 0.9808429118773946, 7: 0.7586206896551724, 8: 0.9220945083014048, 9: 1.0}, {0: 0.9922978177150192, 1: 0.8382541720154044, 2: 0.9884467265725289, 3: 0.82798459563543, 4: 0.9922978177150192, 5: 0.9833119383825417, 6: 0.9679075738125802, 7: 0.9576379974326059, 8: 0.8844672657252889, 9: 1.0}, {0: 0.9755501222493888, 1: 0.9119804400977995, 2: 0.9290953545232273, 3: 0.9364303178484108, 4: 0.7970660146699267, 5: 0.921760391198044, 6: 0.9951100244498777, 7: 0.6577017114914425, 8: 0.9388753056234719, 9: 0.9388753056234719}, {0: 0.8609271523178808, 1: 0.8741721854304636, 2: 0.8251655629139073, 3: 0.8251655629139073, 4: 0.9947019867549669, 5: 0.9033112582781457, 6: 0.9205298013245033, 7: 0.9920529801324504, 8: 1.0, 9: 1.0}, {0: 0.9973333333333333, 1: 0.9066666666666666, 2: 0.9866666666666667, 3: 0.9013333333333333, 4: 0.9146666666666666, 5: 0.7146666666666667, 6: 0.8266666666666667, 7: 0.948, 8: 1.0, 9: 1.0}, {0: 0.9128738621586476, 1: 0.8842652795838751, 2: 0.9830949284785435, 3: 0.9583875162548765, 4: 0.9154746423927178, 5: 0.9856957087126138, 6: 0.8777633289986996, 7: 0.9973992197659298, 8: 0.6970091027308193, 9: 0.823146944083225}, {0: 0.945518453427065, 1: 0.984182776801406, 2: 0.8998242530755711, 3: 0.8945518453427065, 4: 0.7803163444639719, 5: 0.8471001757469244, 6: 0.9349736379613357, 7: 0.9947275922671354, 8: 0.8383128295254832, 9: 0.9701230228471002}, {0: 0.8067484662576687, 1: 0.9846625766871165, 2: 0.8098159509202454, 3: 0.9647239263803681, 4: 0.9938650306748467, 5: 0.9248466257668712, 6: 0.9049079754601227, 7: 0.8634969325153374, 8: 0.9187116564417178, 9: 0.9033742331288344}, {0: 0.9169719169719169, 1: 0.9316239316239316, 2: 0.9597069597069597, 3: 0.9755799755799756, 4: 0.9304029304029304, 5: 0.8803418803418803, 6: 0.9743589743589743, 7: 0.8632478632478633, 8: 0.811965811965812, 9: 0.8547008547008547}, {0: 0.714123006833713, 1: 0.989749430523918, 2: 0.9806378132118451, 3: 0.94874715261959, 4: 0.8872437357630979, 5: 0.9738041002277904, 6: 0.9943052391799544, 7: 0.9965831435079726, 8: 0.8496583143507973, 9: 1.0}, {0: 0.8631984585741811, 1: 0.8978805394990366, 2: 0.9942196531791907, 3: 0.9942196531791907, 4: 0.815028901734104, 5: 0.7167630057803468, 6: 0.9171483622350675, 7: 0.8111753371868978, 8: 0.9922928709055877, 9: 0.9980732177263969}, {0: 0.9008379888268156, 1: 0.9399441340782123, 2: 0.6983240223463687, 3: 0.9273743016759777, 4: 0.9287709497206704, 5: 0.8463687150837989, 6: 0.9804469273743017, 7: 0.9483240223463687, 8: 0.9455307262569832, 9: 0.9287709497206704}, {0: 0.9627263045793397, 1: 0.9978700745473909, 2: 0.9946751863684771, 3: 0.9712460063897763, 4: 0.9946751863684771, 5: 0.919062832800852, 6: 0.8562300319488818, 7: 0.8104366347177849, 8: 0.9361022364217252, 9: 0.8487752928647497}, {0: 0.9711316397228638, 1: 0.8903002309468823, 2: 0.7956120092378753, 3: 0.9376443418013857, 4: 0.9549653579676675, 5: 0.9468822170900693, 6: 0.9711316397228638, 7: 0.9630484988452656, 8: 0.9122401847575058, 9: 0.8337182448036952}, {0: 0.943728018757327, 1: 0.8253223915592028, 2: 0.9097303634232122, 3: 0.8980070339976554, 4: 0.8569753810082064, 5: 0.984759671746776, 6: 0.9097303634232122, 7: 0.9320046893317703, 8: 0.8405627198124267, 9: 1.0}]
each client's acc:
0.914898177920686
0.9034939759036146
0.9073724007561438
0.9010895883777239
0.9010804321728692
0.9200510855683269
0.9432605905006419
0.9002444987775062
0.9196026490066224
0.9196
0.9035110533159948
0.9089630931458699
0.907515337423313
0.90989010989011
0.933485193621868
0.9
0.9044692737430167
0.9291799787007454
0.9176674364896072
0.9100820633059789
-------------------------------------------
client No.: 0
client No.: 1
client No.: 2
client No.: 3
client No.: 4
client No.: 5
client No.: 6
client No.: 7
client No.: 8
client No.: 9
client No.: 10
client No.: 11
client No.: 12
client No.: 13
client No.: 14
client No.: 15
client No.: 16
client No.: 17
client No.: 18
client No.: 19
glob_iter:  4     train_time:  99.12825375795364
glob_iter:  4     agg_time:  5.539670705795288
All users are selected
-------------------------------------------
test_samples:  [933, 830, 529, 826, 833, 783, 779, 409, 755, 750, 769, 569, 652, 819, 878, 519, 716, 939, 866, 853]
test_accs:  [{0: 0.9839228295819936, 1: 0.8810289389067524, 2: 0.939978563772776, 3: 0.9560557341907824, 4: 0.9292604501607717, 5: 0.9410503751339764, 6: 0.8392282958199357, 7: 0.9528403001071811, 8: 0.9667738478027867, 9: 0.7995712754555199}, {0: 0.9156626506024096, 1: 0.9108433734939759, 2: 0.7795180722891566, 3: 0.8795180722891566, 4: 0.8024096385542169, 5: 0.9746987951807229, 6: 0.8168674698795181, 7: 1.0, 8: 1.0, 9: 1.0}, {0: 0.8922495274102079, 1: 0.9111531190926276, 2: 0.994328922495274, 3: 0.9924385633270322, 4: 0.6956521739130435, 5: 0.9584120982986768, 6: 0.833648393194707, 7: 0.8147448015122873, 8: 0.9886578449905482, 9: 0.9829867674858223}, {0: 0.9079903147699758, 1: 0.8305084745762712, 2: 0.9527845036319612, 3: 0.8365617433414043, 4: 0.8244552058111381, 5: 0.9539951573849879, 6: 0.9152542372881356, 7: 0.9757869249394673, 8: 0.9418886198547215, 9: 0.887409200968523}, {0: 0.985594237695078, 1: 0.9903961584633854, 2: 0.8043217286914766, 3: 0.943577430972389, 4: 0.9699879951980792, 5: 0.78031212484994, 6: 0.9567827130852341, 7: 0.7995198079231692, 8: 0.957983193277311, 9: 0.9039615846338536}, {0: 0.9642401021711366, 1: 0.929757343550447, 2: 0.9169859514687101, 3: 0.8812260536398467, 4: 0.9310344827586207, 5: 0.9157088122605364, 6: 0.9808429118773946, 7: 0.7816091954022989, 8: 0.9157088122605364, 9: 1.0}, {0: 0.9922978177150192, 1: 0.8485237483953787, 2: 0.9884467265725289, 3: 0.8408215661103979, 4: 0.9922978177150192, 5: 0.9833119383825417, 6: 0.9679075738125802, 7: 0.9576379974326059, 8: 0.883183568677792, 9: 1.0}, {0: 0.9755501222493888, 1: 0.9119804400977995, 2: 0.9290953545232273, 3: 0.9364303178484108, 4: 0.7970660146699267, 5: 0.921760391198044, 6: 0.9951100244498777, 7: 0.6894865525672371, 8: 0.9388753056234719, 9: 0.9388753056234719}, {0: 0.9006622516556292, 1: 0.8927152317880794, 2: 0.8251655629139073, 3: 0.8198675496688742, 4: 0.9947019867549669, 5: 0.9033112582781457, 6: 0.9205298013245033, 7: 0.9920529801324504, 8: 1.0, 9: 1.0}, {0: 0.9973333333333333, 1: 0.9066666666666666, 2: 0.9866666666666667, 3: 0.9013333333333333, 4: 0.9146666666666666, 5: 0.7306666666666667, 6: 0.8466666666666667, 7: 0.948, 8: 1.0, 9: 1.0}, {0: 0.9128738621586476, 1: 0.8842652795838751, 2: 0.9830949284785435, 3: 0.9583875162548765, 4: 0.9154746423927178, 5: 0.9856957087126138, 6: 0.8777633289986996, 7: 0.9973992197659298, 8: 0.7269180754226268, 9: 0.823146944083225}, {0: 0.945518453427065, 1: 0.984182776801406, 2: 0.8998242530755711, 3: 0.8945518453427065, 4: 0.7943760984182777, 5: 0.8471001757469244, 6: 0.9349736379613357, 7: 0.9947275922671354, 8: 0.8523725834797891, 9: 0.9701230228471002}, {0: 0.8052147239263804, 1: 0.9846625766871165, 2: 0.8098159509202454, 3: 0.9647239263803681, 4: 0.9938650306748467, 5: 0.9248466257668712, 6: 0.9049079754601227, 7: 0.8634969325153374, 8: 0.9187116564417178, 9: 0.9033742331288344}, {0: 0.9169719169719169, 1: 0.9316239316239316, 2: 0.9597069597069597, 3: 0.9755799755799756, 4: 0.9304029304029304, 5: 0.8803418803418803, 6: 0.9743589743589743, 7: 0.8693528693528694, 8: 0.8266178266178266, 9: 0.8608058608058609}, {0: 0.7164009111617312, 1: 0.989749430523918, 2: 0.9806378132118451, 3: 0.94874715261959, 4: 0.8940774487471527, 5: 0.9738041002277904, 6: 0.9943052391799544, 7: 0.9965831435079726, 8: 0.8496583143507973, 9: 1.0}, {0: 0.8901734104046243, 1: 0.8978805394990366, 2: 0.9942196531791907, 3: 0.9942196531791907, 4: 0.815028901734104, 5: 0.7167630057803468, 6: 0.9171483622350675, 7: 0.8111753371868978, 8: 0.9922928709055877, 9: 0.9980732177263969}, {0: 0.9008379888268156, 1: 0.9399441340782123, 2: 0.7067039106145251, 3: 0.9273743016759777, 4: 0.9287709497206704, 5: 0.8463687150837989, 6: 0.9804469273743017, 7: 0.9483240223463687, 8: 0.9455307262569832, 9: 0.9287709497206704}, {0: 0.9627263045793397, 1: 0.9978700745473909, 2: 0.9946751863684771, 3: 0.9712460063897763, 4: 0.9946751863684771, 5: 0.919062832800852, 6: 0.873269435569755, 7: 0.8519701810436635, 8: 0.9361022364217252, 9: 0.858359957401491}, {0: 0.9711316397228638, 1: 0.8903002309468823, 2: 0.7979214780600462, 3: 0.9376443418013857, 4: 0.9549653579676675, 5: 0.9468822170900693, 6: 0.9711316397228638, 7: 0.9630484988452656, 8: 0.9122401847575058, 9: 0.8464203233256351}, {0: 0.943728018757327, 1: 0.8604923798358733, 2: 0.9097303634232122, 3: 0.8980070339976554, 4: 0.8569753810082064, 5: 0.984759671746776, 6: 0.9097303634232122, 7: 0.9320046893317703, 8: 0.8417350527549824, 9: 1.0}]
each client's acc:
0.9189710610932476
0.9079518072289157
0.9064272211720228
0.9026634382566586
0.9092436974789914
0.9217113665389528
0.9454428754813863
0.9034229828850856
0.9249006622516557
0.9231999999999999
0.9065019505851755
0.9117750439367309
0.9073619631901841
0.9125763125763127
0.9343963553530752
0.9026974951830443
0.9053072625698324
0.9359957401490948
0.9191685912240184
0.9137162954279014
-------------------------------------------
client No.: 0
client No.: 1
client No.: 2
client No.: 3
client No.: 4
client No.: 5
client No.: 6
client No.: 7
client No.: 8
client No.: 9
client No.: 10
client No.: 11
client No.: 12
client No.: 13
client No.: 14
client No.: 15
client No.: 16
client No.: 17
client No.: 18
client No.: 19
glob_iter:  5     train_time:  99.09459928274154
glob_iter:  5     agg_time:  5.523056983947754
All users are selected
-------------------------------------------
test_samples:  [933, 830, 529, 826, 833, 783, 779, 409, 755, 750, 769, 569, 652, 819, 878, 519, 716, 939, 866, 853]
test_accs:  [{0: 0.9839228295819936, 1: 0.8810289389067524, 2: 0.939978563772776, 3: 0.9560557341907824, 4: 0.9292604501607717, 5: 0.9410503751339764, 6: 0.8585209003215434, 7: 0.9528403001071811, 8: 0.9667738478027867, 9: 0.8145766345123259}, {0: 0.9168674698795181, 1: 0.9108433734939759, 2: 0.7855421686746988, 3: 0.8795180722891566, 4: 0.8024096385542169, 5: 0.9746987951807229, 6: 0.8409638554216867, 7: 1.0, 8: 1.0, 9: 1.0}, {0: 0.8922495274102079, 1: 0.9111531190926276, 2: 0.994328922495274, 3: 0.9924385633270322, 4: 0.6994328922495274, 5: 0.9584120982986768, 6: 0.833648393194707, 7: 0.8147448015122873, 8: 0.9886578449905482, 9: 0.9829867674858223}, {0: 0.910411622276029, 1: 0.837772397094431, 2: 0.9527845036319612, 3: 0.8365617433414043, 4: 0.8305084745762712, 5: 0.9539951573849879, 6: 0.9152542372881356, 7: 0.9757869249394673, 8: 0.9418886198547215, 9: 0.887409200968523}, {0: 0.985594237695078, 1: 0.9903961584633854, 2: 0.8031212484993998, 3: 0.943577430972389, 4: 0.9699879951980792, 5: 0.7923169267707083, 6: 0.9567827130852341, 7: 0.8199279711884754, 8: 0.957983193277311, 9: 0.9171668667466987}, {0: 0.9642401021711366, 1: 0.929757343550447, 2: 0.9169859514687101, 3: 0.8812260536398467, 4: 0.9310344827586207, 5: 0.9157088122605364, 6: 0.9808429118773946, 7: 0.7841634738186463, 8: 0.9169859514687101, 9: 1.0}, {0: 0.9922978177150192, 1: 0.8613607188703466, 2: 0.9884467265725289, 3: 0.8472400513478819, 4: 0.9922978177150192, 5: 0.9833119383825417, 6: 0.9679075738125802, 7: 0.9576379974326059, 8: 0.8857509627727856, 9: 1.0}, {0: 0.9755501222493888, 1: 0.9119804400977995, 2: 0.9290953545232273, 3: 0.9364303178484108, 4: 0.7970660146699267, 5: 0.921760391198044, 6: 0.9951100244498777, 7: 0.706601466992665, 8: 0.9388753056234719, 9: 0.9388753056234719}, {0: 0.9006622516556292, 1: 0.9139072847682119, 2: 0.8304635761589404, 3: 0.8264900662251655, 4: 0.9947019867549669, 5: 0.9033112582781457, 6: 0.9205298013245033, 7: 0.9920529801324504, 8: 1.0, 9: 1.0}, {0: 0.9973333333333333, 1: 0.9066666666666666, 2: 0.9866666666666667, 3: 0.9013333333333333, 4: 0.9146666666666666, 5: 0.7613333333333333, 6: 0.8586666666666667, 7: 0.948, 8: 1.0, 9: 1.0}, {0: 0.9128738621586476, 1: 0.8842652795838751, 2: 0.9830949284785435, 3: 0.9583875162548765, 4: 0.9154746423927178, 5: 0.9856957087126138, 6: 0.8777633289986996, 7: 0.9973992197659298, 8: 0.7451235370611183, 9: 0.8075422626788037}, {0: 0.945518453427065, 1: 0.984182776801406, 2: 0.8998242530755711, 3: 0.8945518453427065, 4: 0.7943760984182777, 5: 0.8471001757469244, 6: 0.9349736379613357, 7: 0.9947275922671354, 8: 0.859402460456942, 9: 0.9701230228471002}, {0: 0.8052147239263804, 1: 0.9846625766871165, 2: 0.8236196319018405, 3: 0.9647239263803681, 4: 0.9938650306748467, 5: 0.9248466257668712, 6: 0.9049079754601227, 7: 0.8634969325153374, 8: 0.9187116564417178, 9: 0.9033742331288344}, {0: 0.9169719169719169, 1: 0.9316239316239316, 2: 0.9597069597069597, 3: 0.9755799755799756, 4: 0.9304029304029304, 5: 0.8815628815628815, 6: 0.9743589743589743, 7: 0.873015873015873, 8: 0.833943833943834, 9: 0.8778998778998779}, {0: 0.7277904328018223, 1: 0.989749430523918, 2: 0.9806378132118451, 3: 0.94874715261959, 4: 0.8861047835990888, 5: 0.9738041002277904, 6: 0.9943052391799544, 7: 0.9965831435079726, 8: 0.8496583143507973, 9: 1.0}, {0: 0.8978805394990366, 1: 0.8978805394990366, 2: 0.9942196531791907, 3: 0.9942196531791907, 4: 0.815028901734104, 5: 0.7167630057803468, 6: 0.9171483622350675, 7: 0.8111753371868978, 8: 0.9922928709055877, 9: 0.9980732177263969}, {0: 0.8994413407821229, 1: 0.9399441340782123, 2: 0.7122905027932961, 3: 0.9273743016759777, 4: 0.9287709497206704, 5: 0.8477653631284916, 6: 0.9804469273743017, 7: 0.9483240223463687, 8: 0.9455307262569832, 9: 0.9287709497206704}, {0: 0.9627263045793397, 1: 0.9978700745473909, 2: 0.9946751863684771, 3: 0.9712460063897763, 4: 0.9946751863684771, 5: 0.919062832800852, 6: 0.8817891373801917, 7: 0.873269435569755, 8: 0.9371671991480298, 9: 0.865814696485623}, {0: 0.9711316397228638, 1: 0.8903002309468823, 2: 0.7956120092378753, 3: 0.9376443418013857, 4: 0.9549653579676675, 5: 0.9468822170900693, 6: 0.9711316397228638, 7: 0.9630484988452656, 8: 0.9145496535796767, 9: 0.8568129330254042}, {0: 0.943728018757327, 1: 0.8874560375146542, 2: 0.9097303634232122, 3: 0.8980070339976554, 4: 0.8569753810082064, 5: 0.984759671746776, 6: 0.9097303634232122, 7: 0.9320046893317703, 8: 0.8534583821805393, 9: 1.0}]
each client's acc:
0.9224008574490888
0.9110843373493976
0.9068052930056713
0.9042372881355932
0.9136854741896758
0.9220945083014049
0.9476251604621309
0.9051344743276285
0.9282119205298013
0.9274666666666667
0.9067620286085823
0.9124780316344463
0.9087423312883436
0.9155067155067156
0.934738041002278
0.9034682080924856
0.9058659217877094
0.9398296059637913
0.9202078521939953
0.9175849941383353
-------------------------------------------
client No.: 0
client No.: 1
client No.: 2
client No.: 3
client No.: 4
client No.: 5
client No.: 6
client No.: 7
client No.: 8
client No.: 9
client No.: 10
client No.: 11
client No.: 12
client No.: 13
client No.: 14
client No.: 15
client No.: 16
client No.: 17
client No.: 18
client No.: 19
glob_iter:  6     train_time:  99.07741737365723
glob_iter:  6     agg_time:  5.522739887237549
All users are selected
-------------------------------------------
test_samples:  [933, 830, 529, 826, 833, 783, 779, 409, 755, 750, 769, 569, 652, 819, 878, 519, 716, 939, 866, 853]
test_accs:  [{0: 0.9839228295819936, 1: 0.8810289389067524, 2: 0.939978563772776, 3: 0.9560557341907824, 4: 0.9292604501607717, 5: 0.9410503751339764, 6: 0.8745980707395499, 7: 0.9528403001071811, 8: 0.9667738478027867, 9: 0.827438370846731}, {0: 0.9144578313253012, 1: 0.9144578313253012, 2: 0.7867469879518072, 3: 0.8795180722891566, 4: 0.7987951807228916, 5: 0.9746987951807229, 6: 0.8397590361445784, 7: 1.0, 8: 1.0, 9: 1.0}, {0: 0.9054820415879017, 1: 0.9111531190926276, 2: 0.994328922495274, 3: 0.9924385633270322, 4: 0.6956521739130435, 5: 0.9584120982986768, 6: 0.833648393194707, 7: 0.8147448015122873, 8: 0.9886578449905482, 9: 0.9829867674858223}, {0: 0.9225181598062954, 1: 0.8523002421307506, 2: 0.9527845036319612, 3: 0.8365617433414043, 4: 0.8341404358353511, 5: 0.9539951573849879, 6: 0.9152542372881356, 7: 0.9757869249394673, 8: 0.9418886198547215, 9: 0.887409200968523}, {0: 0.985594237695078, 1: 0.9903961584633854, 2: 0.8163265306122449, 3: 0.943577430972389, 4: 0.9699879951980792, 5: 0.7971188475390156, 6: 0.9567827130852341, 7: 0.843937575030012, 8: 0.957983193277311, 9: 0.9195678271308524}, {0: 0.9642401021711366, 1: 0.929757343550447, 2: 0.9169859514687101, 3: 0.8812260536398467, 4: 0.9310344827586207, 5: 0.9157088122605364, 6: 0.9808429118773946, 7: 0.7905491698595147, 8: 0.9195402298850575, 9: 1.0}, {0: 0.9922978177150192, 1: 0.8793324775353016, 2: 0.9884467265725289, 3: 0.8472400513478819, 4: 0.9922978177150192, 5: 0.9833119383825417, 6: 0.9679075738125802, 7: 0.9576379974326059, 8: 0.9024390243902439, 9: 1.0}, {0: 0.9755501222493888, 1: 0.9119804400977995, 2: 0.9290953545232273, 3: 0.9364303178484108, 4: 0.7897310513447433, 5: 0.921760391198044, 6: 0.9951100244498777, 7: 0.7286063569682152, 8: 0.9388753056234719, 9: 0.9388753056234719}, {0: 0.8993377483443709, 1: 0.9139072847682119, 2: 0.8423841059602649, 3: 0.8251655629139073, 4: 0.9947019867549669, 5: 0.9033112582781457, 6: 0.9205298013245033, 7: 0.9920529801324504, 8: 1.0, 9: 1.0}, {0: 0.9973333333333333, 1: 0.9066666666666666, 2: 0.9866666666666667, 3: 0.9013333333333333, 4: 0.9146666666666666, 5: 0.7733333333333333, 6: 0.8626666666666667, 7: 0.948, 8: 1.0, 9: 1.0}, {0: 0.9128738621586476, 1: 0.8842652795838751, 2: 0.9830949284785435, 3: 0.9583875162548765, 4: 0.9154746423927178, 5: 0.9856957087126138, 6: 0.8790637191157347, 7: 0.9973992197659298, 8: 0.764629388816645, 9: 0.8153446033810143}, {0: 0.945518453427065, 1: 0.984182776801406, 2: 0.8998242530755711, 3: 0.8945518453427065, 4: 0.7926186291739895, 5: 0.8471001757469244, 6: 0.9349736379613357, 7: 0.9947275922671354, 8: 0.8646748681898067, 9: 0.9701230228471002}, {0: 0.8159509202453987, 1: 0.9846625766871165, 2: 0.8404907975460123, 3: 0.9647239263803681, 4: 0.9938650306748467, 5: 0.9248466257668712, 6: 0.906441717791411, 7: 0.8650306748466258, 8: 0.9187116564417178, 9: 0.9033742331288344}, {0: 0.9169719169719169, 1: 0.9316239316239316, 2: 0.9597069597069597, 3: 0.9755799755799756, 4: 0.9304029304029304, 5: 0.8827838827838828, 6: 0.9743589743589743, 7: 0.8754578754578755, 8: 0.8424908424908425, 9: 0.884004884004884}, {0: 0.734624145785877, 1: 0.989749430523918, 2: 0.9806378132118451, 3: 0.94874715261959, 4: 0.8883826879271071, 5: 0.9738041002277904, 6: 0.9943052391799544, 7: 0.9965831435079726, 8: 0.8519362186788155, 9: 1.0}, {0: 0.8998073217726397, 1: 0.8978805394990366, 2: 0.9942196531791907, 3: 0.9942196531791907, 4: 0.8169556840077071, 5: 0.7186897880539499, 6: 0.9171483622350675, 7: 0.8111753371868978, 8: 0.9922928709055877, 9: 0.9980732177263969}, {0: 0.8980446927374302, 1: 0.9399441340782123, 2: 0.7206703910614525, 3: 0.9273743016759777, 4: 0.9287709497206704, 5: 0.8491620111731844, 6: 0.9804469273743017, 7: 0.9483240223463687, 8: 0.9455307262569832, 9: 0.9287709497206704}, {0: 0.9627263045793397, 1: 0.9978700745473909, 2: 0.9946751863684771, 3: 0.9712460063897763, 4: 0.9946751863684771, 5: 0.919062832800852, 6: 0.8956336528221512, 7: 0.8743343982960596, 8: 0.9361022364217252, 9: 0.8817891373801917}, {0: 0.9711316397228638, 1: 0.8903002309468823, 2: 0.8060046189376443, 3: 0.9376443418013857, 4: 0.9549653579676675, 5: 0.9468822170900693, 6: 0.9711316397228638, 7: 0.9630484988452656, 8: 0.9157043879907621, 9: 0.8625866050808314}, {0: 0.943728018757327, 1: 0.9085580304806565, 2: 0.9097303634232122, 3: 0.8980070339976554, 4: 0.8569753810082064, 5: 0.984759671746776, 6: 0.9097303634232122, 7: 0.9320046893317703, 8: 0.8722157092614302, 9: 1.0}]
each client's acc:
0.92529474812433
0.9108433734939758
0.907750472589792
0.9072639225181598
0.91812725090036
0.9229885057471264
0.9510911424903723
0.9066014669926652
0.929139072847682
0.9290666666666667
0.9096228868660597
0.912829525483304
0.9118098159509203
0.9173382173382174
0.935876993166287
0.9040462427745665
0.906703910614525
0.9428115015974441
0.9219399538106237
0.9215709261430247
-------------------------------------------
client No.: 0
client No.: 1
client No.: 2
client No.: 3
client No.: 4
client No.: 5
client No.: 6
client No.: 7
client No.: 8
client No.: 9
client No.: 10
client No.: 11
client No.: 12
client No.: 13
client No.: 14
client No.: 15
client No.: 16
client No.: 17
client No.: 18
client No.: 19
glob_iter:  7     train_time:  99.11513171195983
glob_iter:  7     agg_time:  5.532477617263794
All users are selected
-------------------------------------------
test_samples:  [933, 830, 529, 826, 833, 783, 779, 409, 755, 750, 769, 569, 652, 819, 878, 519, 716, 939, 866, 853]
test_accs:  [{0: 0.9839228295819936, 1: 0.8863879957127545, 2: 0.939978563772776, 3: 0.9560557341907824, 4: 0.9292604501607717, 5: 0.9410503751339764, 6: 0.8821007502679529, 7: 0.9528403001071811, 8: 0.9667738478027867, 9: 0.827438370846731}, {0: 0.9108433734939759, 1: 0.9385542168674699, 2: 0.7843373493975904, 3: 0.8795180722891566, 4: 0.8036144578313253, 5: 0.9746987951807229, 6: 0.8481927710843373, 7: 1.0, 8: 1.0, 9: 1.0}, {0: 0.9149338374291115, 1: 0.9111531190926276, 2: 0.994328922495274, 3: 0.9924385633270322, 4: 0.7164461247637051, 5: 0.9584120982986768, 6: 0.833648393194707, 7: 0.8260869565217391, 8: 0.9886578449905482, 9: 0.9829867674858223}, {0: 0.9152542372881356, 1: 0.8704600484261501, 2: 0.9527845036319612, 3: 0.8365617433414043, 4: 0.837772397094431, 5: 0.9539951573849879, 6: 0.9152542372881356, 7: 0.9757869249394673, 8: 0.9418886198547215, 9: 0.887409200968523}, {0: 0.985594237695078, 1: 0.9903961584633854, 2: 0.8235294117647058, 3: 0.943577430972389, 4: 0.9699879951980792, 5: 0.8091236494597839, 6: 0.9567827130852341, 7: 0.8631452581032413, 8: 0.957983193277311, 9: 0.921968787515006}, {0: 0.9642401021711366, 1: 0.929757343550447, 2: 0.9169859514687101, 3: 0.8812260536398467, 4: 0.9310344827586207, 5: 0.9157088122605364, 6: 0.9808429118773946, 7: 0.8020434227330779, 8: 0.9195402298850575, 9: 1.0}, {0: 0.9922978177150192, 1: 0.8947368421052632, 2: 0.9884467265725289, 3: 0.8498074454428755, 4: 0.9922978177150192, 5: 0.9833119383825417, 6: 0.9679075738125802, 7: 0.9576379974326059, 8: 0.9178433889602053, 9: 1.0}, {0: 0.9755501222493888, 1: 0.9119804400977995, 2: 0.9290953545232273, 3: 0.9364303178484108, 4: 0.8141809290953546, 5: 0.921760391198044, 6: 0.9951100244498777, 7: 0.7506112469437652, 8: 0.9388753056234719, 9: 0.9388753056234719}, {0: 0.9019867549668874, 1: 0.9205298013245033, 2: 0.8516556291390729, 3: 0.823841059602649, 4: 0.9947019867549669, 5: 0.9033112582781457, 6: 0.9205298013245033, 7: 0.9920529801324504, 8: 1.0, 9: 1.0}, {0: 0.9973333333333333, 1: 0.9333333333333333, 2: 0.9866666666666667, 3: 0.9013333333333333, 4: 0.9146666666666666, 5: 0.784, 6: 0.872, 7: 0.948, 8: 1.0, 9: 1.0}, {0: 0.9128738621586476, 1: 0.8777633289986996, 2: 0.9830949284785435, 3: 0.9583875162548765, 4: 0.9154746423927178, 5: 0.9856957087126138, 6: 0.8790637191157347, 7: 0.9973992197659298, 8: 0.764629388816645, 9: 0.8283485045513654}, {0: 0.945518453427065, 1: 0.984182776801406, 2: 0.8998242530755711, 3: 0.8945518453427065, 4: 0.8014059753954306, 5: 0.8471001757469244, 6: 0.9349736379613357, 7: 0.9947275922671354, 8: 0.8717047451669596, 9: 0.9701230228471002}, {0: 0.8174846625766872, 1: 0.9846625766871165, 2: 0.8297546012269938, 3: 0.9647239263803681, 4: 0.9938650306748467, 5: 0.9248466257668712, 6: 0.906441717791411, 7: 0.8665644171779141, 8: 0.9187116564417178, 9: 0.9141104294478528}, {0: 0.9169719169719169, 1: 0.9316239316239316, 2: 0.9597069597069597, 3: 0.9755799755799756, 4: 0.9304029304029304, 5: 0.8864468864468864, 6: 0.9743589743589743, 7: 0.8791208791208791, 8: 0.8485958485958486, 9: 0.884004884004884}, {0: 0.7482915717539863, 1: 0.989749430523918, 2: 0.9806378132118451, 3: 0.94874715261959, 4: 0.8952164009111617, 5: 0.9738041002277904, 6: 0.9943052391799544, 7: 0.9965831435079726, 8: 0.8690205011389521, 9: 1.0}, {0: 0.9017341040462428, 1: 0.8978805394990366, 2: 0.9942196531791907, 3: 0.9942196531791907, 4: 0.8208092485549133, 5: 0.7591522157996147, 6: 0.9171483622350675, 7: 0.8111753371868978, 8: 0.9922928709055877, 9: 0.9980732177263969}, {0: 0.8952513966480447, 1: 0.9399441340782123, 2: 0.7150837988826816, 3: 0.9273743016759777, 4: 0.9287709497206704, 5: 0.8505586592178771, 6: 0.9804469273743017, 7: 0.9483240223463687, 8: 0.9455307262569832, 9: 0.9273743016759777}, {0: 0.9627263045793397, 1: 0.9978700745473909, 2: 0.9946751863684771, 3: 0.9712460063897763, 4: 0.9946751863684771, 5: 0.919062832800852, 6: 0.9030883919062833, 7: 0.8871139510117146, 8: 0.933972310969116, 9: 0.8881789137380192}, {0: 0.9711316397228638, 1: 0.8903002309468823, 2: 0.812933025404157, 3: 0.9376443418013857, 4: 0.9549653579676675, 5: 0.9468822170900693, 6: 0.9711316397228638, 7: 0.9630484988452656, 8: 0.918013856812933, 9: 0.8683602771362586}, {0: 0.943728018757327, 1: 0.9155920281359906, 2: 0.9097303634232122, 3: 0.8980070339976554, 4: 0.8569753810082064, 5: 0.984759671746776, 6: 0.9097303634232122, 7: 0.9320046893317703, 8: 0.876905041031653, 9: 1.0}]
each client's acc:
0.9265809217577704
0.9139759036144579
0.9119092627599243
0.9087167070217917
0.9222088835534213
0.9241379310344829
0.9544287548138639
0.9112469437652813
0.9308609271523178
0.9337333333333333
0.9102730819245775
0.9144112478031634
0.9121165644171778
0.9186813186813187
0.9396355353075171
0.9086705202312139
0.9058659217877094
0.9452609158679446
0.9234411085450345
0.9227432590855804
-------------------------------------------
client No.: 0
client No.: 1
client No.: 2
client No.: 3
client No.: 4
client No.: 5
client No.: 6
client No.: 7
client No.: 8
client No.: 9
client No.: 10
client No.: 11
client No.: 12
client No.: 13
client No.: 14
client No.: 15
client No.: 16
client No.: 17
client No.: 18
client No.: 19
glob_iter:  8     train_time:  99.07725607156753
glob_iter:  8     agg_time:  5.500166893005371
All users are selected
-------------------------------------------
test_samples:  [933, 830, 529, 826, 833, 783, 779, 409, 755, 750, 769, 569, 652, 819, 878, 519, 716, 939, 866, 853]
test_accs:  [{0: 0.9839228295819936, 1: 0.9056806002143623, 2: 0.939978563772776, 3: 0.9560557341907824, 4: 0.9292604501607717, 5: 0.9410503751339764, 6: 0.8896034297963559, 7: 0.9528403001071811, 8: 0.9667738478027867, 9: 0.8317256162915327}, {0: 0.9156626506024096, 1: 0.9409638554216867, 2: 0.7795180722891566, 3: 0.8795180722891566, 4: 0.8036144578313253, 5: 0.9746987951807229, 6: 0.8530120481927711, 7: 1.0, 8: 1.0, 9: 1.0}, {0: 0.9187145557655955, 1: 0.9111531190926276, 2: 0.994328922495274, 3: 0.9924385633270322, 4: 0.724007561436673, 5: 0.9584120982986768, 6: 0.833648393194707, 7: 0.8374291115311909, 8: 0.9886578449905482, 9: 0.9829867674858223}, {0: 0.9176755447941889, 1: 0.8765133171912833, 2: 0.9527845036319612, 3: 0.8365617433414043, 4: 0.8389830508474576, 5: 0.9539951573849879, 6: 0.9152542372881356, 7: 0.9757869249394673, 8: 0.9418886198547215, 9: 0.887409200968523}, {0: 0.985594237695078, 1: 0.9903961584633854, 2: 0.8343337334933973, 3: 0.943577430972389, 4: 0.9699879951980792, 5: 0.8103241296518607, 6: 0.9567827130852341, 7: 0.8691476590636255, 8: 0.957983193277311, 9: 0.9267707082833133}, {0: 0.9642401021711366, 1: 0.929757343550447, 2: 0.9169859514687101, 3: 0.8812260536398467, 4: 0.9310344827586207, 5: 0.9157088122605364, 6: 0.9808429118773946, 7: 0.80970625798212, 8: 0.9182630906768838, 9: 1.0}, {0: 0.9922978177150192, 1: 0.9114249037227214, 2: 0.9884467265725289, 3: 0.8446726572528883, 4: 0.9922978177150192, 5: 0.9833119383825417, 6: 0.9679075738125802, 7: 0.9576379974326059, 8: 0.9306803594351734, 9: 1.0}, {0: 0.9755501222493888, 1: 0.9119804400977995, 2: 0.9290953545232273, 3: 0.9364303178484108, 4: 0.80440097799511, 5: 0.921760391198044, 6: 0.9951100244498777, 7: 0.7457212713936431, 8: 0.9388753056234719, 9: 0.9388753056234719}, {0: 0.904635761589404, 1: 0.9165562913907285, 2: 0.8543046357615894, 3: 0.8278145695364238, 4: 0.9947019867549669, 5: 0.9033112582781457, 6: 0.9205298013245033, 7: 0.9920529801324504, 8: 1.0, 9: 1.0}, {0: 0.9973333333333333, 1: 0.956, 2: 0.9866666666666667, 3: 0.9013333333333333, 4: 0.9146666666666666, 5: 0.7813333333333333, 6: 0.8693333333333333, 7: 0.948, 8: 1.0, 9: 1.0}, {0: 0.9128738621586476, 1: 0.8803641092327699, 2: 0.9830949284785435, 3: 0.9583875162548765, 4: 0.9154746423927178, 5: 0.9856957087126138, 6: 0.8790637191157347, 7: 0.9973992197659298, 8: 0.7607282184655396, 9: 0.8387516254876463}, {0: 0.945518453427065, 1: 0.984182776801406, 2: 0.8998242530755711, 3: 0.8945518453427065, 4: 0.7996485061511424, 5: 0.8488576449912126, 6: 0.9349736379613357, 7: 0.9947275922671354, 8: 0.8787346221441125, 9: 0.9701230228471002}, {0: 0.8159509202453987, 1: 0.9846625766871165, 2: 0.8297546012269938, 3: 0.9647239263803681, 4: 0.9938650306748467, 5: 0.9248466257668712, 6: 0.906441717791411, 7: 0.8726993865030674, 8: 0.9187116564417178, 9: 0.9171779141104295}, {0: 0.9169719169719169, 1: 0.9316239316239316, 2: 0.9597069597069597, 3: 0.9755799755799756, 4: 0.9304029304029304, 5: 0.8864468864468864, 6: 0.9743589743589743, 7: 0.8864468864468864, 8: 0.8583638583638583, 9: 0.8888888888888888}, {0: 0.7813211845102506, 1: 0.989749430523918, 2: 0.9806378132118451, 3: 0.94874715261959, 4: 0.8929384965831435, 5: 0.9738041002277904, 6: 0.9943052391799544, 7: 0.9965831435079726, 8: 0.876993166287016, 9: 1.0}, {0: 0.8959537572254336, 1: 0.8978805394990366, 2: 0.9942196531791907, 3: 0.9942196531791907, 4: 0.815028901734104, 5: 0.8053949903660886, 6: 0.9171483622350675, 7: 0.8111753371868978, 8: 0.9922928709055877, 9: 0.9980732177263969}, {0: 0.8966480446927374, 1: 0.9399441340782123, 2: 0.7248603351955307, 3: 0.9273743016759777, 4: 0.9287709497206704, 5: 0.8491620111731844, 6: 0.9804469273743017, 7: 0.9483240223463687, 8: 0.9455307262569832, 9: 0.9245810055865922}, {0: 0.9627263045793397, 1: 0.9978700745473909, 2: 0.9946751863684771, 3: 0.9712460063897763, 4: 0.9946751863684771, 5: 0.919062832800852, 6: 0.9137380191693291, 7: 0.8892438764643238, 8: 0.933972310969116, 9: 0.8913738019169329}, {0: 0.9711316397228638, 1: 0.8891454965357968, 2: 0.8163972286374134, 3: 0.9376443418013857, 4: 0.9549653579676675, 5: 0.9468822170900693, 6: 0.9711316397228638, 7: 0.9630484988452656, 8: 0.918013856812933, 9: 0.8695150115473441}, {0: 0.943728018757327, 1: 0.9237983587338804, 2: 0.9097303634232122, 3: 0.8980070339976554, 4: 0.8569753810082064, 5: 0.984759671746776, 6: 0.9097303634232122, 7: 0.9320046893317703, 8: 0.8815943728018757, 9: 1.0}]
each client's acc:
0.9296891747052518
0.914698795180723
0.9141776937618147
0.9096852300242132
0.9244897959183673
0.9247765006385696
0.9568677792041079
0.9097799511002446
0.9313907284768213
0.9354666666666667
0.9111833550065018
0.9151142355008786
0.9128834355828219
0.9208791208791209
0.9435079726651482
0.9121387283236995
0.9065642458100559
0.9468583599574014
0.9237875288683602
0.9240328253223916
-------------------------------------------
client No.: 0
client No.: 1
client No.: 2
client No.: 3
client No.: 4
client No.: 5
client No.: 6
client No.: 7
client No.: 8
client No.: 9
client No.: 10
client No.: 11
client No.: 12
client No.: 13
client No.: 14
client No.: 15
client No.: 16
client No.: 17
client No.: 18
client No.: 19
glob_iter:  9     train_time:  99.09951467514038
glob_iter:  9     agg_time:  5.51811146736145
All users are selected
-------------------------------------------
test_samples:  [933, 830, 529, 826, 833, 783, 779, 409, 755, 750, 769, 569, 652, 819, 878, 519, 716, 939, 866, 853]
test_accs:  [{0: 0.9839228295819936, 1: 0.9153269024651661, 2: 0.939978563772776, 3: 0.9560557341907824, 4: 0.9292604501607717, 5: 0.9410503751339764, 6: 0.9003215434083601, 7: 0.9528403001071811, 8: 0.9667738478027867, 9: 0.84994640943194}, {0: 0.9168674698795181, 1: 0.9433734939759036, 2: 0.7759036144578313, 3: 0.8795180722891566, 4: 0.8072289156626506, 5: 0.9746987951807229, 6: 0.8530120481927711, 7: 1.0, 8: 1.0, 9: 1.0}, {0: 0.9243856332703214, 1: 0.9130434782608695, 2: 0.994328922495274, 3: 0.9924385633270322, 4: 0.7353497164461248, 5: 0.9584120982986768, 6: 0.833648393194707, 7: 0.8449905482041588, 8: 0.9886578449905482, 9: 0.9829867674858223}, {0: 0.9188861985472155, 1: 0.8825665859564165, 2: 0.9527845036319612, 3: 0.8401937046004843, 4: 0.8438256658595642, 5: 0.9539951573849879, 6: 0.9152542372881356, 7: 0.9757869249394673, 8: 0.9418886198547215, 9: 0.887409200968523}, {0: 0.985594237695078, 1: 0.9903961584633854, 2: 0.8379351740696278, 3: 0.943577430972389, 4: 0.9699879951980792, 5: 0.8175270108043218, 6: 0.9567827130852341, 7: 0.8727490996398559, 8: 0.9567827130852341, 9: 0.9279711884753902}, {0: 0.9642401021711366, 1: 0.933588761174968, 2: 0.9169859514687101, 3: 0.8812260536398467, 4: 0.9310344827586207, 5: 0.9157088122605364, 6: 0.9808429118773946, 7: 0.80970625798212, 8: 0.9220945083014048, 9: 1.0}, {0: 0.9922978177150192, 1: 0.9178433889602053, 2: 0.9884467265725289, 3: 0.8459563543003851, 4: 0.9922978177150192, 5: 0.9833119383825417, 6: 0.9679075738125802, 7: 0.9576379974326059, 8: 0.9332477535301669, 9: 1.0}, {0: 0.9755501222493888, 1: 0.9119804400977995, 2: 0.9290953545232273, 3: 0.9364303178484108, 4: 0.8019559902200489, 5: 0.921760391198044, 6: 0.9951100244498777, 7: 0.7555012224938875, 8: 0.9388753056234719, 9: 0.9388753056234719}, {0: 0.9086092715231788, 1: 0.9245033112582781, 2: 0.8635761589403973, 3: 0.8278145695364238, 4: 0.9947019867549669, 5: 0.904635761589404, 6: 0.9205298013245033, 7: 0.9920529801324504, 8: 1.0, 9: 1.0}, {0: 0.9973333333333333, 1: 0.9546666666666667, 2: 0.9866666666666667, 3: 0.9013333333333333, 4: 0.9146666666666666, 5: 0.7826666666666666, 6: 0.868, 7: 0.948, 8: 1.0, 9: 1.0}, {0: 0.9128738621586476, 1: 0.8868660598179454, 2: 0.9830949284785435, 3: 0.9583875162548765, 4: 0.9154746423927178, 5: 0.9856957087126138, 6: 0.8790637191157347, 7: 0.9973992197659298, 8: 0.7672301690507152, 9: 0.8387516254876463}, {0: 0.945518453427065, 1: 0.984182776801406, 2: 0.8998242530755711, 3: 0.8945518453427065, 4: 0.7855887521968365, 5: 0.8558875219683656, 6: 0.9349736379613357, 7: 0.9947275922671354, 8: 0.8822495606326889, 9: 0.9701230228471002}, {0: 0.8128834355828221, 1: 0.9846625766871165, 2: 0.8312883435582822, 3: 0.9647239263803681, 4: 0.9938650306748467, 5: 0.9248466257668712, 6: 0.9079754601226994, 7: 0.8834355828220859, 8: 0.9187116564417178, 9: 0.9187116564417178}, {0: 0.9169719169719169, 1: 0.9316239316239316, 2: 0.9597069597069597, 3: 0.9755799755799756, 4: 0.9304029304029304, 5: 0.8937728937728938, 6: 0.9743589743589743, 7: 0.8876678876678876, 8: 0.8620268620268621, 9: 0.8974358974358975}, {0: 0.7870159453302962, 1: 0.989749430523918, 2: 0.9806378132118451, 3: 0.94874715261959, 4: 0.9031890660592256, 5: 0.9738041002277904, 6: 0.9943052391799544, 7: 0.9965831435079726, 8: 0.8849658314350797, 9: 1.0}, {0: 0.8959537572254336, 1: 0.8978805394990366, 2: 0.9942196531791907, 3: 0.9942196531791907, 4: 0.8169556840077071, 5: 0.815028901734104, 6: 0.9171483622350675, 7: 0.8188824662813102, 8: 0.9922928709055877, 9: 0.9980732177263969}, {0: 0.9022346368715084, 1: 0.9399441340782123, 2: 0.729050279329609, 3: 0.9273743016759777, 4: 0.9287709497206704, 5: 0.8547486033519553, 6: 0.9804469273743017, 7: 0.9483240223463687, 8: 0.9455307262569832, 9: 0.9245810055865922}, {0: 0.9627263045793397, 1: 0.9978700745473909, 2: 0.9946751863684771, 3: 0.9712460063897763, 4: 0.9946751863684771, 5: 0.919062832800852, 6: 0.919062832800852, 7: 0.8935037273695421, 8: 0.9361022364217252, 9: 0.898828541001065}, {0: 0.9711316397228638, 1: 0.8903002309468823, 2: 0.8094688221709007, 3: 0.9376443418013857, 4: 0.9549653579676675, 5: 0.9468822170900693, 6: 0.9711316397228638, 7: 0.9630484988452656, 8: 0.9226327944572749, 9: 0.8695150115473441}, {0: 0.943728018757327, 1: 0.9214536928487691, 2: 0.9097303634232122, 3: 0.8980070339976554, 4: 0.8569753810082064, 5: 0.984759671746776, 6: 0.9097303634232122, 7: 0.9331770222743259, 8: 0.8745603751465416, 9: 1.0}]
each client's acc:
0.9335476956055734
0.9150602409638555
0.9168241965973536
0.9112590799031478
0.9259303721488596
0.9255427841634738
0.9578947368421051
0.910513447432763
0.9336423841059602
0.9353333333333333
0.9124837451235368
0.914762741652021
0.9141104294478527
0.922954822954823
0.9458997722095672
0.9140655105973027
0.9081005586592179
0.9487752928647497
0.9236720554272516
0.9232121922626026
-------------------------------------------
client No.: 0
client No.: 1
client No.: 2
client No.: 3
client No.: 4
client No.: 5
client No.: 6
client No.: 7
client No.: 8
client No.: 9
client No.: 10
client No.: 11
client No.: 12
client No.: 13
client No.: 14
client No.: 15
client No.: 16
client No.: 17
client No.: 18
client No.: 19
glob_iter:  10     train_time:  99.08158575296402
glob_iter:  10     agg_time:  5.512667655944824
All users are selected
-------------------------------------------
test_samples:  [933, 830, 529, 826, 833, 783, 779, 409, 755, 750, 769, 569, 652, 819, 878, 519, 716, 939, 866, 853]
test_accs:  [{0: 0.9839228295819936, 1: 0.9206859592711683, 2: 0.939978563772776, 3: 0.9560557341907824, 4: 0.9292604501607717, 5: 0.9410503751339764, 6: 0.9110396570203644, 7: 0.9528403001071811, 8: 0.9667738478027867, 9: 0.8628081457663451}, {0: 0.9168674698795181, 1: 0.9433734939759036, 2: 0.7759036144578313, 3: 0.8819277108433735, 4: 0.808433734939759, 5: 0.9746987951807229, 6: 0.8530120481927711, 7: 1.0, 8: 1.0, 9: 1.0}, {0: 0.9262759924385633, 1: 0.9168241965973535, 2: 0.994328922495274, 3: 0.9924385633270322, 4: 0.7448015122873346, 5: 0.9584120982986768, 6: 0.8374291115311909, 7: 0.8525519848771267, 8: 0.9886578449905482, 9: 0.9829867674858223}, {0: 0.9200968523002422, 1: 0.8849878934624698, 2: 0.9527845036319612, 3: 0.8389830508474576, 4: 0.8462469733656174, 5: 0.9539951573849879, 6: 0.9152542372881356, 7: 0.9757869249394673, 8: 0.940677966101695, 9: 0.8898305084745762}, {0: 0.985594237695078, 1: 0.9903961584633854, 2: 0.8367346938775511, 3: 0.943577430972389, 4: 0.9699879951980792, 5: 0.8199279711884754, 6: 0.9567827130852341, 7: 0.8763505402160864, 8: 0.957983193277311, 9: 0.9279711884753902}, {0: 0.9642401021711366, 1: 0.9323116219667944, 2: 0.9169859514687101, 3: 0.8812260536398467, 4: 0.9310344827586207, 5: 0.9157088122605364, 6: 0.9808429118773946, 7: 0.8173690932311622, 8: 0.9259259259259259, 9: 1.0}, {0: 0.9922978177150192, 1: 0.9178433889602053, 2: 0.9884467265725289, 3: 0.8459563543003851, 4: 0.9922978177150192, 5: 0.9833119383825417, 6: 0.9679075738125802, 7: 0.9576379974326059, 8: 0.9306803594351734, 9: 1.0}, {0: 0.9755501222493888, 1: 0.9095354523227384, 2: 0.9290953545232273, 3: 0.9364303178484108, 4: 0.8068459657701712, 5: 0.921760391198044, 6: 0.9951100244498777, 7: 0.7726161369193154, 8: 0.9388753056234719, 9: 0.9388753056234719}, {0: 0.9086092715231788, 1: 0.9337748344370861, 2: 0.8649006622516556, 3: 0.8317880794701987, 4: 0.9947019867549669, 5: 0.9086092715231788, 6: 0.9205298013245033, 7: 0.9920529801324504, 8: 1.0, 9: 1.0}, {0: 0.9973333333333333, 1: 0.9573333333333334, 2: 0.9866666666666667, 3: 0.9013333333333333, 4: 0.9146666666666666, 5: 0.784, 6: 0.872, 7: 0.948, 8: 1.0, 9: 1.0}, {0: 0.9128738621586476, 1: 0.881664499349805, 2: 0.9830949284785435, 3: 0.9583875162548765, 4: 0.9154746423927178, 5: 0.9856957087126138, 6: 0.8790637191157347, 7: 0.9973992197659298, 8: 0.7711313394018205, 9: 0.8426527958387516}, {0: 0.945518453427065, 1: 0.984182776801406, 2: 0.8998242530755711, 3: 0.8945518453427065, 4: 0.7838312829525483, 5: 0.8646748681898067, 6: 0.9349736379613357, 7: 0.9947275922671354, 8: 0.8857644991212654, 9: 0.9701230228471002}, {0: 0.8190184049079755, 1: 0.9846625766871165, 2: 0.8420245398773006, 3: 0.9647239263803681, 4: 0.9938650306748467, 5: 0.9248466257668712, 6: 0.911042944785276, 7: 0.8941717791411042, 8: 0.9187116564417178, 9: 0.9263803680981595}, {0: 0.9169719169719169, 1: 0.9316239316239316, 2: 0.9597069597069597, 3: 0.9755799755799756, 4: 0.9304029304029304, 5: 0.9010989010989011, 6: 0.9743589743589743, 7: 0.8937728937728938, 8: 0.8693528693528694, 9: 0.8925518925518926}, {0: 0.806378132118451, 1: 0.989749430523918, 2: 0.9806378132118451, 3: 0.94874715261959, 4: 0.9054669703872438, 5: 0.9738041002277904, 6: 0.9943052391799544, 7: 0.9965831435079726, 8: 0.8963553530751709, 9: 1.0}, {0: 0.9094412331406551, 1: 0.9152215799614644, 2: 0.9942196531791907, 3: 0.9942196531791907, 4: 0.8265895953757225, 5: 0.8265895953757225, 6: 0.9171483622350675, 7: 0.8246628131021194, 8: 0.9922928709055877, 9: 0.9980732177263969}, {0: 0.9078212290502793, 1: 0.9385474860335196, 2: 0.729050279329609, 3: 0.9273743016759777, 4: 0.9287709497206704, 5: 0.8533519553072626, 6: 0.9804469273743017, 7: 0.9483240223463687, 8: 0.9455307262569832, 9: 0.9245810055865922}, {0: 0.9627263045793397, 1: 0.9978700745473909, 2: 0.9946751863684771, 3: 0.9712460063897763, 4: 0.9946751863684771, 5: 0.919062832800852, 6: 0.9211927582534611, 7: 0.8977635782747604, 8: 0.9371671991480298, 9: 0.8977635782747604}, {0: 0.9711316397228638, 1: 0.8937644341801386, 2: 0.8140877598152425, 3: 0.9376443418013857, 4: 0.9549653579676675, 5: 0.9468822170900693, 6: 0.9711316397228638, 7: 0.9630484988452656, 8: 0.9237875288683602, 9: 0.8775981524249422}, {0: 0.943728018757327, 1: 0.9202813599062134, 2: 0.9097303634232122, 3: 0.8980070339976554, 4: 0.8558030480656507, 5: 0.984759671746776, 6: 0.9097303634232122, 7: 0.936694021101993, 8: 0.8710433763188745, 9: 1.0}]
each client's acc:
0.9364415862808146
0.9154216867469881
0.9194706994328923
0.9118644067796611
0.9265306122448977
0.9265644955300129
0.9576379974326059
0.9124694376528119
0.935496688741722
0.9361333333333333
0.912743823146944
0.9158172231985938
0.9179447852760736
0.9245421245421246
0.9492027334851937
0.9198458574181118
0.9083798882681563
0.9494142705005325
0.9254041570438799
0.9229777256740915
-------------------------------------------
client No.: 0
client No.: 1
client No.: 2
client No.: 3
client No.: 4
client No.: 5
client No.: 6
client No.: 7
client No.: 8
client No.: 9
client No.: 10
client No.: 11
client No.: 12
client No.: 13
client No.: 14
client No.: 15
client No.: 16
client No.: 17
client No.: 18
client No.: 19
glob_iter:  11     train_time:  99.0883530497551
glob_iter:  11     agg_time:  5.537492513656616
All users are selected
-------------------------------------------
test_samples:  [933, 830, 529, 826, 833, 783, 779, 409, 755, 750, 769, 569, 652, 819, 878, 519, 716, 939, 866, 853]
test_accs:  [{0: 0.9839228295819936, 1: 0.9228295819935691, 2: 0.939978563772776, 3: 0.9560557341907824, 4: 0.9292604501607717, 5: 0.9410503751339764, 6: 0.9142550911039657, 7: 0.9528403001071811, 8: 0.9667738478027867, 9: 0.879957127545552}, {0: 0.9156626506024096, 1: 0.944578313253012, 2: 0.7831325301204819, 3: 0.8879518072289156, 4: 0.8156626506024096, 5: 0.9746987951807229, 6: 0.8614457831325302, 7: 1.0, 8: 1.0, 9: 1.0}, {0: 0.9281663516068053, 1: 0.9187145557655955, 2: 0.994328922495274, 3: 0.9924385633270322, 4: 0.7504725897920604, 5: 0.9584120982986768, 6: 0.8412098298676749, 7: 0.8563327032136105, 8: 0.9886578449905482, 9: 0.9829867674858223}, {0: 0.9225181598062954, 1: 0.8910411622276029, 2: 0.9527845036319612, 3: 0.8426150121065376, 4: 0.8450363196125908, 5: 0.9539951573849879, 6: 0.9152542372881356, 7: 0.9757869249394673, 8: 0.9418886198547215, 9: 0.8910411622276029}, {0: 0.985594237695078, 1: 0.9903961584633854, 2: 0.8391356542617047, 3: 0.943577430972389, 4: 0.9699879951980792, 5: 0.8127250900360145, 6: 0.9567827130852341, 7: 0.8763505402160864, 8: 0.9591836734693877, 9: 0.9327731092436975}, {0: 0.9642401021711366, 1: 0.9348659003831418, 2: 0.9169859514687101, 3: 0.8812260536398467, 4: 0.9310344827586207, 5: 0.9157088122605364, 6: 0.9808429118773946, 7: 0.8263090676883781, 8: 0.9259259259259259, 9: 1.0}, {0: 0.9922978177150192, 1: 0.9229781771501926, 2: 0.9884467265725289, 3: 0.8485237483953787, 4: 0.9922978177150192, 5: 0.9833119383825417, 6: 0.9679075738125802, 7: 0.9576379974326059, 8: 0.9319640564826701, 9: 1.0}, {0: 0.9755501222493888, 1: 0.9168704156479217, 2: 0.9290953545232273, 3: 0.9364303178484108, 4: 0.8092909535452323, 5: 0.921760391198044, 6: 0.9951100244498777, 7: 0.7775061124694377, 8: 0.9388753056234719, 9: 0.9388753056234719}, {0: 0.9072847682119205, 1: 0.9364238410596026, 2: 0.8635761589403973, 3: 0.8344370860927153, 4: 0.9947019867549669, 5: 0.9112582781456954, 6: 0.9205298013245033, 7: 0.9920529801324504, 8: 1.0, 9: 1.0}, {0: 0.9973333333333333, 1: 0.9546666666666667, 2: 0.9866666666666667, 3: 0.9013333333333333, 4: 0.9146666666666666, 5: 0.7786666666666666, 6: 0.8733333333333333, 7: 0.948, 8: 1.0, 9: 1.0}, {0: 0.9128738621586476, 1: 0.881664499349805, 2: 0.9830949284785435, 3: 0.9583875162548765, 4: 0.9154746423927178, 5: 0.9856957087126138, 6: 0.8790637191157347, 7: 0.9973992197659298, 8: 0.7802340702210663, 9: 0.8413524057217165}, {0: 0.945518453427065, 1: 0.984182776801406, 2: 0.8998242530755711, 3: 0.8945518453427065, 4: 0.7908611599297012, 5: 0.8646748681898067, 6: 0.9349736379613357, 7: 0.9947275922671354, 8: 0.8945518453427065, 9: 0.9701230228471002}, {0: 0.8174846625766872, 1: 0.9846625766871165, 2: 0.8404907975460123, 3: 0.9647239263803681, 4: 0.9938650306748467, 5: 0.9248466257668712, 6: 0.9156441717791411, 7: 0.9003067484662577, 8: 0.9202453987730062, 9: 0.9279141104294478}, {0: 0.9169719169719169, 1: 0.9316239316239316, 2: 0.9597069597069597, 3: 0.9755799755799756, 4: 0.9304029304029304, 5: 0.9023199023199023, 6: 0.9743589743589743, 7: 0.8925518925518926, 8: 0.8766788766788767, 9: 0.8913308913308914}, {0: 0.8143507972665148, 1: 0.989749430523918, 2: 0.9806378132118451, 3: 0.94874715261959, 4: 0.9043280182232346, 5: 0.9738041002277904, 6: 0.9943052391799544, 7: 0.9965831435079726, 8: 0.9031890660592256, 9: 1.0}, {0: 0.905587668593449, 1: 0.9152215799614644, 2: 0.9942196531791907, 3: 0.9942196531791907, 4: 0.8285163776493256, 5: 0.8265895953757225, 6: 0.9171483622350675, 7: 0.8420038535645472, 8: 0.9922928709055877, 9: 0.9980732177263969}, {0: 0.909217877094972, 1: 0.9413407821229051, 2: 0.729050279329609, 3: 0.9273743016759777, 4: 0.9287709497206704, 5: 0.8505586592178771, 6: 0.9804469273743017, 7: 0.9483240223463687, 8: 0.9455307262569832, 9: 0.9301675977653632}, {0: 0.9627263045793397, 1: 0.9978700745473909, 2: 0.9946751863684771, 3: 0.9712460063897763, 4: 0.9946751863684771, 5: 0.919062832800852, 6: 0.9211927582534611, 7: 0.9020234291799787, 8: 0.9361022364217252, 9: 0.9020234291799787}, {0: 0.9711316397228638, 1: 0.9030023094688222, 2: 0.8198614318706697, 3: 0.9376443418013857, 4: 0.9549653579676675, 5: 0.9468822170900693, 6: 0.9711316397228638, 7: 0.9630484988452656, 8: 0.9203233256351039, 9: 0.8706697459584296}, {0: 0.943728018757327, 1: 0.9191090269636577, 2: 0.9097303634232122, 3: 0.8980070339976554, 4: 0.854630715123095, 5: 0.984759671746776, 6: 0.9097303634232122, 7: 0.9378663540445487, 8: 0.8745603751465416, 9: 1.0}]
each client's acc:
0.9386923901393354
0.9183132530120481
0.9211720226843102
0.9131961259079903
0.9266506602641057
0.9277139208173691
0.9585365853658537
0.9139364303178485
0.9360264900662252
0.9354666666666667
0.913524057217165
0.9173989455184532
0.9190184049079754
0.9251526251526252
0.9505694760820045
0.9213872832369943
0.9090782122905028
0.9501597444089457
0.9258660508083139
0.9232121922626026
-------------------------------------------
client No.: 0
client No.: 1
client No.: 2
client No.: 3
client No.: 4
client No.: 5
client No.: 6
client No.: 7
client No.: 8
client No.: 9
client No.: 10
client No.: 11
client No.: 12
client No.: 13
client No.: 14
client No.: 15
client No.: 16
client No.: 17
client No.: 18
client No.: 19
glob_iter:  12     train_time:  99.08275116682053
glob_iter:  12     agg_time:  5.525424242019653
All users are selected
-------------------------------------------
test_samples:  [933, 830, 529, 826, 833, 783, 779, 409, 755, 750, 769, 569, 652, 819, 878, 519, 716, 939, 866, 853]
test_accs:  [{0: 0.9839228295819936, 1: 0.9292604501607717, 2: 0.939978563772776, 3: 0.9560557341907824, 4: 0.9292604501607717, 5: 0.9410503751339764, 6: 0.9163987138263665, 7: 0.9528403001071811, 8: 0.9667738478027867, 9: 0.8853161843515541}, {0: 0.9156626506024096, 1: 0.9421686746987952, 2: 0.7807228915662651, 3: 0.891566265060241, 4: 0.8240963855421687, 5: 0.9746987951807229, 6: 0.8602409638554217, 7: 1.0, 8: 1.0, 9: 1.0}, {0: 0.9262759924385633, 1: 0.9262759924385633, 2: 0.994328922495274, 3: 0.9924385633270322, 4: 0.7580340264650284, 5: 0.9584120982986768, 6: 0.8487712665406427, 7: 0.8544423440453687, 8: 0.9886578449905482, 9: 0.9829867674858223}, {0: 0.9225181598062954, 1: 0.8898305084745762, 2: 0.9527845036319612, 3: 0.8486682808716707, 4: 0.8523002421307506, 5: 0.9539951573849879, 6: 0.9152542372881356, 7: 0.9757869249394673, 8: 0.9418886198547215, 9: 0.8983050847457628}, {0: 0.985594237695078, 1: 0.9903961584633854, 2: 0.8427370948379351, 3: 0.943577430972389, 4: 0.9699879951980792, 5: 0.8139255702280912, 6: 0.9567827130852341, 7: 0.879951980792317, 8: 0.9603841536614646, 9: 0.9327731092436975}, {0: 0.9642401021711366, 1: 0.9399744572158365, 2: 0.9169859514687101, 3: 0.879948914431673, 4: 0.9310344827586207, 5: 0.9157088122605364, 6: 0.9808429118773946, 7: 0.822477650063857, 8: 0.9259259259259259, 9: 1.0}, {0: 0.9922978177150192, 1: 0.920410783055199, 2: 0.9884467265725289, 3: 0.8510911424903723, 4: 0.9922978177150192, 5: 0.9833119383825417, 6: 0.9679075738125802, 7: 0.9576379974326059, 8: 0.9319640564826701, 9: 1.0}, {0: 0.9755501222493888, 1: 0.9144254278728606, 2: 0.9290953545232273, 3: 0.9364303178484108, 4: 0.8068459657701712, 5: 0.921760391198044, 6: 0.9951100244498777, 7: 0.7775061124694377, 8: 0.9388753056234719, 9: 0.9388753056234719}, {0: 0.9086092715231788, 1: 0.9350993377483444, 2: 0.866225165562914, 3: 0.833112582781457, 4: 0.9947019867549669, 5: 0.9112582781456954, 6: 0.9205298013245033, 7: 0.9920529801324504, 8: 1.0, 9: 1.0}, {0: 0.9973333333333333, 1: 0.9546666666666667, 2: 0.9866666666666667, 3: 0.9013333333333333, 4: 0.9146666666666666, 5: 0.784, 6: 0.8706666666666667, 7: 0.948, 8: 1.0, 9: 1.0}, {0: 0.9128738621586476, 1: 0.8777633289986996, 2: 0.9830949284785435, 3: 0.9583875162548765, 4: 0.9154746423927178, 5: 0.9856957087126138, 6: 0.8790637191157347, 7: 0.9973992197659298, 8: 0.7685305591677504, 9: 0.8426527958387516}, {0: 0.945518453427065, 1: 0.984182776801406, 2: 0.8998242530755711, 3: 0.8945518453427065, 4: 0.804920913884007, 5: 0.8664323374340949, 6: 0.9349736379613357, 7: 0.9947275922671354, 8: 0.8945518453427065, 9: 0.9701230228471002}, {0: 0.8190184049079755, 1: 0.9846625766871165, 2: 0.8450920245398773, 3: 0.9647239263803681, 4: 0.9938650306748467, 5: 0.9248466257668712, 6: 0.9187116564417178, 7: 0.9095092024539877, 8: 0.9187116564417178, 9: 0.9294478527607362}, {0: 0.9169719169719169, 1: 0.9316239316239316, 2: 0.9597069597069597, 3: 0.9755799755799756, 4: 0.9304029304029304, 5: 0.9120879120879121, 6: 0.9743589743589743, 7: 0.894993894993895, 8: 0.8803418803418803, 9: 0.8937728937728938}, {0: 0.8154897494305239, 1: 0.989749430523918, 2: 0.9806378132118451, 3: 0.94874715261959, 4: 0.9066059225512528, 5: 0.9738041002277904, 6: 0.9943052391799544, 7: 0.9965831435079726, 8: 0.9123006833712984, 9: 1.0}, {0: 0.9132947976878613, 1: 0.9190751445086706, 2: 0.9942196531791907, 3: 0.9942196531791907, 4: 0.8323699421965318, 5: 0.8323699421965318, 6: 0.9171483622350675, 7: 0.8458574181117534, 8: 0.9922928709055877, 9: 0.9980732177263969}, {0: 0.9134078212290503, 1: 0.9413407821229051, 2: 0.7360335195530726, 3: 0.9273743016759777, 4: 0.9287709497206704, 5: 0.8463687150837989, 6: 0.9804469273743017, 7: 0.9483240223463687, 8: 0.9455307262569832, 9: 0.9329608938547486}, {0: 0.9627263045793397, 1: 0.9978700745473909, 2: 0.9946751863684771, 3: 0.9712460063897763, 4: 0.9946751863684771, 5: 0.9169329073482428, 6: 0.9222577209797657, 7: 0.9052183173588925, 8: 0.9361022364217252, 9: 0.9041533546325878}, {0: 0.9711316397228638, 1: 0.9099307159353349, 2: 0.825635103926097, 3: 0.9376443418013857, 4: 0.9549653579676675, 5: 0.9468822170900693, 6: 0.9711316397228638, 7: 0.964203233256351, 8: 0.9295612009237876, 9: 0.8625866050808314}, {0: 0.943728018757327, 1: 0.917936694021102, 2: 0.9097303634232122, 3: 0.8980070339976554, 4: 0.854630715123095, 5: 0.984759671746776, 6: 0.9109026963657679, 7: 0.9390386869871044, 8: 0.8745603751465416, 9: 1.0}]
each client's acc:
0.940085744908896
0.9189156626506023
0.9230623818525521
0.9151331719128329
0.9276110444177672
0.9277139208173691
0.9585365853658537
0.9134474327628362
0.9361589403973511
0.9357333333333333
0.9120936280884265
0.9189806678383127
0.9208588957055215
0.926984126984127
0.9518223234624147
0.9238921001926783
0.9100558659217877
0.9505857294994675
0.9273672055427251
0.9233294255568583
-------------------------------------------
client No.: 0
client No.: 1
client No.: 2
client No.: 3
client No.: 4
client No.: 5
client No.: 6
client No.: 7
client No.: 8
client No.: 9
client No.: 10
client No.: 11
client No.: 12
client No.: 13
client No.: 14
client No.: 15
client No.: 16
client No.: 17
client No.: 18
client No.: 19
glob_iter:  13     train_time:  99.08292912244796
glob_iter:  13     agg_time:  5.544147491455078
All users are selected
-------------------------------------------
test_samples:  [933, 830, 529, 826, 833, 783, 779, 409, 755, 750, 769, 569, 652, 819, 878, 519, 716, 939, 866, 853]
test_accs:  [{0: 0.9839228295819936, 1: 0.9281886387995713, 2: 0.939978563772776, 3: 0.9560557341907824, 4: 0.9292604501607717, 5: 0.9410503751339764, 6: 0.9121114683815649, 7: 0.9528403001071811, 8: 0.9657020364415863, 9: 0.8896034297963559}, {0: 0.9168674698795181, 1: 0.9421686746987952, 2: 0.7795180722891566, 3: 0.891566265060241, 4: 0.827710843373494, 5: 0.9746987951807229, 6: 0.8506024096385543, 7: 1.0, 8: 1.0, 9: 1.0}, {0: 0.9281663516068053, 1: 0.9319470699432892, 2: 0.994328922495274, 3: 0.9924385633270322, 4: 0.7523629489603024, 5: 0.9584120982986768, 6: 0.8657844990548205, 7: 0.8544423440453687, 8: 0.9886578449905482, 9: 0.9829867674858223}, {0: 0.9213075060532687, 1: 0.8910411622276029, 2: 0.9527845036319612, 3: 0.8498789346246973, 4: 0.8498789346246973, 5: 0.9539951573849879, 6: 0.9176755447941889, 7: 0.9757869249394673, 8: 0.9430992736077481, 9: 0.8958837772397095}, {0: 0.985594237695078, 1: 0.9903961584633854, 2: 0.8487394957983193, 3: 0.943577430972389, 4: 0.9699879951980792, 5: 0.8211284513805522, 6: 0.9567827130852341, 7: 0.879951980792317, 8: 0.957983193277311, 9: 0.9351740696278511}, {0: 0.9642401021711366, 1: 0.9399744572158365, 2: 0.9182630906768838, 3: 0.8786717752234994, 4: 0.9310344827586207, 5: 0.9169859514687101, 6: 0.9808429118773946, 7: 0.8212005108556832, 8: 0.9259259259259259, 9: 1.0}, {0: 0.9922978177150192, 1: 0.9165596919127086, 2: 0.9884467265725289, 3: 0.8536585365853658, 4: 0.9922978177150192, 5: 0.9833119383825417, 6: 0.9679075738125802, 7: 0.9576379974326059, 8: 0.9370988446726572, 9: 1.0}, {0: 0.9755501222493888, 1: 0.9144254278728606, 2: 0.9290953545232273, 3: 0.9364303178484108, 4: 0.8117359413202934, 5: 0.921760391198044, 6: 0.9951100244498777, 7: 0.7726161369193154, 8: 0.9388753056234719, 9: 0.9388753056234719}, {0: 0.9112582781456954, 1: 0.9364238410596026, 2: 0.8675496688741722, 3: 0.8370860927152318, 4: 0.9947019867549669, 5: 0.9112582781456954, 6: 0.9218543046357616, 7: 0.9920529801324504, 8: 1.0, 9: 1.0}, {0: 0.9973333333333333, 1: 0.956, 2: 0.9866666666666667, 3: 0.9013333333333333, 4: 0.9146666666666666, 5: 0.784, 6: 0.876, 7: 0.948, 8: 1.0, 9: 1.0}, {0: 0.9232769830949284, 1: 0.8803641092327699, 2: 0.9830949284785435, 3: 0.9583875162548765, 4: 0.9154746423927178, 5: 0.9856957087126138, 6: 0.8790637191157347, 7: 0.9973992197659298, 8: 0.7620286085825748, 9: 0.846553966189857}, {0: 0.945518453427065, 1: 0.984182776801406, 2: 0.8998242530755711, 3: 0.8945518453427065, 4: 0.804920913884007, 5: 0.8664323374340949, 6: 0.9349736379613357, 7: 0.9947275922671354, 8: 0.8998242530755711, 9: 0.9701230228471002}, {0: 0.8251533742331288, 1: 0.9846625766871165, 2: 0.8450920245398773, 3: 0.9647239263803681, 4: 0.9938650306748467, 5: 0.9248466257668712, 6: 0.9171779141104295, 7: 0.9141104294478528, 8: 0.9171779141104295, 9: 0.9217791411042945}, {0: 0.9181929181929182, 1: 0.9304029304029304, 2: 0.9597069597069597, 3: 0.9755799755799756, 4: 0.9304029304029304, 5: 0.9157509157509157, 6: 0.9743589743589743, 7: 0.8962148962148963, 8: 0.8827838827838828, 9: 0.8888888888888888}, {0: 0.8177676537585421, 1: 0.989749430523918, 2: 0.9806378132118451, 3: 0.94874715261959, 4: 0.9043280182232346, 5: 0.9738041002277904, 6: 0.9943052391799544, 7: 0.9965831435079726, 8: 0.9145785876993167, 9: 1.0}, {0: 0.9171483622350675, 1: 0.9210019267822736, 2: 0.9942196531791907, 3: 0.9942196531791907, 4: 0.8304431599229287, 5: 0.8323699421965318, 6: 0.9171483622350675, 7: 0.8516377649325626, 8: 0.9922928709055877, 9: 0.9980732177263969}, {0: 0.9106145251396648, 1: 0.9385474860335196, 2: 0.7402234636871509, 3: 0.9273743016759777, 4: 0.9287709497206704, 5: 0.8505586592178771, 6: 0.9804469273743017, 7: 0.9483240223463687, 8: 0.9455307262569832, 9: 0.9329608938547486}, {0: 0.9637912673056444, 1: 0.9978700745473909, 2: 0.9946751863684771, 3: 0.9712460063897763, 4: 0.9946751863684771, 5: 0.9222577209797657, 6: 0.9201277955271565, 7: 0.9052183173588925, 8: 0.9382321618743344, 9: 0.9030883919062833}, {0: 0.9711316397228638, 1: 0.9076212471131639, 2: 0.825635103926097, 3: 0.9376443418013857, 4: 0.9549653579676675, 5: 0.9468822170900693, 6: 0.9711316397228638, 7: 0.9653579676674365, 8: 0.930715935334873, 9: 0.8672055427251733}, {0: 0.943728018757327, 1: 0.9144196951934349, 2: 0.9097303634232122, 3: 0.8980070339976554, 4: 0.854630715123095, 5: 0.984759671746776, 6: 0.9120750293083235, 7: 0.9413833528722158, 8: 0.8780773739742087, 9: 1.0}]
each client's acc:
0.939871382636656
0.9183132530120481
0.924952741020794
0.9151331719128329
0.9289315726290516
0.9277139208173691
0.9589216944801027
0.9134474327628362
0.9372185430463575
0.9363999999999999
0.9131339401820545
0.9195079086115993
0.9208588957055215
0.9272283272283273
0.9520501138952164
0.9248554913294799
0.9103351955307261
0.9511182108626197
0.9278290993071593
0.9236811254396249
-------------------------------------------
client No.: 0
client No.: 1
client No.: 2
client No.: 3
client No.: 4
client No.: 5
client No.: 6
client No.: 7
client No.: 8
client No.: 9
client No.: 10
client No.: 11
client No.: 12
client No.: 13
client No.: 14
client No.: 15
client No.: 16
client No.: 17
client No.: 18
client No.: 19
glob_iter:  14     train_time:  74.9956862092018
glob_iter:  14     agg_time:  2.5203471183776855
All users are selected
-------------------------------------------
test_samples:  [933, 830, 529, 826, 833, 783, 779, 409, 755, 750, 769, 569, 652, 819, 878, 519, 716, 939, 866, 853]
test_accs:  [{0: 0.9839228295819936, 1: 0.92497320471597, 2: 0.939978563772776, 3: 0.9560557341907824, 4: 0.9292604501607717, 5: 0.9410503751339764, 6: 0.909967845659164, 7: 0.9528403001071811, 8: 0.9667738478027867, 9: 0.8885316184351554}, {0: 0.9120481927710843, 1: 0.9433734939759036, 2: 0.7807228915662651, 3: 0.8927710843373494, 4: 0.8385542168674699, 5: 0.9746987951807229, 6: 0.8506024096385543, 7: 1.0, 8: 1.0, 9: 1.0}, {0: 0.9281663516068053, 1: 0.9319470699432892, 2: 0.994328922495274, 3: 0.9924385633270322, 4: 0.7542533081285444, 5: 0.9584120982986768, 6: 0.8714555765595463, 7: 0.8544423440453687, 8: 0.9886578449905482, 9: 0.9829867674858223}, {0: 0.923728813559322, 1: 0.8910411622276029, 2: 0.9527845036319612, 3: 0.8498789346246973, 4: 0.8498789346246973, 5: 0.9539951573849879, 6: 0.9225181598062954, 7: 0.9757869249394673, 8: 0.9418886198547215, 9: 0.9043583535108959}, {0: 0.985594237695078, 1: 0.9903961584633854, 2: 0.851140456182473, 3: 0.943577430972389, 4: 0.9699879951980792, 5: 0.8139255702280912, 6: 0.9567827130852341, 7: 0.8835534213685474, 8: 0.9591836734693877, 9: 0.9339735894357744}, {0: 0.9642401021711366, 1: 0.9425287356321839, 2: 0.9182630906768838, 3: 0.8825031928480205, 4: 0.9310344827586207, 5: 0.9169859514687101, 6: 0.9808429118773946, 7: 0.8186462324393359, 8: 0.9233716475095786, 9: 1.0}, {0: 0.9922978177150192, 1: 0.9152759948652118, 2: 0.9884467265725289, 3: 0.8575096277278562, 4: 0.9922978177150192, 5: 0.9833119383825417, 6: 0.9679075738125802, 7: 0.9576379974326059, 8: 0.938382541720154, 9: 1.0}, {0: 0.9755501222493888, 1: 0.9119804400977995, 2: 0.9290953545232273, 3: 0.9364303178484108, 4: 0.8092909535452323, 5: 0.921760391198044, 6: 0.9951100244498777, 7: 0.7750611246943765, 8: 0.9388753056234719, 9: 0.9388753056234719}, {0: 0.9125827814569536, 1: 0.9324503311258279, 2: 0.8701986754966887, 3: 0.83841059602649, 4: 0.9947019867549669, 5: 0.9112582781456954, 6: 0.9271523178807947, 7: 0.9920529801324504, 8: 1.0, 9: 1.0}, {0: 0.9973333333333333, 1: 0.9546666666666667, 2: 0.9866666666666667, 3: 0.9013333333333333, 4: 0.9146666666666666, 5: 0.7866666666666666, 6: 0.8706666666666667, 7: 0.948, 8: 1.0, 9: 1.0}, {0: 0.9232769830949284, 1: 0.8764629388816645, 2: 0.9830949284785435, 3: 0.9583875162548765, 4: 0.9154746423927178, 5: 0.9856957087126138, 6: 0.8790637191157347, 7: 0.9973992197659298, 8: 0.7555266579973993, 9: 0.8439531859557867}, {0: 0.945518453427065, 1: 0.984182776801406, 2: 0.8998242530755711, 3: 0.8945518453427065, 4: 0.8084358523725835, 5: 0.8646748681898067, 6: 0.9349736379613357, 7: 0.9947275922671354, 8: 0.8998242530755711, 9: 0.9701230228471002}, {0: 0.8251533742331288, 1: 0.9846625766871165, 2: 0.8450920245398773, 3: 0.9647239263803681, 4: 0.9938650306748467, 5: 0.9248466257668712, 6: 0.9233128834355828, 7: 0.9263803680981595, 8: 0.9202453987730062, 9: 0.9171779141104295}, {0: 0.9181929181929182, 1: 0.9304029304029304, 2: 0.9597069597069597, 3: 0.9755799755799756, 4: 0.9304029304029304, 5: 0.9133089133089133, 6: 0.9743589743589743, 7: 0.8974358974358975, 8: 0.8876678876678876, 9: 0.894993894993895}, {0: 0.8200455580865603, 1: 0.989749430523918, 2: 0.9806378132118451, 3: 0.9476082004555809, 4: 0.9009111617312073, 5: 0.9738041002277904, 6: 0.9943052391799544, 7: 0.9965831435079726, 8: 0.9191343963553531, 9: 1.0}, {0: 0.9152215799614644, 1: 0.9267822736030829, 2: 0.9942196531791907, 3: 0.9942196531791907, 4: 0.8304431599229287, 5: 0.8304431599229287, 6: 0.9171483622350675, 7: 0.8574181117533719, 8: 0.9922928709055877, 9: 0.9980732177263969}, {0: 0.9120111731843575, 1: 0.9371508379888268, 2: 0.7402234636871509, 3: 0.9273743016759777, 4: 0.9287709497206704, 5: 0.8589385474860335, 6: 0.9804469273743017, 7: 0.9483240223463687, 8: 0.9455307262569832, 9: 0.9315642458100558}, {0: 0.9659211927582535, 1: 0.9978700745473909, 2: 0.9946751863684771, 3: 0.9712460063897763, 4: 0.9946751863684771, 5: 0.9211927582534611, 6: 0.9179978700745474, 7: 0.9041533546325878, 8: 0.9403620873269436, 9: 0.8998935037273695}, {0: 0.9711316397228638, 1: 0.9087759815242494, 2: 0.8279445727482679, 3: 0.9376443418013857, 4: 0.9549653579676675, 5: 0.9468822170900693, 6: 0.9711316397228638, 7: 0.9665127020785219, 8: 0.930715935334873, 9: 0.8648960739030023}, {0: 0.9449003516998827, 1: 0.9155920281359906, 2: 0.9097303634232122, 3: 0.9003516998827668, 4: 0.8593200468933178, 5: 0.984759671746776, 6: 0.9144196951934349, 7: 0.9449003516998827, 8: 0.8757327080890973, 9: 1.0}]
each client's acc:
0.9393354769560558
0.919277108433735
0.9257088846880908
0.9165859564164649
0.9288115246098438
0.9278416347381866
0.9593068035943517
0.9132029339853303
0.9378807947019867
0.9359999999999999
0.9118335500650193
0.9196836555360282
0.9225460122699385
0.9282051282051282
0.9522779043280183
0.9256262042389212
0.9110335195530727
0.9507987220447285
0.9280600461893765
0.9249706916764362
-------------------------------------------
client No.: 0
client No.: 1
client No.: 2
client No.: 3
client No.: 4
client No.: 5
client No.: 6
client No.: 7
client No.: 8
client No.: 9
client No.: 10
client No.: 11
client No.: 12
client No.: 13
client No.: 14
client No.: 15
client No.: 16
client No.: 17
client No.: 18
client No.: 19
glob_iter:  15     train_time:  59.16187342405319
glob_iter:  15     agg_time:  4.046854257583618
All users are selected
-------------------------------------------
test_samples:  [933, 830, 529, 826, 833, 783, 779, 409, 755, 750, 769, 569, 652, 819, 878, 519, 716, 939, 866, 853]
test_accs:  [{0: 0.9839228295819936, 1: 0.92497320471597, 2: 0.939978563772776, 3: 0.9560557341907824, 4: 0.9292604501607717, 5: 0.9410503751339764, 6: 0.9110396570203644, 7: 0.9528403001071811, 8: 0.9657020364415863, 9: 0.8788853161843515}, {0: 0.908433734939759, 1: 0.9433734939759036, 2: 0.7759036144578313, 3: 0.8951807228915662, 4: 0.8421686746987952, 5: 0.9746987951807229, 6: 0.846987951807229, 7: 1.0, 8: 1.0, 9: 1.0}, {0: 0.9262759924385633, 1: 0.9338374291115312, 2: 0.994328922495274, 3: 0.9924385633270322, 4: 0.7599243856332704, 5: 0.9584120982986768, 6: 0.8752362948960303, 7: 0.8582230623818525, 8: 0.9886578449905482, 9: 0.9829867674858223}, {0: 0.9176755447941889, 1: 0.8983050847457628, 2: 0.9527845036319612, 3: 0.8535108958837773, 4: 0.8498789346246973, 5: 0.9539951573849879, 6: 0.9249394673123487, 7: 0.9757869249394673, 8: 0.940677966101695, 9: 0.914043583535109}, {0: 0.985594237695078, 1: 0.9903961584633854, 2: 0.8487394957983193, 3: 0.943577430972389, 4: 0.9699879951980792, 5: 0.8127250900360145, 6: 0.9567827130852341, 7: 0.8763505402160864, 8: 0.9603841536614646, 9: 0.9303721488595438}, {0: 0.9642401021711366, 1: 0.9476372924648787, 2: 0.9195402298850575, 3: 0.8863346104725415, 4: 0.9348659003831418, 5: 0.9195402298850575, 6: 0.9808429118773946, 7: 0.8186462324393359, 8: 0.9284802043422733, 9: 1.0}, {0: 0.9922978177150192, 1: 0.9127086007702182, 2: 0.9884467265725289, 3: 0.8575096277278562, 4: 0.9922978177150192, 5: 0.9833119383825417, 6: 0.9679075738125802, 7: 0.9576379974326059, 8: 0.9435173299101413, 9: 1.0}, {0: 0.9755501222493888, 1: 0.9119804400977995, 2: 0.9290953545232273, 3: 0.9364303178484108, 4: 0.8068459657701712, 5: 0.921760391198044, 6: 0.9951100244498777, 7: 0.7799511002444988, 8: 0.9388753056234719, 9: 0.9388753056234719}, {0: 0.9139072847682119, 1: 0.9311258278145695, 2: 0.871523178807947, 3: 0.8397350993377484, 4: 0.9947019867549669, 5: 0.9112582781456954, 6: 0.9271523178807947, 7: 0.9920529801324504, 8: 1.0, 9: 1.0}, {0: 0.9973333333333333, 1: 0.952, 2: 0.9866666666666667, 3: 0.9013333333333333, 4: 0.9146666666666666, 5: 0.784, 6: 0.8733333333333333, 7: 0.948, 8: 1.0, 9: 1.0}, {0: 0.8946684005201561, 1: 0.8842652795838751, 2: 0.9830949284785435, 3: 0.9583875162548765, 4: 0.9154746423927178, 5: 0.9856957087126138, 6: 0.8803641092327699, 7: 0.9973992197659298, 8: 0.7451235370611183, 9: 0.8478543563068921}, {0: 0.945518453427065, 1: 0.984182776801406, 2: 0.8998242530755711, 3: 0.8945518453427065, 4: 0.8137082601054482, 5: 0.8664323374340949, 6: 0.9349736379613357, 7: 0.9947275922671354, 8: 0.9068541300527241, 9: 0.9701230228471002}, {0: 0.8297546012269938, 1: 0.9846625766871165, 2: 0.8512269938650306, 3: 0.9647239263803681, 4: 0.9938650306748467, 5: 0.9248466257668712, 6: 0.9233128834355828, 7: 0.9263803680981595, 8: 0.9187116564417178, 9: 0.9171779141104295}, {0: 0.9218559218559218, 1: 0.9328449328449329, 2: 0.9597069597069597, 3: 0.9755799755799756, 4: 0.9304029304029304, 5: 0.9120879120879121, 6: 0.9743589743589743, 7: 0.8937728937728938, 8: 0.8852258852258852, 9: 0.8974358974358975}, {0: 0.816628701594533, 1: 0.989749430523918, 2: 0.9806378132118451, 3: 0.9510250569476082, 4: 0.9043280182232346, 5: 0.9738041002277904, 6: 0.9943052391799544, 7: 0.9965831435079726, 8: 0.9202733485193622, 9: 1.0}, {0: 0.9113680154142582, 1: 0.928709055876686, 2: 0.9942196531791907, 3: 0.9942196531791907, 4: 0.8304431599229287, 5: 0.8477842003853564, 6: 0.9171483622350675, 7: 0.8709055876685935, 8: 0.9922928709055877, 9: 0.9980732177263969}, {0: 0.914804469273743, 1: 0.9385474860335196, 2: 0.7472067039106145, 3: 0.9273743016759777, 4: 0.9287709497206704, 5: 0.8561452513966481, 6: 0.9804469273743017, 7: 0.9483240223463687, 8: 0.9483240223463687, 9: 0.9329608938547486}, {0: 0.9659211927582535, 1: 0.9978700745473909, 2: 0.9946751863684771, 3: 0.9712460063897763, 4: 0.9946751863684771, 5: 0.9222577209797657, 6: 0.919062832800852, 7: 0.9020234291799787, 8: 0.9424920127795527, 9: 0.9009584664536742}, {0: 0.9711316397228638, 1: 0.9110854503464203, 2: 0.8279445727482679, 3: 0.9376443418013857, 4: 0.9549653579676675, 5: 0.9468822170900693, 6: 0.9711316397228638, 7: 0.9665127020785219, 8: 0.9330254041570438, 9: 0.8556581986143187}, {0: 0.9449003516998827, 1: 0.9155920281359906, 2: 0.9097303634232122, 3: 0.9003516998827668, 4: 0.8569753810082064, 5: 0.984759671746776, 6: 0.9144196951934349, 7: 0.9472450175849941, 8: 0.8827667057444314, 9: 1.0}]
each client's acc:
0.9383708467309754
0.9186746987951807
0.9270321361058601
0.9181598062953997
0.9274909963985595
0.9300127713920817
0.9595635430038512
0.9134474327628362
0.9381456953642384
0.9357333333333333
0.9092327698309491
0.9210896309314585
0.9234662576687114
0.9283272283272284
0.9527334851936219
0.9285163776493256
0.912290502793296
0.9511182108626197
0.9275981524249423
0.9256740914419697
-------------------------------------------
client No.: 0
client No.: 1
client No.: 2
client No.: 3
client No.: 4
client No.: 5
client No.: 6
client No.: 7
client No.: 8
client No.: 9
client No.: 10
client No.: 11
client No.: 12
client No.: 13
client No.: 14
client No.: 15
client No.: 16
client No.: 17
