================================================================================
Summary of training process:
Algorithm: pFedC
Batch size: 32
Learing rate       : 0.01
Ensemble learing rate       : 0.0001
Average Moving       : 1.0
Subset of users      : 20
Number of global rounds       : 30
Number of local rounds       : 10
Dataset       : Cifar100-mtl-class2
Local Model       : cnn
Device            : cuda
================================================================================


         [ Start training iteration 0 ]           


use cifar model
use cifar100 mtl class2 dataset
dataset:  Cifar100-mtl-class2   labels_index: part 1
Users in total: 20
Number of users / total users: 20  /  20
Finished creating pFedC server.
All users are selected
-------------------------------------------
test_samples:  [50, 50, 50, 50, 50, 50, 50, 50, 50, 50, 50, 50, 50, 50, 50, 50, 50, 50, 50, 50]
test_accs:  [{0: 0.5, 1: 0.5, 2: 0.0, 3: 0.0, 4: 0.98, 5: 0.98, 6: 0.0, 7: 0.0, 8: 1.0, 9: 1.0}, {0: 0.5, 1: 0.5, 2: 0.0, 3: 0.0, 4: 0.96, 5: 0.98, 6: 0.0, 7: 0.0, 8: 1.0, 9: 1.0}, {0: 0.5, 1: 0.5, 2: 0.0, 3: 0.0, 4: 0.98, 5: 1.0, 6: 0.0, 7: 0.0, 8: 1.0, 9: 1.0}, {0: 0.5, 1: 0.5, 2: 0.0, 3: 0.0, 4: 0.94, 5: 0.94, 6: 0.0, 7: 0.0, 8: 1.0, 9: 1.0}, {0: 1.0, 1: 0.0, 2: 0.5, 3: 0.5, 4: 0.98, 5: 0.98, 6: 0.0, 7: 0.0, 8: 1.0, 9: 1.0}, {0: 1.0, 1: 0.0, 2: 0.5, 3: 0.5, 4: 0.94, 5: 0.98, 6: 0.0, 7: 0.0, 8: 1.0, 9: 1.0}, {0: 1.0, 1: 0.0, 2: 0.5, 3: 0.5, 4: 0.96, 5: 0.96, 6: 0.0, 7: 0.0, 8: 1.0, 9: 1.0}, {0: 1.0, 1: 0.0, 2: 0.5, 3: 0.5, 4: 0.98, 5: 1.0, 6: 0.0, 7: 0.0, 8: 1.0, 9: 1.0}, {0: 1.0, 1: 0.0, 2: 0.0, 3: 0.0, 4: 0.52, 5: 0.5, 6: 0.0, 7: 0.0, 8: 1.0, 9: 1.0}, {0: 1.0, 1: 0.0, 2: 0.0, 3: 0.0, 4: 0.5, 5: 0.5, 6: 0.0, 7: 0.0, 8: 1.0, 9: 1.0}, {0: 1.0, 1: 0.0, 2: 0.0, 3: 0.0, 4: 0.46, 5: 0.48, 6: 0.0, 7: 0.0, 8: 1.0, 9: 1.0}, {0: 1.0, 1: 0.0, 2: 0.0, 3: 0.0, 4: 0.56, 5: 0.5, 6: 0.0, 7: 0.0, 8: 1.0, 9: 1.0}, {0: 1.0, 1: 0.0, 2: 0.0, 3: 0.0, 4: 1.0, 5: 0.96, 6: 0.5, 7: 0.5, 8: 1.0, 9: 1.0}, {0: 1.0, 1: 0.0, 2: 0.0, 3: 0.0, 4: 0.96, 5: 0.94, 6: 0.5, 7: 0.5, 8: 1.0, 9: 1.0}, {0: 1.0, 1: 0.0, 2: 0.0, 3: 0.0, 4: 0.98, 5: 1.0, 6: 0.5, 7: 0.5, 8: 1.0, 9: 1.0}, {0: 1.0, 1: 0.0, 2: 0.0, 3: 0.0, 4: 1.0, 5: 0.96, 6: 0.5, 7: 0.5, 8: 1.0, 9: 1.0}, {0: 1.0, 1: 0.0, 2: 0.0, 3: 0.0, 4: 1.0, 5: 1.0, 6: 0.0, 7: 0.0, 8: 0.5, 9: 0.5}, {0: 1.0, 1: 0.0, 2: 0.0, 3: 0.0, 4: 1.0, 5: 0.96, 6: 0.0, 7: 0.0, 8: 0.5, 9: 0.5}, {0: 1.0, 1: 0.0, 2: 0.0, 3: 0.0, 4: 0.96, 5: 0.96, 6: 0.0, 7: 0.0, 8: 0.5, 9: 0.5}, {0: 1.0, 1: 0.0, 2: 0.0, 3: 0.0, 4: 0.96, 5: 0.96, 6: 0.0, 7: 0.0, 8: 0.5, 9: 0.5}]
each client's acc:
0.496
0.49399999999999994
0.49800000000000005
0.488
0.596
0.592
0.592
0.5980000000000001
0.40199999999999997
0.4
0.394
0.406
0.596
0.5900000000000001
0.5980000000000001
0.596
0.4
0.396
0.392
0.392
-------------------------------------------
client No.: 0
client No.: 1
client No.: 2
client No.: 3
client No.: 4
client No.: 5
client No.: 6
client No.: 7
client No.: 8
client No.: 9
client No.: 10
client No.: 11
client No.: 12
client No.: 13
client No.: 14
client No.: 15
client No.: 16
client No.: 17
client No.: 18
client No.: 19
glob_iter:  0     train_time:  43.586381149291995
glob_iter:  0     agg_time:  2.324345350265503
All users are selected
-------------------------------------------
test_samples:  [50, 50, 50, 50, 50, 50, 50, 50, 50, 50, 50, 50, 50, 50, 50, 50, 50, 50, 50, 50]
test_accs:  [{0: 0.58, 1: 0.5, 2: 1.0, 3: 1.0, 4: 1.0, 5: 1.0, 6: 1.0, 7: 1.0, 8: 1.0, 9: 1.0}, {0: 0.5, 1: 0.5, 2: 1.0, 3: 1.0, 4: 1.0, 5: 1.0, 6: 1.0, 7: 1.0, 8: 1.0, 9: 1.0}, {0: 0.5, 1: 0.66, 2: 1.0, 3: 1.0, 4: 1.0, 5: 1.0, 6: 1.0, 7: 1.0, 8: 1.0, 9: 1.0}, {0: 0.5, 1: 0.5, 2: 1.0, 3: 1.0, 4: 1.0, 5: 1.0, 6: 1.0, 7: 1.0, 8: 1.0, 9: 1.0}, {0: 1.0, 1: 1.0, 2: 0.5, 3: 0.5, 4: 1.0, 5: 1.0, 6: 1.0, 7: 1.0, 8: 1.0, 9: 1.0}, {0: 1.0, 1: 1.0, 2: 0.5, 3: 0.5, 4: 1.0, 5: 1.0, 6: 1.0, 7: 1.0, 8: 1.0, 9: 1.0}, {0: 1.0, 1: 1.0, 2: 0.5, 3: 0.5, 4: 1.0, 5: 1.0, 6: 1.0, 7: 1.0, 8: 1.0, 9: 1.0}, {0: 1.0, 1: 1.0, 2: 0.5, 3: 0.5, 4: 1.0, 5: 1.0, 6: 1.0, 7: 1.0, 8: 1.0, 9: 1.0}, {0: 1.0, 1: 1.0, 2: 1.0, 3: 1.0, 4: 0.5, 5: 0.5, 6: 1.0, 7: 1.0, 8: 1.0, 9: 1.0}, {0: 1.0, 1: 1.0, 2: 1.0, 3: 1.0, 4: 0.5, 5: 0.5, 6: 1.0, 7: 1.0, 8: 1.0, 9: 1.0}, {0: 1.0, 1: 1.0, 2: 1.0, 3: 1.0, 4: 0.5, 5: 0.5, 6: 1.0, 7: 1.0, 8: 1.0, 9: 1.0}, {0: 1.0, 1: 1.0, 2: 1.0, 3: 1.0, 4: 0.5, 5: 0.5, 6: 1.0, 7: 1.0, 8: 1.0, 9: 1.0}, {0: 1.0, 1: 1.0, 2: 1.0, 3: 1.0, 4: 1.0, 5: 1.0, 6: 0.5, 7: 0.5, 8: 1.0, 9: 1.0}, {0: 1.0, 1: 1.0, 2: 1.0, 3: 1.0, 4: 1.0, 5: 1.0, 6: 0.5, 7: 0.5, 8: 1.0, 9: 1.0}, {0: 1.0, 1: 1.0, 2: 1.0, 3: 1.0, 4: 1.0, 5: 1.0, 6: 0.5, 7: 0.5, 8: 1.0, 9: 1.0}, {0: 1.0, 1: 1.0, 2: 1.0, 3: 1.0, 4: 1.0, 5: 1.0, 6: 0.5, 7: 0.5, 8: 1.0, 9: 1.0}, {0: 1.0, 1: 1.0, 2: 1.0, 3: 1.0, 4: 1.0, 5: 1.0, 6: 1.0, 7: 1.0, 8: 0.5, 9: 0.5}, {0: 1.0, 1: 1.0, 2: 1.0, 3: 1.0, 4: 1.0, 5: 1.0, 6: 1.0, 7: 1.0, 8: 0.5, 9: 0.5}, {0: 1.0, 1: 1.0, 2: 1.0, 3: 1.0, 4: 1.0, 5: 1.0, 6: 1.0, 7: 1.0, 8: 0.5, 9: 0.5}, {0: 1.0, 1: 1.0, 2: 1.0, 3: 1.0, 4: 1.0, 5: 1.0, 6: 1.0, 7: 1.0, 8: 0.5, 9: 0.5}]
each client's acc:
0.908
0.9
0.916
0.9
0.9
0.9
0.9
0.9
0.9
0.9
0.9
0.9
0.9
0.9
0.9
0.9
0.9
0.9
0.9
0.9
-------------------------------------------
client No.: 0
client No.: 1
client No.: 2
client No.: 3
client No.: 4
client No.: 5
client No.: 6
client No.: 7
client No.: 8
client No.: 9
client No.: 10
client No.: 11
client No.: 12
client No.: 13
client No.: 14
client No.: 15
client No.: 16
client No.: 17
client No.: 18
client No.: 19
glob_iter:  1     train_time:  44.578203082084656
glob_iter:  1     agg_time:  3.148517370223999
All users are selected
-------------------------------------------
test_samples:  [50, 50, 50, 50, 50, 50, 50, 50, 50, 50, 50, 50, 50, 50, 50, 50, 50, 50, 50, 50]
test_accs:  [{0: 0.5, 1: 0.5, 2: 1.0, 3: 1.0, 4: 1.0, 5: 1.0, 6: 1.0, 7: 1.0, 8: 1.0, 9: 1.0}, {0: 0.5, 1: 0.5, 2: 1.0, 3: 1.0, 4: 1.0, 5: 1.0, 6: 1.0, 7: 1.0, 8: 1.0, 9: 1.0}, {0: 0.5, 1: 0.5, 2: 1.0, 3: 1.0, 4: 1.0, 5: 1.0, 6: 1.0, 7: 1.0, 8: 1.0, 9: 1.0}, {0: 0.5, 1: 0.5, 2: 1.0, 3: 1.0, 4: 1.0, 5: 1.0, 6: 1.0, 7: 1.0, 8: 1.0, 9: 1.0}, {0: 1.0, 1: 1.0, 2: 0.5, 3: 0.5, 4: 1.0, 5: 1.0, 6: 1.0, 7: 1.0, 8: 1.0, 9: 1.0}, {0: 1.0, 1: 1.0, 2: 0.5, 3: 0.5, 4: 1.0, 5: 1.0, 6: 1.0, 7: 1.0, 8: 1.0, 9: 1.0}, {0: 1.0, 1: 1.0, 2: 0.5, 3: 0.5, 4: 1.0, 5: 1.0, 6: 1.0, 7: 1.0, 8: 1.0, 9: 1.0}, {0: 1.0, 1: 1.0, 2: 0.5, 3: 0.5, 4: 1.0, 5: 1.0, 6: 1.0, 7: 1.0, 8: 1.0, 9: 1.0}, {0: 1.0, 1: 1.0, 2: 1.0, 3: 1.0, 4: 0.5, 5: 0.5, 6: 1.0, 7: 1.0, 8: 1.0, 9: 1.0}, {0: 1.0, 1: 1.0, 2: 1.0, 3: 1.0, 4: 0.5, 5: 0.5, 6: 1.0, 7: 1.0, 8: 1.0, 9: 1.0}, {0: 1.0, 1: 1.0, 2: 1.0, 3: 1.0, 4: 0.5, 5: 0.5, 6: 1.0, 7: 1.0, 8: 1.0, 9: 1.0}, {0: 1.0, 1: 1.0, 2: 1.0, 3: 1.0, 4: 0.5, 5: 0.5, 6: 1.0, 7: 1.0, 8: 1.0, 9: 1.0}, {0: 1.0, 1: 1.0, 2: 1.0, 3: 1.0, 4: 1.0, 5: 1.0, 6: 0.5, 7: 0.5, 8: 1.0, 9: 1.0}, {0: 1.0, 1: 1.0, 2: 1.0, 3: 1.0, 4: 1.0, 5: 1.0, 6: 0.5, 7: 0.5, 8: 1.0, 9: 1.0}, {0: 1.0, 1: 1.0, 2: 1.0, 3: 1.0, 4: 1.0, 5: 1.0, 6: 0.5, 7: 0.5, 8: 1.0, 9: 1.0}, {0: 1.0, 1: 1.0, 2: 1.0, 3: 1.0, 4: 1.0, 5: 1.0, 6: 0.5, 7: 0.5, 8: 1.0, 9: 1.0}, {0: 1.0, 1: 1.0, 2: 1.0, 3: 1.0, 4: 1.0, 5: 1.0, 6: 1.0, 7: 1.0, 8: 0.5, 9: 0.5}, {0: 1.0, 1: 1.0, 2: 1.0, 3: 1.0, 4: 1.0, 5: 1.0, 6: 1.0, 7: 1.0, 8: 0.5, 9: 0.5}, {0: 1.0, 1: 1.0, 2: 1.0, 3: 1.0, 4: 1.0, 5: 1.0, 6: 1.0, 7: 1.0, 8: 0.5, 9: 0.5}, {0: 1.0, 1: 1.0, 2: 1.0, 3: 1.0, 4: 1.0, 5: 1.0, 6: 1.0, 7: 1.0, 8: 0.5, 9: 0.5}]
each client's acc:
0.9
0.9
0.9
0.9
0.9
0.9
0.9
0.9
0.9
0.9
0.9
0.9
0.9
0.9
0.9
0.9
0.9
0.9
0.9
0.9
-------------------------------------------
client No.: 0
client No.: 1
client No.: 2
client No.: 3
client No.: 4
client No.: 5
client No.: 6
client No.: 7
client No.: 8
client No.: 9
client No.: 10
client No.: 11
client No.: 12
client No.: 13
client No.: 14
client No.: 15
client No.: 16
client No.: 17
client No.: 18
client No.: 19
glob_iter:  2     train_time:  50.33321777582169
glob_iter:  2     agg_time:  2.939378499984741
All users are selected
-------------------------------------------
test_samples:  [50, 50, 50, 50, 50, 50, 50, 50, 50, 50, 50, 50, 50, 50, 50, 50, 50, 50, 50, 50]
test_accs:  [{0: 0.64, 1: 0.5, 2: 1.0, 3: 1.0, 4: 1.0, 5: 1.0, 6: 1.0, 7: 1.0, 8: 1.0, 9: 1.0}, {0: 0.5, 1: 0.5, 2: 1.0, 3: 1.0, 4: 1.0, 5: 1.0, 6: 1.0, 7: 1.0, 8: 1.0, 9: 1.0}, {0: 0.5, 1: 0.64, 2: 1.0, 3: 1.0, 4: 1.0, 5: 1.0, 6: 1.0, 7: 1.0, 8: 1.0, 9: 1.0}, {0: 0.5, 1: 0.5, 2: 1.0, 3: 1.0, 4: 1.0, 5: 1.0, 6: 1.0, 7: 1.0, 8: 1.0, 9: 1.0}, {0: 1.0, 1: 1.0, 2: 0.5, 3: 0.5, 4: 1.0, 5: 1.0, 6: 1.0, 7: 1.0, 8: 1.0, 9: 1.0}, {0: 1.0, 1: 1.0, 2: 0.5, 3: 0.5, 4: 1.0, 5: 1.0, 6: 1.0, 7: 1.0, 8: 1.0, 9: 1.0}, {0: 1.0, 1: 1.0, 2: 0.5, 3: 0.5, 4: 1.0, 5: 1.0, 6: 1.0, 7: 1.0, 8: 1.0, 9: 1.0}, {0: 1.0, 1: 1.0, 2: 0.5, 3: 0.5, 4: 1.0, 5: 1.0, 6: 1.0, 7: 1.0, 8: 1.0, 9: 1.0}, {0: 1.0, 1: 1.0, 2: 1.0, 3: 1.0, 4: 0.5, 5: 0.5, 6: 1.0, 7: 1.0, 8: 1.0, 9: 1.0}, {0: 1.0, 1: 1.0, 2: 1.0, 3: 1.0, 4: 0.5, 5: 0.5, 6: 1.0, 7: 1.0, 8: 1.0, 9: 1.0}, {0: 1.0, 1: 1.0, 2: 1.0, 3: 1.0, 4: 0.5, 5: 0.5, 6: 1.0, 7: 1.0, 8: 1.0, 9: 1.0}, {0: 1.0, 1: 1.0, 2: 1.0, 3: 1.0, 4: 0.5, 5: 0.5, 6: 1.0, 7: 1.0, 8: 1.0, 9: 1.0}, {0: 1.0, 1: 1.0, 2: 1.0, 3: 1.0, 4: 1.0, 5: 1.0, 6: 0.5, 7: 0.5, 8: 1.0, 9: 1.0}, {0: 1.0, 1: 1.0, 2: 1.0, 3: 1.0, 4: 1.0, 5: 1.0, 6: 0.5, 7: 0.5, 8: 1.0, 9: 1.0}, {0: 1.0, 1: 1.0, 2: 1.0, 3: 1.0, 4: 1.0, 5: 1.0, 6: 0.5, 7: 0.5, 8: 1.0, 9: 1.0}, {0: 1.0, 1: 1.0, 2: 1.0, 3: 1.0, 4: 1.0, 5: 1.0, 6: 0.5, 7: 0.5, 8: 1.0, 9: 1.0}, {0: 1.0, 1: 1.0, 2: 1.0, 3: 1.0, 4: 1.0, 5: 1.0, 6: 1.0, 7: 1.0, 8: 0.5, 9: 0.5}, {0: 1.0, 1: 1.0, 2: 1.0, 3: 1.0, 4: 1.0, 5: 1.0, 6: 1.0, 7: 1.0, 8: 0.5, 9: 0.5}, {0: 1.0, 1: 1.0, 2: 1.0, 3: 1.0, 4: 1.0, 5: 1.0, 6: 1.0, 7: 1.0, 8: 0.5, 9: 0.5}, {0: 1.0, 1: 1.0, 2: 1.0, 3: 1.0, 4: 1.0, 5: 1.0, 6: 1.0, 7: 1.0, 8: 0.5, 9: 0.5}]
each client's acc:
0.914
0.9
0.914
0.9
0.9
0.9
0.9
0.9
0.9
0.9
0.9
0.9
0.9
0.9
0.9
0.9
0.9
0.9
0.9
0.9
-------------------------------------------
client No.: 0
client No.: 1
client No.: 2
client No.: 3
client No.: 4
client No.: 5
client No.: 6
client No.: 7
client No.: 8
client No.: 9
client No.: 10
client No.: 11
client No.: 12
client No.: 13
client No.: 14
client No.: 15
client No.: 16
client No.: 17
client No.: 18
client No.: 19
glob_iter:  3     train_time:  49.88129476308823
glob_iter:  3     agg_time:  2.666259288787842
All users are selected
-------------------------------------------
test_samples:  [50, 50, 50, 50, 50, 50, 50, 50, 50, 50, 50, 50, 50, 50, 50, 50, 50, 50, 50, 50]
test_accs:  [{0: 0.7, 1: 0.56, 2: 1.0, 3: 1.0, 4: 1.0, 5: 1.0, 6: 1.0, 7: 1.0, 8: 1.0, 9: 1.0}, {0: 0.5, 1: 0.5, 2: 1.0, 3: 1.0, 4: 1.0, 5: 1.0, 6: 1.0, 7: 1.0, 8: 1.0, 9: 1.0}, {0: 0.52, 1: 0.7, 2: 1.0, 3: 1.0, 4: 1.0, 5: 1.0, 6: 1.0, 7: 1.0, 8: 1.0, 9: 1.0}, {0: 0.5, 1: 0.5, 2: 1.0, 3: 1.0, 4: 1.0, 5: 1.0, 6: 1.0, 7: 1.0, 8: 1.0, 9: 1.0}, {0: 1.0, 1: 1.0, 2: 0.5, 3: 0.5, 4: 1.0, 5: 1.0, 6: 1.0, 7: 1.0, 8: 1.0, 9: 1.0}, {0: 1.0, 1: 1.0, 2: 0.5, 3: 0.5, 4: 1.0, 5: 1.0, 6: 1.0, 7: 1.0, 8: 1.0, 9: 1.0}, {0: 1.0, 1: 1.0, 2: 0.5, 3: 0.5, 4: 1.0, 5: 1.0, 6: 1.0, 7: 1.0, 8: 1.0, 9: 1.0}, {0: 1.0, 1: 1.0, 2: 0.5, 3: 0.5, 4: 1.0, 5: 1.0, 6: 1.0, 7: 1.0, 8: 1.0, 9: 1.0}, {0: 1.0, 1: 1.0, 2: 1.0, 3: 1.0, 4: 0.5, 5: 0.5, 6: 1.0, 7: 1.0, 8: 1.0, 9: 1.0}, {0: 1.0, 1: 1.0, 2: 1.0, 3: 1.0, 4: 0.5, 5: 0.5, 6: 1.0, 7: 1.0, 8: 1.0, 9: 1.0}, {0: 1.0, 1: 1.0, 2: 1.0, 3: 1.0, 4: 0.5, 5: 0.5, 6: 1.0, 7: 1.0, 8: 1.0, 9: 1.0}, {0: 1.0, 1: 1.0, 2: 1.0, 3: 1.0, 4: 0.5, 5: 0.5, 6: 1.0, 7: 1.0, 8: 1.0, 9: 1.0}, {0: 1.0, 1: 1.0, 2: 1.0, 3: 1.0, 4: 1.0, 5: 1.0, 6: 0.5, 7: 0.5, 8: 1.0, 9: 1.0}, {0: 1.0, 1: 1.0, 2: 1.0, 3: 1.0, 4: 1.0, 5: 1.0, 6: 0.5, 7: 0.5, 8: 1.0, 9: 1.0}, {0: 1.0, 1: 1.0, 2: 1.0, 3: 1.0, 4: 1.0, 5: 1.0, 6: 0.5, 7: 0.5, 8: 1.0, 9: 1.0}, {0: 1.0, 1: 1.0, 2: 1.0, 3: 1.0, 4: 1.0, 5: 1.0, 6: 0.5, 7: 0.5, 8: 1.0, 9: 1.0}, {0: 1.0, 1: 1.0, 2: 1.0, 3: 1.0, 4: 1.0, 5: 1.0, 6: 1.0, 7: 1.0, 8: 0.5, 9: 0.5}, {0: 1.0, 1: 1.0, 2: 1.0, 3: 1.0, 4: 1.0, 5: 1.0, 6: 1.0, 7: 1.0, 8: 0.5, 9: 0.5}, {0: 1.0, 1: 1.0, 2: 1.0, 3: 1.0, 4: 1.0, 5: 1.0, 6: 1.0, 7: 1.0, 8: 0.5, 9: 0.5}, {0: 1.0, 1: 1.0, 2: 1.0, 3: 1.0, 4: 1.0, 5: 1.0, 6: 1.0, 7: 1.0, 8: 0.5, 9: 0.5}]
each client's acc:
0.9259999999999999
0.9
0.9219999999999999
0.9
0.9
0.9
0.9
0.9
0.9
0.9
0.9
0.9
0.9
0.9
0.9
0.9
0.9
0.9
0.9
0.9
-------------------------------------------
client No.: 0
client No.: 1
client No.: 2
client No.: 3
client No.: 4
client No.: 5
client No.: 6
client No.: 7
client No.: 8
client No.: 9
client No.: 10
client No.: 11
client No.: 12
client No.: 13
client No.: 14
client No.: 15
client No.: 16
client No.: 17
client No.: 18
client No.: 19
glob_iter:  4     train_time:  49.89454805850983
glob_iter:  4     agg_time:  2.62494158744812
All users are selected
-------------------------------------------
test_samples:  [50, 50, 50, 50, 50, 50, 50, 50, 50, 50, 50, 50, 50, 50, 50, 50, 50, 50, 50, 50]
test_accs:  [{0: 0.7, 1: 0.56, 2: 1.0, 3: 1.0, 4: 1.0, 5: 1.0, 6: 1.0, 7: 1.0, 8: 1.0, 9: 1.0}, {0: 0.5, 1: 0.5, 2: 1.0, 3: 1.0, 4: 1.0, 5: 1.0, 6: 1.0, 7: 1.0, 8: 1.0, 9: 1.0}, {0: 0.56, 1: 0.72, 2: 1.0, 3: 1.0, 4: 1.0, 5: 1.0, 6: 1.0, 7: 1.0, 8: 1.0, 9: 1.0}, {0: 0.5, 1: 0.5, 2: 1.0, 3: 1.0, 4: 1.0, 5: 1.0, 6: 1.0, 7: 1.0, 8: 1.0, 9: 1.0}, {0: 1.0, 1: 1.0, 2: 0.5, 3: 0.5, 4: 1.0, 5: 1.0, 6: 1.0, 7: 1.0, 8: 1.0, 9: 1.0}, {0: 1.0, 1: 1.0, 2: 0.5, 3: 0.5, 4: 1.0, 5: 1.0, 6: 1.0, 7: 1.0, 8: 1.0, 9: 1.0}, {0: 1.0, 1: 1.0, 2: 0.5, 3: 0.5, 4: 1.0, 5: 1.0, 6: 1.0, 7: 1.0, 8: 1.0, 9: 1.0}, {0: 1.0, 1: 1.0, 2: 0.5, 3: 0.5, 4: 1.0, 5: 1.0, 6: 1.0, 7: 1.0, 8: 1.0, 9: 1.0}, {0: 1.0, 1: 1.0, 2: 1.0, 3: 1.0, 4: 0.5, 5: 0.5, 6: 1.0, 7: 1.0, 8: 1.0, 9: 1.0}, {0: 1.0, 1: 1.0, 2: 1.0, 3: 1.0, 4: 0.5, 5: 0.5, 6: 1.0, 7: 1.0, 8: 1.0, 9: 1.0}, {0: 1.0, 1: 1.0, 2: 1.0, 3: 1.0, 4: 0.5, 5: 0.5, 6: 1.0, 7: 1.0, 8: 1.0, 9: 1.0}, {0: 1.0, 1: 1.0, 2: 1.0, 3: 1.0, 4: 0.5, 5: 0.5, 6: 1.0, 7: 1.0, 8: 1.0, 9: 1.0}, {0: 1.0, 1: 1.0, 2: 1.0, 3: 1.0, 4: 1.0, 5: 1.0, 6: 0.5, 7: 0.5, 8: 1.0, 9: 1.0}, {0: 1.0, 1: 1.0, 2: 1.0, 3: 1.0, 4: 1.0, 5: 1.0, 6: 0.5, 7: 0.5, 8: 1.0, 9: 1.0}, {0: 1.0, 1: 1.0, 2: 1.0, 3: 1.0, 4: 1.0, 5: 1.0, 6: 0.5, 7: 0.5, 8: 1.0, 9: 1.0}, {0: 1.0, 1: 1.0, 2: 1.0, 3: 1.0, 4: 1.0, 5: 1.0, 6: 0.5, 7: 0.5, 8: 1.0, 9: 1.0}, {0: 1.0, 1: 1.0, 2: 1.0, 3: 1.0, 4: 1.0, 5: 1.0, 6: 1.0, 7: 1.0, 8: 0.5, 9: 0.5}, {0: 1.0, 1: 1.0, 2: 1.0, 3: 1.0, 4: 1.0, 5: 1.0, 6: 1.0, 7: 1.0, 8: 0.5, 9: 0.5}, {0: 1.0, 1: 1.0, 2: 1.0, 3: 1.0, 4: 1.0, 5: 1.0, 6: 1.0, 7: 1.0, 8: 0.5, 9: 0.5}, {0: 1.0, 1: 1.0, 2: 1.0, 3: 1.0, 4: 1.0, 5: 1.0, 6: 1.0, 7: 1.0, 8: 0.5, 9: 0.5}]
each client's acc:
0.9259999999999999
0.9
0.9280000000000002
0.9
0.9
0.9
0.9
0.9
0.9
0.9
0.9
0.9
0.9
0.9
0.9
0.9
0.9
0.9
0.9
0.9
-------------------------------------------
client No.: 0
client No.: 1
client No.: 2
client No.: 3
client No.: 4
client No.: 5
client No.: 6
client No.: 7
client No.: 8
client No.: 9
client No.: 10
client No.: 11
client No.: 12
client No.: 13
client No.: 14
client No.: 15
client No.: 16
client No.: 17
client No.: 18
client No.: 19
glob_iter:  5     train_time:  49.908329451084136
glob_iter:  5     agg_time:  2.9551384449005127
All users are selected
-------------------------------------------
test_samples:  [50, 50, 50, 50, 50, 50, 50, 50, 50, 50, 50, 50, 50, 50, 50, 50, 50, 50, 50, 50]
test_accs:  [{0: 0.76, 1: 0.6, 2: 1.0, 3: 1.0, 4: 1.0, 5: 1.0, 6: 1.0, 7: 1.0, 8: 1.0, 9: 1.0}, {0: 0.5, 1: 0.5, 2: 1.0, 3: 1.0, 4: 1.0, 5: 1.0, 6: 1.0, 7: 1.0, 8: 1.0, 9: 1.0}, {0: 0.64, 1: 0.68, 2: 1.0, 3: 1.0, 4: 1.0, 5: 1.0, 6: 1.0, 7: 1.0, 8: 1.0, 9: 1.0}, {0: 0.5, 1: 0.5, 2: 1.0, 3: 1.0, 4: 1.0, 5: 1.0, 6: 1.0, 7: 1.0, 8: 1.0, 9: 1.0}, {0: 1.0, 1: 1.0, 2: 0.5, 3: 0.5, 4: 1.0, 5: 1.0, 6: 1.0, 7: 1.0, 8: 1.0, 9: 1.0}, {0: 1.0, 1: 1.0, 2: 0.5, 3: 0.5, 4: 1.0, 5: 1.0, 6: 1.0, 7: 1.0, 8: 1.0, 9: 1.0}, {0: 1.0, 1: 1.0, 2: 0.5, 3: 0.5, 4: 1.0, 5: 1.0, 6: 1.0, 7: 1.0, 8: 1.0, 9: 1.0}, {0: 1.0, 1: 1.0, 2: 0.5, 3: 0.5, 4: 1.0, 5: 1.0, 6: 1.0, 7: 1.0, 8: 1.0, 9: 1.0}, {0: 1.0, 1: 1.0, 2: 1.0, 3: 1.0, 4: 0.5, 5: 0.5, 6: 1.0, 7: 1.0, 8: 1.0, 9: 1.0}, {0: 1.0, 1: 1.0, 2: 1.0, 3: 1.0, 4: 0.5, 5: 0.5, 6: 1.0, 7: 1.0, 8: 1.0, 9: 1.0}, {0: 1.0, 1: 1.0, 2: 1.0, 3: 1.0, 4: 0.5, 5: 0.5, 6: 1.0, 7: 1.0, 8: 1.0, 9: 1.0}, {0: 1.0, 1: 1.0, 2: 1.0, 3: 1.0, 4: 0.5, 5: 0.5, 6: 1.0, 7: 1.0, 8: 1.0, 9: 1.0}, {0: 1.0, 1: 1.0, 2: 1.0, 3: 1.0, 4: 1.0, 5: 1.0, 6: 0.52, 7: 0.52, 8: 1.0, 9: 1.0}, {0: 1.0, 1: 1.0, 2: 1.0, 3: 1.0, 4: 1.0, 5: 1.0, 6: 0.5, 7: 0.5, 8: 1.0, 9: 1.0}, {0: 1.0, 1: 1.0, 2: 1.0, 3: 1.0, 4: 1.0, 5: 1.0, 6: 0.5, 7: 0.5, 8: 1.0, 9: 1.0}, {0: 1.0, 1: 1.0, 2: 1.0, 3: 1.0, 4: 1.0, 5: 1.0, 6: 0.5, 7: 0.5, 8: 1.0, 9: 1.0}, {0: 1.0, 1: 1.0, 2: 1.0, 3: 1.0, 4: 1.0, 5: 1.0, 6: 1.0, 7: 1.0, 8: 0.5, 9: 0.5}, {0: 1.0, 1: 1.0, 2: 1.0, 3: 1.0, 4: 1.0, 5: 1.0, 6: 1.0, 7: 1.0, 8: 0.5, 9: 0.5}, {0: 1.0, 1: 1.0, 2: 1.0, 3: 1.0, 4: 1.0, 5: 1.0, 6: 1.0, 7: 1.0, 8: 0.5, 9: 0.5}, {0: 1.0, 1: 1.0, 2: 1.0, 3: 1.0, 4: 1.0, 5: 1.0, 6: 1.0, 7: 1.0, 8: 0.5, 9: 0.5}]
each client's acc:
0.9359999999999999
0.9
0.932
0.9
0.9
0.9
0.9
0.9
0.9
0.9
0.9
0.9
0.9039999999999999
0.9
0.9
0.9
0.9
0.9
0.9
0.9
-------------------------------------------
client No.: 0
client No.: 1
client No.: 2
client No.: 3
client No.: 4
client No.: 5
client No.: 6
client No.: 7
client No.: 8
client No.: 9
client No.: 10
client No.: 11
client No.: 12
client No.: 13
client No.: 14
client No.: 15
client No.: 16
client No.: 17
client No.: 18
client No.: 19
glob_iter:  6     train_time:  50.11297346353531
glob_iter:  6     agg_time:  2.935580253601074
All users are selected
-------------------------------------------
test_samples:  [50, 50, 50, 50, 50, 50, 50, 50, 50, 50, 50, 50, 50, 50, 50, 50, 50, 50, 50, 50]
test_accs:  [{0: 0.74, 1: 0.62, 2: 1.0, 3: 1.0, 4: 1.0, 5: 1.0, 6: 1.0, 7: 1.0, 8: 1.0, 9: 1.0}, {0: 0.5, 1: 0.5, 2: 1.0, 3: 1.0, 4: 1.0, 5: 1.0, 6: 1.0, 7: 1.0, 8: 1.0, 9: 1.0}, {0: 0.66, 1: 0.68, 2: 1.0, 3: 1.0, 4: 1.0, 5: 1.0, 6: 1.0, 7: 1.0, 8: 1.0, 9: 1.0}, {0: 0.5, 1: 0.5, 2: 1.0, 3: 1.0, 4: 1.0, 5: 1.0, 6: 1.0, 7: 1.0, 8: 1.0, 9: 1.0}, {0: 1.0, 1: 1.0, 2: 0.5, 3: 0.5, 4: 1.0, 5: 1.0, 6: 1.0, 7: 1.0, 8: 1.0, 9: 1.0}, {0: 1.0, 1: 1.0, 2: 0.5, 3: 0.5, 4: 1.0, 5: 1.0, 6: 1.0, 7: 1.0, 8: 1.0, 9: 1.0}, {0: 1.0, 1: 1.0, 2: 0.5, 3: 0.5, 4: 1.0, 5: 1.0, 6: 1.0, 7: 1.0, 8: 1.0, 9: 1.0}, {0: 1.0, 1: 1.0, 2: 0.5, 3: 0.5, 4: 1.0, 5: 1.0, 6: 1.0, 7: 1.0, 8: 1.0, 9: 1.0}, {0: 1.0, 1: 1.0, 2: 1.0, 3: 1.0, 4: 0.54, 5: 0.52, 6: 1.0, 7: 1.0, 8: 1.0, 9: 1.0}, {0: 1.0, 1: 1.0, 2: 1.0, 3: 1.0, 4: 0.5, 5: 0.5, 6: 1.0, 7: 1.0, 8: 1.0, 9: 1.0}, {0: 1.0, 1: 1.0, 2: 1.0, 3: 1.0, 4: 0.5, 5: 0.5, 6: 1.0, 7: 1.0, 8: 1.0, 9: 1.0}, {0: 1.0, 1: 1.0, 2: 1.0, 3: 1.0, 4: 0.5, 5: 0.5, 6: 1.0, 7: 1.0, 8: 1.0, 9: 1.0}, {0: 1.0, 1: 1.0, 2: 1.0, 3: 1.0, 4: 1.0, 5: 1.0, 6: 0.54, 7: 0.54, 8: 1.0, 9: 1.0}, {0: 1.0, 1: 1.0, 2: 1.0, 3: 1.0, 4: 1.0, 5: 1.0, 6: 0.5, 7: 0.5, 8: 1.0, 9: 1.0}, {0: 1.0, 1: 1.0, 2: 1.0, 3: 1.0, 4: 1.0, 5: 1.0, 6: 0.5, 7: 0.5, 8: 1.0, 9: 1.0}, {0: 1.0, 1: 1.0, 2: 1.0, 3: 1.0, 4: 1.0, 5: 1.0, 6: 0.5, 7: 0.5, 8: 1.0, 9: 1.0}, {0: 1.0, 1: 1.0, 2: 1.0, 3: 1.0, 4: 1.0, 5: 1.0, 6: 1.0, 7: 1.0, 8: 0.5, 9: 0.5}, {0: 1.0, 1: 1.0, 2: 1.0, 3: 1.0, 4: 1.0, 5: 1.0, 6: 1.0, 7: 1.0, 8: 0.5, 9: 0.5}, {0: 1.0, 1: 1.0, 2: 1.0, 3: 1.0, 4: 1.0, 5: 1.0, 6: 1.0, 7: 1.0, 8: 0.5, 9: 0.5}, {0: 1.0, 1: 1.0, 2: 1.0, 3: 1.0, 4: 1.0, 5: 1.0, 6: 1.0, 7: 1.0, 8: 0.5, 9: 0.5}]
each client's acc:
0.9359999999999999
0.9
0.9339999999999999
0.9
0.9
0.9
0.9
0.9
0.906
0.9
0.9
0.9
0.908
0.9
0.9
0.9
0.9
0.9
0.9
0.9
-------------------------------------------
client No.: 0
client No.: 1
client No.: 2
client No.: 3
client No.: 4
client No.: 5
client No.: 6
client No.: 7
client No.: 8
client No.: 9
client No.: 10
client No.: 11
client No.: 12
client No.: 13
client No.: 14
client No.: 15
client No.: 16
client No.: 17
client No.: 18
client No.: 19
glob_iter:  7     train_time:  49.97316066026688
glob_iter:  7     agg_time:  2.869173288345337
All users are selected
-------------------------------------------
test_samples:  [50, 50, 50, 50, 50, 50, 50, 50, 50, 50, 50, 50, 50, 50, 50, 50, 50, 50, 50, 50]
test_accs:  [{0: 0.74, 1: 0.62, 2: 1.0, 3: 1.0, 4: 1.0, 5: 1.0, 6: 1.0, 7: 1.0, 8: 1.0, 9: 1.0}, {0: 0.5, 1: 0.5, 2: 1.0, 3: 1.0, 4: 1.0, 5: 1.0, 6: 1.0, 7: 1.0, 8: 1.0, 9: 1.0}, {0: 0.66, 1: 0.66, 2: 1.0, 3: 1.0, 4: 1.0, 5: 1.0, 6: 1.0, 7: 1.0, 8: 1.0, 9: 1.0}, {0: 0.5, 1: 0.5, 2: 1.0, 3: 1.0, 4: 1.0, 5: 1.0, 6: 1.0, 7: 1.0, 8: 1.0, 9: 1.0}, {0: 1.0, 1: 1.0, 2: 0.5, 3: 0.5, 4: 1.0, 5: 1.0, 6: 1.0, 7: 1.0, 8: 1.0, 9: 1.0}, {0: 1.0, 1: 1.0, 2: 0.5, 3: 0.5, 4: 1.0, 5: 1.0, 6: 1.0, 7: 1.0, 8: 1.0, 9: 1.0}, {0: 1.0, 1: 1.0, 2: 0.5, 3: 0.5, 4: 1.0, 5: 1.0, 6: 1.0, 7: 1.0, 8: 1.0, 9: 1.0}, {0: 1.0, 1: 1.0, 2: 0.5, 3: 0.5, 4: 1.0, 5: 1.0, 6: 1.0, 7: 1.0, 8: 1.0, 9: 1.0}, {0: 1.0, 1: 1.0, 2: 1.0, 3: 1.0, 4: 0.62, 5: 0.6, 6: 1.0, 7: 1.0, 8: 1.0, 9: 1.0}, {0: 1.0, 1: 1.0, 2: 1.0, 3: 1.0, 4: 0.5, 5: 0.5, 6: 1.0, 7: 1.0, 8: 1.0, 9: 1.0}, {0: 1.0, 1: 1.0, 2: 1.0, 3: 1.0, 4: 0.52, 5: 0.52, 6: 1.0, 7: 1.0, 8: 1.0, 9: 1.0}, {0: 1.0, 1: 1.0, 2: 1.0, 3: 1.0, 4: 0.5, 5: 0.5, 6: 1.0, 7: 1.0, 8: 1.0, 9: 1.0}, {0: 1.0, 1: 1.0, 2: 1.0, 3: 1.0, 4: 1.0, 5: 1.0, 6: 0.54, 7: 0.54, 8: 1.0, 9: 1.0}, {0: 1.0, 1: 1.0, 2: 1.0, 3: 1.0, 4: 1.0, 5: 1.0, 6: 0.5, 7: 0.5, 8: 1.0, 9: 1.0}, {0: 1.0, 1: 1.0, 2: 1.0, 3: 1.0, 4: 1.0, 5: 1.0, 6: 0.5, 7: 0.5, 8: 1.0, 9: 1.0}, {0: 1.0, 1: 1.0, 2: 1.0, 3: 1.0, 4: 1.0, 5: 1.0, 6: 0.5, 7: 0.52, 8: 1.0, 9: 1.0}, {0: 1.0, 1: 1.0, 2: 1.0, 3: 1.0, 4: 1.0, 5: 1.0, 6: 1.0, 7: 1.0, 8: 0.5, 9: 0.5}, {0: 1.0, 1: 1.0, 2: 1.0, 3: 1.0, 4: 1.0, 5: 1.0, 6: 1.0, 7: 1.0, 8: 0.5, 9: 0.5}, {0: 1.0, 1: 1.0, 2: 1.0, 3: 1.0, 4: 1.0, 5: 1.0, 6: 1.0, 7: 1.0, 8: 0.5, 9: 0.5}, {0: 1.0, 1: 1.0, 2: 1.0, 3: 1.0, 4: 1.0, 5: 1.0, 6: 1.0, 7: 1.0, 8: 0.5, 9: 0.5}]
each client's acc:
0.9359999999999999
0.9
0.932
0.9
0.9
0.9
0.9
0.9
0.9219999999999999
0.9
0.9039999999999999
0.9
0.908
0.9
0.9
0.9019999999999999
0.9
0.9
0.9
0.9
-------------------------------------------
client No.: 0
client No.: 1
client No.: 2
client No.: 3
client No.: 4
client No.: 5
client No.: 6
client No.: 7
client No.: 8
client No.: 9
client No.: 10
client No.: 11
client No.: 12
client No.: 13
client No.: 14
client No.: 15
client No.: 16
client No.: 17
client No.: 18
client No.: 19
glob_iter:  8     train_time:  49.57441601753235
glob_iter:  8     agg_time:  2.8359999656677246
All users are selected
-------------------------------------------
test_samples:  [50, 50, 50, 50, 50, 50, 50, 50, 50, 50, 50, 50, 50, 50, 50, 50, 50, 50, 50, 50]
test_accs:  [{0: 0.78, 1: 0.62, 2: 1.0, 3: 1.0, 4: 1.0, 5: 1.0, 6: 1.0, 7: 1.0, 8: 1.0, 9: 1.0}, {0: 0.5, 1: 0.5, 2: 1.0, 3: 1.0, 4: 1.0, 5: 1.0, 6: 1.0, 7: 1.0, 8: 1.0, 9: 1.0}, {0: 0.64, 1: 0.64, 2: 1.0, 3: 1.0, 4: 1.0, 5: 1.0, 6: 1.0, 7: 1.0, 8: 1.0, 9: 1.0}, {0: 0.5, 1: 0.5, 2: 1.0, 3: 1.0, 4: 1.0, 5: 1.0, 6: 1.0, 7: 1.0, 8: 1.0, 9: 1.0}, {0: 1.0, 1: 1.0, 2: 0.52, 3: 0.5, 4: 1.0, 5: 1.0, 6: 1.0, 7: 1.0, 8: 1.0, 9: 1.0}, {0: 1.0, 1: 1.0, 2: 0.5, 3: 0.5, 4: 1.0, 5: 1.0, 6: 1.0, 7: 1.0, 8: 1.0, 9: 1.0}, {0: 1.0, 1: 1.0, 2: 0.5, 3: 0.5, 4: 1.0, 5: 1.0, 6: 1.0, 7: 1.0, 8: 1.0, 9: 1.0}, {0: 1.0, 1: 1.0, 2: 0.5, 3: 0.5, 4: 1.0, 5: 1.0, 6: 1.0, 7: 1.0, 8: 1.0, 9: 1.0}, {0: 1.0, 1: 1.0, 2: 1.0, 3: 1.0, 4: 0.6, 5: 0.56, 6: 1.0, 7: 1.0, 8: 1.0, 9: 1.0}, {0: 1.0, 1: 1.0, 2: 1.0, 3: 1.0, 4: 0.52, 5: 0.5, 6: 1.0, 7: 1.0, 8: 1.0, 9: 1.0}, {0: 1.0, 1: 1.0, 2: 1.0, 3: 1.0, 4: 0.52, 5: 0.52, 6: 1.0, 7: 1.0, 8: 1.0, 9: 1.0}, {0: 1.0, 1: 1.0, 2: 1.0, 3: 1.0, 4: 0.5, 5: 0.5, 6: 1.0, 7: 1.0, 8: 1.0, 9: 1.0}, {0: 1.0, 1: 1.0, 2: 1.0, 3: 1.0, 4: 1.0, 5: 1.0, 6: 0.54, 7: 0.54, 8: 1.0, 9: 1.0}, {0: 1.0, 1: 1.0, 2: 1.0, 3: 1.0, 4: 1.0, 5: 1.0, 6: 0.52, 7: 0.56, 8: 1.0, 9: 1.0}, {0: 1.0, 1: 1.0, 2: 1.0, 3: 1.0, 4: 1.0, 5: 1.0, 6: 0.5, 7: 0.5, 8: 1.0, 9: 1.0}, {0: 1.0, 1: 1.0, 2: 1.0, 3: 1.0, 4: 1.0, 5: 1.0, 6: 0.54, 7: 0.56, 8: 1.0, 9: 1.0}, {0: 1.0, 1: 1.0, 2: 1.0, 3: 1.0, 4: 1.0, 5: 1.0, 6: 1.0, 7: 1.0, 8: 0.5, 9: 0.5}, {0: 1.0, 1: 1.0, 2: 1.0, 3: 1.0, 4: 1.0, 5: 1.0, 6: 1.0, 7: 1.0, 8: 0.5, 9: 0.5}, {0: 1.0, 1: 1.0, 2: 1.0, 3: 1.0, 4: 1.0, 5: 1.0, 6: 1.0, 7: 1.0, 8: 0.5, 9: 0.5}, {0: 1.0, 1: 1.0, 2: 1.0, 3: 1.0, 4: 1.0, 5: 1.0, 6: 1.0, 7: 1.0, 8: 0.5, 9: 0.5}]
each client's acc:
0.9400000000000001
0.9
0.9280000000000002
0.9
0.9019999999999999
0.9
0.9
0.9
0.916
0.9019999999999999
0.9039999999999999
0.9
0.908
0.908
0.9
0.9099999999999999
0.9
0.9
0.9
0.9
-------------------------------------------
client No.: 0
client No.: 1
client No.: 2
client No.: 3
client No.: 4
client No.: 5
client No.: 6
client No.: 7
client No.: 8
client No.: 9
client No.: 10
client No.: 11
client No.: 12
client No.: 13
client No.: 14
client No.: 15
client No.: 16
client No.: 17
client No.: 18
client No.: 19
glob_iter:  9     train_time:  49.39785412549973
glob_iter:  9     agg_time:  2.7251975536346436
All users are selected
-------------------------------------------
test_samples:  [50, 50, 50, 50, 50, 50, 50, 50, 50, 50, 50, 50, 50, 50, 50, 50, 50, 50, 50, 50]
test_accs:  [{0: 0.74, 1: 0.68, 2: 1.0, 3: 1.0, 4: 1.0, 5: 1.0, 6: 1.0, 7: 1.0, 8: 1.0, 9: 1.0}, {0: 0.5, 1: 0.5, 2: 1.0, 3: 1.0, 4: 1.0, 5: 1.0, 6: 1.0, 7: 1.0, 8: 1.0, 9: 1.0}, {0: 0.64, 1: 0.64, 2: 1.0, 3: 1.0, 4: 1.0, 5: 1.0, 6: 1.0, 7: 1.0, 8: 1.0, 9: 1.0}, {0: 0.5, 1: 0.5, 2: 1.0, 3: 1.0, 4: 1.0, 5: 1.0, 6: 1.0, 7: 1.0, 8: 1.0, 9: 1.0}, {0: 1.0, 1: 1.0, 2: 0.58, 3: 0.56, 4: 1.0, 5: 1.0, 6: 1.0, 7: 1.0, 8: 1.0, 9: 1.0}, {0: 1.0, 1: 1.0, 2: 0.5, 3: 0.5, 4: 1.0, 5: 1.0, 6: 1.0, 7: 1.0, 8: 1.0, 9: 1.0}, {0: 1.0, 1: 1.0, 2: 0.58, 3: 0.58, 4: 1.0, 5: 1.0, 6: 1.0, 7: 1.0, 8: 1.0, 9: 1.0}, {0: 1.0, 1: 1.0, 2: 0.52, 3: 0.5, 4: 1.0, 5: 1.0, 6: 1.0, 7: 1.0, 8: 1.0, 9: 1.0}, {0: 1.0, 1: 1.0, 2: 1.0, 3: 1.0, 4: 0.58, 5: 0.6, 6: 1.0, 7: 1.0, 8: 1.0, 9: 1.0}, {0: 1.0, 1: 1.0, 2: 1.0, 3: 1.0, 4: 0.52, 5: 0.52, 6: 1.0, 7: 1.0, 8: 1.0, 9: 1.0}, {0: 1.0, 1: 1.0, 2: 1.0, 3: 1.0, 4: 0.62, 5: 0.54, 6: 1.0, 7: 1.0, 8: 1.0, 9: 1.0}, {0: 1.0, 1: 1.0, 2: 1.0, 3: 1.0, 4: 0.5, 5: 0.5, 6: 1.0, 7: 1.0, 8: 1.0, 9: 1.0}, {0: 1.0, 1: 1.0, 2: 1.0, 3: 1.0, 4: 1.0, 5: 1.0, 6: 0.54, 7: 0.56, 8: 1.0, 9: 1.0}, {0: 1.0, 1: 1.0, 2: 1.0, 3: 1.0, 4: 1.0, 5: 1.0, 6: 0.58, 7: 0.6, 8: 1.0, 9: 1.0}, {0: 1.0, 1: 1.0, 2: 1.0, 3: 1.0, 4: 1.0, 5: 1.0, 6: 0.5, 7: 0.52, 8: 1.0, 9: 1.0}, {0: 1.0, 1: 1.0, 2: 1.0, 3: 1.0, 4: 1.0, 5: 1.0, 6: 0.62, 7: 0.62, 8: 1.0, 9: 1.0}, {0: 1.0, 1: 1.0, 2: 1.0, 3: 1.0, 4: 1.0, 5: 1.0, 6: 1.0, 7: 1.0, 8: 0.5, 9: 0.5}, {0: 1.0, 1: 1.0, 2: 1.0, 3: 1.0, 4: 1.0, 5: 1.0, 6: 1.0, 7: 1.0, 8: 0.74, 9: 0.68}, {0: 1.0, 1: 1.0, 2: 1.0, 3: 1.0, 4: 1.0, 5: 1.0, 6: 1.0, 7: 1.0, 8: 0.56, 9: 0.5}, {0: 1.0, 1: 1.0, 2: 1.0, 3: 1.0, 4: 1.0, 5: 1.0, 6: 1.0, 7: 1.0, 8: 0.5, 9: 0.5}]
each client's acc:
0.942
0.9
0.9280000000000002
0.9
0.914
0.9
0.916
0.9019999999999999
0.9179999999999999
0.9039999999999999
0.916
0.9
0.9099999999999999
0.9179999999999999
0.9019999999999999
0.924
0.9
0.942
0.906
0.9
-------------------------------------------
client No.: 0
client No.: 1
client No.: 2
client No.: 3
client No.: 4
client No.: 5
client No.: 6
client No.: 7
client No.: 8
client No.: 9
client No.: 10
client No.: 11
client No.: 12
client No.: 13
client No.: 14
client No.: 15
client No.: 16
client No.: 17
client No.: 18
client No.: 19
glob_iter:  10     train_time:  49.368756556510924
glob_iter:  10     agg_time:  2.834134578704834
All users are selected
-------------------------------------------
test_samples:  [50, 50, 50, 50, 50, 50, 50, 50, 50, 50, 50, 50, 50, 50, 50, 50, 50, 50, 50, 50]
test_accs:  [{0: 0.76, 1: 0.76, 2: 1.0, 3: 1.0, 4: 1.0, 5: 1.0, 6: 1.0, 7: 1.0, 8: 1.0, 9: 1.0}, {0: 0.5, 1: 0.5, 2: 1.0, 3: 1.0, 4: 1.0, 5: 1.0, 6: 1.0, 7: 1.0, 8: 1.0, 9: 1.0}, {0: 0.62, 1: 0.64, 2: 1.0, 3: 1.0, 4: 1.0, 5: 1.0, 6: 1.0, 7: 1.0, 8: 1.0, 9: 1.0}, {0: 0.5, 1: 0.5, 2: 1.0, 3: 1.0, 4: 1.0, 5: 1.0, 6: 1.0, 7: 1.0, 8: 1.0, 9: 1.0}, {0: 1.0, 1: 1.0, 2: 0.66, 3: 0.64, 4: 1.0, 5: 1.0, 6: 1.0, 7: 1.0, 8: 1.0, 9: 1.0}, {0: 1.0, 1: 1.0, 2: 0.5, 3: 0.5, 4: 1.0, 5: 1.0, 6: 1.0, 7: 1.0, 8: 1.0, 9: 1.0}, {0: 1.0, 1: 1.0, 2: 0.58, 3: 0.58, 4: 1.0, 5: 1.0, 6: 1.0, 7: 1.0, 8: 1.0, 9: 1.0}, {0: 1.0, 1: 1.0, 2: 0.56, 3: 0.5, 4: 1.0, 5: 1.0, 6: 1.0, 7: 1.0, 8: 1.0, 9: 1.0}, {0: 1.0, 1: 1.0, 2: 1.0, 3: 1.0, 4: 0.58, 5: 0.56, 6: 1.0, 7: 1.0, 8: 1.0, 9: 1.0}, {0: 1.0, 1: 1.0, 2: 1.0, 3: 1.0, 4: 0.56, 5: 0.56, 6: 1.0, 7: 1.0, 8: 1.0, 9: 1.0}, {0: 1.0, 1: 1.0, 2: 1.0, 3: 1.0, 4: 0.62, 5: 0.62, 6: 1.0, 7: 1.0, 8: 1.0, 9: 1.0}, {0: 1.0, 1: 1.0, 2: 1.0, 3: 1.0, 4: 0.5, 5: 0.5, 6: 1.0, 7: 1.0, 8: 1.0, 9: 1.0}, {0: 1.0, 1: 1.0, 2: 1.0, 3: 1.0, 4: 1.0, 5: 1.0, 6: 0.54, 7: 0.54, 8: 1.0, 9: 1.0}, {0: 1.0, 1: 1.0, 2: 1.0, 3: 1.0, 4: 1.0, 5: 1.0, 6: 0.6, 7: 0.6, 8: 1.0, 9: 1.0}, {0: 1.0, 1: 1.0, 2: 1.0, 3: 1.0, 4: 1.0, 5: 1.0, 6: 0.56, 7: 0.58, 8: 1.0, 9: 1.0}, {0: 1.0, 1: 1.0, 2: 1.0, 3: 1.0, 4: 1.0, 5: 1.0, 6: 0.62, 7: 0.64, 8: 1.0, 9: 1.0}, {0: 1.0, 1: 1.0, 2: 1.0, 3: 1.0, 4: 1.0, 5: 1.0, 6: 1.0, 7: 1.0, 8: 0.5, 9: 0.5}, {0: 1.0, 1: 1.0, 2: 1.0, 3: 1.0, 4: 1.0, 5: 1.0, 6: 1.0, 7: 1.0, 8: 0.76, 9: 0.74}, {0: 1.0, 1: 1.0, 2: 1.0, 3: 1.0, 4: 1.0, 5: 1.0, 6: 1.0, 7: 1.0, 8: 0.72, 9: 0.68}, {0: 1.0, 1: 1.0, 2: 1.0, 3: 1.0, 4: 1.0, 5: 1.0, 6: 1.0, 7: 1.0, 8: 0.56, 9: 0.56}]
each client's acc:
0.952
0.9
0.9259999999999999
0.9
0.93
0.9
0.916
0.906
0.914
0.9120000000000001
0.924
0.9
0.908
0.9199999999999999
0.914
0.9259999999999999
0.9
0.95
0.9400000000000001
0.9120000000000001
-------------------------------------------
client No.: 0
client No.: 1
client No.: 2
client No.: 3
client No.: 4
client No.: 5
client No.: 6
client No.: 7
client No.: 8
client No.: 9
client No.: 10
client No.: 11
client No.: 12
client No.: 13
client No.: 14
client No.: 15
client No.: 16
client No.: 17
client No.: 18
client No.: 19
glob_iter:  11     train_time:  49.379891061782835
glob_iter:  11     agg_time:  2.7638301849365234
All users are selected
-------------------------------------------
test_samples:  [50, 50, 50, 50, 50, 50, 50, 50, 50, 50, 50, 50, 50, 50, 50, 50, 50, 50, 50, 50]
test_accs:  [{0: 0.76, 1: 0.74, 2: 1.0, 3: 1.0, 4: 1.0, 5: 1.0, 6: 1.0, 7: 1.0, 8: 1.0, 9: 1.0}, {0: 0.5, 1: 0.5, 2: 1.0, 3: 1.0, 4: 1.0, 5: 1.0, 6: 1.0, 7: 1.0, 8: 1.0, 9: 1.0}, {0: 0.64, 1: 0.64, 2: 1.0, 3: 1.0, 4: 1.0, 5: 1.0, 6: 1.0, 7: 1.0, 8: 1.0, 9: 1.0}, {0: 0.5, 1: 0.5, 2: 1.0, 3: 1.0, 4: 1.0, 5: 1.0, 6: 1.0, 7: 1.0, 8: 1.0, 9: 1.0}, {0: 1.0, 1: 1.0, 2: 0.64, 3: 0.64, 4: 1.0, 5: 1.0, 6: 1.0, 7: 1.0, 8: 1.0, 9: 1.0}, {0: 1.0, 1: 1.0, 2: 0.5, 3: 0.5, 4: 1.0, 5: 1.0, 6: 1.0, 7: 1.0, 8: 1.0, 9: 1.0}, {0: 1.0, 1: 1.0, 2: 0.58, 3: 0.6, 4: 1.0, 5: 1.0, 6: 1.0, 7: 1.0, 8: 1.0, 9: 1.0}, {0: 1.0, 1: 1.0, 2: 0.56, 3: 0.5, 4: 1.0, 5: 1.0, 6: 1.0, 7: 1.0, 8: 1.0, 9: 1.0}, {0: 1.0, 1: 1.0, 2: 1.0, 3: 1.0, 4: 0.56, 5: 0.54, 6: 1.0, 7: 1.0, 8: 1.0, 9: 1.0}, {0: 1.0, 1: 1.0, 2: 1.0, 3: 1.0, 4: 0.58, 5: 0.58, 6: 1.0, 7: 1.0, 8: 1.0, 9: 1.0}, {0: 1.0, 1: 1.0, 2: 1.0, 3: 1.0, 4: 0.72, 5: 0.68, 6: 1.0, 7: 1.0, 8: 1.0, 9: 1.0}, {0: 1.0, 1: 1.0, 2: 1.0, 3: 1.0, 4: 0.5, 5: 0.5, 6: 1.0, 7: 1.0, 8: 1.0, 9: 1.0}, {0: 1.0, 1: 1.0, 2: 1.0, 3: 1.0, 4: 1.0, 5: 1.0, 6: 0.54, 7: 0.54, 8: 1.0, 9: 1.0}, {0: 1.0, 1: 1.0, 2: 1.0, 3: 1.0, 4: 1.0, 5: 1.0, 6: 0.58, 7: 0.58, 8: 1.0, 9: 1.0}, {0: 1.0, 1: 1.0, 2: 1.0, 3: 1.0, 4: 1.0, 5: 1.0, 6: 0.64, 7: 0.64, 8: 1.0, 9: 1.0}, {0: 1.0, 1: 1.0, 2: 1.0, 3: 1.0, 4: 1.0, 5: 1.0, 6: 0.64, 7: 0.66, 8: 1.0, 9: 1.0}, {0: 1.0, 1: 1.0, 2: 1.0, 3: 1.0, 4: 1.0, 5: 1.0, 6: 1.0, 7: 1.0, 8: 0.5, 9: 0.5}, {0: 1.0, 1: 1.0, 2: 1.0, 3: 1.0, 4: 1.0, 5: 1.0, 6: 1.0, 7: 1.0, 8: 0.76, 9: 0.76}, {0: 1.0, 1: 1.0, 2: 1.0, 3: 1.0, 4: 1.0, 5: 1.0, 6: 1.0, 7: 1.0, 8: 0.76, 9: 0.74}, {0: 1.0, 1: 1.0, 2: 1.0, 3: 1.0, 4: 1.0, 5: 1.0, 6: 1.0, 7: 1.0, 8: 0.56, 9: 0.56}]
each client's acc:
0.95
0.9
0.9280000000000002
0.9
0.9280000000000002
0.9
0.9179999999999999
0.906
0.9100000000000001
0.916
0.9399999999999998
0.9
0.908
0.916
0.9279999999999999
0.93
0.9
0.952
0.95
0.9120000000000001
-------------------------------------------
client No.: 0
client No.: 1
client No.: 2
client No.: 3
client No.: 4
client No.: 5
client No.: 6
client No.: 7
client No.: 8
client No.: 9
client No.: 10
client No.: 11
client No.: 12
client No.: 13
client No.: 14
client No.: 15
client No.: 16
client No.: 17
client No.: 18
client No.: 19
glob_iter:  12     train_time:  49.37965641021729
glob_iter:  12     agg_time:  2.835524559020996
All users are selected
-------------------------------------------
test_samples:  [50, 50, 50, 50, 50, 50, 50, 50, 50, 50, 50, 50, 50, 50, 50, 50, 50, 50, 50, 50]
test_accs:  [{0: 0.74, 1: 0.76, 2: 1.0, 3: 1.0, 4: 1.0, 5: 1.0, 6: 1.0, 7: 1.0, 8: 1.0, 9: 1.0}, {0: 0.5, 1: 0.5, 2: 1.0, 3: 1.0, 4: 1.0, 5: 1.0, 6: 1.0, 7: 1.0, 8: 1.0, 9: 1.0}, {0: 0.62, 1: 0.62, 2: 1.0, 3: 1.0, 4: 1.0, 5: 1.0, 6: 1.0, 7: 1.0, 8: 1.0, 9: 1.0}, {0: 0.5, 1: 0.5, 2: 1.0, 3: 1.0, 4: 1.0, 5: 1.0, 6: 1.0, 7: 1.0, 8: 1.0, 9: 1.0}, {0: 1.0, 1: 1.0, 2: 0.64, 3: 0.64, 4: 1.0, 5: 1.0, 6: 1.0, 7: 1.0, 8: 1.0, 9: 1.0}, {0: 1.0, 1: 1.0, 2: 0.5, 3: 0.5, 4: 1.0, 5: 1.0, 6: 1.0, 7: 1.0, 8: 1.0, 9: 1.0}, {0: 1.0, 1: 1.0, 2: 0.6, 3: 0.6, 4: 1.0, 5: 1.0, 6: 1.0, 7: 1.0, 8: 1.0, 9: 1.0}, {0: 1.0, 1: 1.0, 2: 0.6, 3: 0.52, 4: 1.0, 5: 1.0, 6: 1.0, 7: 1.0, 8: 1.0, 9: 1.0}, {0: 1.0, 1: 1.0, 2: 1.0, 3: 1.0, 4: 0.58, 5: 0.56, 6: 1.0, 7: 1.0, 8: 1.0, 9: 1.0}, {0: 1.0, 1: 1.0, 2: 1.0, 3: 1.0, 4: 0.62, 5: 0.62, 6: 1.0, 7: 1.0, 8: 1.0, 9: 1.0}, {0: 1.0, 1: 1.0, 2: 1.0, 3: 1.0, 4: 0.74, 5: 0.74, 6: 1.0, 7: 1.0, 8: 1.0, 9: 1.0}, {0: 1.0, 1: 1.0, 2: 1.0, 3: 1.0, 4: 0.5, 5: 0.5, 6: 1.0, 7: 1.0, 8: 1.0, 9: 1.0}, {0: 1.0, 1: 1.0, 2: 1.0, 3: 1.0, 4: 1.0, 5: 1.0, 6: 0.56, 7: 0.56, 8: 1.0, 9: 1.0}, {0: 1.0, 1: 1.0, 2: 1.0, 3: 1.0, 4: 1.0, 5: 1.0, 6: 0.58, 7: 0.58, 8: 1.0, 9: 1.0}, {0: 1.0, 1: 1.0, 2: 1.0, 3: 1.0, 4: 1.0, 5: 1.0, 6: 0.64, 7: 0.68, 8: 1.0, 9: 1.0}, {0: 1.0, 1: 1.0, 2: 1.0, 3: 1.0, 4: 1.0, 5: 1.0, 6: 0.66, 7: 0.68, 8: 1.0, 9: 1.0}, {0: 1.0, 1: 1.0, 2: 1.0, 3: 1.0, 4: 1.0, 5: 1.0, 6: 1.0, 7: 1.0, 8: 0.5, 9: 0.5}, {0: 1.0, 1: 1.0, 2: 1.0, 3: 1.0, 4: 1.0, 5: 1.0, 6: 1.0, 7: 1.0, 8: 0.74, 9: 0.74}, {0: 1.0, 1: 1.0, 2: 1.0, 3: 1.0, 4: 1.0, 5: 1.0, 6: 1.0, 7: 1.0, 8: 0.76, 9: 0.76}, {0: 1.0, 1: 1.0, 2: 1.0, 3: 1.0, 4: 1.0, 5: 1.0, 6: 1.0, 7: 1.0, 8: 0.54, 9: 0.56}]
each client's acc:
0.95
0.9
0.924
0.9
0.9280000000000002
0.9
0.9199999999999999
0.9120000000000001
0.914
0.924
0.9480000000000001
0.9
0.9120000000000001
0.916
0.932
0.9339999999999999
0.9
0.9480000000000001
0.952
0.9099999999999999
-------------------------------------------
client No.: 0
client No.: 1
client No.: 2
client No.: 3
client No.: 4
client No.: 5
client No.: 6
client No.: 7
client No.: 8
client No.: 9
client No.: 10
client No.: 11
client No.: 12
client No.: 13
client No.: 14
client No.: 15
client No.: 16
client No.: 17
client No.: 18
client No.: 19
glob_iter:  13     train_time:  49.4111443400383
glob_iter:  13     agg_time:  2.6884357929229736
All users are selected
-------------------------------------------
test_samples:  [50, 50, 50, 50, 50, 50, 50, 50, 50, 50, 50, 50, 50, 50, 50, 50, 50, 50, 50, 50]
test_accs:  [{0: 0.72, 1: 0.76, 2: 1.0, 3: 1.0, 4: 1.0, 5: 1.0, 6: 1.0, 7: 1.0, 8: 1.0, 9: 1.0}, {0: 0.5, 1: 0.5, 2: 1.0, 3: 1.0, 4: 1.0, 5: 1.0, 6: 1.0, 7: 1.0, 8: 1.0, 9: 1.0}, {0: 0.6, 1: 0.58, 2: 1.0, 3: 1.0, 4: 1.0, 5: 1.0, 6: 1.0, 7: 1.0, 8: 1.0, 9: 1.0}, {0: 0.5, 1: 0.5, 2: 1.0, 3: 1.0, 4: 1.0, 5: 1.0, 6: 1.0, 7: 1.0, 8: 1.0, 9: 1.0}, {0: 1.0, 1: 1.0, 2: 0.68, 3: 0.68, 4: 1.0, 5: 1.0, 6: 1.0, 7: 1.0, 8: 1.0, 9: 1.0}, {0: 1.0, 1: 1.0, 2: 0.5, 3: 0.5, 4: 1.0, 5: 1.0, 6: 1.0, 7: 1.0, 8: 1.0, 9: 1.0}, {0: 1.0, 1: 1.0, 2: 0.6, 3: 0.62, 4: 1.0, 5: 1.0, 6: 1.0, 7: 1.0, 8: 1.0, 9: 1.0}, {0: 1.0, 1: 1.0, 2: 0.64, 3: 0.58, 4: 1.0, 5: 1.0, 6: 1.0, 7: 1.0, 8: 1.0, 9: 1.0}, {0: 1.0, 1: 1.0, 2: 1.0, 3: 1.0, 4: 0.6, 5: 0.56, 6: 1.0, 7: 1.0, 8: 1.0, 9: 1.0}, {0: 1.0, 1: 1.0, 2: 1.0, 3: 1.0, 4: 0.68, 5: 0.64, 6: 1.0, 7: 1.0, 8: 1.0, 9: 1.0}, {0: 1.0, 1: 1.0, 2: 1.0, 3: 1.0, 4: 0.74, 5: 0.72, 6: 1.0, 7: 1.0, 8: 1.0, 9: 1.0}, {0: 1.0, 1: 1.0, 2: 1.0, 3: 1.0, 4: 0.5, 5: 0.5, 6: 1.0, 7: 1.0, 8: 1.0, 9: 1.0}, {0: 1.0, 1: 1.0, 2: 1.0, 3: 1.0, 4: 1.0, 5: 1.0, 6: 0.56, 7: 0.56, 8: 1.0, 9: 1.0}, {0: 1.0, 1: 1.0, 2: 1.0, 3: 1.0, 4: 1.0, 5: 1.0, 6: 0.58, 7: 0.58, 8: 1.0, 9: 1.0}, {0: 1.0, 1: 1.0, 2: 1.0, 3: 1.0, 4: 1.0, 5: 1.0, 6: 0.7, 7: 0.7, 8: 1.0, 9: 1.0}, {0: 1.0, 1: 1.0, 2: 1.0, 3: 1.0, 4: 1.0, 5: 1.0, 6: 0.68, 7: 0.68, 8: 1.0, 9: 1.0}, {0: 1.0, 1: 1.0, 2: 1.0, 3: 1.0, 4: 1.0, 5: 1.0, 6: 1.0, 7: 1.0, 8: 0.5, 9: 0.5}, {0: 1.0, 1: 1.0, 2: 1.0, 3: 1.0, 4: 1.0, 5: 1.0, 6: 1.0, 7: 1.0, 8: 0.74, 9: 0.72}, {0: 1.0, 1: 1.0, 2: 1.0, 3: 1.0, 4: 1.0, 5: 1.0, 6: 1.0, 7: 1.0, 8: 0.74, 9: 0.74}, {0: 1.0, 1: 1.0, 2: 1.0, 3: 1.0, 4: 1.0, 5: 1.0, 6: 1.0, 7: 1.0, 8: 0.58, 9: 0.58}]
each client's acc:
0.9480000000000001
0.9
0.9179999999999999
0.9
0.9359999999999999
0.9
0.922
0.922
0.916
0.932
0.9460000000000001
0.9
0.9120000000000001
0.916
0.9400000000000001
0.9359999999999999
0.9
0.9460000000000001
0.9480000000000001
0.916
-------------------------------------------
client No.: 0
client No.: 1
client No.: 2
client No.: 3
client No.: 4
client No.: 5
client No.: 6
client No.: 7
client No.: 8
client No.: 9
client No.: 10
client No.: 11
client No.: 12
client No.: 13
client No.: 14
client No.: 15
client No.: 16
client No.: 17
client No.: 18
client No.: 19
glob_iter:  14     train_time:  49.3834906578064
glob_iter:  14     agg_time:  2.7376527786254883
All users are selected
-------------------------------------------
test_samples:  [50, 50, 50, 50, 50, 50, 50, 50, 50, 50, 50, 50, 50, 50, 50, 50, 50, 50, 50, 50]
test_accs:  [{0: 0.72, 1: 0.76, 2: 1.0, 3: 1.0, 4: 1.0, 5: 1.0, 6: 1.0, 7: 1.0, 8: 1.0, 9: 1.0}, {0: 0.5, 1: 0.5, 2: 1.0, 3: 1.0, 4: 1.0, 5: 1.0, 6: 1.0, 7: 1.0, 8: 1.0, 9: 1.0}, {0: 0.6, 1: 0.6, 2: 1.0, 3: 1.0, 4: 1.0, 5: 1.0, 6: 1.0, 7: 1.0, 8: 1.0, 9: 1.0}, {0: 0.5, 1: 0.5, 2: 1.0, 3: 1.0, 4: 1.0, 5: 1.0, 6: 1.0, 7: 1.0, 8: 1.0, 9: 1.0}, {0: 1.0, 1: 1.0, 2: 0.68, 3: 0.7, 4: 1.0, 5: 1.0, 6: 1.0, 7: 1.0, 8: 1.0, 9: 1.0}, {0: 1.0, 1: 1.0, 2: 0.5, 3: 0.5, 4: 1.0, 5: 1.0, 6: 1.0, 7: 1.0, 8: 1.0, 9: 1.0}, {0: 1.0, 1: 1.0, 2: 0.6, 3: 0.62, 4: 1.0, 5: 1.0, 6: 1.0, 7: 1.0, 8: 1.0, 9: 1.0}, {0: 1.0, 1: 1.0, 2: 0.68, 3: 0.62, 4: 1.0, 5: 1.0, 6: 1.0, 7: 1.0, 8: 1.0, 9: 1.0}, {0: 1.0, 1: 1.0, 2: 1.0, 3: 1.0, 4: 0.58, 5: 0.56, 6: 1.0, 7: 1.0, 8: 1.0, 9: 1.0}, {0: 1.0, 1: 1.0, 2: 1.0, 3: 1.0, 4: 0.64, 5: 0.64, 6: 1.0, 7: 1.0, 8: 1.0, 9: 1.0}, {0: 1.0, 1: 1.0, 2: 1.0, 3: 1.0, 4: 0.74, 5: 0.74, 6: 1.0, 7: 1.0, 8: 1.0, 9: 1.0}, {0: 1.0, 1: 1.0, 2: 1.0, 3: 1.0, 4: 0.5, 5: 0.5, 6: 1.0, 7: 1.0, 8: 1.0, 9: 1.0}, {0: 1.0, 1: 1.0, 2: 1.0, 3: 1.0, 4: 1.0, 5: 1.0, 6: 0.56, 7: 0.56, 8: 1.0, 9: 1.0}, {0: 1.0, 1: 1.0, 2: 1.0, 3: 1.0, 4: 1.0, 5: 1.0, 6: 0.58, 7: 0.62, 8: 1.0, 9: 1.0}, {0: 1.0, 1: 1.0, 2: 1.0, 3: 1.0, 4: 1.0, 5: 1.0, 6: 0.72, 7: 0.74, 8: 1.0, 9: 1.0}, {0: 1.0, 1: 1.0, 2: 1.0, 3: 1.0, 4: 1.0, 5: 1.0, 6: 0.68, 7: 0.7, 8: 1.0, 9: 1.0}, {0: 1.0, 1: 1.0, 2: 1.0, 3: 1.0, 4: 1.0, 5: 1.0, 6: 1.0, 7: 1.0, 8: 0.5, 9: 0.5}, {0: 1.0, 1: 1.0, 2: 1.0, 3: 1.0, 4: 1.0, 5: 1.0, 6: 1.0, 7: 1.0, 8: 0.76, 9: 0.74}, {0: 1.0, 1: 1.0, 2: 1.0, 3: 1.0, 4: 1.0, 5: 1.0, 6: 1.0, 7: 1.0, 8: 0.8, 9: 0.76}, {0: 1.0, 1: 1.0, 2: 1.0, 3: 1.0, 4: 1.0, 5: 1.0, 6: 1.0, 7: 1.0, 8: 0.56, 9: 0.56}]
each client's acc:
0.9480000000000001
0.9
0.9199999999999999
0.9
0.938
0.9
0.922
0.93
0.914
0.9279999999999999
0.9480000000000001
0.9
0.9120000000000001
0.9199999999999999
0.9460000000000001
0.938
0.9
0.95
0.9560000000000001
0.9120000000000001
-------------------------------------------
client No.: 0
client No.: 1
client No.: 2
client No.: 3
client No.: 4
client No.: 5
client No.: 6
client No.: 7
client No.: 8
client No.: 9
client No.: 10
client No.: 11
client No.: 12
client No.: 13
client No.: 14
client No.: 15
client No.: 16
client No.: 17
client No.: 18
client No.: 19
glob_iter:  15     train_time:  49.37640085220337
glob_iter:  15     agg_time:  2.7970216274261475
All users are selected
-------------------------------------------
test_samples:  [50, 50, 50, 50, 50, 50, 50, 50, 50, 50, 50, 50, 50, 50, 50, 50, 50, 50, 50, 50]
test_accs:  [{0: 0.74, 1: 0.74, 2: 1.0, 3: 1.0, 4: 1.0, 5: 1.0, 6: 1.0, 7: 1.0, 8: 1.0, 9: 1.0}, {0: 0.5, 1: 0.5, 2: 1.0, 3: 1.0, 4: 1.0, 5: 1.0, 6: 1.0, 7: 1.0, 8: 1.0, 9: 1.0}, {0: 0.64, 1: 0.64, 2: 1.0, 3: 1.0, 4: 1.0, 5: 1.0, 6: 1.0, 7: 1.0, 8: 1.0, 9: 1.0}, {0: 0.5, 1: 0.5, 2: 1.0, 3: 1.0, 4: 1.0, 5: 1.0, 6: 1.0, 7: 1.0, 8: 1.0, 9: 1.0}, {0: 1.0, 1: 1.0, 2: 0.68, 3: 0.7, 4: 1.0, 5: 1.0, 6: 1.0, 7: 1.0, 8: 1.0, 9: 1.0}, {0: 1.0, 1: 1.0, 2: 0.5, 3: 0.5, 4: 1.0, 5: 1.0, 6: 1.0, 7: 1.0, 8: 1.0, 9: 1.0}, {0: 1.0, 1: 1.0, 2: 0.62, 3: 0.62, 4: 1.0, 5: 1.0, 6: 1.0, 7: 1.0, 8: 1.0, 9: 1.0}, {0: 1.0, 1: 1.0, 2: 0.7, 3: 0.66, 4: 1.0, 5: 1.0, 6: 1.0, 7: 1.0, 8: 1.0, 9: 1.0}, {0: 1.0, 1: 1.0, 2: 1.0, 3: 1.0, 4: 0.56, 5: 0.56, 6: 1.0, 7: 1.0, 8: 1.0, 9: 1.0}, {0: 1.0, 1: 1.0, 2: 1.0, 3: 1.0, 4: 0.62, 5: 0.62, 6: 1.0, 7: 1.0, 8: 1.0, 9: 1.0}, {0: 1.0, 1: 1.0, 2: 1.0, 3: 1.0, 4: 0.72, 5: 0.72, 6: 1.0, 7: 1.0, 8: 1.0, 9: 1.0}, {0: 1.0, 1: 1.0, 2: 1.0, 3: 1.0, 4: 0.5, 5: 0.5, 6: 1.0, 7: 1.0, 8: 1.0, 9: 1.0}, {0: 1.0, 1: 1.0, 2: 1.0, 3: 1.0, 4: 1.0, 5: 1.0, 6: 0.58, 7: 0.58, 8: 1.0, 9: 1.0}, {0: 1.0, 1: 1.0, 2: 1.0, 3: 1.0, 4: 1.0, 5: 1.0, 6: 0.62, 7: 0.64, 8: 1.0, 9: 1.0}, {0: 1.0, 1: 1.0, 2: 1.0, 3: 1.0, 4: 1.0, 5: 1.0, 6: 0.76, 7: 0.76, 8: 1.0, 9: 1.0}, {0: 1.0, 1: 1.0, 2: 1.0, 3: 1.0, 4: 1.0, 5: 1.0, 6: 0.68, 7: 0.68, 8: 1.0, 9: 1.0}, {0: 1.0, 1: 1.0, 2: 1.0, 3: 1.0, 4: 1.0, 5: 1.0, 6: 1.0, 7: 1.0, 8: 0.5, 9: 0.5}, {0: 1.0, 1: 1.0, 2: 1.0, 3: 1.0, 4: 1.0, 5: 1.0, 6: 1.0, 7: 1.0, 8: 0.74, 9: 0.76}, {0: 1.0, 1: 1.0, 2: 1.0, 3: 1.0, 4: 1.0, 5: 1.0, 6: 1.0, 7: 1.0, 8: 0.86, 9: 0.86}, {0: 1.0, 1: 1.0, 2: 1.0, 3: 1.0, 4: 1.0, 5: 1.0, 6: 1.0, 7: 1.0, 8: 0.56, 9: 0.56}]
each client's acc:
0.9480000000000001
0.9
0.9280000000000002
0.9
0.938
0.9
0.924
0.9359999999999999
0.9120000000000001
0.924
0.944
0.9
0.916
0.9259999999999999
0.952
0.9359999999999999
0.9
0.95
0.9719999999999999
0.9120000000000001
-------------------------------------------
client No.: 0
client No.: 1
client No.: 2
client No.: 3
client No.: 4
client No.: 5
client No.: 6
client No.: 7
client No.: 8
client No.: 9
client No.: 10
client No.: 11
client No.: 12
client No.: 13
client No.: 14
client No.: 15
client No.: 16
client No.: 17
client No.: 18
client No.: 19
glob_iter:  16     train_time:  49.364995050430295
glob_iter:  16     agg_time:  2.6732847690582275
All users are selected
-------------------------------------------
test_samples:  [50, 50, 50, 50, 50, 50, 50, 50, 50, 50, 50, 50, 50, 50, 50, 50, 50, 50, 50, 50]
test_accs:  [{0: 0.72, 1: 0.72, 2: 1.0, 3: 1.0, 4: 1.0, 5: 1.0, 6: 1.0, 7: 1.0, 8: 1.0, 9: 1.0}, {0: 0.5, 1: 0.5, 2: 1.0, 3: 1.0, 4: 1.0, 5: 1.0, 6: 1.0, 7: 1.0, 8: 1.0, 9: 1.0}, {0: 0.66, 1: 0.66, 2: 1.0, 3: 1.0, 4: 1.0, 5: 1.0, 6: 1.0, 7: 1.0, 8: 1.0, 9: 1.0}, {0: 0.5, 1: 0.5, 2: 1.0, 3: 1.0, 4: 1.0, 5: 1.0, 6: 1.0, 7: 1.0, 8: 1.0, 9: 1.0}, {0: 1.0, 1: 1.0, 2: 0.72, 3: 0.72, 4: 1.0, 5: 1.0, 6: 1.0, 7: 1.0, 8: 1.0, 9: 1.0}, {0: 1.0, 1: 1.0, 2: 0.5, 3: 0.5, 4: 1.0, 5: 1.0, 6: 1.0, 7: 1.0, 8: 1.0, 9: 1.0}, {0: 1.0, 1: 1.0, 2: 0.64, 3: 0.62, 4: 1.0, 5: 1.0, 6: 1.0, 7: 1.0, 8: 1.0, 9: 1.0}, {0: 1.0, 1: 1.0, 2: 0.72, 3: 0.68, 4: 1.0, 5: 1.0, 6: 1.0, 7: 1.0, 8: 1.0, 9: 1.0}, {0: 1.0, 1: 1.0, 2: 1.0, 3: 1.0, 4: 0.56, 5: 0.56, 6: 1.0, 7: 1.0, 8: 1.0, 9: 1.0}, {0: 1.0, 1: 1.0, 2: 1.0, 3: 1.0, 4: 0.6, 5: 0.6, 6: 1.0, 7: 1.0, 8: 1.0, 9: 1.0}, {0: 1.0, 1: 1.0, 2: 1.0, 3: 1.0, 4: 0.74, 5: 0.74, 6: 1.0, 7: 1.0, 8: 1.0, 9: 1.0}, {0: 1.0, 1: 1.0, 2: 1.0, 3: 1.0, 4: 0.5, 5: 0.5, 6: 1.0, 7: 1.0, 8: 1.0, 9: 1.0}, {0: 1.0, 1: 1.0, 2: 1.0, 3: 1.0, 4: 1.0, 5: 1.0, 6: 0.58, 7: 0.58, 8: 1.0, 9: 1.0}, {0: 1.0, 1: 1.0, 2: 1.0, 3: 1.0, 4: 1.0, 5: 1.0, 6: 0.64, 7: 0.64, 8: 1.0, 9: 1.0}, {0: 1.0, 1: 1.0, 2: 1.0, 3: 1.0, 4: 1.0, 5: 1.0, 6: 0.78, 7: 0.78, 8: 1.0, 9: 1.0}, {0: 1.0, 1: 1.0, 2: 1.0, 3: 1.0, 4: 1.0, 5: 1.0, 6: 0.66, 7: 0.66, 8: 1.0, 9: 1.0}, {0: 1.0, 1: 1.0, 2: 1.0, 3: 1.0, 4: 1.0, 5: 1.0, 6: 1.0, 7: 1.0, 8: 0.5, 9: 0.5}, {0: 1.0, 1: 1.0, 2: 1.0, 3: 1.0, 4: 1.0, 5: 1.0, 6: 1.0, 7: 1.0, 8: 0.74, 9: 0.72}, {0: 1.0, 1: 1.0, 2: 1.0, 3: 1.0, 4: 1.0, 5: 1.0, 6: 1.0, 7: 1.0, 8: 0.84, 9: 0.84}, {0: 1.0, 1: 1.0, 2: 1.0, 3: 1.0, 4: 1.0, 5: 1.0, 6: 1.0, 7: 1.0, 8: 0.56, 9: 0.56}]
each client's acc:
0.944
0.9
0.932
0.9
0.944
0.9
0.9259999999999999
0.9400000000000001
0.9120000000000001
0.9199999999999999
0.9480000000000001
0.9
0.916
0.9279999999999999
0.9560000000000001
0.932
0.9
0.9460000000000001
0.968
0.9120000000000001
-------------------------------------------
client No.: 0
client No.: 1
client No.: 2
client No.: 3
client No.: 4
client No.: 5
client No.: 6
client No.: 7
client No.: 8
client No.: 9
client No.: 10
client No.: 11
client No.: 12
client No.: 13
client No.: 14
client No.: 15
client No.: 16
client No.: 17
client No.: 18
client No.: 19
glob_iter:  17     train_time:  49.42604914903641
glob_iter:  17     agg_time:  2.8196287155151367
All users are selected
-------------------------------------------
test_samples:  [50, 50, 50, 50, 50, 50, 50, 50, 50, 50, 50, 50, 50, 50, 50, 50, 50, 50, 50, 50]
test_accs:  [{0: 0.72, 1: 0.72, 2: 1.0, 3: 1.0, 4: 1.0, 5: 1.0, 6: 1.0, 7: 1.0, 8: 1.0, 9: 1.0}, {0: 0.5, 1: 0.5, 2: 1.0, 3: 1.0, 4: 1.0, 5: 1.0, 6: 1.0, 7: 1.0, 8: 1.0, 9: 1.0}, {0: 0.68, 1: 0.68, 2: 1.0, 3: 1.0, 4: 1.0, 5: 1.0, 6: 1.0, 7: 1.0, 8: 1.0, 9: 1.0}, {0: 0.5, 1: 0.5, 2: 1.0, 3: 1.0, 4: 1.0, 5: 1.0, 6: 1.0, 7: 1.0, 8: 1.0, 9: 1.0}, {0: 1.0, 1: 1.0, 2: 0.76, 3: 0.74, 4: 1.0, 5: 1.0, 6: 1.0, 7: 1.0, 8: 1.0, 9: 1.0}, {0: 1.0, 1: 1.0, 2: 0.56, 3: 0.5, 4: 1.0, 5: 1.0, 6: 1.0, 7: 1.0, 8: 1.0, 9: 1.0}, {0: 1.0, 1: 1.0, 2: 0.64, 3: 0.62, 4: 1.0, 5: 1.0, 6: 1.0, 7: 1.0, 8: 1.0, 9: 1.0}, {0: 1.0, 1: 1.0, 2: 0.74, 3: 0.72, 4: 1.0, 5: 1.0, 6: 1.0, 7: 1.0, 8: 1.0, 9: 1.0}, {0: 1.0, 1: 1.0, 2: 1.0, 3: 1.0, 4: 0.56, 5: 0.56, 6: 1.0, 7: 1.0, 8: 1.0, 9: 1.0}, {0: 1.0, 1: 1.0, 2: 1.0, 3: 1.0, 4: 0.6, 5: 0.6, 6: 1.0, 7: 1.0, 8: 1.0, 9: 1.0}, {0: 1.0, 1: 1.0, 2: 1.0, 3: 1.0, 4: 0.78, 5: 0.74, 6: 1.0, 7: 1.0, 8: 1.0, 9: 1.0}, {0: 1.0, 1: 1.0, 2: 1.0, 3: 1.0, 4: 0.5, 5: 0.5, 6: 1.0, 7: 1.0, 8: 1.0, 9: 1.0}, {0: 1.0, 1: 1.0, 2: 1.0, 3: 1.0, 4: 1.0, 5: 1.0, 6: 0.58, 7: 0.58, 8: 1.0, 9: 1.0}, {0: 1.0, 1: 1.0, 2: 1.0, 3: 1.0, 4: 1.0, 5: 1.0, 6: 0.66, 7: 0.66, 8: 1.0, 9: 1.0}, {0: 1.0, 1: 1.0, 2: 1.0, 3: 1.0, 4: 1.0, 5: 1.0, 6: 0.8, 7: 0.78, 8: 1.0, 9: 1.0}, {0: 1.0, 1: 1.0, 2: 1.0, 3: 1.0, 4: 1.0, 5: 1.0, 6: 0.68, 7: 0.68, 8: 1.0, 9: 1.0}, {0: 1.0, 1: 1.0, 2: 1.0, 3: 1.0, 4: 1.0, 5: 1.0, 6: 1.0, 7: 1.0, 8: 0.5, 9: 0.5}, {0: 1.0, 1: 1.0, 2: 1.0, 3: 1.0, 4: 1.0, 5: 1.0, 6: 1.0, 7: 1.0, 8: 0.72, 9: 0.72}, {0: 1.0, 1: 1.0, 2: 1.0, 3: 1.0, 4: 1.0, 5: 1.0, 6: 1.0, 7: 1.0, 8: 0.82, 9: 0.82}, {0: 1.0, 1: 1.0, 2: 1.0, 3: 1.0, 4: 1.0, 5: 1.0, 6: 1.0, 7: 1.0, 8: 0.56, 9: 0.56}]
each client's acc:
0.944
0.9
0.9359999999999999
0.9
0.95
0.906
0.9259999999999999
0.9460000000000001
0.9120000000000001
0.9199999999999999
0.952
0.9
0.916
0.932
0.958
0.9359999999999999
0.9
0.9440000000000002
0.9640000000000001
0.9120000000000001
-------------------------------------------
client No.: 0
client No.: 1
client No.: 2
client No.: 3
client No.: 4
client No.: 5
client No.: 6
client No.: 7
client No.: 8
client No.: 9
client No.: 10
client No.: 11
client No.: 12
client No.: 13
client No.: 14
client No.: 15
client No.: 16
client No.: 17
client No.: 18
client No.: 19
glob_iter:  18     train_time:  49.409717929363254
glob_iter:  18     agg_time:  2.761636257171631
All users are selected
-------------------------------------------
test_samples:  [50, 50, 50, 50, 50, 50, 50, 50, 50, 50, 50, 50, 50, 50, 50, 50, 50, 50, 50, 50]
test_accs:  [{0: 0.74, 1: 0.72, 2: 1.0, 3: 1.0, 4: 1.0, 5: 1.0, 6: 1.0, 7: 1.0, 8: 1.0, 9: 1.0}, {0: 0.5, 1: 0.5, 2: 1.0, 3: 1.0, 4: 1.0, 5: 1.0, 6: 1.0, 7: 1.0, 8: 1.0, 9: 1.0}, {0: 0.66, 1: 0.66, 2: 1.0, 3: 1.0, 4: 1.0, 5: 1.0, 6: 1.0, 7: 1.0, 8: 1.0, 9: 1.0}, {0: 0.5, 1: 0.5, 2: 1.0, 3: 1.0, 4: 1.0, 5: 1.0, 6: 1.0, 7: 1.0, 8: 1.0, 9: 1.0}, {0: 1.0, 1: 1.0, 2: 0.74, 3: 0.72, 4: 1.0, 5: 1.0, 6: 1.0, 7: 1.0, 8: 1.0, 9: 1.0}, {0: 1.0, 1: 1.0, 2: 0.6, 3: 0.52, 4: 1.0, 5: 1.0, 6: 1.0, 7: 1.0, 8: 1.0, 9: 1.0}, {0: 1.0, 1: 1.0, 2: 0.64, 3: 0.62, 4: 1.0, 5: 1.0, 6: 1.0, 7: 1.0, 8: 1.0, 9: 1.0}, {0: 1.0, 1: 1.0, 2: 0.8, 3: 0.74, 4: 1.0, 5: 1.0, 6: 1.0, 7: 1.0, 8: 1.0, 9: 1.0}, {0: 1.0, 1: 1.0, 2: 1.0, 3: 1.0, 4: 0.56, 5: 0.56, 6: 1.0, 7: 1.0, 8: 1.0, 9: 1.0}, {0: 1.0, 1: 1.0, 2: 1.0, 3: 1.0, 4: 0.62, 5: 0.6, 6: 1.0, 7: 1.0, 8: 1.0, 9: 1.0}, {0: 1.0, 1: 1.0, 2: 1.0, 3: 1.0, 4: 0.76, 5: 0.76, 6: 1.0, 7: 1.0, 8: 1.0, 9: 1.0}, {0: 1.0, 1: 1.0, 2: 1.0, 3: 1.0, 4: 0.52, 5: 0.5, 6: 1.0, 7: 1.0, 8: 1.0, 9: 1.0}, {0: 1.0, 1: 1.0, 2: 1.0, 3: 1.0, 4: 1.0, 5: 1.0, 6: 0.58, 7: 0.58, 8: 1.0, 9: 1.0}, {0: 1.0, 1: 1.0, 2: 1.0, 3: 1.0, 4: 1.0, 5: 1.0, 6: 0.66, 7: 0.66, 8: 1.0, 9: 1.0}, {0: 1.0, 1: 1.0, 2: 1.0, 3: 1.0, 4: 1.0, 5: 1.0, 6: 0.78, 7: 0.78, 8: 1.0, 9: 1.0}, {0: 1.0, 1: 1.0, 2: 1.0, 3: 1.0, 4: 1.0, 5: 1.0, 6: 0.68, 7: 0.68, 8: 1.0, 9: 1.0}, {0: 1.0, 1: 1.0, 2: 1.0, 3: 1.0, 4: 1.0, 5: 1.0, 6: 1.0, 7: 1.0, 8: 0.5, 9: 0.5}, {0: 1.0, 1: 1.0, 2: 1.0, 3: 1.0, 4: 1.0, 5: 1.0, 6: 1.0, 7: 1.0, 8: 0.74, 9: 0.7}, {0: 1.0, 1: 1.0, 2: 1.0, 3: 1.0, 4: 1.0, 5: 1.0, 6: 1.0, 7: 1.0, 8: 0.84, 9: 0.82}, {0: 1.0, 1: 1.0, 2: 1.0, 3: 1.0, 4: 1.0, 5: 1.0, 6: 1.0, 7: 1.0, 8: 0.54, 9: 0.56}]
each client's acc:
0.9460000000000001
0.9
0.932
0.9
0.9460000000000001
0.9120000000000001
0.9259999999999999
0.954
0.9120000000000001
0.9219999999999999
0.952
0.9019999999999999
0.916
0.932
0.9560000000000001
0.9359999999999999
0.9
0.944
0.966
0.9099999999999999
-------------------------------------------
client No.: 0
client No.: 1
client No.: 2
client No.: 3
client No.: 4
client No.: 5
client No.: 6
client No.: 7
client No.: 8
client No.: 9
client No.: 10
client No.: 11
client No.: 12
client No.: 13
client No.: 14
client No.: 15
client No.: 16
client No.: 17
client No.: 18
client No.: 19
glob_iter:  19     train_time:  49.4099406003952
glob_iter:  19     agg_time:  2.7988269329071045
All users are selected
-------------------------------------------
test_samples:  [50, 50, 50, 50, 50, 50, 50, 50, 50, 50, 50, 50, 50, 50, 50, 50, 50, 50, 50, 50]
test_accs:  [{0: 0.74, 1: 0.74, 2: 1.0, 3: 1.0, 4: 1.0, 5: 1.0, 6: 1.0, 7: 1.0, 8: 1.0, 9: 1.0}, {0: 0.5, 1: 0.5, 2: 1.0, 3: 1.0, 4: 1.0, 5: 1.0, 6: 1.0, 7: 1.0, 8: 1.0, 9: 1.0}, {0: 0.66, 1: 0.66, 2: 1.0, 3: 1.0, 4: 1.0, 5: 1.0, 6: 1.0, 7: 1.0, 8: 1.0, 9: 1.0}, {0: 0.52, 1: 0.52, 2: 1.0, 3: 1.0, 4: 1.0, 5: 1.0, 6: 1.0, 7: 1.0, 8: 1.0, 9: 1.0}, {0: 1.0, 1: 1.0, 2: 0.74, 3: 0.72, 4: 1.0, 5: 1.0, 6: 1.0, 7: 1.0, 8: 1.0, 9: 1.0}, {0: 1.0, 1: 1.0, 2: 0.6, 3: 0.58, 4: 1.0, 5: 1.0, 6: 1.0, 7: 1.0, 8: 1.0, 9: 1.0}, {0: 1.0, 1: 1.0, 2: 0.64, 3: 0.62, 4: 1.0, 5: 1.0, 6: 1.0, 7: 1.0, 8: 1.0, 9: 1.0}, {0: 1.0, 1: 1.0, 2: 0.8, 3: 0.76, 4: 1.0, 5: 1.0, 6: 1.0, 7: 1.0, 8: 1.0, 9: 1.0}, {0: 1.0, 1: 1.0, 2: 1.0, 3: 1.0, 4: 0.56, 5: 0.56, 6: 1.0, 7: 1.0, 8: 1.0, 9: 1.0}, {0: 1.0, 1: 1.0, 2: 1.0, 3: 1.0, 4: 0.66, 5: 0.66, 6: 1.0, 7: 1.0, 8: 1.0, 9: 1.0}, {0: 1.0, 1: 1.0, 2: 1.0, 3: 1.0, 4: 0.78, 5: 0.76, 6: 1.0, 7: 1.0, 8: 1.0, 9: 1.0}, {0: 1.0, 1: 1.0, 2: 1.0, 3: 1.0, 4: 0.52, 5: 0.52, 6: 1.0, 7: 1.0, 8: 1.0, 9: 1.0}, {0: 1.0, 1: 1.0, 2: 1.0, 3: 1.0, 4: 1.0, 5: 1.0, 6: 0.58, 7: 0.58, 8: 1.0, 9: 1.0}, {0: 1.0, 1: 1.0, 2: 1.0, 3: 1.0, 4: 1.0, 5: 1.0, 6: 0.66, 7: 0.66, 8: 1.0, 9: 1.0}, {0: 1.0, 1: 1.0, 2: 1.0, 3: 1.0, 4: 1.0, 5: 1.0, 6: 0.78, 7: 0.78, 8: 1.0, 9: 1.0}, {0: 1.0, 1: 1.0, 2: 1.0, 3: 1.0, 4: 1.0, 5: 1.0, 6: 0.68, 7: 0.68, 8: 1.0, 9: 1.0}, {0: 1.0, 1: 1.0, 2: 1.0, 3: 1.0, 4: 1.0, 5: 1.0, 6: 1.0, 7: 1.0, 8: 0.5, 9: 0.5}, {0: 1.0, 1: 1.0, 2: 1.0, 3: 1.0, 4: 1.0, 5: 1.0, 6: 1.0, 7: 1.0, 8: 0.7, 9: 0.72}, {0: 1.0, 1: 1.0, 2: 1.0, 3: 1.0, 4: 1.0, 5: 1.0, 6: 1.0, 7: 1.0, 8: 0.84, 9: 0.84}, {0: 1.0, 1: 1.0, 2: 1.0, 3: 1.0, 4: 1.0, 5: 1.0, 6: 1.0, 7: 1.0, 8: 0.56, 9: 0.56}]
each client's acc:
0.9480000000000001
0.9
0.932
0.9039999999999999
0.9460000000000001
0.9179999999999999
0.9259999999999999
0.9559999999999998
0.9120000000000001
0.932
0.954
0.9039999999999999
0.916
0.932
0.9560000000000001
0.9359999999999999
0.9
0.942
0.968
0.9120000000000001
-------------------------------------------
client No.: 0
client No.: 1
client No.: 2
client No.: 3
client No.: 4
client No.: 5
client No.: 6
client No.: 7
client No.: 8
client No.: 9
client No.: 10
client No.: 11
client No.: 12
client No.: 13
client No.: 14
client No.: 15
client No.: 16
client No.: 17
client No.: 18
client No.: 19
glob_iter:  20     train_time:  36.46525728702545
glob_iter:  20     agg_time:  1.8712666034698486
All users are selected
-------------------------------------------
test_samples:  [50, 50, 50, 50, 50, 50, 50, 50, 50, 50, 50, 50, 50, 50, 50, 50, 50, 50, 50, 50]
test_accs:  [{0: 0.74, 1: 0.74, 2: 1.0, 3: 1.0, 4: 1.0, 5: 1.0, 6: 1.0, 7: 1.0, 8: 1.0, 9: 1.0}, {0: 0.5, 1: 0.5, 2: 1.0, 3: 1.0, 4: 1.0, 5: 1.0, 6: 1.0, 7: 1.0, 8: 1.0, 9: 1.0}, {0: 0.66, 1: 0.66, 2: 1.0, 3: 1.0, 4: 1.0, 5: 1.0, 6: 1.0, 7: 1.0, 8: 1.0, 9: 1.0}, {0: 0.52, 1: 0.52, 2: 1.0, 3: 1.0, 4: 1.0, 5: 1.0, 6: 1.0, 7: 1.0, 8: 1.0, 9: 1.0}, {0: 1.0, 1: 1.0, 2: 0.76, 3: 0.76, 4: 1.0, 5: 1.0, 6: 1.0, 7: 1.0, 8: 1.0, 9: 1.0}, {0: 1.0, 1: 1.0, 2: 0.68, 3: 0.62, 4: 1.0, 5: 1.0, 6: 1.0, 7: 1.0, 8: 1.0, 9: 1.0}, {0: 1.0, 1: 1.0, 2: 0.64, 3: 0.64, 4: 1.0, 5: 1.0, 6: 1.0, 7: 1.0, 8: 1.0, 9: 1.0}, {0: 1.0, 1: 1.0, 2: 0.78, 3: 0.8, 4: 1.0, 5: 1.0, 6: 1.0, 7: 1.0, 8: 1.0, 9: 1.0}, {0: 1.0, 1: 1.0, 2: 1.0, 3: 1.0, 4: 0.56, 5: 0.56, 6: 1.0, 7: 1.0, 8: 1.0, 9: 1.0}, {0: 1.0, 1: 1.0, 2: 1.0, 3: 1.0, 4: 0.64, 5: 0.64, 6: 1.0, 7: 1.0, 8: 1.0, 9: 1.0}, {0: 1.0, 1: 1.0, 2: 1.0, 3: 1.0, 4: 0.76, 5: 0.72, 6: 1.0, 7: 1.0, 8: 1.0, 9: 1.0}, {0: 1.0, 1: 1.0, 2: 1.0, 3: 1.0, 4: 0.52, 5: 0.52, 6: 1.0, 7: 1.0, 8: 1.0, 9: 1.0}, {0: 1.0, 1: 1.0, 2: 1.0, 3: 1.0, 4: 1.0, 5: 1.0, 6: 0.6, 7: 0.6, 8: 1.0, 9: 1.0}, {0: 1.0, 1: 1.0, 2: 1.0, 3: 1.0, 4: 1.0, 5: 1.0, 6: 0.66, 7: 0.66, 8: 1.0, 9: 1.0}, {0: 1.0, 1: 1.0, 2: 1.0, 3: 1.0, 4: 1.0, 5: 1.0, 6: 0.78, 7: 0.76, 8: 1.0, 9: 1.0}, {0: 1.0, 1: 1.0, 2: 1.0, 3: 1.0, 4: 1.0, 5: 1.0, 6: 0.68, 7: 0.68, 8: 1.0, 9: 1.0}, {0: 1.0, 1: 1.0, 2: 1.0, 3: 1.0, 4: 1.0, 5: 1.0, 6: 1.0, 7: 1.0, 8: 0.5, 9: 0.5}, {0: 1.0, 1: 1.0, 2: 1.0, 3: 1.0, 4: 1.0, 5: 1.0, 6: 1.0, 7: 1.0, 8: 0.7, 9: 0.7}, {0: 1.0, 1: 1.0, 2: 1.0, 3: 1.0, 4: 1.0, 5: 1.0, 6: 1.0, 7: 1.0, 8: 0.84, 9: 0.84}, {0: 1.0, 1: 1.0, 2: 1.0, 3: 1.0, 4: 1.0, 5: 1.0, 6: 1.0, 7: 1.0, 8: 0.58, 9: 0.58}]
each client's acc:
0.9480000000000001
0.9
0.932
0.9039999999999999
0.952
0.93
0.9280000000000002
0.958
0.9120000000000001
0.9279999999999999
0.9480000000000001
0.9039999999999999
0.9199999999999999
0.932
0.954
0.9359999999999999
0.9
0.9399999999999998
0.968
0.916
-------------------------------------------
client No.: 0
client No.: 1
client No.: 2
client No.: 3
client No.: 4
client No.: 5
client No.: 6
client No.: 7
client No.: 8
client No.: 9
client No.: 10
client No.: 11
client No.: 12
client No.: 13
client No.: 14
client No.: 15
client No.: 16
client No.: 17
client No.: 18
client No.: 19
glob_iter:  21     train_time:  35.33183726072311
glob_iter:  21     agg_time:  1.9593119621276855
All users are selected
-------------------------------------------
test_samples:  [50, 50, 50, 50, 50, 50, 50, 50, 50, 50, 50, 50, 50, 50, 50, 50, 50, 50, 50, 50]
test_accs:  [{0: 0.7, 1: 0.7, 2: 1.0, 3: 1.0, 4: 1.0, 5: 1.0, 6: 1.0, 7: 1.0, 8: 1.0, 9: 1.0}, {0: 0.5, 1: 0.5, 2: 1.0, 3: 1.0, 4: 1.0, 5: 1.0, 6: 1.0, 7: 1.0, 8: 1.0, 9: 1.0}, {0: 0.66, 1: 0.66, 2: 1.0, 3: 1.0, 4: 1.0, 5: 1.0, 6: 1.0, 7: 1.0, 8: 1.0, 9: 1.0}, {0: 0.52, 1: 0.52, 2: 1.0, 3: 1.0, 4: 1.0, 5: 1.0, 6: 1.0, 7: 1.0, 8: 1.0, 9: 1.0}, {0: 1.0, 1: 1.0, 2: 0.76, 3: 0.78, 4: 1.0, 5: 1.0, 6: 1.0, 7: 1.0, 8: 1.0, 9: 1.0}, {0: 1.0, 1: 1.0, 2: 0.74, 3: 0.66, 4: 1.0, 5: 1.0, 6: 1.0, 7: 1.0, 8: 1.0, 9: 1.0}, {0: 1.0, 1: 1.0, 2: 0.64, 3: 0.64, 4: 1.0, 5: 1.0, 6: 1.0, 7: 1.0, 8: 1.0, 9: 1.0}, {0: 1.0, 1: 1.0, 2: 0.76, 3: 0.8, 4: 1.0, 5: 1.0, 6: 1.0, 7: 1.0, 8: 1.0, 9: 1.0}, {0: 1.0, 1: 1.0, 2: 1.0, 3: 1.0, 4: 0.56, 5: 0.56, 6: 1.0, 7: 1.0, 8: 1.0, 9: 1.0}, {0: 1.0, 1: 1.0, 2: 1.0, 3: 1.0, 4: 0.64, 5: 0.66, 6: 1.0, 7: 1.0, 8: 1.0, 9: 1.0}, {0: 1.0, 1: 1.0, 2: 1.0, 3: 1.0, 4: 0.76, 5: 0.74, 6: 1.0, 7: 1.0, 8: 1.0, 9: 1.0}, {0: 1.0, 1: 1.0, 2: 1.0, 3: 1.0, 4: 0.52, 5: 0.52, 6: 1.0, 7: 1.0, 8: 1.0, 9: 1.0}, {0: 1.0, 1: 1.0, 2: 1.0, 3: 1.0, 4: 1.0, 5: 1.0, 6: 0.6, 7: 0.6, 8: 1.0, 9: 1.0}, {0: 1.0, 1: 1.0, 2: 1.0, 3: 1.0, 4: 1.0, 5: 1.0, 6: 0.68, 7: 0.68, 8: 1.0, 9: 1.0}, {0: 1.0, 1: 1.0, 2: 1.0, 3: 1.0, 4: 1.0, 5: 1.0, 6: 0.78, 7: 0.74, 8: 1.0, 9: 1.0}, {0: 1.0, 1: 1.0, 2: 1.0, 3: 1.0, 4: 1.0, 5: 1.0, 6: 0.68, 7: 0.68, 8: 1.0, 9: 1.0}, {0: 1.0, 1: 1.0, 2: 1.0, 3: 1.0, 4: 1.0, 5: 1.0, 6: 1.0, 7: 1.0, 8: 0.5, 9: 0.5}, {0: 1.0, 1: 1.0, 2: 1.0, 3: 1.0, 4: 1.0, 5: 1.0, 6: 1.0, 7: 1.0, 8: 0.72, 9: 0.72}, {0: 1.0, 1: 1.0, 2: 1.0, 3: 1.0, 4: 1.0, 5: 1.0, 6: 1.0, 7: 1.0, 8: 0.84, 9: 0.84}, {0: 1.0, 1: 1.0, 2: 1.0, 3: 1.0, 4: 1.0, 5: 1.0, 6: 1.0, 7: 1.0, 8: 0.58, 9: 0.58}]
each client's acc:
0.9400000000000001
0.9
0.932
0.9039999999999999
0.954
0.9400000000000001
0.9280000000000002
0.9559999999999998
0.9120000000000001
0.93
0.95
0.9039999999999999
0.9199999999999999
0.9359999999999999
0.952
0.9359999999999999
0.9
0.9440000000000002
0.968
0.916
-------------------------------------------
client No.: 0
client No.: 1
client No.: 2
client No.: 3
client No.: 4
client No.: 5
client No.: 6
client No.: 7
client No.: 8
client No.: 9
client No.: 10
client No.: 11
client No.: 12
client No.: 13
client No.: 14
client No.: 15
client No.: 16
client No.: 17
client No.: 18
client No.: 19
glob_iter:  22     train_time:  35.33756343126297
glob_iter:  22     agg_time:  1.881305456161499
All users are selected
-------------------------------------------
test_samples:  [50, 50, 50, 50, 50, 50, 50, 50, 50, 50, 50, 50, 50, 50, 50, 50, 50, 50, 50, 50]
test_accs:  [{0: 0.68, 1: 0.68, 2: 1.0, 3: 1.0, 4: 1.0, 5: 1.0, 6: 1.0, 7: 1.0, 8: 1.0, 9: 1.0}, {0: 0.5, 1: 0.5, 2: 1.0, 3: 1.0, 4: 1.0, 5: 1.0, 6: 1.0, 7: 1.0, 8: 1.0, 9: 1.0}, {0: 0.68, 1: 0.66, 2: 1.0, 3: 1.0, 4: 1.0, 5: 1.0, 6: 1.0, 7: 1.0, 8: 1.0, 9: 1.0}, {0: 0.54, 1: 0.54, 2: 1.0, 3: 1.0, 4: 1.0, 5: 1.0, 6: 1.0, 7: 1.0, 8: 1.0, 9: 1.0}, {0: 1.0, 1: 1.0, 2: 0.78, 3: 0.78, 4: 1.0, 5: 1.0, 6: 1.0, 7: 1.0, 8: 1.0, 9: 1.0}, {0: 1.0, 1: 1.0, 2: 0.76, 3: 0.76, 4: 1.0, 5: 1.0, 6: 1.0, 7: 1.0, 8: 1.0, 9: 1.0}, {0: 1.0, 1: 1.0, 2: 0.64, 3: 0.64, 4: 1.0, 5: 1.0, 6: 1.0, 7: 1.0, 8: 1.0, 9: 1.0}, {0: 1.0, 1: 1.0, 2: 0.76, 3: 0.78, 4: 1.0, 5: 1.0, 6: 1.0, 7: 1.0, 8: 1.0, 9: 1.0}, {0: 1.0, 1: 1.0, 2: 1.0, 3: 1.0, 4: 0.56, 5: 0.56, 6: 1.0, 7: 1.0, 8: 1.0, 9: 1.0}, {0: 1.0, 1: 1.0, 2: 1.0, 3: 1.0, 4: 0.66, 5: 0.64, 6: 1.0, 7: 1.0, 8: 1.0, 9: 1.0}, {0: 1.0, 1: 1.0, 2: 1.0, 3: 1.0, 4: 0.76, 5: 0.74, 6: 1.0, 7: 1.0, 8: 1.0, 9: 1.0}, {0: 1.0, 1: 1.0, 2: 1.0, 3: 1.0, 4: 0.52, 5: 0.52, 6: 1.0, 7: 1.0, 8: 1.0, 9: 1.0}, {0: 1.0, 1: 1.0, 2: 1.0, 3: 1.0, 4: 1.0, 5: 1.0, 6: 0.6, 7: 0.6, 8: 1.0, 9: 1.0}, {0: 1.0, 1: 1.0, 2: 1.0, 3: 1.0, 4: 1.0, 5: 1.0, 6: 0.68, 7: 0.68, 8: 1.0, 9: 1.0}, {0: 1.0, 1: 1.0, 2: 1.0, 3: 1.0, 4: 1.0, 5: 1.0, 6: 0.74, 7: 0.74, 8: 1.0, 9: 1.0}, {0: 1.0, 1: 1.0, 2: 1.0, 3: 1.0, 4: 1.0, 5: 1.0, 6: 0.68, 7: 0.68, 8: 1.0, 9: 1.0}, {0: 1.0, 1: 1.0, 2: 1.0, 3: 1.0, 4: 1.0, 5: 1.0, 6: 1.0, 7: 1.0, 8: 0.5, 9: 0.5}, {0: 1.0, 1: 1.0, 2: 1.0, 3: 1.0, 4: 1.0, 5: 1.0, 6: 1.0, 7: 1.0, 8: 0.74, 9: 0.72}, {0: 1.0, 1: 1.0, 2: 1.0, 3: 1.0, 4: 1.0, 5: 1.0, 6: 1.0, 7: 1.0, 8: 0.86, 9: 0.86}, {0: 1.0, 1: 1.0, 2: 1.0, 3: 1.0, 4: 1.0, 5: 1.0, 6: 1.0, 7: 1.0, 8: 0.58, 9: 0.58}]
each client's acc:
0.9359999999999999
0.9
0.9339999999999999
0.908
0.9560000000000001
0.952
0.9280000000000002
0.954
0.9120000000000001
0.93
0.95
0.9039999999999999
0.9199999999999999
0.9359999999999999
0.9480000000000001
0.9359999999999999
0.9
0.9460000000000001
0.9719999999999999
0.916
-------------------------------------------
client No.: 0
client No.: 1
client No.: 2
client No.: 3
client No.: 4
client No.: 5
client No.: 6
client No.: 7
client No.: 8
client No.: 9
client No.: 10
client No.: 11
client No.: 12
client No.: 13
client No.: 14
client No.: 15
client No.: 16
client No.: 17
client No.: 18
client No.: 19
glob_iter:  23     train_time:  35.3258180141449
glob_iter:  23     agg_time:  1.801070213317871
All users are selected
-------------------------------------------
test_samples:  [50, 50, 50, 50, 50, 50, 50, 50, 50, 50, 50, 50, 50, 50, 50, 50, 50, 50, 50, 50]
test_accs:  [{0: 0.7, 1: 0.7, 2: 1.0, 3: 1.0, 4: 1.0, 5: 1.0, 6: 1.0, 7: 1.0, 8: 1.0, 9: 1.0}, {0: 0.5, 1: 0.5, 2: 1.0, 3: 1.0, 4: 1.0, 5: 1.0, 6: 1.0, 7: 1.0, 8: 1.0, 9: 1.0}, {0: 0.7, 1: 0.66, 2: 1.0, 3: 1.0, 4: 1.0, 5: 1.0, 6: 1.0, 7: 1.0, 8: 1.0, 9: 1.0}, {0: 0.54, 1: 0.54, 2: 1.0, 3: 1.0, 4: 1.0, 5: 1.0, 6: 1.0, 7: 1.0, 8: 1.0, 9: 1.0}, {0: 1.0, 1: 1.0, 2: 0.8, 3: 0.8, 4: 1.0, 5: 1.0, 6: 1.0, 7: 1.0, 8: 1.0, 9: 1.0}, {0: 1.0, 1: 1.0, 2: 0.76, 3: 0.76, 4: 1.0, 5: 1.0, 6: 1.0, 7: 1.0, 8: 1.0, 9: 1.0}, {0: 1.0, 1: 1.0, 2: 0.64, 3: 0.64, 4: 1.0, 5: 1.0, 6: 1.0, 7: 1.0, 8: 1.0, 9: 1.0}, {0: 1.0, 1: 1.0, 2: 0.74, 3: 0.74, 4: 1.0, 5: 1.0, 6: 1.0, 7: 1.0, 8: 1.0, 9: 1.0}, {0: 1.0, 1: 1.0, 2: 1.0, 3: 1.0, 4: 0.56, 5: 0.58, 6: 1.0, 7: 1.0, 8: 1.0, 9: 1.0}, {0: 1.0, 1: 1.0, 2: 1.0, 3: 1.0, 4: 0.66, 5: 0.64, 6: 1.0, 7: 1.0, 8: 1.0, 9: 1.0}, {0: 1.0, 1: 1.0, 2: 1.0, 3: 1.0, 4: 0.76, 5: 0.74, 6: 1.0, 7: 1.0, 8: 1.0, 9: 1.0}, {0: 1.0, 1: 1.0, 2: 1.0, 3: 1.0, 4: 0.52, 5: 0.52, 6: 1.0, 7: 1.0, 8: 1.0, 9: 1.0}, {0: 1.0, 1: 1.0, 2: 1.0, 3: 1.0, 4: 1.0, 5: 1.0, 6: 0.6, 7: 0.62, 8: 1.0, 9: 1.0}, {0: 1.0, 1: 1.0, 2: 1.0, 3: 1.0, 4: 1.0, 5: 1.0, 6: 0.68, 7: 0.68, 8: 1.0, 9: 1.0}, {0: 1.0, 1: 1.0, 2: 1.0, 3: 1.0, 4: 1.0, 5: 1.0, 6: 0.74, 7: 0.72, 8: 1.0, 9: 1.0}, {0: 1.0, 1: 1.0, 2: 1.0, 3: 1.0, 4: 1.0, 5: 1.0, 6: 0.68, 7: 0.68, 8: 1.0, 9: 1.0}, {0: 1.0, 1: 1.0, 2: 1.0, 3: 1.0, 4: 1.0, 5: 1.0, 6: 1.0, 7: 1.0, 8: 0.5, 9: 0.5}, {0: 1.0, 1: 1.0, 2: 1.0, 3: 1.0, 4: 1.0, 5: 1.0, 6: 1.0, 7: 1.0, 8: 0.74, 9: 0.74}, {0: 1.0, 1: 1.0, 2: 1.0, 3: 1.0, 4: 1.0, 5: 1.0, 6: 1.0, 7: 1.0, 8: 0.86, 9: 0.86}, {0: 1.0, 1: 1.0, 2: 1.0, 3: 1.0, 4: 1.0, 5: 1.0, 6: 1.0, 7: 1.0, 8: 0.6, 9: 0.58}]
each client's acc:
0.9400000000000001
0.9
0.9359999999999999
0.908
0.96
0.952
0.9280000000000002
0.9480000000000001
0.914
0.93
0.95
0.9039999999999999
0.9219999999999999
0.9359999999999999
0.9460000000000001
0.9359999999999999
0.9
0.9480000000000001
0.9719999999999999
0.9179999999999999
-------------------------------------------
client No.: 0
client No.: 1
client No.: 2
client No.: 3
client No.: 4
client No.: 5
client No.: 6
client No.: 7
client No.: 8
client No.: 9
client No.: 10
client No.: 11
client No.: 12
client No.: 13
client No.: 14
client No.: 15
client No.: 16
client No.: 17
client No.: 18
client No.: 19
glob_iter:  24     train_time:  35.360082519054416
glob_iter:  24     agg_time:  1.9674322605133057
All users are selected
-------------------------------------------
test_samples:  [50, 50, 50, 50, 50, 50, 50, 50, 50, 50, 50, 50, 50, 50, 50, 50, 50, 50, 50, 50]
test_accs:  [{0: 0.7, 1: 0.7, 2: 1.0, 3: 1.0, 4: 1.0, 5: 1.0, 6: 1.0, 7: 1.0, 8: 1.0, 9: 1.0}, {0: 0.5, 1: 0.5, 2: 1.0, 3: 1.0, 4: 1.0, 5: 1.0, 6: 1.0, 7: 1.0, 8: 1.0, 9: 1.0}, {0: 0.7, 1: 0.66, 2: 1.0, 3: 1.0, 4: 1.0, 5: 1.0, 6: 1.0, 7: 1.0, 8: 1.0, 9: 1.0}, {0: 0.54, 1: 0.54, 2: 1.0, 3: 1.0, 4: 1.0, 5: 1.0, 6: 1.0, 7: 1.0, 8: 1.0, 9: 1.0}, {0: 1.0, 1: 1.0, 2: 0.8, 3: 0.8, 4: 1.0, 5: 1.0, 6: 1.0, 7: 1.0, 8: 1.0, 9: 1.0}, {0: 1.0, 1: 1.0, 2: 0.82, 3: 0.76, 4: 1.0, 5: 1.0, 6: 1.0, 7: 1.0, 8: 1.0, 9: 1.0}, {0: 1.0, 1: 1.0, 2: 0.64, 3: 0.64, 4: 1.0, 5: 1.0, 6: 1.0, 7: 1.0, 8: 1.0, 9: 1.0}, {0: 1.0, 1: 1.0, 2: 0.72, 3: 0.72, 4: 1.0, 5: 1.0, 6: 1.0, 7: 1.0, 8: 1.0, 9: 1.0}, {0: 1.0, 1: 1.0, 2: 1.0, 3: 1.0, 4: 0.58, 5: 0.58, 6: 1.0, 7: 1.0, 8: 1.0, 9: 1.0}, {0: 1.0, 1: 1.0, 2: 1.0, 3: 1.0, 4: 0.64, 5: 0.66, 6: 1.0, 7: 1.0, 8: 1.0, 9: 1.0}, {0: 1.0, 1: 1.0, 2: 1.0, 3: 1.0, 4: 0.76, 5: 0.74, 6: 1.0, 7: 1.0, 8: 1.0, 9: 1.0}, {0: 1.0, 1: 1.0, 2: 1.0, 3: 1.0, 4: 0.52, 5: 0.52, 6: 1.0, 7: 1.0, 8: 1.0, 9: 1.0}, {0: 1.0, 1: 1.0, 2: 1.0, 3: 1.0, 4: 1.0, 5: 1.0, 6: 0.6, 7: 0.62, 8: 1.0, 9: 1.0}, {0: 1.0, 1: 1.0, 2: 1.0, 3: 1.0, 4: 1.0, 5: 1.0, 6: 0.68, 7: 0.68, 8: 1.0, 9: 1.0}, {0: 1.0, 1: 1.0, 2: 1.0, 3: 1.0, 4: 1.0, 5: 1.0, 6: 0.76, 7: 0.7, 8: 1.0, 9: 1.0}, {0: 1.0, 1: 1.0, 2: 1.0, 3: 1.0, 4: 1.0, 5: 1.0, 6: 0.68, 7: 0.68, 8: 1.0, 9: 1.0}, {0: 1.0, 1: 1.0, 2: 1.0, 3: 1.0, 4: 1.0, 5: 1.0, 6: 1.0, 7: 1.0, 8: 0.5, 9: 0.5}, {0: 1.0, 1: 1.0, 2: 1.0, 3: 1.0, 4: 1.0, 5: 1.0, 6: 1.0, 7: 1.0, 8: 0.74, 9: 0.74}, {0: 1.0, 1: 1.0, 2: 1.0, 3: 1.0, 4: 1.0, 5: 1.0, 6: 1.0, 7: 1.0, 8: 0.88, 9: 0.86}, {0: 1.0, 1: 1.0, 2: 1.0, 3: 1.0, 4: 1.0, 5: 1.0, 6: 1.0, 7: 1.0, 8: 0.6, 9: 0.6}]
each client's acc:
0.9400000000000001
0.9
0.9359999999999999
0.908
0.96
0.958
0.9280000000000002
0.944
0.916
0.93
0.95
0.9039999999999999
0.9219999999999999
0.9359999999999999
0.9460000000000001
0.9359999999999999
0.9
0.9480000000000001
0.974
0.9199999999999999
-------------------------------------------
client No.: 0
client No.: 1
client No.: 2
client No.: 3
client No.: 4
client No.: 5
client No.: 6
client No.: 7
client No.: 8
client No.: 9
client No.: 10
client No.: 11
client No.: 12
client No.: 13
client No.: 14
client No.: 15
client No.: 16
client No.: 17
client No.: 18
client No.: 19
glob_iter:  25     train_time:  27.631342482566833
glob_iter:  25     agg_time:  1.192626953125
All users are selected
-------------------------------------------
test_samples:  [50, 50, 50, 50, 50, 50, 50, 50, 50, 50, 50, 50, 50, 50, 50, 50, 50, 50, 50, 50]
test_accs:  [{0: 0.7, 1: 0.7, 2: 1.0, 3: 1.0, 4: 1.0, 5: 1.0, 6: 1.0, 7: 1.0, 8: 1.0, 9: 1.0}, {0: 0.5, 1: 0.5, 2: 1.0, 3: 1.0, 4: 1.0, 5: 1.0, 6: 1.0, 7: 1.0, 8: 1.0, 9: 1.0}, {0: 0.7, 1: 0.66, 2: 1.0, 3: 1.0, 4: 1.0, 5: 1.0, 6: 1.0, 7: 1.0, 8: 1.0, 9: 1.0}, {0: 0.54, 1: 0.54, 2: 1.0, 3: 1.0, 4: 1.0, 5: 1.0, 6: 1.0, 7: 1.0, 8: 1.0, 9: 1.0}, {0: 1.0, 1: 1.0, 2: 0.8, 3: 0.82, 4: 1.0, 5: 1.0, 6: 1.0, 7: 1.0, 8: 1.0, 9: 1.0}, {0: 1.0, 1: 1.0, 2: 0.86, 3: 0.82, 4: 1.0, 5: 1.0, 6: 1.0, 7: 1.0, 8: 1.0, 9: 1.0}, {0: 1.0, 1: 1.0, 2: 0.64, 3: 0.64, 4: 1.0, 5: 1.0, 6: 1.0, 7: 1.0, 8: 1.0, 9: 1.0}, {0: 1.0, 1: 1.0, 2: 0.72, 3: 0.7, 4: 1.0, 5: 1.0, 6: 1.0, 7: 1.0, 8: 1.0, 9: 1.0}, {0: 1.0, 1: 1.0, 2: 1.0, 3: 1.0, 4: 0.58, 5: 0.58, 6: 1.0, 7: 1.0, 8: 1.0, 9: 1.0}, {0: 1.0, 1: 1.0, 2: 1.0, 3: 1.0, 4: 0.64, 5: 0.64, 6: 1.0, 7: 1.0, 8: 1.0, 9: 1.0}, {0: 1.0, 1: 1.0, 2: 1.0, 3: 1.0, 4: 0.76, 5: 0.74, 6: 1.0, 7: 1.0, 8: 1.0, 9: 1.0}, {0: 1.0, 1: 1.0, 2: 1.0, 3: 1.0, 4: 0.52, 5: 0.52, 6: 1.0, 7: 1.0, 8: 1.0, 9: 1.0}, {0: 1.0, 1: 1.0, 2: 1.0, 3: 1.0, 4: 1.0, 5: 1.0, 6: 0.6, 7: 0.62, 8: 1.0, 9: 1.0}, {0: 1.0, 1: 1.0, 2: 1.0, 3: 1.0, 4: 1.0, 5: 1.0, 6: 0.68, 7: 0.68, 8: 1.0, 9: 1.0}, {0: 1.0, 1: 1.0, 2: 1.0, 3: 1.0, 4: 1.0, 5: 1.0, 6: 0.74, 7: 0.72, 8: 1.0, 9: 1.0}, {0: 1.0, 1: 1.0, 2: 1.0, 3: 1.0, 4: 1.0, 5: 1.0, 6: 0.68, 7: 0.68, 8: 1.0, 9: 1.0}, {0: 1.0, 1: 1.0, 2: 1.0, 3: 1.0, 4: 1.0, 5: 1.0, 6: 1.0, 7: 1.0, 8: 0.5, 9: 0.5}, {0: 1.0, 1: 1.0, 2: 1.0, 3: 1.0, 4: 1.0, 5: 1.0, 6: 1.0, 7: 1.0, 8: 0.74, 9: 0.74}, {0: 1.0, 1: 1.0, 2: 1.0, 3: 1.0, 4: 1.0, 5: 1.0, 6: 1.0, 7: 1.0, 8: 0.88, 9: 0.88}, {0: 1.0, 1: 1.0, 2: 1.0, 3: 1.0, 4: 1.0, 5: 1.0, 6: 1.0, 7: 1.0, 8: 0.6, 9: 0.6}]
each client's acc:
0.9400000000000001
0.9
0.9359999999999999
0.908
0.962
0.968
0.9280000000000002
0.942
0.916
0.9279999999999999
0.95
0.9039999999999999
0.9219999999999999
0.9359999999999999
0.9460000000000001
0.9359999999999999
0.9
0.9480000000000001
0.9760000000000002
0.9199999999999999
-------------------------------------------
client No.: 0
client No.: 1
client No.: 2
client No.: 3
client No.: 4
client No.: 5
client No.: 6
client No.: 7
client No.: 8
client No.: 9
client No.: 10
client No.: 11
client No.: 12
client No.: 13
client No.: 14
client No.: 15
client No.: 16
client No.: 17
client No.: 18
client No.: 19
glob_iter:  26     train_time:  23.87350219488144
glob_iter:  26     agg_time:  1.1887195110321045
All users are selected
-------------------------------------------
test_samples:  [50, 50, 50, 50, 50, 50, 50, 50, 50, 50, 50, 50, 50, 50, 50, 50, 50, 50, 50, 50]
test_accs:  [{0: 0.7, 1: 0.7, 2: 1.0, 3: 1.0, 4: 1.0, 5: 1.0, 6: 1.0, 7: 1.0, 8: 1.0, 9: 1.0}, {0: 0.5, 1: 0.5, 2: 1.0, 3: 1.0, 4: 1.0, 5: 1.0, 6: 1.0, 7: 1.0, 8: 1.0, 9: 1.0}, {0: 0.7, 1: 0.68, 2: 1.0, 3: 1.0, 4: 1.0, 5: 1.0, 6: 1.0, 7: 1.0, 8: 1.0, 9: 1.0}, {0: 0.54, 1: 0.54, 2: 1.0, 3: 1.0, 4: 1.0, 5: 1.0, 6: 1.0, 7: 1.0, 8: 1.0, 9: 1.0}, {0: 1.0, 1: 1.0, 2: 0.8, 3: 0.82, 4: 1.0, 5: 1.0, 6: 1.0, 7: 1.0, 8: 1.0, 9: 1.0}, {0: 1.0, 1: 1.0, 2: 0.86, 3: 0.86, 4: 1.0, 5: 1.0, 6: 1.0, 7: 1.0, 8: 1.0, 9: 1.0}, {0: 1.0, 1: 1.0, 2: 0.64, 3: 0.64, 4: 1.0, 5: 1.0, 6: 1.0, 7: 1.0, 8: 1.0, 9: 1.0}, {0: 1.0, 1: 1.0, 2: 0.7, 3: 0.68, 4: 1.0, 5: 1.0, 6: 1.0, 7: 1.0, 8: 1.0, 9: 1.0}, {0: 1.0, 1: 1.0, 2: 1.0, 3: 1.0, 4: 0.58, 5: 0.58, 6: 1.0, 7: 1.0, 8: 1.0, 9: 1.0}, {0: 1.0, 1: 1.0, 2: 1.0, 3: 1.0, 4: 0.64, 5: 0.66, 6: 1.0, 7: 1.0, 8: 1.0, 9: 1.0}, {0: 1.0, 1: 1.0, 2: 1.0, 3: 1.0, 4: 0.76, 5: 0.74, 6: 1.0, 7: 1.0, 8: 1.0, 9: 1.0}, {0: 1.0, 1: 1.0, 2: 1.0, 3: 1.0, 4: 0.52, 5: 0.52, 6: 1.0, 7: 1.0, 8: 1.0, 9: 1.0}, {0: 1.0, 1: 1.0, 2: 1.0, 3: 1.0, 4: 1.0, 5: 1.0, 6: 0.6, 7: 0.64, 8: 1.0, 9: 1.0}, {0: 1.0, 1: 1.0, 2: 1.0, 3: 1.0, 4: 1.0, 5: 1.0, 6: 0.68, 7: 0.68, 8: 1.0, 9: 1.0}, {0: 1.0, 1: 1.0, 2: 1.0, 3: 1.0, 4: 1.0, 5: 1.0, 6: 0.74, 7: 0.74, 8: 1.0, 9: 1.0}, {0: 1.0, 1: 1.0, 2: 1.0, 3: 1.0, 4: 1.0, 5: 1.0, 6: 0.72, 7: 0.74, 8: 1.0, 9: 1.0}, {0: 1.0, 1: 1.0, 2: 1.0, 3: 1.0, 4: 1.0, 5: 1.0, 6: 1.0, 7: 1.0, 8: 0.5, 9: 0.5}, {0: 1.0, 1: 1.0, 2: 1.0, 3: 1.0, 4: 1.0, 5: 1.0, 6: 1.0, 7: 1.0, 8: 0.74, 9: 0.74}, {0: 1.0, 1: 1.0, 2: 1.0, 3: 1.0, 4: 1.0, 5: 1.0, 6: 1.0, 7: 1.0, 8: 0.88, 9: 0.88}, {0: 1.0, 1: 1.0, 2: 1.0, 3: 1.0, 4: 1.0, 5: 1.0, 6: 1.0, 7: 1.0, 8: 0.62, 9: 0.62}]
each client's acc:
0.9400000000000001
0.9
0.938
0.908
0.962
0.9719999999999999
0.9280000000000002
0.9380000000000001
0.916
0.93
0.95
0.9039999999999999
0.9239999999999998
0.9359999999999999
0.9480000000000001
0.9460000000000001
0.9
0.9480000000000001
0.9760000000000002
0.9239999999999998
-------------------------------------------
client No.: 0
client No.: 1
client No.: 2
client No.: 3
client No.: 4
client No.: 5
client No.: 6
client No.: 7
client No.: 8
client No.: 9
client No.: 10
client No.: 11
client No.: 12
client No.: 13
client No.: 14
client No.: 15
client No.: 16
client No.: 17
client No.: 18
client No.: 19
glob_iter:  27     train_time:  23.98969031572342
glob_iter:  27     agg_time:  1.2021739482879639
All users are selected
-------------------------------------------
test_samples:  [50, 50, 50, 50, 50, 50, 50, 50, 50, 50, 50, 50, 50, 50, 50, 50, 50, 50, 50, 50]
test_accs:  [{0: 0.7, 1: 0.7, 2: 1.0, 3: 1.0, 4: 1.0, 5: 1.0, 6: 1.0, 7: 1.0, 8: 1.0, 9: 1.0}, {0: 0.5, 1: 0.5, 2: 1.0, 3: 1.0, 4: 1.0, 5: 1.0, 6: 1.0, 7: 1.0, 8: 1.0, 9: 1.0}, {0: 0.7, 1: 0.7, 2: 1.0, 3: 1.0, 4: 1.0, 5: 1.0, 6: 1.0, 7: 1.0, 8: 1.0, 9: 1.0}, {0: 0.54, 1: 0.54, 2: 1.0, 3: 1.0, 4: 1.0, 5: 1.0, 6: 1.0, 7: 1.0, 8: 1.0, 9: 1.0}, {0: 1.0, 1: 1.0, 2: 0.82, 3: 0.82, 4: 1.0, 5: 1.0, 6: 1.0, 7: 1.0, 8: 1.0, 9: 1.0}, {0: 1.0, 1: 1.0, 2: 0.88, 3: 0.86, 4: 1.0, 5: 1.0, 6: 1.0, 7: 1.0, 8: 1.0, 9: 1.0}, {0: 1.0, 1: 1.0, 2: 0.64, 3: 0.64, 4: 1.0, 5: 1.0, 6: 1.0, 7: 1.0, 8: 1.0, 9: 1.0}, {0: 1.0, 1: 1.0, 2: 0.68, 3: 0.68, 4: 1.0, 5: 1.0, 6: 1.0, 7: 1.0, 8: 1.0, 9: 1.0}, {0: 1.0, 1: 1.0, 2: 1.0, 3: 1.0, 4: 0.58, 5: 0.58, 6: 1.0, 7: 1.0, 8: 1.0, 9: 1.0}, {0: 1.0, 1: 1.0, 2: 1.0, 3: 1.0, 4: 0.64, 5: 0.66, 6: 1.0, 7: 1.0, 8: 1.0, 9: 1.0}, {0: 1.0, 1: 1.0, 2: 1.0, 3: 1.0, 4: 0.74, 5: 0.74, 6: 1.0, 7: 1.0, 8: 1.0, 9: 1.0}, {0: 1.0, 1: 1.0, 2: 1.0, 3: 1.0, 4: 0.52, 5: 0.52, 6: 1.0, 7: 1.0, 8: 1.0, 9: 1.0}, {0: 1.0, 1: 1.0, 2: 1.0, 3: 1.0, 4: 1.0, 5: 1.0, 6: 0.62, 7: 0.62, 8: 1.0, 9: 1.0}, {0: 1.0, 1: 1.0, 2: 1.0, 3: 1.0, 4: 1.0, 5: 1.0, 6: 0.68, 7: 0.68, 8: 1.0, 9: 1.0}, {0: 1.0, 1: 1.0, 2: 1.0, 3: 1.0, 4: 1.0, 5: 1.0, 6: 0.74, 7: 0.74, 8: 1.0, 9: 1.0}, {0: 1.0, 1: 1.0, 2: 1.0, 3: 1.0, 4: 1.0, 5: 1.0, 6: 0.76, 7: 0.78, 8: 1.0, 9: 1.0}, {0: 1.0, 1: 1.0, 2: 1.0, 3: 1.0, 4: 1.0, 5: 1.0, 6: 1.0, 7: 1.0, 8: 0.5, 9: 0.5}, {0: 1.0, 1: 1.0, 2: 1.0, 3: 1.0, 4: 1.0, 5: 1.0, 6: 1.0, 7: 1.0, 8: 0.74, 9: 0.74}, {0: 1.0, 1: 1.0, 2: 1.0, 3: 1.0, 4: 1.0, 5: 1.0, 6: 1.0, 7: 1.0, 8: 0.88, 9: 0.88}, {0: 1.0, 1: 1.0, 2: 1.0, 3: 1.0, 4: 1.0, 5: 1.0, 6: 1.0, 7: 1.0, 8: 0.62, 9: 0.62}]
each client's acc:
0.9400000000000001
0.9
0.9400000000000001
0.908
0.9640000000000001
0.974
0.9280000000000002
0.9359999999999999
0.916
0.93
0.9480000000000001
0.9039999999999999
0.924
0.9359999999999999
0.9480000000000001
0.954
0.9
0.9480000000000001
0.9760000000000002
0.9239999999999998
-------------------------------------------
client No.: 0
client No.: 1
client No.: 2
client No.: 3
client No.: 4
client No.: 5
client No.: 6
client No.: 7
client No.: 8
client No.: 9
client No.: 10
client No.: 11
client No.: 12
client No.: 13
client No.: 14
client No.: 15
client No.: 16
client No.: 17
client No.: 18
client No.: 19
glob_iter:  28     train_time:  22.952153873443603
glob_iter:  28     agg_time:  1.4148402214050293
All users are selected
-------------------------------------------
test_samples:  [50, 50, 50, 50, 50, 50, 50, 50, 50, 50, 50, 50, 50, 50, 50, 50, 50, 50, 50, 50]
test_accs:  [{0: 0.68, 1: 0.68, 2: 1.0, 3: 1.0, 4: 1.0, 5: 1.0, 6: 1.0, 7: 1.0, 8: 1.0, 9: 1.0}, {0: 0.5, 1: 0.5, 2: 1.0, 3: 1.0, 4: 1.0, 5: 1.0, 6: 1.0, 7: 1.0, 8: 1.0, 9: 1.0}, {0: 0.74, 1: 0.7, 2: 1.0, 3: 1.0, 4: 1.0, 5: 1.0, 6: 1.0, 7: 1.0, 8: 1.0, 9: 1.0}, {0: 0.54, 1: 0.54, 2: 1.0, 3: 1.0, 4: 1.0, 5: 1.0, 6: 1.0, 7: 1.0, 8: 1.0, 9: 1.0}, {0: 1.0, 1: 1.0, 2: 0.82, 3: 0.82, 4: 1.0, 5: 1.0, 6: 1.0, 7: 1.0, 8: 1.0, 9: 1.0}, {0: 1.0, 1: 1.0, 2: 0.86, 3: 0.86, 4: 1.0, 5: 1.0, 6: 1.0, 7: 1.0, 8: 1.0, 9: 1.0}, {0: 1.0, 1: 1.0, 2: 0.64, 3: 0.64, 4: 1.0, 5: 1.0, 6: 1.0, 7: 1.0, 8: 1.0, 9: 1.0}, {0: 1.0, 1: 1.0, 2: 0.66, 3: 0.66, 4: 1.0, 5: 1.0, 6: 1.0, 7: 1.0, 8: 1.0, 9: 1.0}, {0: 1.0, 1: 1.0, 2: 1.0, 3: 1.0, 4: 0.58, 5: 0.58, 6: 1.0, 7: 1.0, 8: 1.0, 9: 1.0}, {0: 1.0, 1: 1.0, 2: 1.0, 3: 1.0, 4: 0.66, 5: 0.66, 6: 1.0, 7: 1.0, 8: 1.0, 9: 1.0}, {0: 1.0, 1: 1.0, 2: 1.0, 3: 1.0, 4: 0.72, 5: 0.74, 6: 1.0, 7: 1.0, 8: 1.0, 9: 1.0}, {0: 1.0, 1: 1.0, 2: 1.0, 3: 1.0, 4: 0.52, 5: 0.52, 6: 1.0, 7: 1.0, 8: 1.0, 9: 1.0}, {0: 1.0, 1: 1.0, 2: 1.0, 3: 1.0, 4: 1.0, 5: 1.0, 6: 0.62, 7: 0.62, 8: 1.0, 9: 1.0}, {0: 1.0, 1: 1.0, 2: 1.0, 3: 1.0, 4: 1.0, 5: 1.0, 6: 0.7, 7: 0.7, 8: 1.0, 9: 1.0}, {0: 1.0, 1: 1.0, 2: 1.0, 3: 1.0, 4: 1.0, 5: 1.0, 6: 0.74, 7: 0.74, 8: 1.0, 9: 1.0}, {0: 1.0, 1: 1.0, 2: 1.0, 3: 1.0, 4: 1.0, 5: 1.0, 6: 0.78, 7: 0.78, 8: 1.0, 9: 1.0}, {0: 1.0, 1: 1.0, 2: 1.0, 3: 1.0, 4: 1.0, 5: 1.0, 6: 1.0, 7: 1.0, 8: 0.5, 9: 0.5}, {0: 1.0, 1: 1.0, 2: 1.0, 3: 1.0, 4: 1.0, 5: 1.0, 6: 1.0, 7: 1.0, 8: 0.74, 9: 0.74}, {0: 1.0, 1: 1.0, 2: 1.0, 3: 1.0, 4: 1.0, 5: 1.0, 6: 1.0, 7: 1.0, 8: 0.88, 9: 0.88}, {0: 1.0, 1: 1.0, 2: 1.0, 3: 1.0, 4: 1.0, 5: 1.0, 6: 1.0, 7: 1.0, 8: 0.62, 9: 0.62}]
each client's acc:
0.9359999999999999
0.9
0.944
0.908
0.9640000000000001
0.9719999999999999
0.9280000000000002
0.932
0.916
0.932
0.9460000000000001
0.9039999999999999
0.924
0.9400000000000001
0.9480000000000001
0.9560000000000001
0.9
0.9480000000000001
0.9760000000000002
0.9239999999999998
-------------------------------------------
client No.: 0
client No.: 1
client No.: 2
client No.: 3
client No.: 4
client No.: 5
client No.: 6
client No.: 7
client No.: 8
client No.: 9
client No.: 10
client No.: 11
client No.: 12
client No.: 13
client No.: 14
client No.: 15
client No.: 16
client No.: 17
client No.: 18
client No.: 19
glob_iter:  29     train_time:  26.14265379905701
glob_iter:  29     agg_time:  1.206977367401123
Finished training.
