2022-01-26 16:19:05:INFO:-------------Round number: 0-------------
2022-01-26 16:19:05:INFO:-------------Sending models-------------
2022-01-26 16:19:05:INFO:-------------Evaluating models-------------
2022-01-26 16:19:06:INFO:Average Global Accuracy and Loss for Each Task:
2022-01-26 16:19:06:INFO:Accuracy = [0.8991803824881722, 0.1003531685213567, 0.09842073698940494, 0.10081961751182782, 0.8763910175251549, 0.8853201839141733, 0.10028653295128939, 0.09975344839075098, 0.8991137469181049, 0.9005797294595855]
2022-01-26 16:19:06:INFO:Loss = [0.665735710753093, 0.7252041155432307, 0.7190054141443257, 0.7331072797684394, 0.6908852116902903, 0.6900398628600649, 0.7395282456087956, 0.703250268981245, 0.6848465939734868, 0.6383577395964568]
2022-01-26 16:19:06:INFO:-------------Training local models-------------
2022-01-26 16:27:20:INFO:-------------Aggregating local models-------------
2022-01-26 16:27:21:INFO:-------------Round number: 1-------------
2022-01-26 16:27:21:INFO:-------------Sending models-------------
2022-01-26 16:27:21:INFO:-------------Evaluating models-------------
2022-01-26 16:27:22:INFO:Average Global Accuracy and Loss for Each Task:
2022-01-26 16:27:22:INFO:Accuracy = [0.9908709269007796, 0.9578863197174652, 0.9522889318318118, 0.9615512760711667, 0.9841407343239822, 0.96468314786433, 0.9648164190044646, 0.9982008396081828, 0.9780102618777904, 0.9544212700739655]
2022-01-26 16:27:22:INFO:Loss = [0.03567385451762505, 0.10440670745458526, 0.11694037852865431, 0.08349150386712324, 0.053612466011953, 0.0732450977092566, 0.08969018271693044, 0.01556794245763758, 0.05839106472503458, 0.09150030079564793]
2022-01-26 16:27:22:INFO:-------------Training local models-------------
2022-01-26 16:35:37:INFO:-------------Aggregating local models-------------
2022-01-26 16:35:38:INFO:-------------Round number: 2-------------
2022-01-26 16:35:38:INFO:-------------Sending models-------------
2022-01-26 16:35:38:INFO:-------------Evaluating models-------------
2022-01-26 16:35:38:INFO:Average Global Accuracy and Loss for Each Task:
2022-01-26 16:35:38:INFO:Accuracy = [0.9908709269007796, 0.9580195908575998, 0.9593523022589459, 0.97307922969281, 0.9841407343239822, 0.970213900179916, 0.9699473578996468, 0.9985340174585193, 0.9819417605117612, 0.9582194975678017]
2022-01-26 16:35:38:INFO:Loss = [0.028520490685032655, 0.09371045135296135, 0.10731369725967813, 0.0728667410227317, 0.04523100431087135, 0.06400402153787865, 0.08050755040718073, 0.00992103749264283, 0.04535399928558857, 0.08054889326860665]
2022-01-26 16:35:38:INFO:-------------Training local models-------------
2022-01-26 16:43:54:INFO:-------------Aggregating local models-------------
2022-01-26 16:43:55:INFO:-------------Round number: 3-------------
2022-01-26 16:43:55:INFO:-------------Sending models-------------
2022-01-26 16:43:55:INFO:-------------Evaluating models-------------
2022-01-26 16:43:55:INFO:Average Global Accuracy and Loss for Each Task:
2022-01-26 16:43:55:INFO:Accuracy = [0.9908709269007796, 0.9590191244086094, 0.9606850136602919, 0.9741453988138868, 0.9841407343239822, 0.9791430665689345, 0.9708136203105218, 0.9985340174585193, 0.9875391483974145, 0.9664156726860799]
2022-01-26 16:43:55:INFO:Loss = [0.025841500163944268, 0.08693598430800074, 0.09877752053706101, 0.06405017162774092, 0.04155788998920551, 0.0565517784614431, 0.07400053549684169, 0.007927023542143453, 0.03578307986268079, 0.0699303854249811]
2022-01-26 16:43:55:INFO:-------------Training local models-------------
2022-01-26 16:52:11:INFO:-------------Aggregating local models-------------
2022-01-26 16:52:12:INFO:-------------Round number: 4-------------
2022-01-26 16:52:12:INFO:-------------Sending models-------------
2022-01-26 16:52:12:INFO:-------------Evaluating models-------------
2022-01-26 16:52:12:INFO:Average Global Accuracy and Loss for Each Task:
2022-01-26 16:52:12:INFO:Accuracy = [0.9908709269007796, 0.964016792163657, 0.961817818351436, 0.9754114746451656, 0.9841407343239822, 0.982141667221963, 0.9720796961418005, 0.9985340174585193, 0.988738588658626, 0.9723462384220697]
2022-01-26 16:52:12:INFO:Loss = [0.02446093782890722, 0.0788358087502472, 0.09373222760716768, 0.060345524635276454, 0.03883239076019174, 0.04655122598490395, 0.06785839486999391, 0.006983388728999507, 0.031312836779399174, 0.0628216527511247]
2022-01-26 16:52:12:INFO:-------------Training local models-------------
2022-01-26 17:00:28:INFO:-------------Aggregating local models-------------
2022-01-26 17:00:29:INFO:-------------Round number: 5-------------
2022-01-26 17:00:29:INFO:-------------Sending models-------------
2022-01-26 17:00:29:INFO:-------------Evaluating models-------------
2022-01-26 17:00:29:INFO:Average Global Accuracy and Loss for Each Task:
2022-01-26 17:00:29:INFO:Accuracy = [0.9908709269007796, 0.9723462384220697, 0.9656826814153395, 0.9767441860465116, 0.9841407343239822, 0.980808955820617, 0.9754781102152329, 0.9985340174585193, 0.9891384020790298, 0.9754781102152329]
2022-01-26 17:00:29:INFO:Loss = [0.023393057207771427, 0.06831800247022443, 0.08922390472401667, 0.057693586848863984, 0.03689041910005336, 0.04487033899184762, 0.06314942525362396, 0.006455951610762789, 0.028439693232584173, 0.05620606859715705]
2022-01-26 17:00:29:INFO:-------------Training local models-------------
2022-01-26 17:08:45:INFO:-------------Aggregating local models-------------
2022-01-26 17:08:46:INFO:-------------Round number: 6-------------
2022-01-26 17:08:46:INFO:-------------Sending models-------------
2022-01-26 17:08:46:INFO:-------------Evaluating models-------------
2022-01-26 17:08:46:INFO:Average Global Accuracy and Loss for Each Task:
2022-01-26 17:08:46:INFO:Accuracy = [0.9913373758912507, 0.9748117545145599, 0.966682214966349, 0.9770773638968482, 0.9841407343239822, 0.9806090491104151, 0.9772106350369827, 0.9985340174585193, 0.9898047577797028, 0.976610914906377]
2022-01-26 17:08:46:INFO:Loss = [0.022124413381845964, 0.06224089731328118, 0.0864912805962225, 0.05622479783135456, 0.03546060814261766, 0.04505846761142119, 0.05929146985917186, 0.00617073753011402, 0.026554311292602228, 0.05211516344452012]
2022-01-26 17:08:46:INFO:-------------Training local models-------------
2022-01-26 17:17:01:INFO:-------------Aggregating local models-------------
2022-01-26 17:17:03:INFO:-------------Round number: 7-------------
2022-01-26 17:17:03:INFO:-------------Sending models-------------
2022-01-26 17:17:03:INFO:-------------Evaluating models-------------
2022-01-26 17:17:03:INFO:Average Global Accuracy and Loss for Each Task:
2022-01-26 17:17:03:INFO:Accuracy = [0.9940027986939428, 0.9764776437662425, 0.9672152995268875, 0.9771439994669154, 0.9841407343239822, 0.985006996734857, 0.9783434397281269, 0.9985340174585193, 0.9904711134803759, 0.9788765242886653]
2022-01-26 17:17:03:INFO:Loss = [0.020520722517801987, 0.05896507284577952, 0.08477952350100491, 0.05520282821346847, 0.03435159228633104, 0.04179047620567986, 0.05622340422863843, 0.006011403939997702, 0.0260116570942115, 0.050398384418882065]
2022-01-26 17:17:03:INFO:-------------Training local models-------------
2022-01-26 17:25:19:INFO:-------------Aggregating local models-------------
2022-01-26 17:25:20:INFO:-------------Round number: 8-------------
2022-01-26 17:25:20:INFO:-------------Sending models-------------
2022-01-26 17:25:20:INFO:-------------Evaluating models-------------
2022-01-26 17:25:20:INFO:Average Global Accuracy and Loss for Each Task:
2022-01-26 17:25:20:INFO:Accuracy = [0.9943359765442793, 0.9774105417471847, 0.9683481042180316, 0.9784767108682615, 0.9848070900246552, 0.9860731658559339, 0.9790097954287998, 0.9985340174585193, 0.9906710201905777, 0.9800759645498768]
2022-01-26 17:25:20:INFO:Loss = [0.01930554175894823, 0.05571870057489779, 0.0836073986045715, 0.05444860762966157, 0.033029423256570996, 0.039739122672361606, 0.054252298538806705, 0.005904547768911971, 0.026191928909008046, 0.04815108719808495]
2022-01-26 17:25:20:INFO:-------------Training local models-------------
2022-01-26 17:33:36:INFO:-------------Aggregating local models-------------
2022-01-26 17:33:37:INFO:-------------Round number: 9-------------
2022-01-26 17:33:37:INFO:-------------Sending models-------------
2022-01-26 17:33:37:INFO:-------------Evaluating models-------------
2022-01-26 17:33:37:INFO:Average Global Accuracy and Loss for Each Task:
2022-01-26 17:33:37:INFO:Accuracy = [0.9944026121143467, 0.9791430665689345, 0.96888118877857, 0.9789431598587326, 0.9865396148464051, 0.9865396148464051, 0.9793429732791364, 0.9985340174585193, 0.9906043846205105, 0.9812754048110882]
2022-01-26 17:33:37:INFO:Loss = [0.01868182773562027, 0.052876327856114506, 0.083375781469559, 0.05466200413555367, 0.031122969460901595, 0.037672776932422936, 0.052313799611229006, 0.005814144677702101, 0.026350290995106065, 0.04609597223449611]
2022-01-26 17:33:37:INFO:-------------Training local models-------------
2022-01-26 17:41:53:INFO:-------------Aggregating local models-------------
2022-01-26 17:41:54:INFO:-------------Round number: 10-------------
2022-01-26 17:41:54:INFO:-------------Sending models-------------
2022-01-26 17:41:54:INFO:-------------Evaluating models-------------
2022-01-26 17:41:55:INFO:Average Global Accuracy and Loss for Each Task:
2022-01-26 17:41:55:INFO:Accuracy = [0.9944026121143467, 0.9826081162124342, 0.9693476377690411, 0.9796761511294729, 0.9898047577797028, 0.9870726994069434, 0.980142600119944, 0.9985340174585193, 0.9905377490504431, 0.9822083027920304]
2022-01-26 17:41:55:INFO:Loss = [0.018321276854760156, 0.05073263802695409, 0.0854007449386655, 0.05649263540964019, 0.02846676541194555, 0.03708665184504326, 0.05141361332603012, 0.005735493370033044, 0.02674668962233567, 0.04585532374544256]
2022-01-26 17:41:55:INFO:-------------Training local models-------------
2022-01-26 17:50:10:INFO:-------------Aggregating local models-------------
2022-01-26 17:50:11:INFO:-------------Round number: 11-------------
2022-01-26 17:50:11:INFO:-------------Sending models-------------
2022-01-26 17:50:11:INFO:-------------Evaluating models-------------
2022-01-26 17:50:11:INFO:Average Global Accuracy and Loss for Each Task:
2022-01-26 17:50:11:INFO:Accuracy = [0.9944026121143467, 0.9843406410341841, 0.9694142733391085, 0.9795428799893383, 0.9904711134803759, 0.9867395215566069, 0.9809422269607516, 0.9985340174585193, 0.9906710201905777, 0.9820750316518958]
2022-01-26 17:50:11:INFO:Loss = [0.01809452274475768, 0.04949438737532414, 0.08965160109354804, 0.060049497033504484, 0.02625888399434665, 0.03729481765604431, 0.051295353308082374, 0.005698591999517645, 0.027412670890893876, 0.04719493170747402]
2022-01-26 17:50:11:INFO:-------------Training local models-------------
2022-01-26 17:58:27:INFO:-------------Aggregating local models-------------
2022-01-26 17:58:28:INFO:-------------Round number: 12-------------
2022-01-26 17:58:28:INFO:-------------Sending models-------------
2022-01-26 17:58:28:INFO:-------------Evaluating models-------------
2022-01-26 17:58:28:INFO:Average Global Accuracy and Loss for Each Task:
2022-01-26 17:58:28:INFO:Accuracy = [0.994269340974212, 0.9840074631838476, 0.9689478243486374, 0.9790764309988672, 0.9908709269007796, 0.9866728859865396, 0.9812087692410209, 0.9985340174585193, 0.9904044779103085, 0.9819417605117612]
2022-01-26 17:58:28:INFO:Loss = [0.017892294680049468, 0.0498134865067458, 0.09572013643937366, 0.0647090596814211, 0.025077912000918304, 0.0374992682699391, 0.05211457881492572, 0.005684628943748327, 0.028272977688543637, 0.04977570080224484]
2022-01-26 17:58:28:INFO:-------------Training local models-------------
2022-01-26 18:06:44:INFO:-------------Aggregating local models-------------
2022-01-26 18:06:45:INFO:-------------Round number: 13-------------
2022-01-26 18:06:45:INFO:-------------Sending models-------------
2022-01-26 18:06:45:INFO:-------------Evaluating models-------------
2022-01-26 18:06:45:INFO:Average Global Accuracy and Loss for Each Task:
2022-01-26 18:06:45:INFO:Accuracy = [0.994269340974212, 0.9842740054641167, 0.9697474511894449, 0.9794762444192711, 0.9912707403211835, 0.9862064369960685, 0.9817418538015593, 0.9985340174585193, 0.9905377490504431, 0.9820083960818284]
2022-01-26 18:06:45:INFO:Loss = [0.017708505784415105, 0.05098982508847734, 0.1024295450292959, 0.06980675352649646, 0.024405244866711067, 0.03803161523935636, 0.053226165612143245, 0.005677210040233334, 0.029189573404726724, 0.052643410664056596]
2022-01-26 18:06:45:INFO:-------------Training local models-------------
2022-01-26 18:15:01:INFO:-------------Aggregating local models-------------
2022-01-26 18:15:02:INFO:-------------Round number: 14-------------
2022-01-26 18:15:02:INFO:-------------Sending models-------------
2022-01-26 18:15:02:INFO:-------------Evaluating models-------------
2022-01-26 18:15:02:INFO:Average Global Accuracy and Loss for Each Task:
2022-01-26 18:15:02:INFO:Accuracy = [0.9942027054041447, 0.9845405477443859, 0.9699473578996468, 0.9794762444192711, 0.9916039181715199, 0.9866062504164723, 0.982341573932165, 0.9985340174585193, 0.9904711134803759, 0.9816085826614247]
2022-01-26 18:15:02:INFO:Loss = [0.01754712726699673, 0.05248609951443643, 0.10916655123839836, 0.07506427337431686, 0.02407655324267849, 0.038802029904380815, 0.05434480671410906, 0.00567317017709426, 0.03002776277101343, 0.05626510361686394]
2022-01-26 18:15:02:INFO:-------------Training local models-------------
2022-01-26 18:23:18:INFO:-------------Aggregating local models-------------
2022-01-26 18:23:19:INFO:-------------Round number: 15-------------
2022-01-26 18:23:19:INFO:-------------Sending models-------------
2022-01-26 18:23:19:INFO:-------------Evaluating models-------------
2022-01-26 18:23:19:INFO:Average Global Accuracy and Loss for Each Task:
2022-01-26 18:23:19:INFO:Accuracy = [0.994269340974212, 0.9846738188845205, 0.9698807223295796, 0.9797427866995402, 0.9916039181715199, 0.9870060638368762, 0.9828080229226361, 0.9985340174585193, 0.9905377490504431, 0.9819417605117612]
2022-01-26 18:23:19:INFO:Loss = [0.017404250526264847, 0.053908719899611546, 0.1162849295704396, 0.0806511607733333, 0.023894771592288123, 0.03978803300727602, 0.055640221575678064, 0.005673950198044671, 0.030699632809019033, 0.0594877436619844]
2022-01-26 18:23:19:INFO:-------------Training local models-------------
2022-01-26 18:31:35:INFO:-------------Aggregating local models-------------
2022-01-26 18:31:36:INFO:-------------Round number: 16-------------
2022-01-26 18:31:36:INFO:-------------Sending models-------------
2022-01-26 18:31:36:INFO:-------------Evaluating models-------------
2022-01-26 18:31:36:INFO:Average Global Accuracy and Loss for Each Task:
2022-01-26 18:31:36:INFO:Accuracy = [0.9943359765442793, 0.9848070900246552, 0.9698807223295796, 0.9795428799893383, 0.9911374691810488, 0.9866728859865396, 0.9830745652029053, 0.9985340174585193, 0.990737655760645, 0.9818751249416938]
2022-01-26 18:31:36:INFO:Loss = [0.017290363609192266, 0.055117422764264574, 0.12353888896965426, 0.08609745790234465, 0.023902962282039288, 0.04109703675395693, 0.05728233301689261, 0.005672291767132343, 0.03126213847549148, 0.06149034656730636]
2022-01-26 18:31:36:INFO:-------------Training local models-------------
2022-01-26 18:39:52:INFO:-------------Aggregating local models-------------
2022-01-26 18:39:53:INFO:-------------Round number: 17-------------
2022-01-26 18:39:53:INFO:-------------Sending models-------------
2022-01-26 18:39:53:INFO:-------------Evaluating models-------------
2022-01-26 18:39:53:INFO:Average Global Accuracy and Loss for Each Task:
2022-01-26 18:39:53:INFO:Accuracy = [0.994269340974212, 0.9850736323049244, 0.9695475444792431, 0.9796761511294729, 0.9910041980409142, 0.9870060638368762, 0.9835410141933765, 0.9985340174585193, 0.9908709269007796, 0.9822083027920304]
2022-01-26 18:39:53:INFO:Loss = [0.01720979964658401, 0.05628207952176034, 0.12986609173874059, 0.09109435239970151, 0.024219298596777048, 0.0424322355766693, 0.059761818284687775, 0.0056722077741426, 0.031737278063568373, 0.06313507141919089]
2022-01-26 18:39:53:INFO:-------------Training local models-------------
2022-01-26 18:48:09:INFO:-------------Aggregating local models-------------
2022-01-26 18:48:10:INFO:-------------Round number: 18-------------
2022-01-26 18:48:10:INFO:-------------Sending models-------------
2022-01-26 18:48:10:INFO:-------------Evaluating models-------------
2022-01-26 18:48:10:INFO:Average Global Accuracy and Loss for Each Task:
2022-01-26 18:48:10:INFO:Accuracy = [0.994269340974212, 0.9849403611647898, 0.9695475444792431, 0.9800759645498768, 0.990937562470847, 0.9868061571266742, 0.983874192043713, 0.9985340174585193, 0.990937562470847, 0.9825414806423669]
2022-01-26 18:48:10:INFO:Loss = [0.017145225825331994, 0.0573525475868081, 0.13486849017934138, 0.09402842537667991, 0.02473720721266623, 0.04388349922933775, 0.06144820580951371, 0.005670378961106966, 0.03220426603545664, 0.06461833186672407]
2022-01-26 18:48:10:INFO:-------------Training local models-------------
2022-01-26 18:56:26:INFO:-------------Aggregating local models-------------
2022-01-26 18:56:27:INFO:-------------Round number: 19-------------
2022-01-26 18:56:27:INFO:-------------Sending models-------------
2022-01-26 18:56:27:INFO:-------------Evaluating models-------------
2022-01-26 18:56:27:INFO:Average Global Accuracy and Loss for Each Task:
2022-01-26 18:56:27:INFO:Accuracy = [0.994269340974212, 0.9848070900246552, 0.9699473578996468, 0.9796761511294729, 0.9910708336109816, 0.9867395215566069, 0.9840740987539148, 0.9985340174585193, 0.990937562470847, 0.9828746584927034]
2022-01-26 18:56:27:INFO:Loss = [0.017082758201053257, 0.05864791291950238, 0.13909492280238392, 0.09614390158612815, 0.025454311233362704, 0.045657478705928, 0.06318339726329494, 0.005666958994933677, 0.03261592547937527, 0.06622084091920809]
2022-01-26 18:56:27:INFO:-------------Training local models-------------
2022-01-26 19:04:42:INFO:-------------Aggregating local models-------------
2022-01-26 19:04:43:INFO:-------------Round number: 20-------------
2022-01-26 19:04:43:INFO:-------------Sending models-------------
2022-01-26 19:04:43:INFO:-------------Evaluating models-------------
2022-01-26 19:04:44:INFO:Average Global Accuracy and Loss for Each Task:
2022-01-26 19:04:44:INFO:Accuracy = [0.9943359765442793, 0.985006996734857, 0.9698807223295796, 0.9795428799893383, 0.9912041047511162, 0.9865396148464051, 0.9840074631838476, 0.9985340174585193, 0.9910041980409142, 0.983007929632838]
2022-01-26 19:04:44:INFO:Loss = [0.01701983711888379, 0.05989325238411368, 0.14283027530654746, 0.09793551203582292, 0.026264416431949468, 0.04724301194656256, 0.06476002928566028, 0.005663409053991927, 0.03296655609868312, 0.06763124912021644]
2022-01-26 19:04:44:INFO:-------------Training local models-------------
2022-01-26 19:12:59:INFO:-------------Aggregating local models-------------
2022-01-26 19:13:00:INFO:-------------Round number: 21-------------
2022-01-26 19:13:00:INFO:-------------Sending models-------------
2022-01-26 19:13:00:INFO:-------------Evaluating models-------------
2022-01-26 19:13:00:INFO:Average Global Accuracy and Loss for Each Task:
2022-01-26 19:13:00:INFO:Accuracy = [0.9943359765442793, 0.9850736323049244, 0.9695475444792431, 0.9794762444192711, 0.9912707403211835, 0.9863397081362031, 0.9844072766042513, 0.9985340174585193, 0.9910041980409142, 0.983007929632838]
2022-01-26 19:13:00:INFO:Loss = [0.016948199351047553, 0.06122648464496046, 0.14650057257611093, 0.10057890828881315, 0.02707479948112072, 0.04889469782601148, 0.06617432100599036, 0.005661891206124203, 0.03324923862815204, 0.0690328003853104]
2022-01-26 19:13:00:INFO:-------------Training local models-------------
2022-01-26 19:21:11:INFO:-------------Aggregating local models-------------
2022-01-26 19:21:12:INFO:-------------Round number: 22-------------
2022-01-26 19:21:12:INFO:-------------Sending models-------------
2022-01-26 19:21:12:INFO:-------------Evaluating models-------------
2022-01-26 19:21:12:INFO:Average Global Accuracy and Loss for Each Task:
2022-01-26 19:21:12:INFO:Accuracy = [0.994269340974212, 0.9850736323049244, 0.9696141800493103, 0.9794096088492037, 0.9912707403211835, 0.9863397081362031, 0.9843406410341841, 0.9985340174585193, 0.9910041980409142, 0.9831412007729726]
2022-01-26 19:21:12:INFO:Loss = [0.016854559636459737, 0.06247359585336173, 0.1501945538103423, 0.10268256061711264, 0.027927050884115547, 0.05047046817557694, 0.0682634647017375, 0.0056594488515335824, 0.0334756111201397, 0.07115419040513848]
2022-01-26 19:21:12:INFO:-------------Training local models-------------
2022-01-26 19:29:22:INFO:-------------Aggregating local models-------------
2022-01-26 19:29:23:INFO:-------------Round number: 23-------------
2022-01-26 19:29:23:INFO:-------------Sending models-------------
2022-01-26 19:29:23:INFO:-------------Evaluating models-------------
2022-01-26 19:29:23:INFO:Average Global Accuracy and Loss for Each Task:
2022-01-26 19:29:23:INFO:Accuracy = [0.9943359765442793, 0.9848737255947224, 0.9700806290397814, 0.9794762444192711, 0.9912041047511162, 0.9860731658559339, 0.9843406410341841, 0.9986006530285867, 0.9910041980409142, 0.9832078363430399]
2022-01-26 19:29:23:INFO:Loss = [0.016755629949209497, 0.06446893106901391, 0.1532934067697748, 0.10431807086758793, 0.028834430579367583, 0.052122198307438736, 0.06950810530857408, 0.005655907384913653, 0.03363738748209592, 0.07238163478320997]
2022-01-26 19:29:23:INFO:-------------Training local models-------------
2022-01-26 19:37:33:INFO:-------------Aggregating local models-------------
2022-01-26 19:37:34:INFO:-------------Round number: 24-------------
2022-01-26 19:37:34:INFO:-------------Sending models-------------
2022-01-26 19:37:34:INFO:-------------Evaluating models-------------
2022-01-26 19:37:35:INFO:Average Global Accuracy and Loss for Each Task:
2022-01-26 19:37:35:INFO:Accuracy = [0.9946691543946159, 0.9846738188845205, 0.9700806290397814, 0.9796761511294729, 0.9910041980409142, 0.9860731658559339, 0.9843406410341841, 0.9986006530285867, 0.9912707403211835, 0.9831412007729726]
2022-01-26 19:37:35:INFO:Loss = [0.01665228970651861, 0.06562345195761121, 0.15631534958188306, 0.1059579624172076, 0.029702929285946304, 0.054193287351065836, 0.07076586112122428, 0.005651348260564694, 0.03383359450175249, 0.07370903415607587]
2022-01-26 19:37:35:INFO:-------------Training local models-------------
2022-01-26 19:45:45:INFO:-------------Aggregating local models-------------
2022-01-26 19:45:46:INFO:-------------Round number: 25-------------
2022-01-26 19:45:46:INFO:-------------Sending models-------------
2022-01-26 19:45:46:INFO:-------------Evaluating models-------------
2022-01-26 19:45:46:INFO:Average Global Accuracy and Loss for Each Task:
2022-01-26 19:45:46:INFO:Accuracy = [0.9946025188245485, 0.9844739121743187, 0.9700806290397814, 0.9797427866995402, 0.990937562470847, 0.9861398014260012, 0.9843406410341841, 0.9986006530285867, 0.9912707403211835, 0.9831412007729726]
2022-01-26 19:45:46:INFO:Loss = [0.01657391936839097, 0.06669016386951772, 0.15894204334333742, 0.10804540452091052, 0.03051488898316196, 0.05539621684364567, 0.07181665700342492, 0.005646426456382431, 0.03400712567917899, 0.07488667506947319]
2022-01-26 19:45:46:INFO:-------------Training local models-------------
2022-01-26 19:53:56:INFO:-------------Aggregating local models-------------
2022-01-26 19:53:57:INFO:-------------Round number: 26-------------
2022-01-26 19:53:57:INFO:-------------Sending models-------------
2022-01-26 19:53:57:INFO:-------------Evaluating models-------------
2022-01-26 19:53:58:INFO:Average Global Accuracy and Loss for Each Task:
2022-01-26 19:53:58:INFO:Accuracy = [0.9946691543946159, 0.9844739121743187, 0.9703471713200507, 0.9799426934097422, 0.9912707403211835, 0.9863397081362031, 0.9844072766042513, 0.9986006530285867, 0.9912041047511162, 0.9830745652029053]
2022-01-26 19:53:58:INFO:Loss = [0.016513815734412185, 0.06763859673209192, 0.1614622283524856, 0.10938828937287626, 0.03127863540323198, 0.05643630245432799, 0.07277576020909775, 0.005641693684553707, 0.03415728777785902, 0.07609369577633317]
2022-01-26 19:53:58:INFO:-------------Training local models-------------
2022-01-26 20:02:08:INFO:-------------Aggregating local models-------------
2022-01-26 20:02:09:INFO:-------------Round number: 27-------------
2022-01-26 20:02:09:INFO:-------------Sending models-------------
2022-01-26 20:02:09:INFO:-------------Evaluating models-------------
2022-01-26 20:02:09:INFO:Average Global Accuracy and Loss for Each Task:
2022-01-26 20:02:09:INFO:Accuracy = [0.9950689678150196, 0.9845405477443859, 0.9701472646098488, 0.9797427866995402, 0.9912707403211835, 0.9863397081362031, 0.9847404544545879, 0.9985340174585193, 0.9916039181715199, 0.9826747517825015]
2022-01-26 20:02:09:INFO:Loss = [0.016505134425478733, 0.06865509009625943, 0.16384337244282804, 0.110616329944208, 0.031984623283782765, 0.057339942168482455, 0.07366505185688856, 0.005634943438372499, 0.03434598814852195, 0.07724367605413036]
2022-01-26 20:02:09:INFO:-------------Training local models-------------
2022-01-26 20:10:19:INFO:-------------Aggregating local models-------------
2022-01-26 20:10:20:INFO:-------------Round number: 28-------------
2022-01-26 20:10:20:INFO:-------------Sending models-------------
2022-01-26 20:10:20:INFO:-------------Evaluating models-------------
2022-01-26 20:10:21:INFO:Average Global Accuracy and Loss for Each Task:
2022-01-26 20:10:21:INFO:Accuracy = [0.9952022389551543, 0.9844739121743187, 0.970213900179916, 0.9797427866995402, 0.9912041047511162, 0.9863397081362031, 0.9846738188845205, 0.9985340174585193, 0.9918038248817219, 0.9824748450722995]
2022-01-26 20:10:21:INFO:Loss = [0.016582218553234197, 0.07021415334490567, 0.1661464142992237, 0.11182985952085459, 0.03262456144587584, 0.058122827056430904, 0.07452015011370786, 0.005629617724890089, 0.034571668281909176, 0.07833264429977414]
2022-01-26 20:10:21:INFO:-------------Training local models-------------
2022-01-26 20:18:31:INFO:-------------Aggregating local models-------------
2022-01-26 20:18:32:INFO:-------------Round number: 29-------------
2022-01-26 20:18:32:INFO:-------------Sending models-------------
2022-01-26 20:18:32:INFO:-------------Evaluating models-------------
2022-01-26 20:18:32:INFO:Average Global Accuracy and Loss for Each Task:
2022-01-26 20:18:32:INFO:Accuracy = [0.9950689678150196, 0.9844739121743187, 0.970213900179916, 0.9796761511294729, 0.9912041047511162, 0.9864063437062704, 0.9847404544545879, 0.9985340174585193, 0.9917371893116546, 0.9826081162124342]
2022-01-26 20:18:32:INFO:Loss = [0.016739820759667706, 0.07091666221980497, 0.16822608599749955, 0.11294312042817867, 0.03321909835359323, 0.058847651002996965, 0.0761417734483842, 0.005625408302782472, 0.03484913113414779, 0.07921267115108369]
2022-01-26 20:18:32:INFO:-------------Training local models-------------
2022-01-26 20:26:42:INFO:-------------Aggregating local models-------------
2022-01-26 20:26:43:INFO:-------------Round number: 30-------------
2022-01-26 20:26:43:INFO:-------------Sending models-------------
2022-01-26 20:26:44:INFO:-------------Evaluating models-------------
2022-01-26 20:26:44:INFO:Average Global Accuracy and Loss for Each Task:
2022-01-26 20:26:44:INFO:Accuracy = [0.995135603385087, 0.9844739121743187, 0.9698140867595122, 0.9798094222696075, 0.9912041047511162, 0.9863397081362031, 0.9846738188845205, 0.9986006530285867, 0.9916039181715199, 0.9824748450722995]
2022-01-26 20:26:44:INFO:Loss = [0.01697332654574159, 0.07155913970701878, 0.1702203759357414, 0.11556692042518207, 0.03378055596587876, 0.059511585400675936, 0.0769297503585877, 0.005620293925076537, 0.03519890828122088, 0.08023789585905608]
2022-01-26 20:26:44:INFO:-------------Training local models-------------
2022-01-26 20:34:54:INFO:-------------Aggregating local models-------------
2022-01-26 20:34:55:INFO:-------------Round number: 31-------------
2022-01-26 20:34:55:INFO:-------------Sending models-------------
2022-01-26 20:34:55:INFO:-------------Evaluating models-------------
2022-01-26 20:34:55:INFO:Average Global Accuracy and Loss for Each Task:
2022-01-26 20:34:55:INFO:Accuracy = [0.995135603385087, 0.9844739121743187, 0.9699473578996468, 0.9798094222696075, 0.9912041047511162, 0.9864729792763377, 0.9846738188845205, 0.9986006530285867, 0.9916039181715199, 0.9825414806423669]
2022-01-26 20:34:55:INFO:Loss = [0.01730522911555915, 0.07210681365831931, 0.17199208387166284, 0.11652068998661602, 0.034298351137339075, 0.06014130912951929, 0.0775970224641083, 0.005617128888490437, 0.035568241291102046, 0.08255929801281364]
2022-01-26 20:34:55:INFO:-------------Training local models-------------
2022-01-26 20:43:05:INFO:-------------Aggregating local models-------------
2022-01-26 20:43:06:INFO:-------------Round number: 32-------------
2022-01-26 20:43:06:INFO:-------------Sending models-------------
2022-01-26 20:43:06:INFO:-------------Evaluating models-------------
2022-01-26 20:43:06:INFO:Average Global Accuracy and Loss for Each Task:
2022-01-26 20:43:06:INFO:Accuracy = [0.9950689678150196, 0.9844072766042513, 0.9702805357499833, 0.9798094222696075, 0.9912041047511162, 0.9866728859865396, 0.9846738188845205, 0.998667288598654, 0.9916039181715199, 0.9826081162124342]
2022-01-26 20:43:06:INFO:Loss = [0.017687182341607537, 0.07268062381197682, 0.17363474892374037, 0.11740663189126503, 0.03478686775186709, 0.06074035746031394, 0.07822270383419434, 0.005613699586183554, 0.03598583550782419, 0.0834174163992717]
2022-01-26 20:43:06:INFO:-------------Training local models-------------
2022-01-26 20:51:16:INFO:-------------Aggregating local models-------------
2022-01-26 20:51:17:INFO:-------------Round number: 33-------------
2022-01-26 20:51:17:INFO:-------------Sending models-------------
2022-01-26 20:51:17:INFO:-------------Evaluating models-------------
2022-01-26 20:51:18:INFO:Average Global Accuracy and Loss for Each Task:
2022-01-26 20:51:18:INFO:Accuracy = [0.9950689678150196, 0.9844739121743187, 0.9703471713200507, 0.9798094222696075, 0.9912041047511162, 0.9866728859865396, 0.9848737255947224, 0.9987339241687213, 0.9915372826014527, 0.9826081162124342]
2022-01-26 20:51:18:INFO:Loss = [0.018072844667400608, 0.07310631347274267, 0.1751621902450795, 0.11818061442461322, 0.03522852575360718, 0.061282363601238884, 0.0788148846932291, 0.005609743458848612, 0.036453433596328695, 0.08405037371126008]
2022-01-26 20:51:18:INFO:-------------Training local models-------------
2022-01-26 20:59:27:INFO:-------------Aggregating local models-------------
2022-01-26 20:59:28:INFO:-------------Round number: 34-------------
2022-01-26 20:59:28:INFO:-------------Sending models-------------
2022-01-26 20:59:29:INFO:-------------Evaluating models-------------
2022-01-26 20:59:29:INFO:Average Global Accuracy and Loss for Each Task:
2022-01-26 20:59:29:INFO:Accuracy = [0.9950023322449524, 0.9847404544545879, 0.9703471713200507, 0.9798094222696075, 0.9912041047511162, 0.9868061571266742, 0.9849403611647898, 0.9987339241687213, 0.9915372826014527, 0.9827413873525688]
2022-01-26 20:59:29:INFO:Loss = [0.018481316449715495, 0.07358730520697843, 0.17661150972053388, 0.11901984136694387, 0.03565642911371606, 0.06186761913773386, 0.07938550278641857, 0.00561205483786182, 0.03691682988988457, 0.08481140051040832]
2022-01-26 20:59:29:INFO:-------------Training local models-------------
2022-01-26 21:07:39:INFO:-------------Aggregating local models-------------
2022-01-26 21:07:40:INFO:-------------Round number: 35-------------
2022-01-26 21:07:40:INFO:-------------Sending models-------------
2022-01-26 21:07:40:INFO:-------------Evaluating models-------------
2022-01-26 21:07:40:INFO:Average Global Accuracy and Loss for Each Task:
2022-01-26 21:07:40:INFO:Accuracy = [0.9950689678150196, 0.9847404544545879, 0.9704804424601853, 0.9796761511294729, 0.9912707403211835, 0.9868727926967416, 0.9850736323049244, 0.9987339241687213, 0.9916039181715199, 0.9824082095022323]
2022-01-26 21:07:40:INFO:Loss = [0.018866888874526574, 0.07399115997161923, 0.17869764083949086, 0.12054952009057673, 0.03604457797632308, 0.062426846965960445, 0.07997036109725146, 0.005615787544527194, 0.03738411809451303, 0.08545566228285867]
2022-01-26 21:07:40:INFO:-------------Training local models-------------
2022-01-26 21:15:50:INFO:-------------Aggregating local models-------------
2022-01-26 21:15:51:INFO:-------------Round number: 36-------------
2022-01-26 21:15:51:INFO:-------------Sending models-------------
2022-01-26 21:15:51:INFO:-------------Evaluating models-------------
2022-01-26 21:15:51:INFO:Average Global Accuracy and Loss for Each Task:
2022-01-26 21:15:51:INFO:Accuracy = [0.994935696674885, 0.9849403611647898, 0.9706137136003199, 0.9795428799893383, 0.9912041047511162, 0.9867395215566069, 0.9850736323049244, 0.998667288598654, 0.9915372826014527, 0.9822083027920304]
2022-01-26 21:15:51:INFO:Loss = [0.0192560063162431, 0.07434500985167711, 0.17985048101323256, 0.12126093327682931, 0.03641287306808344, 0.06296344931176544, 0.08049462580160574, 0.005622951685512544, 0.03784089062414826, 0.08613067240432334]
2022-01-26 21:15:51:INFO:-------------Training local models-------------
2022-01-26 21:24:01:INFO:-------------Aggregating local models-------------
2022-01-26 21:24:02:INFO:-------------Round number: 37-------------
2022-01-26 21:24:02:INFO:-------------Sending models-------------
2022-01-26 21:24:02:INFO:-------------Evaluating models-------------
2022-01-26 21:24:02:INFO:Average Global Accuracy and Loss for Each Task:
2022-01-26 21:24:02:INFO:Accuracy = [0.9948690611048178, 0.985006996734857, 0.9704138068901179, 0.9794762444192711, 0.9912041047511162, 0.9866728859865396, 0.9851402678749916, 0.998667288598654, 0.9918038248817219, 0.9822749383620977]
2022-01-26 21:24:02:INFO:Loss = [0.01964674096347699, 0.07467385186760264, 0.18107675762113395, 0.12191573240857198, 0.03676061236102294, 0.0634885854599081, 0.08182774081962786, 0.005632939719840386, 0.0383278893494816, 0.08665897280812214]
2022-01-26 21:24:02:INFO:-------------Training local models-------------
2022-01-26 21:32:12:INFO:-------------Aggregating local models-------------
2022-01-26 21:32:13:INFO:-------------Round number: 38-------------
2022-01-26 21:32:14:INFO:-------------Sending models-------------
2022-01-26 21:32:14:INFO:-------------Evaluating models-------------
2022-01-26 21:32:14:INFO:Average Global Accuracy and Loss for Each Task:
2022-01-26 21:32:14:INFO:Accuracy = [0.9948690611048178, 0.9850736323049244, 0.9704138068901179, 0.9794762444192711, 0.9912041047511162, 0.9867395215566069, 0.9852735390151263, 0.998667288598654, 0.9918038248817219, 0.9822749383620977]
2022-01-26 21:32:14:INFO:Loss = [0.020017209475112648, 0.07497428129824112, 0.1822120062450012, 0.12263965672149485, 0.03708632772103977, 0.06397443839586485, 0.08235150192209516, 0.005644705314780986, 0.03879095944210838, 0.08725352755292558]
2022-01-26 21:32:14:INFO:-------------Training local models-------------
2022-01-26 21:40:24:INFO:-------------Aggregating local models-------------
2022-01-26 21:40:25:INFO:-------------Round number: 39-------------
2022-01-26 21:40:25:INFO:-------------Sending models-------------
2022-01-26 21:40:25:INFO:-------------Evaluating models-------------
2022-01-26 21:40:25:INFO:Average Global Accuracy and Loss for Each Task:
2022-01-26 21:40:25:INFO:Accuracy = [0.9948690611048178, 0.9851402678749916, 0.9706137136003199, 0.9794096088492037, 0.9912041047511162, 0.9868061571266742, 0.9852735390151263, 0.998667288598654, 0.9918704604517892, 0.982341573932165]
2022-01-26 21:40:25:INFO:Loss = [0.020369247446219294, 0.07528222353113735, 0.18325941678294488, 0.1233768518297816, 0.037402991802037246, 0.06448964956509946, 0.08282647164000902, 0.005661254931706935, 0.039219374930074866, 0.0886402030906845]
2022-01-26 21:40:25:INFO:-------------Training local models-------------
2022-01-26 21:48:35:INFO:-------------Aggregating local models-------------
2022-01-26 21:48:36:INFO:-------------Round number: 40-------------
2022-01-26 21:48:36:INFO:-------------Sending models-------------
2022-01-26 21:48:36:INFO:-------------Evaluating models-------------
2022-01-26 21:48:36:INFO:Average Global Accuracy and Loss for Each Task:
2022-01-26 21:48:36:INFO:Accuracy = [0.9948690611048178, 0.9850736323049244, 0.9709468914506564, 0.9793429732791364, 0.9911374691810488, 0.9866062504164723, 0.985206903445059, 0.998667288598654, 0.9918704604517892, 0.982341573932165]
2022-01-26 21:48:36:INFO:Loss = [0.020685191164701168, 0.07553509317037643, 0.18433375139364688, 0.12411317423184139, 0.037701663595344506, 0.06497414974321965, 0.08328791952422192, 0.005677444187960101, 0.03963337192329119, 0.08918266341391691]
2022-01-26 21:48:36:INFO:-------------Training local models-------------
2022-01-26 21:56:46:INFO:-------------Aggregating local models-------------
2022-01-26 21:56:47:INFO:-------------Round number: 41-------------
2022-01-26 21:56:47:INFO:-------------Sending models-------------
2022-01-26 21:56:47:INFO:-------------Evaluating models-------------
2022-01-26 21:56:47:INFO:Average Global Accuracy and Loss for Each Task:
2022-01-26 21:56:47:INFO:Accuracy = [0.9948690611048178, 0.985006996734857, 0.9710135270207236, 0.9794096088492037, 0.9911374691810488, 0.9866062504164723, 0.985206903445059, 0.998667288598654, 0.9918704604517892, 0.9822083027920304]
2022-01-26 21:56:47:INFO:Loss = [0.020984337869097407, 0.0758082206679239, 0.1854412857190836, 0.1255542816959311, 0.03799020635603135, 0.06548421134208926, 0.08460471556919638, 0.005696031886220978, 0.040043216322258914, 0.0896653916909933]
2022-01-26 21:56:47:INFO:-------------Training local models-------------
2022-01-26 22:04:56:INFO:-------------Aggregating local models-------------
2022-01-26 22:04:57:INFO:-------------Round number: 42-------------
2022-01-26 22:04:57:INFO:-------------Sending models-------------
2022-01-26 22:04:57:INFO:-------------Evaluating models-------------
2022-01-26 22:04:57:INFO:Average Global Accuracy and Loss for Each Task:
2022-01-26 22:04:57:INFO:Accuracy = [0.9948690611048178, 0.9851402678749916, 0.9710135270207236, 0.9794096088492037, 0.9911374691810488, 0.9865396148464051, 0.9851402678749916, 0.998667288598654, 0.9918704604517892, 0.982141667221963]
2022-01-26 22:04:57:INFO:Loss = [0.02125047483911112, 0.07606327765774167, 0.18631097831472254, 0.12698042275949425, 0.03826621477675252, 0.06594951640702959, 0.08502622544754498, 0.005718568936958735, 0.04041064550834947, 0.09016191016387394]
2022-01-26 22:04:57:INFO:-------------Training local models-------------
2022-01-26 22:13:07:INFO:-------------Aggregating local models-------------
2022-01-26 22:13:08:INFO:-------------Round number: 43-------------
2022-01-26 22:13:08:INFO:-------------Sending models-------------
2022-01-26 22:13:08:INFO:-------------Evaluating models-------------
2022-01-26 22:13:08:INFO:Average Global Accuracy and Loss for Each Task:
2022-01-26 22:13:08:INFO:Accuracy = [0.9950023322449524, 0.9851402678749916, 0.971080162590791, 0.9794762444192711, 0.9910708336109816, 0.9866062504164723, 0.985206903445059, 0.998667288598654, 0.9919370960218564, 0.9820083960818284]
2022-01-26 22:13:08:INFO:Loss = [0.02153166013545109, 0.07636166157820645, 0.18711129491813935, 0.1275751303544052, 0.038527457708262096, 0.06644299313185825, 0.08542159142818734, 0.005738361275428997, 0.040804688215982744, 0.09137937249662029]
2022-01-26 22:13:08:INFO:-------------Training local models-------------
2022-01-26 22:21:17:INFO:-------------Aggregating local models-------------
2022-01-26 22:21:18:INFO:-------------Round number: 44-------------
2022-01-26 22:21:18:INFO:-------------Sending models-------------
2022-01-26 22:21:18:INFO:-------------Evaluating models-------------
2022-01-26 22:21:19:INFO:Average Global Accuracy and Loss for Each Task:
2022-01-26 22:21:19:INFO:Accuracy = [0.9950689678150196, 0.985006996734857, 0.9710135270207236, 0.9792097021390018, 0.9911374691810488, 0.9865396148464051, 0.9853401745851936, 0.998667288598654, 0.9917371893116546, 0.9822083027920304]
2022-01-26 22:21:19:INFO:Loss = [0.021784083796969906, 0.07661423401953583, 0.18803471010361816, 0.1290808790332341, 0.0387764033201843, 0.06692227851207022, 0.08593091541869118, 0.00576382357717473, 0.04122583201770373, 0.09207032881163718]
2022-01-26 22:21:19:INFO:-------------Training local models-------------
2022-01-26 22:29:28:INFO:-------------Aggregating local models-------------
2022-01-26 22:29:29:INFO:-------------Round number: 45-------------
2022-01-26 22:29:29:INFO:-------------Sending models-------------
2022-01-26 22:29:29:INFO:-------------Evaluating models-------------
2022-01-26 22:29:29:INFO:Average Global Accuracy and Loss for Each Task:
2022-01-26 22:29:29:INFO:Accuracy = [0.9950689678150196, 0.9851402678749916, 0.9708136203105218, 0.9792097021390018, 0.9910708336109816, 0.9865396148464051, 0.9853401745851936, 0.998667288598654, 0.9917371893116546, 0.9824748450722995]
2022-01-26 22:29:29:INFO:Loss = [0.02203429734907601, 0.07685171874343306, 0.18903484102690518, 0.12968197857985267, 0.03902204493403448, 0.06739349362063105, 0.08652968919353883, 0.005786306092734392, 0.04162008477600335, 0.09242530799080158]
2022-01-26 22:29:29:INFO:-------------Training local models-------------
2022-01-26 22:37:38:INFO:-------------Aggregating local models-------------
2022-01-26 22:37:39:INFO:-------------Round number: 46-------------
2022-01-26 22:37:39:INFO:-------------Sending models-------------
2022-01-26 22:37:39:INFO:-------------Evaluating models-------------
2022-01-26 22:37:40:INFO:Average Global Accuracy and Loss for Each Task:
2022-01-26 22:37:40:INFO:Accuracy = [0.995135603385087, 0.9850736323049244, 0.9707469847404544, 0.9791430665689345, 0.9910708336109816, 0.9864729792763377, 0.9854068101552609, 0.998667288598654, 0.9918038248817219, 0.9824748450722995]
2022-01-26 22:37:40:INFO:Loss = [0.022276573182736157, 0.07710476479716356, 0.18993970393048093, 0.13031302820551413, 0.039252003153510455, 0.06782479965025402, 0.08695285507112872, 0.005813641368330664, 0.042026654027138496, 0.09287315621703365]
2022-01-26 22:37:40:INFO:-------------Training local models-------------
2022-01-26 22:45:49:INFO:-------------Aggregating local models-------------
2022-01-26 22:45:50:INFO:-------------Round number: 47-------------
2022-01-26 22:45:50:INFO:-------------Sending models-------------
2022-01-26 22:45:50:INFO:-------------Evaluating models-------------
2022-01-26 22:45:50:INFO:Average Global Accuracy and Loss for Each Task:
2022-01-26 22:45:50:INFO:Accuracy = [0.9950689678150196, 0.9851402678749916, 0.9707469847404544, 0.9791430665689345, 0.9910708336109816, 0.9864063437062704, 0.9852735390151263, 0.998667288598654, 0.9918038248817219, 0.9825414806423669]
2022-01-26 22:45:50:INFO:Loss = [0.02251528793368098, 0.07732555588479802, 0.1907542734557699, 0.13089336205494997, 0.03947462303194347, 0.06905505598132337, 0.08812908934587324, 0.005839934899471823, 0.04244374052933544, 0.09331522539604023]
2022-01-26 22:45:50:INFO:-------------Training local models-------------
2022-01-26 22:53:59:INFO:-------------Aggregating local models-------------
2022-01-26 22:54:00:INFO:-------------Round number: 48-------------
2022-01-26 22:54:00:INFO:-------------Sending models-------------
2022-01-26 22:54:00:INFO:-------------Evaluating models-------------
2022-01-26 22:54:01:INFO:Average Global Accuracy and Loss for Each Task:
2022-01-26 22:54:01:INFO:Accuracy = [0.995135603385087, 0.9851402678749916, 0.9707469847404544, 0.9793429732791364, 0.9910708336109816, 0.9864729792763377, 0.9853401745851936, 0.998667288598654, 0.9918038248817219, 0.9826081162124342]
2022-01-26 22:54:01:INFO:Loss = [0.022738240641382582, 0.07761927748818666, 0.1915786748617229, 0.13153978063620517, 0.03968971845919221, 0.06945903557137477, 0.08856556108190025, 0.005864370269991009, 0.04283251891561664, 0.0936672956921081]
2022-01-26 22:54:01:INFO:-------------Training local models-------------
2022-01-26 23:02:10:INFO:-------------Aggregating local models-------------
2022-01-26 23:02:11:INFO:-------------Round number: 49-------------
2022-01-26 23:02:11:INFO:-------------Sending models-------------
2022-01-26 23:02:11:INFO:-------------Evaluating models-------------
2022-01-26 23:02:11:INFO:Average Global Accuracy and Loss for Each Task:
2022-01-26 23:02:11:INFO:Accuracy = [0.995135603385087, 0.9852735390151263, 0.9706137136003199, 0.9793429732791364, 0.9911374691810488, 0.9864729792763377, 0.9854734457253281, 0.998667288598654, 0.9918038248817219, 0.9826747517825015]
2022-01-26 23:02:11:INFO:Loss = [0.02296822470124839, 0.07784460587997336, 0.19234346682784875, 0.13208256153780218, 0.03990155187109485, 0.07067435690847033, 0.0889092069673365, 0.00589804873711773, 0.04325826326056469, 0.09409092759290741]
2022-01-26 23:02:11:INFO:-------------Training local models-------------
2022-01-26 23:10:21:INFO:-------------Aggregating local models-------------
2022-01-26 23:10:22:INFO:-------------Round number: 50-------------
2022-01-26 23:10:22:INFO:-------------Sending models-------------
2022-01-26 23:10:22:INFO:-------------Evaluating models-------------
2022-01-26 23:10:22:INFO:Average Global Accuracy and Loss for Each Task:
2022-01-26 23:10:22:INFO:Accuracy = [0.995135603385087, 0.9853401745851936, 0.9706803491703871, 0.9792763377090691, 0.9911374691810488, 0.9864729792763377, 0.9855400812953955, 0.998667288598654, 0.9918038248817219, 0.9825414806423669]
2022-01-26 23:10:22:INFO:Loss = [0.023195117298560625, 0.07806899181942387, 0.19306877469999667, 0.13269376496958749, 0.04010251023041374, 0.07107954486199963, 0.09003796790353633, 0.00592596046653129, 0.04365425189381308, 0.0944007737193028]
2022-01-26 23:10:22:INFO:-------------Training local models-------------
2022-01-26 23:18:31:INFO:-------------Aggregating local models-------------
2022-01-26 23:18:32:INFO:-------------Round number: 51-------------
2022-01-26 23:18:32:INFO:-------------Sending models-------------
2022-01-26 23:18:32:INFO:-------------Evaluating models-------------
2022-01-26 23:18:32:INFO:Average Global Accuracy and Loss for Each Task:
2022-01-26 23:18:32:INFO:Accuracy = [0.995135603385087, 0.9852735390151263, 0.9704138068901179, 0.9792763377090691, 0.9912041047511162, 0.9864729792763377, 0.9855400812953955, 0.998667288598654, 0.9917371893116546, 0.9826747517825015]
2022-01-26 23:18:32:INFO:Loss = [0.0234265235015384, 0.07830883731286141, 0.1938702138373105, 0.13398110671549096, 0.040298526074356904, 0.07150895731623066, 0.09048218267757653, 0.005961141435694993, 0.044066925058659986, 0.09475382627933052]
2022-01-26 23:18:32:INFO:-------------Training local models-------------
2022-01-26 23:26:42:INFO:-------------Aggregating local models-------------
2022-01-26 23:26:43:INFO:-------------Round number: 52-------------
2022-01-26 23:26:43:INFO:-------------Sending models-------------
2022-01-26 23:26:43:INFO:-------------Evaluating models-------------
2022-01-26 23:26:43:INFO:Average Global Accuracy and Loss for Each Task:
2022-01-26 23:26:43:INFO:Accuracy = [0.995135603385087, 0.9852735390151263, 0.9704138068901179, 0.9792763377090691, 0.9912041047511162, 0.9864729792763377, 0.9855400812953955, 0.998667288598654, 0.9917371893116546, 0.9826747517825015]
2022-01-26 23:26:43:INFO:Loss = [0.02364591929398446, 0.07857314769995298, 0.19468543295468785, 0.13448285186852996, 0.04048311558326069, 0.07186998911929379, 0.09091370996338238, 0.005990844103445548, 0.04448533603550102, 0.0950900139698816]
2022-01-26 23:26:43:INFO:-------------Training local models-------------
2022-01-26 23:34:52:INFO:-------------Aggregating local models-------------
2022-01-26 23:34:53:INFO:-------------Round number: 53-------------
2022-01-26 23:34:53:INFO:-------------Sending models-------------
2022-01-26 23:34:53:INFO:-------------Evaluating models-------------
2022-01-26 23:34:54:INFO:Average Global Accuracy and Loss for Each Task:
2022-01-26 23:34:54:INFO:Accuracy = [0.9952022389551543, 0.9852735390151263, 0.970213900179916, 0.9792763377090691, 0.9912041047511162, 0.9865396148464051, 0.9856067168654628, 0.998667288598654, 0.9916039181715199, 0.9827413873525688]
2022-01-26 23:34:54:INFO:Loss = [0.023840600703686803, 0.07882063400125987, 0.19547277155031775, 0.13587871154807424, 0.040666647146227385, 0.07222677508177233, 0.0912511605362358, 0.006022561867274666, 0.044950196228015764, 0.09555223522955118]
2022-01-26 23:34:54:INFO:-------------Training local models-------------
2022-01-26 23:43:03:INFO:-------------Aggregating local models-------------
2022-01-26 23:43:04:INFO:-------------Round number: 54-------------
2022-01-26 23:43:04:INFO:-------------Sending models-------------
2022-01-26 23:43:04:INFO:-------------Evaluating models-------------
2022-01-26 23:43:04:INFO:Average Global Accuracy and Loss for Each Task:
2022-01-26 23:43:04:INFO:Accuracy = [0.9952022389551543, 0.9853401745851936, 0.970213900179916, 0.9794096088492037, 0.9912041047511162, 0.9865396148464051, 0.9855400812953955, 0.998667288598654, 0.9916039181715199, 0.9828746584927034]
2022-01-26 23:43:04:INFO:Loss = [0.024030163553249936, 0.0790581708562344, 0.1962583595073511, 0.1363406052523471, 0.04084105753307373, 0.07253892008335511, 0.09166662432805264, 0.006052713364096693, 0.0453678471839842, 0.09582637107436848]
2022-01-26 23:43:04:INFO:-------------Training local models-------------
2022-01-26 23:51:13:INFO:-------------Aggregating local models-------------
2022-01-26 23:51:14:INFO:-------------Round number: 55-------------
2022-01-26 23:51:14:INFO:-------------Sending models-------------
2022-01-26 23:51:15:INFO:-------------Evaluating models-------------
2022-01-26 23:51:15:INFO:Average Global Accuracy and Loss for Each Task:
2022-01-26 23:51:15:INFO:Accuracy = [0.9952022389551543, 0.9853401745851936, 0.9702805357499833, 0.9792763377090691, 0.9912707403211835, 0.9865396148464051, 0.9854068101552609, 0.998667288598654, 0.9916705537415873, 0.9830745652029053]
2022-01-26 23:51:15:INFO:Loss = [0.024214535809054024, 0.07925145955213801, 0.19708850412241335, 0.13686559335019322, 0.04101027961453312, 0.07287928367258846, 0.09201882932545652, 0.006083127756400435, 0.045838999617616456, 0.09617109681706858]
2022-01-26 23:51:15:INFO:-------------Training local models-------------
2022-01-26 23:59:24:INFO:-------------Aggregating local models-------------
2022-01-26 23:59:25:INFO:-------------Round number: 56-------------
2022-01-26 23:59:25:INFO:-------------Sending models-------------
2022-01-26 23:59:25:INFO:-------------Evaluating models-------------
2022-01-26 23:59:25:INFO:Average Global Accuracy and Loss for Each Task:
2022-01-26 23:59:25:INFO:Accuracy = [0.9952022389551543, 0.9853401745851936, 0.9702805357499833, 0.9792763377090691, 0.9913373758912507, 0.9865396148464051, 0.9854068101552609, 0.998667288598654, 0.9915372826014527, 0.9829412940627708]
2022-01-26 23:59:25:INFO:Loss = [0.024398527007785248, 0.07940931046568325, 0.19781509167845376, 0.1374092900309299, 0.041176231860289514, 0.07322117792520207, 0.0922994770325171, 0.006112424013188697, 0.04631942556927483, 0.09659054901626934]
2022-01-26 23:59:25:INFO:-------------Training local models-------------
2022-01-27 00:07:34:INFO:-------------Aggregating local models-------------
2022-01-27 00:07:35:INFO:-------------Round number: 57-------------
2022-01-27 00:07:35:INFO:-------------Sending models-------------
2022-01-27 00:07:35:INFO:-------------Evaluating models-------------
2022-01-27 00:07:35:INFO:Average Global Accuracy and Loss for Each Task:
2022-01-27 00:07:35:INFO:Accuracy = [0.9952022389551543, 0.9854068101552609, 0.9702805357499833, 0.9792097021390018, 0.9914040114613181, 0.9866062504164723, 0.9854068101552609, 0.998667288598654, 0.9917371893116546, 0.9832078363430399]
2022-01-27 00:07:35:INFO:Loss = [0.0245732572651967, 0.07974946451937323, 0.19853769612233807, 0.13781674352736142, 0.041338196127744496, 0.07353929842598218, 0.09267825877528073, 0.006148047633165424, 0.046771483887348655, 0.09693349204918224]
2022-01-27 00:07:35:INFO:-------------Training local models-------------
2022-01-27 00:15:44:INFO:-------------Aggregating local models-------------
2022-01-27 00:15:45:INFO:-------------Round number: 58-------------
2022-01-27 00:15:45:INFO:-------------Sending models-------------
2022-01-27 00:15:46:INFO:-------------Evaluating models-------------
2022-01-27 00:15:46:INFO:Average Global Accuracy and Loss for Each Task:
2022-01-27 00:15:46:INFO:Accuracy = [0.9952022389551543, 0.9854734457253281, 0.9702805357499833, 0.9790764309988672, 0.9914040114613181, 0.9866728859865396, 0.9854068101552609, 0.998667288598654, 0.9918038248817219, 0.9829412940627708]
2022-01-27 00:15:46:INFO:Loss = [0.024748239478219542, 0.07978461036200248, 0.19945129390744115, 0.13839772895516814, 0.0414962185574442, 0.07385223699834767, 0.09301428578045548, 0.0061857798342723974, 0.047228121598104585, 0.09724389159618367]
2022-01-27 00:15:46:INFO:-------------Training local models-------------
2022-01-27 00:23:55:INFO:-------------Aggregating local models-------------
2022-01-27 00:23:56:INFO:-------------Round number: 59-------------
2022-01-27 00:23:56:INFO:-------------Sending models-------------
2022-01-27 00:23:56:INFO:-------------Evaluating models-------------
2022-01-27 00:23:56:INFO:Average Global Accuracy and Loss for Each Task:
2022-01-27 00:23:56:INFO:Accuracy = [0.9952688745252216, 0.9854734457253281, 0.970213900179916, 0.9790097954287998, 0.9914040114613181, 0.9866062504164723, 0.9854068101552609, 0.998667288598654, 0.9920037315919238, 0.9828080229226361]
2022-01-27 00:23:56:INFO:Loss = [0.024914725677334562, 0.08009500118250627, 0.20009252582488785, 0.13881313549030075, 0.04165207378309373, 0.07415186003606479, 0.09407245996225459, 0.0062168495933749394, 0.047459936701872624, 0.09710508936557491]
2022-01-27 00:23:56:INFO:-------------Training local models-------------
