2022-01-26 17:17:20:INFO:-------------Round number: 0-------------
2022-01-26 17:17:20:INFO:-------------Sending models-------------
2022-01-26 17:17:20:INFO:-------------Evaluating models-------------
2022-01-26 17:17:20:INFO:Average Global Accuracy and Loss for Each Task:
2022-01-26 17:17:20:INFO:Accuracy = [0.8999800093289798, 0.10001999067102019, 0.09988671953088558, 0.09995335510095289, 0.87552475511428, 0.883254481242087, 0.1000866262410875, 0.1000866262410875, 0.8999800093289798, 0.9001132804691144]
2022-01-26 17:17:20:INFO:Loss = [0.6656848083467369, 0.7252451019759911, 0.7189095253160207, 0.7331641170847795, 0.6908848814955716, 0.6900490836751781, 0.739565224231914, 0.7032630279418939, 0.684827916438824, 0.6384259511606757]
2022-01-26 17:17:20:INFO:-------------Training local models-------------
2022-01-26 17:25:35:INFO:-------------Aggregating local models-------------
2022-01-26 17:25:36:INFO:-------------Round number: 1-------------
2022-01-26 17:25:36:INFO:-------------Sending models-------------
2022-01-26 17:25:36:INFO:-------------Evaluating models-------------
2022-01-26 17:25:37:INFO:Average Global Accuracy and Loss for Each Task:
2022-01-26 17:25:37:INFO:Accuracy = [0.9105084293996135, 0.8999800093289798, 0.9001132804691144, 0.9074431931765177, 0.8999133737589126, 0.9000466448990471, 0.8999133737589126, 0.8999133737589126, 0.8999800093289798, 0.9003798227493837]
2022-01-26 17:25:37:INFO:Loss = [0.24762445976450656, 0.29039896371359014, 0.26832010346656143, 0.26300166583640305, 0.275850542903715, 0.2767481712175494, 0.27655535660291397, 0.2631789744399255, 0.2642994430281362, 0.23804127992399968]
2022-01-26 17:25:37:INFO:-------------Training local models-------------
2022-01-26 17:34:18:INFO:-------------Aggregating local models-------------
2022-01-26 17:34:20:INFO:-------------Round number: 2-------------
2022-01-26 17:34:20:INFO:-------------Sending models-------------
2022-01-26 17:34:21:INFO:-------------Evaluating models-------------
2022-01-26 17:34:21:INFO:Average Global Accuracy and Loss for Each Task:
2022-01-26 17:34:21:INFO:Accuracy = [0.9175717998267475, 0.8999800093289798, 0.9001132804691144, 0.9109082428200174, 0.8999133737589126, 0.9000466448990471, 0.9041114146731525, 0.9051775837942294, 0.8986472979276338, 0.9177050709668821]
2022-01-26 17:34:21:INFO:Loss = [0.2363102818069904, 0.2810599119966276, 0.2623685543187881, 0.2589961602964153, 0.270353255932589, 0.2732281465121341, 0.2597185094881349, 0.2563007338233915, 0.24540412446161014, 0.2102510303761048]
2022-01-26 17:34:21:INFO:-------------Training local models-------------
2022-01-26 18:05:23:INFO:-------------Aggregating local models-------------
2022-01-26 18:05:29:INFO:-------------Round number: 3-------------
2022-01-26 18:05:29:INFO:-------------Sending models-------------
2022-01-26 18:05:29:INFO:-------------Evaluating models-------------
2022-01-26 18:05:31:INFO:Average Global Accuracy and Loss for Each Task:
2022-01-26 18:05:31:INFO:Accuracy = [0.9198374092090358, 0.9089758112880656, 0.9027787032718065, 0.9187046045178916, 0.901779169720797, 0.9022456187112681, 0.9055107616445659, 0.90664356633571, 0.9045778636636237, 0.9235023655627373]
2022-01-26 18:05:31:INFO:Loss = [0.22303153721683566, 0.25412163182687453, 0.25394674876850404, 0.24703378805274678, 0.261884528412142, 0.26655176328945074, 0.24627492126833792, 0.24707671811873308, 0.23086735804538658, 0.19386426978556526]
2022-01-26 18:05:31:INFO:-------------Training local models-------------
2022-01-26 18:38:32:INFO:-------------Aggregating local models-------------
2022-01-26 18:38:38:INFO:-------------Round number: 4-------------
2022-01-26 18:38:38:INFO:-------------Sending models-------------
2022-01-26 18:38:38:INFO:-------------Evaluating models-------------
2022-01-26 18:38:39:INFO:Average Global Accuracy and Loss for Each Task:
2022-01-26 18:38:39:INFO:Accuracy = [0.9213033917505165, 0.9141733857533151, 0.9049110415139602, 0.920770307189978, 0.9045778636636237, 0.9055773972146332, 0.9134403944825747, 0.9097754381288732, 0.91503964816419, 0.927833677617112]
2022-01-26 18:38:39:INFO:Loss = [0.21320525296439538, 0.23423184484949378, 0.24619275598997215, 0.23891285834175532, 0.25587815322486324, 0.2559972588165759, 0.2341007175725945, 0.23652394197372895, 0.21201692006616418, 0.179793672830769]
2022-01-26 18:38:39:INFO:-------------Training local models-------------
2022-01-26 19:11:42:INFO:-------------Aggregating local models-------------
2022-01-26 19:11:48:INFO:-------------Round number: 5-------------
2022-01-26 19:11:48:INFO:-------------Sending models-------------
2022-01-26 19:11:48:INFO:-------------Evaluating models-------------
2022-01-26 19:11:49:INFO:Average Global Accuracy and Loss for Each Task:
2022-01-26 19:11:49:INFO:Accuracy = [0.9247684413940161, 0.9183714266675551, 0.9065102951955754, 0.9211701206103818, 0.9053108549343639, 0.9090424468581328, 0.9193709602185647, 0.9151729193043247, 0.9175717998267475, 0.9305657359898714]
2022-01-26 19:11:49:INFO:Loss = [0.2052598485500097, 0.22048741779581507, 0.23950599722910262, 0.23479244268265415, 0.25293837295152694, 0.24581845040748557, 0.2259952455211438, 0.225875805728418, 0.19970758429504662, 0.16875863851210585]
2022-01-26 19:11:49:INFO:-------------Training local models-------------
2022-01-26 19:44:51:INFO:-------------Aggregating local models-------------
2022-01-26 19:44:57:INFO:-------------Round number: 6-------------
2022-01-26 19:44:57:INFO:-------------Sending models-------------
2022-01-26 19:44:57:INFO:-------------Evaluating models-------------
2022-01-26 19:44:59:INFO:Average Global Accuracy and Loss for Each Task:
2022-01-26 19:44:59:INFO:Accuracy = [0.925834610515093, 0.9220363830212568, 0.9077763710268542, 0.9218364763110548, 0.9053108549343639, 0.9113746918104885, 0.9230359165722662, 0.9184380622376225, 0.9202372226294396, 0.9334310655027653]
2022-01-26 19:44:59:INFO:Loss = [0.19993663156714023, 0.20734460355901754, 0.23449115706527643, 0.23222968123514115, 0.25109881496323394, 0.23880891806986615, 0.22147910641779994, 0.2167563652076236, 0.19054793453976465, 0.16229172100407122]
2022-01-26 19:44:59:INFO:-------------Training local models-------------
2022-01-26 20:18:00:INFO:-------------Aggregating local models-------------
2022-01-26 20:18:06:INFO:-------------Round number: 7-------------
2022-01-26 20:18:06:INFO:-------------Sending models-------------
2022-01-26 20:18:06:INFO:-------------Evaluating models-------------
2022-01-26 20:18:08:INFO:Average Global Accuracy and Loss for Each Task:
2022-01-26 20:18:08:INFO:Accuracy = [0.9276337709069101, 0.9251682548144199, 0.9109082428200174, 0.9217698407409876, 0.905110948224162, 0.9124408609315653, 0.9251682548144199, 0.92097021390018, 0.9241020856933431, 0.9364296661557939]
2022-01-26 20:18:08:INFO:Loss = [0.19625990936660334, 0.19420328845368093, 0.23053972355072147, 0.2301621451882564, 0.24920033503063393, 0.2333827717355704, 0.2175343701166745, 0.20853586856611475, 0.18264812212104753, 0.1557862482420004]
2022-01-26 20:18:08:INFO:-------------Training local models-------------
2022-01-26 20:51:10:INFO:-------------Aggregating local models-------------
2022-01-26 20:51:16:INFO:-------------Round number: 8-------------
2022-01-26 20:51:16:INFO:-------------Sending models-------------
2022-01-26 20:51:16:INFO:-------------Evaluating models-------------
2022-01-26 20:51:17:INFO:Average Global Accuracy and Loss for Each Task:
2022-01-26 20:51:17:INFO:Accuracy = [0.9283001266075831, 0.9303658292796695, 0.9113080562404211, 0.9218364763110548, 0.9078430065969214, 0.9153061904444593, 0.9270340507763044, 0.9247018058239488, 0.9267675084960352, 0.9383620976877457]
2022-01-26 20:51:17:INFO:Loss = [0.1931961998447727, 0.1814772353922196, 0.22698369699879015, 0.227878498190388, 0.24704744911191565, 0.22840399023222638, 0.21460794140602454, 0.20091200741638368, 0.1761636351573519, 0.15097036301068614]
2022-01-26 20:51:17:INFO:-------------Training local models-------------
2022-01-26 21:24:19:INFO:-------------Aggregating local models-------------
2022-01-26 21:24:25:INFO:-------------Round number: 9-------------
2022-01-26 21:24:25:INFO:-------------Sending models-------------
2022-01-26 21:24:25:INFO:-------------Evaluating models-------------
2022-01-26 21:24:26:INFO:Average Global Accuracy and Loss for Each Task:
2022-01-26 21:24:26:INFO:Accuracy = [0.930699007130006, 0.9343639634837076, 0.9124408609315653, 0.9217698407409876, 0.9075098287465849, 0.9168388085560072, 0.9283001266075831, 0.9265009662157659, 0.928699940027987, 0.939961351369361]
2022-01-26 21:24:26:INFO:Loss = [0.19042629726378055, 0.17147169197492682, 0.22371517492980392, 0.22548069676220867, 0.24471439888532415, 0.2243364222629237, 0.21215248355389876, 0.19442241487332027, 0.1713319647051134, 0.14694167605570516]
2022-01-26 21:24:26:INFO:-------------Training local models-------------
2022-01-26 21:57:28:INFO:-------------Aggregating local models-------------
2022-01-26 21:57:34:INFO:-------------Round number: 10-------------
2022-01-26 21:57:34:INFO:-------------Sending models-------------
2022-01-26 21:57:34:INFO:-------------Evaluating models-------------
2022-01-26 21:57:36:INFO:Average Global Accuracy and Loss for Each Task:
2022-01-26 21:57:36:INFO:Accuracy = [0.9316985406810155, 0.9366295728659959, 0.9127740387819018, 0.9220363830212568, 0.9084427267275271, 0.9186379689478243, 0.9292996601585927, 0.9283667621776505, 0.9300992869994003, 0.9421603251815819]
2022-01-26 21:57:36:INFO:Loss = [0.18808377585759517, 0.16432118996321965, 0.2209150608892864, 0.22322106641350672, 0.24218993003563233, 0.2214965595628369, 0.21025578618176718, 0.18908284973694273, 0.16733308343111802, 0.14303732229980803]
2022-01-26 21:57:36:INFO:-------------Training local models-------------
2022-01-26 22:30:37:INFO:-------------Aggregating local models-------------
2022-01-26 22:30:43:INFO:-------------Round number: 11-------------
2022-01-26 22:30:43:INFO:-------------Sending models-------------
2022-01-26 22:30:43:INFO:-------------Evaluating models-------------
2022-01-26 22:30:45:INFO:Average Global Accuracy and Loss for Each Task:
2022-01-26 22:30:45:INFO:Accuracy = [0.9339641500633038, 0.9380955554074765, 0.9135070300526421, 0.9223029253015259, 0.9094422602785367, 0.920103951489305, 0.9305657359898714, 0.9311654561204771, 0.9314986339708137, 0.9437595788631972]
2022-01-26 22:30:45:INFO:Loss = [0.18568429485670396, 0.15923774551679407, 0.21875971948569467, 0.2212125727641334, 0.2395420018602154, 0.21965248279654306, 0.2084050457310218, 0.18470757005074076, 0.164936099517584, 0.13973562698878395]
2022-01-26 22:30:45:INFO:-------------Training local models-------------
2022-01-26 23:03:47:INFO:-------------Aggregating local models-------------
2022-01-26 23:03:52:INFO:-------------Round number: 12-------------
2022-01-26 23:03:52:INFO:-------------Sending models-------------
2022-01-26 23:03:53:INFO:-------------Evaluating models-------------
2022-01-26 23:03:54:INFO:Average Global Accuracy and Loss for Each Task:
2022-01-26 23:03:54:INFO:Accuracy = [0.9343639634837076, 0.9398947157992936, 0.9142400213233824, 0.9231025521423336, 0.9102418871193443, 0.9195042313586993, 0.9316319051109482, 0.9330312520823616, 0.9332977943626307, 0.9452255614046778]
2022-01-26 23:03:54:INFO:Loss = [0.18339752568961076, 0.15577071074473572, 0.2172957818081141, 0.2196387385004579, 0.23696231297148734, 0.2181461731597117, 0.20732800670461127, 0.18148235004953694, 0.1642797323125396, 0.13879300086078933]
2022-01-26 23:03:54:INFO:-------------Training local models-------------
2022-01-26 23:36:56:INFO:-------------Aggregating local models-------------
2022-01-26 23:37:01:INFO:-------------Round number: 13-------------
2022-01-26 23:37:01:INFO:-------------Sending models-------------
2022-01-26 23:37:02:INFO:-------------Evaluating models-------------
2022-01-26 23:37:03:INFO:Average Global Accuracy and Loss for Each Task:
2022-01-26 23:37:03:INFO:Accuracy = [0.9349636836143134, 0.940627707070034, 0.9153061904444593, 0.923635636702872, 0.9121076830812288, 0.9203038581995069, 0.9320983541014194, 0.9339641500633038, 0.9339641500633038, 0.9460251882454854]
2022-01-26 23:37:03:INFO:Loss = [0.18171049392593927, 0.15357784498372476, 0.21650798947446656, 0.2182613628277667, 0.23462038475640543, 0.21697239673540006, 0.2070270843087471, 0.1795657030894942, 0.16486132281971588, 0.1405150585250351]
2022-01-26 23:37:03:INFO:-------------Training local models-------------
2022-01-27 00:10:05:INFO:-------------Aggregating local models-------------
2022-01-27 00:10:10:INFO:-------------Round number: 14-------------
2022-01-27 00:10:10:INFO:-------------Sending models-------------
2022-01-27 00:10:11:INFO:-------------Evaluating models-------------
2022-01-27 00:10:12:INFO:Average Global Accuracy and Loss for Each Task:
2022-01-27 00:10:12:INFO:Accuracy = [0.9362297594455921, 0.9404278003598321, 0.915905910575065, 0.9239688145532085, 0.9119077763710268, 0.9215032984607183, 0.9322316252415539, 0.9344305990537749, 0.9345638701939095, 0.9460918238155528]
2022-01-27 00:10:12:INFO:Loss = [0.18136829920815598, 0.1528088671208707, 0.2162253648298859, 0.21696989456090007, 0.23272445710664977, 0.2164434160119475, 0.2079915077220558, 0.17860605056475726, 0.1655930905405012, 0.1437809411586018]
2022-01-27 00:10:12:INFO:-------------Training local models-------------
2022-01-27 00:35:12:INFO:-------------Aggregating local models-------------
2022-01-27 00:35:15:INFO:-------------Round number: 15-------------
2022-01-27 00:35:15:INFO:-------------Sending models-------------
2022-01-27 00:35:15:INFO:-------------Evaluating models-------------
2022-01-27 00:35:16:INFO:Average Global Accuracy and Loss for Each Task:
2022-01-27 00:35:16:INFO:Accuracy = [0.9364963017258613, 0.9400946225094956, 0.9163723595655361, 0.9245685346838142, 0.9127074032118345, 0.9213033917505165, 0.9328313453721596, 0.9355634037449191, 0.934897048044246, 0.9460251882454854]
2022-01-27 00:35:16:INFO:Loss = [0.1825455555092451, 0.15274835183065674, 0.21674975089963663, 0.21547726463463684, 0.2312144328584207, 0.21678744875996295, 0.20985771805055933, 0.17876694694162903, 0.1661267263998952, 0.14815840362761393]
2022-01-27 00:35:16:INFO:-------------Training local models-------------
2022-01-27 00:54:59:INFO:-------------Aggregating local models-------------
2022-01-27 00:55:03:INFO:-------------Round number: 16-------------
2022-01-27 00:55:03:INFO:-------------Sending models-------------
2022-01-27 00:55:03:INFO:-------------Evaluating models-------------
2022-01-27 00:55:04:INFO:Average Global Accuracy and Loss for Each Task:
2022-01-27 00:55:04:INFO:Accuracy = [0.9346971413340441, 0.941294062770707, 0.9167055374158726, 0.9253681615246219, 0.9135070300526421, 0.9217698407409876, 0.9332311587925635, 0.9356966748850536, 0.935763310455121, 0.9456920103951489]
2022-01-27 00:55:04:INFO:Loss = [0.184612045715942, 0.1535451771911007, 0.21864520260886558, 0.21454073540395222, 0.2302953253344457, 0.21835447687978643, 0.21207065353738624, 0.18024455704523268, 0.16786170862980035, 0.1524963755473618]
2022-01-27 00:55:04:INFO:-------------Training local models-------------
