2022-01-26 17:14:57:INFO:-------------Round number: 0-------------
2022-01-26 17:14:57:INFO:-------------Sending models-------------
2022-01-26 17:14:57:INFO:-------------Evaluating models-------------
2022-01-26 17:14:58:INFO:Average Global Accuracy and Loss for Each Task:
2022-01-26 17:14:58:INFO:Accuracy = [0.9000333222259247, 0.09963345551482838, 0.09983338887037654, 0.09996667777407531, 0.8760413195601466, 0.8805731422859047, 0.10003332222592469, 0.09983338887037654, 0.8994335221592802, 0.8993668777074308]
2022-01-26 17:14:58:INFO:Loss = [0.6656853142558475, 0.7252704504886018, 0.7189109772334532, 0.7331650955682594, 0.6908818278460453, 0.6900989621490369, 0.7395622698516299, 0.703261496920619, 0.6848333545940314, 0.6385443350069923]
2022-01-26 17:14:58:INFO:-------------Training local models-------------
2022-01-26 17:29:23:INFO:-------------Aggregating local models-------------
2022-01-26 17:29:25:INFO:-------------Round number: 1-------------
2022-01-26 17:29:25:INFO:-------------Sending models-------------
2022-01-26 17:29:25:INFO:-------------Evaluating models-------------
2022-01-26 17:29:26:INFO:Average Global Accuracy and Loss for Each Task:
2022-01-26 17:29:26:INFO:Accuracy = [0.9562812395868044, 0.9532822392535821, 0.9848050649783405, 0.9318227257580807, 0.9325558147284239, 0.9736087970676441, 0.9844051982672443, 0.9824725091636122, 0.9714095301566145, 0.9395534821726091]
2022-01-26 17:29:26:INFO:Loss = [0.10572026295977514, 0.10903745628203651, 0.04256744733452207, 0.1374878032140819, 0.16294251913072896, 0.07186654995644626, 0.04499326222160349, 0.058654557862266296, 0.07538553813083072, 0.130177887089728]
2022-01-26 17:29:26:INFO:-------------Training local models-------------
2022-01-26 17:43:50:INFO:-------------Aggregating local models-------------
2022-01-26 17:43:52:INFO:-------------Round number: 2-------------
2022-01-26 17:43:52:INFO:-------------Sending models-------------
2022-01-26 17:43:52:INFO:-------------Evaluating models-------------
2022-01-26 17:43:53:INFO:Average Global Accuracy and Loss for Each Task:
2022-01-26 17:43:53:INFO:Accuracy = [0.97080973008997, 0.9532822392535821, 0.9848050649783405, 0.9474841719426857, 0.9474175274908364, 0.9777407530823059, 0.9844051982672443, 0.9824725091636122, 0.9735421526157947, 0.946484505164945]
2022-01-26 17:43:53:INFO:Loss = [0.0769487698842678, 0.10413655617712851, 0.040324173729602335, 0.11860330823840097, 0.13944596245392468, 0.056951593265854604, 0.0372530975928541, 0.05397174616911958, 0.0625833667239172, 0.11390652390700365]
2022-01-26 17:43:53:INFO:-------------Training local models-------------
2022-01-26 17:58:12:INFO:-------------Aggregating local models-------------
2022-01-26 17:58:15:INFO:-------------Round number: 3-------------
2022-01-26 17:58:15:INFO:-------------Sending models-------------
2022-01-26 17:58:15:INFO:-------------Evaluating models-------------
2022-01-26 17:58:15:INFO:Average Global Accuracy and Loss for Each Task:
2022-01-26 17:58:15:INFO:Accuracy = [0.9732089303565478, 0.9532822392535821, 0.9848050649783405, 0.9497500833055648, 0.9484171942685772, 0.977940686437854, 0.987137620793069, 0.9824725091636122, 0.9746084638453849, 0.9489503498833722]
2022-01-26 17:58:15:INFO:Loss = [0.07067801837666007, 0.09887313709767284, 0.039640492813690247, 0.11338946461798854, 0.13151836793720229, 0.05511812371306281, 0.03326847553244252, 0.05210291477338349, 0.059477712747117835, 0.10721285167795779]
2022-01-26 17:58:15:INFO:-------------Training local models-------------
2022-01-26 18:12:26:INFO:-------------Aggregating local models-------------
2022-01-26 18:12:28:INFO:-------------Round number: 4-------------
2022-01-26 18:12:28:INFO:-------------Sending models-------------
2022-01-26 18:12:28:INFO:-------------Evaluating models-------------
2022-01-26 18:12:29:INFO:Average Global Accuracy and Loss for Each Task:
2022-01-26 18:12:29:INFO:Accuracy = [0.974808397200933, 0.9606131289570143, 0.9848050649783405, 0.9518827057647451, 0.9496834388537154, 0.9781406197934022, 0.9887370876374542, 0.9824725091636122, 0.9748750416527824, 0.9536821059646784]
2022-01-26 18:12:29:INFO:Loss = [0.06790239004117149, 0.09010621849874396, 0.03913327056072545, 0.11057547599809854, 0.12590473387533713, 0.05387509324027257, 0.029841913775448484, 0.05080808533338874, 0.057624989557405436, 0.09849472540926178]
2022-01-26 18:12:29:INFO:-------------Training local models-------------
2022-01-26 18:26:40:INFO:-------------Aggregating local models-------------
2022-01-26 18:26:42:INFO:-------------Round number: 5-------------
2022-01-26 18:26:42:INFO:-------------Sending models-------------
2022-01-26 18:26:42:INFO:-------------Evaluating models-------------
2022-01-26 18:26:42:INFO:Average Global Accuracy and Loss for Each Task:
2022-01-26 18:26:42:INFO:Accuracy = [0.9746084638453849, 0.963678773742086, 0.9858047317560813, 0.9560146617794069, 0.9529490169943352, 0.9784738420526491, 0.9903365544818394, 0.9824725091636122, 0.9750749750083305, 0.9560146617794069]
2022-01-26 18:26:42:INFO:Loss = [0.06697534880343019, 0.08275691014431938, 0.03861366647155187, 0.1073787946248972, 0.12110335178443928, 0.053007779273203576, 0.02757448925290023, 0.04975811865716683, 0.056006588049744475, 0.09607751469750603]
2022-01-26 18:26:42:INFO:-------------Training local models-------------
2022-01-26 18:40:53:INFO:-------------Aggregating local models-------------
2022-01-26 18:40:55:INFO:-------------Round number: 6-------------
2022-01-26 18:40:55:INFO:-------------Sending models-------------
2022-01-26 18:40:55:INFO:-------------Evaluating models-------------
2022-01-26 18:40:56:INFO:Average Global Accuracy and Loss for Each Task:
2022-01-26 18:40:56:INFO:Accuracy = [0.9747417527490836, 0.9648783738753749, 0.9872709096967678, 0.9581472842385871, 0.9540819726757748, 0.9790069976674441, 0.9910029990003332, 0.9824725091636122, 0.9762745751416194, 0.9585471509496835]
2022-01-26 18:40:56:INFO:Loss = [0.06716380052927429, 0.08067547478357759, 0.03765876906642144, 0.10431993942434506, 0.117700880454084, 0.052229203494867614, 0.025594060710861233, 0.04880478304789544, 0.05409246256108571, 0.09254475523023147]
2022-01-26 18:40:56:INFO:-------------Training local models-------------
2022-01-26 18:50:21:INFO:-------------Aggregating local models-------------
2022-01-26 18:50:22:INFO:-------------Round number: 7-------------
2022-01-26 18:50:22:INFO:-------------Sending models-------------
2022-01-26 18:50:22:INFO:-------------Evaluating models-------------
2022-01-26 18:50:23:INFO:Average Global Accuracy and Loss for Each Task:
2022-01-26 18:50:23:INFO:Accuracy = [0.9742085971342885, 0.9658780406531157, 0.9873375541486171, 0.9593468843718761, 0.9560813062312562, 0.9797400866377874, 0.9912029323558814, 0.9826057980673109, 0.977407530823059, 0.9602132622459181]
2022-01-26 18:50:23:INFO:Loss = [0.06801675136427689, 0.07803694298089965, 0.03684021743485179, 0.10195330894566311, 0.11510145119536949, 0.05118684528034534, 0.02398488298804871, 0.047814436031205255, 0.05192836654682928, 0.0878469124264888]
2022-01-26 18:50:23:INFO:-------------Training local models-------------
2022-01-26 18:58:27:INFO:-------------Aggregating local models-------------
2022-01-26 18:58:28:INFO:-------------Round number: 8-------------
2022-01-26 18:58:28:INFO:-------------Sending models-------------
2022-01-26 18:58:28:INFO:-------------Evaluating models-------------
2022-01-26 18:58:28:INFO:Average Global Accuracy and Loss for Each Task:
2022-01-26 18:58:28:INFO:Accuracy = [0.9736087970676441, 0.9671442852382539, 0.9878040653115628, 0.9603465511496168, 0.9582139286904365, 0.9804065311562813, 0.9913362212595801, 0.9827390869710096, 0.9781406197934022, 0.9613462179273575]
2022-01-26 18:58:28:INFO:Loss = [0.06940453101333335, 0.07650593490099324, 0.036302570628377946, 0.10034882162026566, 0.11332679512929146, 0.050305142199077085, 0.023612336362388364, 0.04678931411215151, 0.04994895319016874, 0.08708951932992426]
2022-01-26 18:58:28:INFO:-------------Training local models-------------
2022-01-26 19:06:32:INFO:-------------Aggregating local models-------------
2022-01-26 19:06:33:INFO:-------------Round number: 9-------------
2022-01-26 19:06:33:INFO:-------------Sending models-------------
2022-01-26 19:06:33:INFO:-------------Evaluating models-------------
2022-01-26 19:06:33:INFO:Average Global Accuracy and Loss for Each Task:
2022-01-26 19:06:33:INFO:Accuracy = [0.9736087970676441, 0.9694101966011329, 0.987670776407864, 0.9606797734088637, 0.9594801732755748, 0.9804065311562813, 0.9914695101632789, 0.9834055314895035, 0.979673442185938, 0.962279240253249]
2022-01-26 19:06:33:INFO:Loss = [0.07076114796106837, 0.07430094040963477, 0.03587915900034892, 0.09970295921750436, 0.1123172755014982, 0.049744252029832015, 0.023168635667111904, 0.04582469649083003, 0.04858269936507427, 0.08628843163920578]
2022-01-26 19:06:33:INFO:-------------Training local models-------------
2022-01-26 19:15:58:INFO:-------------Aggregating local models-------------
2022-01-26 19:15:59:INFO:-------------Round number: 10-------------
2022-01-26 19:15:59:INFO:-------------Sending models-------------
2022-01-26 19:15:59:INFO:-------------Evaluating models-------------
2022-01-26 19:16:00:INFO:Average Global Accuracy and Loss for Each Task:
2022-01-26 19:16:00:INFO:Accuracy = [0.9752749083638788, 0.9724758413862046, 0.9878707097634122, 0.9616794401866045, 0.9606797734088637, 0.9806064645118294, 0.991669443518827, 0.9840719760079973, 0.9816727757414195, 0.9630789736754415]
2022-01-26 19:16:00:INFO:Loss = [0.07219235130492008, 0.07201072578239136, 0.035551909029623095, 0.09994145765366899, 0.11214218675987422, 0.04938886919671019, 0.02315734793920431, 0.04497355870810339, 0.047330707523941286, 0.08673751620795137]
2022-01-26 19:16:00:INFO:-------------Training local models-------------
2022-01-26 19:26:08:INFO:-------------Aggregating local models-------------
2022-01-26 19:26:09:INFO:-------------Round number: 11-------------
2022-01-26 19:26:09:INFO:-------------Sending models-------------
2022-01-26 19:26:09:INFO:-------------Evaluating models-------------
2022-01-26 19:26:09:INFO:Average Global Accuracy and Loss for Each Task:
2022-01-26 19:26:09:INFO:Accuracy = [0.9762745751416194, 0.9744751749416861, 0.988003998667111, 0.9622125958013995, 0.9601466177940686, 0.98053982005998, 0.991669443518827, 0.9843385538153949, 0.9826724425191603, 0.96541152949017]
2022-01-26 19:26:09:INFO:Loss = [0.07361466300739089, 0.07074811629036883, 0.035309303637657566, 0.10056877271203338, 0.11267730756172648, 0.04912357797212392, 0.023423898519104355, 0.044241310665727535, 0.04627181263698081, 0.08676933216971648]
2022-01-26 19:26:09:INFO:-------------Training local models-------------
2022-01-26 19:36:10:INFO:-------------Aggregating local models-------------
2022-01-26 19:36:11:INFO:-------------Round number: 12-------------
2022-01-26 19:36:11:INFO:-------------Sending models-------------
2022-01-26 19:36:11:INFO:-------------Evaluating models-------------
2022-01-26 19:36:11:INFO:Average Global Accuracy and Loss for Each Task:
2022-01-26 19:36:11:INFO:Accuracy = [0.9763412195934689, 0.9758080639786738, 0.9880706431189603, 0.9624791736087971, 0.9604798400533155, 0.9808063978673776, 0.9912695768077308, 0.9846717760746417, 0.9834055314895035, 0.9671442852382539]
2022-01-26 19:36:11:INFO:Loss = [0.07589223074805372, 0.07058464432487817, 0.03515811631332048, 0.10132185163290786, 0.11366188086250816, 0.04895210128831987, 0.02408537370649137, 0.043603465841485486, 0.0457778875503818, 0.08754580416165689]
2022-01-26 19:36:11:INFO:-------------Training local models-------------
2022-01-26 19:47:36:INFO:-------------Aggregating local models-------------
2022-01-26 19:47:38:INFO:-------------Round number: 13-------------
2022-01-26 19:47:38:INFO:-------------Sending models-------------
2022-01-26 19:47:39:INFO:-------------Evaluating models-------------
2022-01-26 19:47:39:INFO:Average Global Accuracy and Loss for Each Task:
2022-01-26 19:47:39:INFO:Accuracy = [0.9769410196601133, 0.9761412862379207, 0.9883372209263579, 0.9626124625124959, 0.9613462179273575, 0.9806731089636788, 0.9912029323558814, 0.9850049983338887, 0.9837387537487504, 0.9677440853048984]
2022-01-26 19:47:39:INFO:Loss = [0.07752120496686418, 0.07171546891994292, 0.03508988472138648, 0.1023241810331677, 0.11485564903542939, 0.04897494479992153, 0.024757660194340555, 0.04303685636277605, 0.045828375723416324, 0.0904331917604536]
2022-01-26 19:47:39:INFO:-------------Training local models-------------
2022-01-26 20:03:57:INFO:-------------Aggregating local models-------------
2022-01-26 20:04:00:INFO:-------------Round number: 14-------------
2022-01-26 20:04:00:INFO:-------------Sending models-------------
2022-01-26 20:04:00:INFO:-------------Evaluating models-------------
2022-01-26 20:04:01:INFO:Average Global Accuracy and Loss for Each Task:
2022-01-26 20:04:01:INFO:Accuracy = [0.977407530823059, 0.976541152949017, 0.988537154281906, 0.9630123292235921, 0.9626124625124959, 0.9808063978673776, 0.9912695768077308, 0.9850049983338887, 0.9840719760079973, 0.9684105298233922]
2022-01-26 20:04:01:INFO:Loss = [0.08011304854273339, 0.07317837424304369, 0.035046641418395905, 0.1034075523846476, 0.11631592036445794, 0.049341182961935896, 0.025281983325623706, 0.042463975757925, 0.04673115836712602, 0.09244475550803376]
2022-01-26 20:04:01:INFO:-------------Training local models-------------
2022-01-26 20:20:18:INFO:-------------Aggregating local models-------------
2022-01-26 20:20:21:INFO:-------------Round number: 15-------------
2022-01-26 20:20:21:INFO:-------------Sending models-------------
2022-01-26 20:20:21:INFO:-------------Evaluating models-------------
2022-01-26 20:20:21:INFO:Average Global Accuracy and Loss for Each Task:
2022-01-26 20:20:21:INFO:Accuracy = [0.9773408863712096, 0.9769410196601133, 0.9886037987337554, 0.9634121959346884, 0.9628790403198934, 0.9809396867710763, 0.9912029323558814, 0.9849383538820393, 0.9841386204598467, 0.9694101966011329]
2022-01-26 20:20:21:INFO:Loss = [0.08185698679958851, 0.07496576015824956, 0.035120644559213834, 0.10483875379605322, 0.11782939895377921, 0.05028347937167764, 0.025788057810690525, 0.041901562055148674, 0.04842234156651984, 0.09527160170896512]
2022-01-26 20:20:21:INFO:-------------Training local models-------------
2022-01-26 20:36:40:INFO:-------------Aggregating local models-------------
2022-01-26 20:36:42:INFO:-------------Round number: 16-------------
2022-01-26 20:36:42:INFO:-------------Sending models-------------
2022-01-26 20:36:43:INFO:-------------Evaluating models-------------
2022-01-26 20:36:43:INFO:Average Global Accuracy and Loss for Each Task:
2022-01-26 20:36:43:INFO:Accuracy = [0.9775408197267578, 0.9761412862379207, 0.9886037987337554, 0.9632122625791403, 0.9632122625791403, 0.981072975674775, 0.9912695768077308, 0.98487170943019, 0.9839386871042985, 0.9698100633122293]
2022-01-26 20:36:43:INFO:Loss = [0.08377846161480937, 0.07725817952377766, 0.035283407617975555, 0.10666512143518045, 0.11986305232978589, 0.05170488872552421, 0.026078506368132973, 0.04139357383923845, 0.050563804406058795, 0.09782506930154843]
2022-01-26 20:36:43:INFO:-------------Training local models-------------
2022-01-26 20:53:02:INFO:-------------Aggregating local models-------------
2022-01-26 20:53:05:INFO:-------------Round number: 17-------------
2022-01-26 20:53:05:INFO:-------------Sending models-------------
2022-01-26 20:53:05:INFO:-------------Evaluating models-------------
2022-01-26 20:53:05:INFO:Average Global Accuracy and Loss for Each Task:
2022-01-26 20:53:05:INFO:Accuracy = [0.9775408197267578, 0.9761412862379207, 0.9888037320893036, 0.9634121959346884, 0.9630789736754415, 0.981072975674775, 0.9912029323558814, 0.9851382872375875, 0.9838053982005998, 0.969943352215928]
2022-01-26 20:53:05:INFO:Loss = [0.08567476553307152, 0.07959071456526474, 0.03554411424080961, 0.10864326336253281, 0.12205722965295573, 0.05353513988254118, 0.02650971848221129, 0.04096804860154544, 0.053320576554415404, 0.10108166231548711]
2022-01-26 20:53:05:INFO:-------------Training local models-------------
2022-01-26 21:09:24:INFO:-------------Aggregating local models-------------
2022-01-26 21:09:27:INFO:-------------Round number: 18-------------
2022-01-26 21:09:27:INFO:-------------Sending models-------------
2022-01-26 21:09:27:INFO:-------------Evaluating models-------------
2022-01-26 21:09:28:INFO:Average Global Accuracy and Loss for Each Task:
2022-01-26 21:09:28:INFO:Accuracy = [0.9772742419193602, 0.9756081306231257, 0.9887370876374542, 0.9631456181272909, 0.9638787070976341, 0.9809396867710763, 0.991136287904032, 0.9850716427857381, 0.9836054648450516, 0.9696767744085305]
2022-01-26 21:09:28:INFO:Loss = [0.0875843554572339, 0.08235077028410097, 0.03586606110900809, 0.11104930480586794, 0.12493330193121116, 0.05542734984856964, 0.02713557586889539, 0.040612853426133126, 0.056879549622835666, 0.10639534891489881]
2022-01-26 21:09:28:INFO:-------------Training local models-------------
2022-01-26 21:25:46:INFO:-------------Aggregating local models-------------
2022-01-26 21:25:49:INFO:-------------Round number: 19-------------
2022-01-26 21:25:49:INFO:-------------Sending models-------------
2022-01-26 21:25:49:INFO:-------------Evaluating models-------------
2022-01-26 21:25:50:INFO:Average Global Accuracy and Loss for Each Task:
2022-01-26 21:25:50:INFO:Accuracy = [0.977074308563812, 0.9757414195268244, 0.9886704431856048, 0.9629456847717428, 0.9640786404531823, 0.9808063978673776, 0.9913362212595801, 0.9852715761412862, 0.9836054648450516, 0.9701432855714762]
2022-01-26 21:25:50:INFO:Loss = [0.08948538364618538, 0.08506603779387102, 0.036238835205102966, 0.11249076972946234, 0.12769383120253694, 0.05726232119754285, 0.027643108344337673, 0.040384338070116266, 0.0594761271629239, 0.11251807186306627]
2022-01-26 21:25:50:INFO:-------------Training local models-------------
2022-01-26 21:42:09:INFO:-------------Aggregating local models-------------
2022-01-26 21:42:11:INFO:-------------Round number: 20-------------
2022-01-26 21:42:11:INFO:-------------Sending models-------------
2022-01-26 21:42:11:INFO:-------------Evaluating models-------------
2022-01-26 21:42:12:INFO:Average Global Accuracy and Loss for Each Task:
2022-01-26 21:42:12:INFO:Accuracy = [0.9772075974675108, 0.9756081306231257, 0.9882705764745084, 0.9633455514828391, 0.9641452849050317, 0.9808730423192269, 0.9914695101632789, 0.9854715094968344, 0.9834721759413528, 0.9706097967344218]
2022-01-26 21:42:12:INFO:Loss = [0.09225281020065079, 0.08737727252396513, 0.03664456403891322, 0.11377646556382622, 0.13076966410441287, 0.05907835923019632, 0.02768228715806638, 0.04024026377082167, 0.06279797119466927, 0.11710834662374763]
2022-01-26 21:42:12:INFO:-------------Training local models-------------
2022-01-26 21:58:31:INFO:-------------Aggregating local models-------------
2022-01-26 21:58:33:INFO:-------------Round number: 21-------------
2022-01-26 21:58:33:INFO:-------------Sending models-------------
2022-01-26 21:58:33:INFO:-------------Evaluating models-------------
2022-01-26 21:58:34:INFO:Average Global Accuracy and Loss for Each Task:
2022-01-26 21:58:34:INFO:Accuracy = [0.9770076641119627, 0.9757414195268244, 0.9882039320226591, 0.9632122625791403, 0.9638787070976341, 0.9806731089636788, 0.9914695101632789, 0.9855381539486838, 0.9837387537487504, 0.9705431522825725]
2022-01-26 21:58:34:INFO:Loss = [0.09420490842172995, 0.08981537374038702, 0.037126558012605844, 0.11498058263850122, 0.13329835285833058, 0.06080639809068189, 0.028159557947435607, 0.040200695956062925, 0.06516885674843126, 0.1218563433622521]
2022-01-26 21:58:34:INFO:-------------Training local models-------------
2022-01-26 22:14:53:INFO:-------------Aggregating local models-------------
2022-01-26 22:14:56:INFO:-------------Round number: 22-------------
2022-01-26 22:14:56:INFO:-------------Sending models-------------
2022-01-26 22:14:56:INFO:-------------Evaluating models-------------
2022-01-26 22:14:56:INFO:Average Global Accuracy and Loss for Each Task:
2022-01-26 22:14:56:INFO:Accuracy = [0.9770076641119627, 0.9759413528823725, 0.9881372875708098, 0.9640786404531823, 0.9637454181939353, 0.9812062645784738, 0.991669443518827, 0.9854715094968344, 0.9834055314895035, 0.9704765078307231]
2022-01-26 22:14:56:INFO:Loss = [0.09621809468317945, 0.09157059481300044, 0.03766207059455239, 0.11606893788600935, 0.13580366693109105, 0.062484919694830894, 0.02837048076416898, 0.04021134347073913, 0.06739702008880065, 0.12632142809828095]
2022-01-26 22:14:56:INFO:-------------Training local models-------------
2022-01-26 22:30:53:INFO:-------------Aggregating local models-------------
2022-01-26 22:30:56:INFO:-------------Round number: 23-------------
2022-01-26 22:30:56:INFO:-------------Sending models-------------
2022-01-26 22:30:56:INFO:-------------Evaluating models-------------
2022-01-26 22:30:56:INFO:Average Global Accuracy and Loss for Each Task:
2022-01-26 22:30:56:INFO:Accuracy = [0.9772075974675108, 0.975674775074975, 0.9882039320226591, 0.9643452182605798, 0.9634788403865379, 0.9812062645784738, 0.9919360213262246, 0.9856714428523825, 0.9835388203932023, 0.9708763745418194]
2022-01-26 22:30:56:INFO:Loss = [0.09821615540946121, 0.0929431024509784, 0.038188948073752414, 0.11706874680352726, 0.13853822042541544, 0.0639441760065498, 0.028290718211770833, 0.04032921707932103, 0.06956349800788701, 0.1293813261966922]
2022-01-26 22:30:56:INFO:-------------Training local models-------------
2022-01-26 22:47:12:INFO:-------------Aggregating local models-------------
2022-01-26 22:47:15:INFO:-------------Round number: 24-------------
2022-01-26 22:47:15:INFO:-------------Sending models-------------
2022-01-26 22:47:15:INFO:-------------Evaluating models-------------
2022-01-26 22:47:16:INFO:Average Global Accuracy and Loss for Each Task:
2022-01-26 22:47:16:INFO:Accuracy = [0.977407530823059, 0.9754748417194269, 0.9882705764745084, 0.9644118627124292, 0.9637454181939353, 0.9808730423192269, 0.9920026657780739, 0.985738087304232, 0.9831389536821059, 0.9707430856381206]
2022-01-26 22:47:16:INFO:Loss = [0.09992169377272955, 0.09429743811681907, 0.03889497945509108, 0.11818251941464858, 0.14126949639577954, 0.0648787810463542, 0.028733738660631558, 0.04059847506255014, 0.0717929542860658, 0.134296624584889]
2022-01-26 22:47:16:INFO:-------------Training local models-------------
2022-01-26 23:03:31:INFO:-------------Aggregating local models-------------
2022-01-26 23:03:34:INFO:-------------Round number: 25-------------
2022-01-26 23:03:34:INFO:-------------Sending models-------------
2022-01-26 23:03:34:INFO:-------------Evaluating models-------------
2022-01-26 23:03:35:INFO:Average Global Accuracy and Loss for Each Task:
2022-01-26 23:03:35:INFO:Accuracy = [0.9776074641786071, 0.9762079306897701, 0.9882705764745084, 0.9650116627790737, 0.9630123292235921, 0.9812729090303233, 0.9922025991336221, 0.985738087304232, 0.9830723092302566, 0.9709430189936687]
2022-01-26 23:03:35:INFO:Loss = [0.10178589298737523, 0.09533895095293594, 0.039635715684037065, 0.11937325853218643, 0.1439281863994621, 0.06592815554797597, 0.029490015521907713, 0.041022817136816936, 0.07418415294147009, 0.13727157519135325]
2022-01-26 23:03:35:INFO:-------------Training local models-------------
2022-01-26 23:19:51:INFO:-------------Aggregating local models-------------
2022-01-26 23:19:53:INFO:-------------Round number: 26-------------
2022-01-26 23:19:53:INFO:-------------Sending models-------------
2022-01-26 23:19:54:INFO:-------------Evaluating models-------------
2022-01-26 23:19:54:INFO:Average Global Accuracy and Loss for Each Task:
2022-01-26 23:19:54:INFO:Accuracy = [0.9775408197267578, 0.9763412195934689, 0.9884705098300567, 0.9648783738753749, 0.9630123292235921, 0.9813395534821726, 0.9921359546817727, 0.9859380206597801, 0.9832055981339554, 0.9704765078307231]
2022-01-26 23:19:54:INFO:Loss = [0.10369848603549872, 0.09672867145291657, 0.04054543060495485, 0.12075446833972897, 0.14646823625608976, 0.06702599524300018, 0.03084278688560512, 0.04159561622784197, 0.0760485796229957, 0.14124028112117065]
2022-01-26 23:19:54:INFO:-------------Training local models-------------
2022-01-26 23:36:11:INFO:-------------Aggregating local models-------------
2022-01-26 23:36:14:INFO:-------------Round number: 27-------------
2022-01-26 23:36:14:INFO:-------------Sending models-------------
2022-01-26 23:36:14:INFO:-------------Evaluating models-------------
2022-01-26 23:36:14:INFO:Average Global Accuracy and Loss for Each Task:
2022-01-26 23:36:14:INFO:Accuracy = [0.9777407530823059, 0.9764078640453182, 0.988537154281906, 0.9647450849716761, 0.9627457514161946, 0.9812062645784738, 0.9922025991336221, 0.9861379540153282, 0.9831389536821059, 0.97080973008997]
2022-01-26 23:36:14:INFO:Loss = [0.10547463454469722, 0.09779359187907932, 0.04126229175925607, 0.1222122754186646, 0.148972081594965, 0.06797789514323979, 0.03033740895519088, 0.042298830292851225, 0.07763095823999482, 0.14290474702824493]
2022-01-26 23:36:14:INFO:-------------Training local models-------------
2022-01-26 23:52:31:INFO:-------------Aggregating local models-------------
2022-01-26 23:52:33:INFO:-------------Round number: 28-------------
2022-01-26 23:52:33:INFO:-------------Sending models-------------
2022-01-26 23:52:34:INFO:-------------Evaluating models-------------
2022-01-26 23:52:34:INFO:Average Global Accuracy and Loss for Each Task:
2022-01-26 23:52:34:INFO:Accuracy = [0.9780739753415528, 0.9767410863045651, 0.9887370876374542, 0.9648117294235254, 0.9626124625124959, 0.9812729090303233, 0.9920693102299234, 0.9864045318227258, 0.9829390203265578, 0.9706764411862713]
2022-01-26 23:52:34:INFO:Loss = [0.10713151006357606, 0.09980090316812787, 0.04212570503572356, 0.1238032166390137, 0.1513410820355135, 0.06908063050492569, 0.031918711850526325, 0.043060878405906035, 0.08008000060236027, 0.14676075154266452]
2022-01-26 23:52:34:INFO:-------------Training local models-------------
2022-01-27 00:08:51:INFO:-------------Aggregating local models-------------
2022-01-27 00:08:53:INFO:-------------Round number: 29-------------
2022-01-27 00:08:53:INFO:-------------Sending models-------------
2022-01-27 00:08:54:INFO:-------------Evaluating models-------------
2022-01-27 00:08:54:INFO:Average Global Accuracy and Loss for Each Task:
2022-01-27 00:08:54:INFO:Accuracy = [0.9780739753415528, 0.9766744418527158, 0.9887370876374542, 0.9648783738753749, 0.9628790403198934, 0.9812729090303233, 0.9923358880373209, 0.9863378873708764, 0.9829390203265578, 0.9708763745418194]
2022-01-27 00:08:54:INFO:Loss = [0.10879018475622283, 0.10149335002209553, 0.04291311831525486, 0.1255618799616015, 0.15378713902934968, 0.07000370126633058, 0.03188833657889005, 0.043943773608954566, 0.08218501272488747, 0.14818898018451462]
2022-01-27 00:08:54:INFO:-------------Training local models-------------
2022-01-27 00:25:11:INFO:-------------Aggregating local models-------------
2022-01-27 00:25:13:INFO:-------------Round number: 30-------------
2022-01-27 00:25:13:INFO:-------------Sending models-------------
2022-01-27 00:25:13:INFO:-------------Evaluating models-------------
2022-01-27 00:25:14:INFO:Average Global Accuracy and Loss for Each Task:
2022-01-27 00:25:14:INFO:Accuracy = [0.9781406197934022, 0.9766744418527158, 0.9886704431856048, 0.964545151616128, 0.9630789736754415, 0.981406197934022, 0.9923358880373209, 0.9860713095634789, 0.9828723758747084, 0.9709430189936687]
2022-01-27 00:25:14:INFO:Loss = [0.1103984709547742, 0.10272175461752318, 0.04382933509786447, 0.12729710131400676, 0.15623729851603435, 0.07090027755070152, 0.03371815674532049, 0.04482477162801024, 0.0842719878956157, 0.1524862819269453]
2022-01-27 00:25:14:INFO:-------------Training local models-------------
