2022-01-26 17:36:05:INFO:-------------Round number: 0-------------
2022-01-26 17:36:05:INFO:-------------Sending models-------------
2022-01-26 17:36:06:INFO:-------------Evaluating models-------------
2022-01-26 17:36:07:INFO:Average Global Accuracy and Loss for Each Task:
2022-01-26 17:36:07:INFO:Accuracy = [0.9006128430588862, 0.09725552891020517, 0.09885424993338662, 0.1035171862509992, 0.8815614175326405, 0.8822275512922995, 0.09938715694111377, 0.09845456967759127, 0.8987476685318412, 0.8994138022915001]
2022-01-26 17:36:07:INFO:Loss = [0.665433980252563, 0.7255395413985609, 0.7186639183939154, 0.7327777343910598, 0.6907469832258736, 0.6898914382135649, 0.7394655026930222, 0.7035869941961088, 0.6847941407736797, 0.6383327701998304]
2022-01-26 17:36:07:INFO:-------------Training local models-------------
2022-01-26 17:52:14:INFO:-------------Aggregating local models-------------
2022-01-26 17:52:20:INFO:-------------Round number: 1-------------
2022-01-26 17:52:20:INFO:-------------Sending models-------------
2022-01-26 17:52:20:INFO:-------------Evaluating models-------------
2022-01-26 17:52:22:INFO:Average Global Accuracy and Loss for Each Task:
2022-01-26 17:52:22:INFO:Accuracy = [0.9181987743138822, 0.907673860911271, 0.9441779909405809, 0.9177990940580869, 0.9376498800959233, 0.8998134825472955, 0.968558486544098, 0.9380495603517186, 0.9360511590727418, 0.9180655475619505]
2022-01-26 17:52:22:INFO:Loss = [0.1940872101347706, 0.24057893020411333, 0.14721343821622362, 0.23555641845422043, 0.15140028810252645, 0.26254004651636914, 0.11854235159842183, 0.17382389720000252, 0.19304001846633873, 0.18951226983992633]
2022-01-26 17:52:22:INFO:-------------Training local models-------------
2022-01-26 18:09:09:INFO:-------------Aggregating local models-------------
2022-01-26 18:09:15:INFO:-------------Round number: 2-------------
2022-01-26 18:09:15:INFO:-------------Sending models-------------
2022-01-26 18:09:15:INFO:-------------Evaluating models-------------
2022-01-26 18:09:16:INFO:Average Global Accuracy and Loss for Each Task:
2022-01-26 18:09:16:INFO:Accuracy = [0.9345856648014922, 0.9177990940580869, 0.9606981081801226, 0.9272581934452439, 0.9404476418864908, 0.9118038902211564, 0.968558486544098, 0.9381827871036504, 0.9223288036237677, 0.9285904609645617]
2022-01-26 18:09:16:INFO:Loss = [0.15006140133763904, 0.196070635201739, 0.09880037426412162, 0.19759651991498253, 0.11707033794513481, 0.2161012618768863, 0.07813829060115592, 0.13780194121633046, 0.1557167519672205, 0.15225216872287112]
2022-01-26 18:09:16:INFO:-------------Training local models-------------
2022-01-26 18:25:58:INFO:-------------Aggregating local models-------------
2022-01-26 18:26:04:INFO:-------------Round number: 3-------------
2022-01-26 18:26:04:INFO:-------------Sending models-------------
2022-01-26 18:26:04:INFO:-------------Evaluating models-------------
2022-01-26 18:26:05:INFO:Average Global Accuracy and Loss for Each Task:
2022-01-26 18:26:05:INFO:Accuracy = [0.9309885424993338, 0.9175326405542232, 0.9625632827071676, 0.9279243272049027, 0.9539035438316014, 0.9201971755928591, 0.968558486544098, 0.9392486011191047, 0.925259792166267, 0.9517719158006928]
2022-01-26 18:26:05:INFO:Loss = [0.14142207743822977, 0.177562971259677, 0.08501042685611962, 0.18739822097111347, 0.10396033746006952, 0.1950505034120338, 0.07063811503125007, 0.12794778127722786, 0.15612661767871147, 0.1282597820318517]
2022-01-26 18:26:05:INFO:-------------Training local models-------------
2022-01-26 18:42:38:INFO:-------------Aggregating local models-------------
2022-01-26 18:42:43:INFO:-------------Round number: 4-------------
2022-01-26 18:42:43:INFO:-------------Sending models-------------
2022-01-26 18:42:43:INFO:-------------Evaluating models-------------
2022-01-26 18:42:44:INFO:Average Global Accuracy and Loss for Each Task:
2022-01-26 18:42:44:INFO:Accuracy = [0.9293898214761525, 0.9295230482280842, 0.968558486544098, 0.9287236877164935, 0.9555022648547828, 0.9247268851585398, 0.9700239808153477, 0.9475086597388755, 0.9263256061817213, 0.9565680788702371]
2022-01-26 18:42:44:INFO:Loss = [0.13972256577528366, 0.16477277075026303, 0.07859688380339591, 0.1780386773792607, 0.09905472920298279, 0.18005000234316873, 0.06757593549065218, 0.12028422592822405, 0.1555945266652144, 0.1118055660870585]
2022-01-26 18:42:44:INFO:-------------Training local models-------------
2022-01-26 18:59:18:INFO:-------------Aggregating local models-------------
2022-01-26 18:59:23:INFO:-------------Round number: 5-------------
2022-01-26 18:59:23:INFO:-------------Sending models-------------
2022-01-26 18:59:24:INFO:-------------Evaluating models-------------
2022-01-26 18:59:24:INFO:Average Global Accuracy and Loss for Each Task:
2022-01-26 18:59:24:INFO:Accuracy = [0.9312549960031974, 0.933386624034106, 0.9709565680788702, 0.9345856648014922, 0.9565680788702371, 0.9279243272049027, 0.9722888355981881, 0.9551025845989874, 0.926458832933653, 0.960431654676259]
2022-01-26 18:59:24:INFO:Loss = [0.13765298305927254, 0.1540360030692681, 0.07412153233355494, 0.1680113334073979, 0.09530383720557399, 0.17053273248258166, 0.06514376640894642, 0.11292076752312152, 0.15629220089003892, 0.1007507869194435]
2022-01-26 18:59:24:INFO:-------------Training local models-------------
2022-01-26 19:15:58:INFO:-------------Aggregating local models-------------
2022-01-26 19:16:03:INFO:-------------Round number: 6-------------
2022-01-26 19:16:03:INFO:-------------Sending models-------------
2022-01-26 19:16:03:INFO:-------------Evaluating models-------------
2022-01-26 19:16:04:INFO:Average Global Accuracy and Loss for Each Task:
2022-01-26 19:16:04:INFO:Accuracy = [0.9337863042899014, 0.9389821476152411, 0.9716227018385292, 0.9375166533439915, 0.9580335731414868, 0.9319211297628563, 0.9737543298694378, 0.9583000266453504, 0.930322408739675, 0.966693312017053]
2022-01-26 19:16:04:INFO:Loss = [0.13648353751795778, 0.1452152388816617, 0.0716629802880335, 0.1583336591573705, 0.09265267976797369, 0.16406869991096548, 0.06299995352966613, 0.10773013687922653, 0.15355662277152832, 0.09203388520892238]
2022-01-26 19:16:04:INFO:-------------Training local models-------------
2022-01-26 19:32:38:INFO:-------------Aggregating local models-------------
2022-01-26 19:32:43:INFO:-------------Round number: 7-------------
2022-01-26 19:32:43:INFO:-------------Sending models-------------
2022-01-26 19:32:44:INFO:-------------Evaluating models-------------
2022-01-26 19:32:45:INFO:Average Global Accuracy and Loss for Each Task:
2022-01-26 19:32:45:INFO:Accuracy = [0.9339195310418332, 0.9424460431654677, 0.9729549693578471, 0.9423128164135358, 0.9602984279243272, 0.9319211297628563, 0.9746869171329603, 0.9608313349320543, 0.9325872635225153, 0.9686917132960299]
2022-01-26 19:32:45:INFO:Loss = [0.13704923475633618, 0.1388714203468157, 0.06994475729990429, 0.1495404788691542, 0.09048498048465653, 0.1615905759943672, 0.06102238391621614, 0.10391728162778748, 0.15070259458433224, 0.0854100652314758]
2022-01-26 19:32:45:INFO:-------------Training local models-------------
2022-01-26 19:49:18:INFO:-------------Aggregating local models-------------
2022-01-26 19:49:23:INFO:-------------Round number: 8-------------
2022-01-26 19:49:23:INFO:-------------Sending models-------------
2022-01-26 19:49:23:INFO:-------------Evaluating models-------------
2022-01-26 19:49:24:INFO:Average Global Accuracy and Loss for Each Task:
2022-01-26 19:49:24:INFO:Accuracy = [0.9336530775379697, 0.9453770317079669, 0.9738875566213696, 0.9451105782041034, 0.961097788435918, 0.9329869437783107, 0.9766853184119371, 0.9614974686917133, 0.9351185718092193, 0.9701572075672795]
2022-01-26 19:49:24:INFO:Loss = [0.1380668851681055, 0.13511437293750803, 0.06870967471372924, 0.1430352584705099, 0.0886183874426381, 0.16177836880168658, 0.0595542239016511, 0.10140880047085095, 0.14940561861558024, 0.08135540170966257]
2022-01-26 19:49:24:INFO:-------------Training local models-------------
2022-01-26 20:05:58:INFO:-------------Aggregating local models-------------
2022-01-26 20:06:04:INFO:-------------Round number: 9-------------
2022-01-26 20:06:04:INFO:-------------Sending models-------------
2022-01-26 20:06:04:INFO:-------------Evaluating models-------------
2022-01-26 20:06:05:INFO:Average Global Accuracy and Loss for Each Task:
2022-01-26 20:06:05:INFO:Accuracy = [0.934052757793765, 0.9477751132427391, 0.9752198241406874, 0.9452438049560352, 0.9628297362110312, 0.934052757793765, 0.9768185451638689, 0.9632294164668266, 0.9373834265920596, 0.971089794830802]
2022-01-26 20:06:05:INFO:Loss = [0.13940926498900486, 0.13268953478900122, 0.067934486271636, 0.13858374879263408, 0.0869618184808446, 0.16263349768380583, 0.058360471710112743, 0.09976418129598812, 0.1470920509308616, 0.07876392203005868]
2022-01-26 20:06:05:INFO:-------------Training local models-------------
2022-01-26 20:22:38:INFO:-------------Aggregating local models-------------
2022-01-26 20:22:44:INFO:-------------Round number: 10-------------
2022-01-26 20:22:44:INFO:-------------Sending models-------------
2022-01-26 20:22:44:INFO:-------------Evaluating models-------------
2022-01-26 20:22:45:INFO:Average Global Accuracy and Loss for Each Task:
2022-01-26 20:22:45:INFO:Accuracy = [0.9351185718092193, 0.9489741540101252, 0.9760191846522782, 0.9467092992272849, 0.9632294164668266, 0.9324540367705836, 0.9772182254196643, 0.9642952304822808, 0.9396482813749001, 0.9712230215827338]
2022-01-26 20:22:45:INFO:Loss = [0.13993412003728475, 0.13124200826022125, 0.06772579415936689, 0.13571235648075275, 0.08567114598007029, 0.1644824756970535, 0.05730975094294793, 0.09885508336406815, 0.14495471274780444, 0.07780243568588491]
2022-01-26 20:22:45:INFO:-------------Training local models-------------
2022-01-26 20:39:19:INFO:-------------Aggregating local models-------------
2022-01-26 20:39:24:INFO:-------------Round number: 11-------------
2022-01-26 20:39:24:INFO:-------------Sending models-------------
2022-01-26 20:39:25:INFO:-------------Evaluating models-------------
2022-01-26 20:39:26:INFO:Average Global Accuracy and Loss for Each Task:
2022-01-26 20:39:26:INFO:Accuracy = [0.9388489208633094, 0.9509725552891021, 0.9756195043964828, 0.9477751132427391, 0.9638955502264854, 0.9336530775379697, 0.9776179056754596, 0.9654942712496669, 0.9429789501731948, 0.9721556088462563]
2022-01-26 20:39:26:INFO:Loss = [0.13748347406282813, 0.13123054127769174, 0.06762653500417803, 0.13365533025571125, 0.08440499693009645, 0.16703033443500662, 0.056353115013216715, 0.09852462792479277, 0.14463247264768522, 0.07744215322981361]
2022-01-26 20:39:26:INFO:-------------Training local models-------------
2022-01-26 20:55:59:INFO:-------------Aggregating local models-------------
2022-01-26 20:56:04:INFO:-------------Round number: 12-------------
2022-01-26 20:56:04:INFO:-------------Sending models-------------
2022-01-26 20:56:05:INFO:-------------Evaluating models-------------
2022-01-26 20:56:06:INFO:Average Global Accuracy and Loss for Each Task:
2022-01-26 20:56:06:INFO:Accuracy = [0.9404476418864908, 0.9509725552891021, 0.9757527311484147, 0.9496402877697842, 0.9653610444977352, 0.9313882227551292, 0.9788169464428457, 0.9650945909938715, 0.9432454036770583, 0.9714894750865974]
2022-01-26 20:56:06:INFO:Loss = [0.13667741618693696, 0.13267440691599786, 0.06773812782490815, 0.13227287890089093, 0.0831172152171884, 0.1713234566876295, 0.05550578238692695, 0.0990424436182044, 0.14748357474266507, 0.07765725984589048]
2022-01-26 20:56:06:INFO:-------------Training local models-------------
2022-01-26 21:12:39:INFO:-------------Aggregating local models-------------
2022-01-26 21:12:44:INFO:-------------Round number: 13-------------
2022-01-26 21:12:44:INFO:-------------Sending models-------------
2022-01-26 21:12:45:INFO:-------------Evaluating models-------------
2022-01-26 21:12:46:INFO:Average Global Accuracy and Loss for Each Task:
2022-01-26 21:12:46:INFO:Accuracy = [0.9431121769251266, 0.9500399680255796, 0.9758859579003464, 0.950439648281375, 0.9652278177458034, 0.9313882227551292, 0.9794830802025046, 0.964828137490008, 0.9433786304289902, 0.9708233413269385]
2022-01-26 21:12:46:INFO:Loss = [0.13584827382397482, 0.1355843676909381, 0.06820556999280075, 0.13139054333217873, 0.08196216137941835, 0.1770628630408488, 0.05462415706115944, 0.10011054957599128, 0.15188505487154713, 0.07907736875313712]
2022-01-26 21:12:46:INFO:-------------Training local models-------------
2022-01-26 21:29:19:INFO:-------------Aggregating local models-------------
2022-01-26 21:29:24:INFO:-------------Round number: 14-------------
2022-01-26 21:29:24:INFO:-------------Sending models-------------
2022-01-26 21:29:24:INFO:-------------Evaluating models-------------
2022-01-26 21:29:25:INFO:Average Global Accuracy and Loss for Each Task:
2022-01-26 21:29:25:INFO:Accuracy = [0.9439115374367173, 0.9505728750333067, 0.9760191846522782, 0.9507061017852385, 0.9665600852651213, 0.9297895017319477, 0.9801492139621636, 0.9645616839861444, 0.9433786304289902, 0.9702904343192112]
2022-01-26 21:29:25:INFO:Loss = [0.13666786408971873, 0.13918534519433462, 0.06898257828048371, 0.13108781675868914, 0.08106339461496526, 0.18284403306030586, 0.053845122310613655, 0.10187389721975199, 0.15986605047144212, 0.0805496118806984]
2022-01-26 21:29:25:INFO:-------------Training local models-------------
2022-01-26 21:45:59:INFO:-------------Aggregating local models-------------
2022-01-26 21:46:04:INFO:-------------Round number: 15-------------
2022-01-26 21:46:04:INFO:-------------Sending models-------------
2022-01-26 21:46:05:INFO:-------------Evaluating models-------------
2022-01-26 21:46:06:INFO:Average Global Accuracy and Loss for Each Task:
2022-01-26 21:46:06:INFO:Accuracy = [0.9457767119637623, 0.9511057820410338, 0.9758859579003464, 0.9513722355448974, 0.9677591260325074, 0.9281907807087664, 0.9800159872102319, 0.9652278177458034, 0.9433786304289902, 0.9697575273114841]
2022-01-26 21:46:06:INFO:Loss = [0.13884834916446914, 0.1439118621026849, 0.06978310487883142, 0.13153849400308545, 0.08046631012898939, 0.19045422294643505, 0.053213176243006644, 0.10379499940826617, 0.16906855881298383, 0.08237256655498086]
2022-01-26 21:46:06:INFO:-------------Training local models-------------
2022-01-26 22:02:39:INFO:-------------Aggregating local models-------------
2022-01-26 22:02:44:INFO:-------------Round number: 16-------------
2022-01-26 22:02:44:INFO:-------------Sending models-------------
2022-01-26 22:02:44:INFO:-------------Evaluating models-------------
2022-01-26 22:02:45:INFO:Average Global Accuracy and Loss for Each Task:
2022-01-26 22:02:45:INFO:Accuracy = [0.9464428457234213, 0.950439648281375, 0.9764188649080735, 0.9515054622968292, 0.9690913935518252, 0.9289901412203571, 0.9804156674660272, 0.9652278177458034, 0.9435118571809219, 0.9709565680788702]
2022-01-26 22:02:45:INFO:Loss = [0.14040572497452197, 0.14909167399669437, 0.07085723980857561, 0.13212466883345447, 0.08065903932926707, 0.19739102962596486, 0.05262235036774201, 0.10634761811661192, 0.1779043067925315, 0.08373149228672243]
2022-01-26 22:02:45:INFO:-------------Training local models-------------
2022-01-26 22:19:19:INFO:-------------Aggregating local models-------------
2022-01-26 22:19:24:INFO:-------------Round number: 17-------------
2022-01-26 22:19:24:INFO:-------------Sending models-------------
2022-01-26 22:19:25:INFO:-------------Evaluating models-------------
2022-01-26 22:19:26:INFO:Average Global Accuracy and Loss for Each Task:
2022-01-26 22:19:26:INFO:Accuracy = [0.9464428457234213, 0.9513722355448974, 0.9765520916600053, 0.9521715960564882, 0.9694910738076206, 0.9289901412203571, 0.9808153477218226, 0.9653610444977352, 0.9431121769251266, 0.9714894750865974]
2022-01-26 22:19:26:INFO:Loss = [0.14364239407554585, 0.1540401575516663, 0.0720703807833884, 0.132724589622616, 0.08167846715950233, 0.2058403783650558, 0.0522083323360443, 0.10905509923851664, 0.18660771464807893, 0.08470712090310088]
2022-01-26 22:19:26:INFO:-------------Training local models-------------
2022-01-26 22:35:59:INFO:-------------Aggregating local models-------------
2022-01-26 22:36:04:INFO:-------------Round number: 18-------------
2022-01-26 22:36:04:INFO:-------------Sending models-------------
2022-01-26 22:36:04:INFO:-------------Evaluating models-------------
2022-01-26 22:36:05:INFO:Average Global Accuracy and Loss for Each Task:
2022-01-26 22:36:05:INFO:Accuracy = [0.9477751132427391, 0.9517719158006928, 0.9770849986677325, 0.9520383693045563, 0.9689581667998934, 0.9291233679722888, 0.9810818012256861, 0.9656274980015987, 0.9436450839328537, 0.9721556088462563]
2022-01-26 22:36:05:INFO:Loss = [0.1469773067582002, 0.15862605173079292, 0.07360405386280985, 0.1335709836592809, 0.0831564249165356, 0.21418530672702682, 0.05187117794950372, 0.11195487288467298, 0.195138401074963, 0.08571746469767247]
2022-01-26 22:36:05:INFO:-------------Training local models-------------
2022-01-26 22:52:39:INFO:-------------Aggregating local models-------------
2022-01-26 22:52:44:INFO:-------------Round number: 19-------------
2022-01-26 22:52:44:INFO:-------------Sending models-------------
2022-01-26 22:52:45:INFO:-------------Evaluating models-------------
2022-01-26 22:52:46:INFO:Average Global Accuracy and Loss for Each Task:
2022-01-26 22:52:46:INFO:Accuracy = [0.9487077005062616, 0.9512390087929656, 0.9769517719158007, 0.9520383693045563, 0.9682920330402345, 0.9289901412203571, 0.9809485744737543, 0.966027178257394, 0.9440447641886491, 0.9721556088462563]
2022-01-26 22:52:46:INFO:Loss = [0.15297244811460306, 0.16352833503565256, 0.07525108249613509, 0.13450666890068988, 0.0855096391137511, 0.2234921639299812, 0.05154416636169187, 0.11490001001800335, 0.2034764209939673, 0.08639682710502074]
2022-01-26 22:52:46:INFO:-------------Training local models-------------
2022-01-26 23:09:18:INFO:-------------Aggregating local models-------------
2022-01-26 23:09:24:INFO:-------------Round number: 20-------------
2022-01-26 23:09:24:INFO:-------------Sending models-------------
2022-01-26 23:09:24:INFO:-------------Evaluating models-------------
2022-01-26 23:09:25:INFO:Average Global Accuracy and Loss for Each Task:
2022-01-26 23:09:25:INFO:Accuracy = [0.9489741540101252, 0.9505728750333067, 0.9769517719158007, 0.9524380495603517, 0.968558486544098, 0.9284572342126299, 0.9814814814814815, 0.9658939515054623, 0.9444444444444444, 0.9725552891020517]
2022-01-26 23:09:25:INFO:Loss = [0.15739487920769515, 0.17010176269905194, 0.07834474107558366, 0.13562360320059771, 0.08864244929018573, 0.23378059864078388, 0.05123124589530828, 0.11751522389856411, 0.2110664551405291, 0.08713148168803696]
2022-01-26 23:09:25:INFO:-------------Training local models-------------
2022-01-26 23:25:59:INFO:-------------Aggregating local models-------------
2022-01-26 23:26:04:INFO:-------------Round number: 21-------------
2022-01-26 23:26:04:INFO:-------------Sending models-------------
2022-01-26 23:26:05:INFO:-------------Evaluating models-------------
2022-01-26 23:26:06:INFO:Average Global Accuracy and Loss for Each Task:
2022-01-26 23:26:06:INFO:Accuracy = [0.9488409272581935, 0.9501731947775113, 0.9769517719158007, 0.9532374100719424, 0.968558486544098, 0.9280575539568345, 0.9822808419930722, 0.9656274980015987, 0.9448441247002398, 0.9725552891020517]
2022-01-26 23:26:06:INFO:Loss = [0.1619903966814372, 0.17467090517514766, 0.08001202412123298, 0.13683131143049565, 0.09186578727124564, 0.24388492567321834, 0.05102950723300816, 0.11996714564559775, 0.21752263896334378, 0.08798791925551686]
2022-01-26 23:26:06:INFO:-------------Training local models-------------
2022-01-26 23:42:39:INFO:-------------Aggregating local models-------------
2022-01-26 23:42:44:INFO:-------------Round number: 22-------------
2022-01-26 23:42:44:INFO:-------------Sending models-------------
2022-01-26 23:42:45:INFO:-------------Evaluating models-------------
2022-01-26 23:42:45:INFO:Average Global Accuracy and Loss for Each Task:
2022-01-26 23:42:45:INFO:Accuracy = [0.9488409272581935, 0.9507061017852385, 0.9769517719158007, 0.9531041833200107, 0.9689581667998934, 0.9276578737010391, 0.9829469757527312, 0.9658939515054623, 0.9448441247002398, 0.9729549693578471]
2022-01-26 23:42:45:INFO:Loss = [0.16693487106587984, 0.1791141657877643, 0.08190286588586433, 0.1384493754020202, 0.09566346363284031, 0.2539772922189389, 0.05095135964330004, 0.12258262441538874, 0.22474102519090736, 0.08889477158961191]
2022-01-26 23:42:45:INFO:-------------Training local models-------------
2022-01-26 23:59:19:INFO:-------------Aggregating local models-------------
2022-01-26 23:59:24:INFO:-------------Round number: 23-------------
2022-01-26 23:59:24:INFO:-------------Sending models-------------
2022-01-26 23:59:25:INFO:-------------Evaluating models-------------
2022-01-26 23:59:26:INFO:Average Global Accuracy and Loss for Each Task:
2022-01-26 23:59:26:INFO:Accuracy = [0.9488409272581935, 0.9503064215294431, 0.9769517719158007, 0.9529709565680788, 0.9688249400479616, 0.9276578737010391, 0.9829469757527312, 0.9654942712496669, 0.9443112176925127, 0.9729549693578471]
2022-01-26 23:59:26:INFO:Loss = [0.17190360524035467, 0.18327928977188418, 0.0839323915999694, 0.14004217601476415, 0.09937785088271707, 0.2637349068319812, 0.05099202345952442, 0.12522329352280112, 0.2309944245988218, 0.08982808336727771]
2022-01-26 23:59:26:INFO:-------------Training local models-------------
2022-01-27 00:15:59:INFO:-------------Aggregating local models-------------
2022-01-27 00:16:04:INFO:-------------Round number: 24-------------
2022-01-27 00:16:04:INFO:-------------Sending models-------------
2022-01-27 00:16:05:INFO:-------------Evaluating models-------------
2022-01-27 00:16:06:INFO:Average Global Accuracy and Loss for Each Task:
2022-01-27 00:16:06:INFO:Accuracy = [0.9483080202504663, 0.9496402877697842, 0.9770849986677325, 0.9533706368238742, 0.9681588062883026, 0.9273914201971756, 0.9834798827604583, 0.966027178257394, 0.9448441247002398, 0.9732214228617106]
2022-01-27 00:16:06:INFO:Loss = [0.17675321054343324, 0.1872546295682823, 0.08580845374244724, 0.14182736416169892, 0.10308006690295123, 0.27309766331093793, 0.05118642058414855, 0.12780509716621166, 0.2365117357537131, 0.09087689531341461]
2022-01-27 00:16:06:INFO:-------------Training local models-------------
