2022-01-26 17:33:45:INFO:-------------Round number: 0-------------
2022-01-26 17:33:45:INFO:-------------Sending models-------------
2022-01-26 17:33:45:INFO:-------------Evaluating models-------------
2022-01-26 17:33:46:INFO:Average Global Accuracy and Loss for Each Task:
2022-01-26 17:33:46:INFO:Accuracy = [0.9002131628030908, 0.09992006394884093, 0.09992006394884093, 0.09978683719690914, 0.8776978417266187, 0.8828936850519584, 0.10071942446043165, 0.09978683719690914, 0.8999467092992273, 0.8998134825472955]
2022-01-26 17:33:46:INFO:Loss = [0.6654636965667029, 0.7252982787424617, 0.7186282753166185, 0.7331456693051626, 0.6907666532589282, 0.6899063229132042, 0.7393160736738699, 0.7035459735426558, 0.6847668739912702, 0.6382551279078793]
2022-01-26 17:33:46:INFO:-------------Training local models-------------
2022-01-26 17:47:57:INFO:-------------Aggregating local models-------------
2022-01-26 17:48:02:INFO:-------------Round number: 1-------------
2022-01-26 17:48:02:INFO:-------------Sending models-------------
2022-01-26 17:48:03:INFO:-------------Evaluating models-------------
2022-01-26 17:48:04:INFO:Average Global Accuracy and Loss for Each Task:
2022-01-26 17:48:04:INFO:Accuracy = [0.9508393285371702, 0.9323208100186517, 0.966027178257394, 0.964828137490008, 0.9706901145750066, 0.9321875832667199, 0.9146016520117239, 0.9577671196376233, 0.9757527311484147, 0.9247268851585398]
2022-01-26 17:48:04:INFO:Loss = [0.16238131771148762, 0.2000387390079029, 0.09618176989755318, 0.10769197034094058, 0.1026174135298417, 0.16655117186079685, 0.19743179047443996, 0.12012619491321125, 0.09729829391039875, 0.18826850273909396]
2022-01-26 17:48:04:INFO:-------------Training local models-------------
2022-01-26 18:04:57:INFO:-------------Aggregating local models-------------
2022-01-26 18:05:03:INFO:-------------Round number: 2-------------
2022-01-26 18:05:03:INFO:-------------Sending models-------------
2022-01-26 18:05:03:INFO:-------------Evaluating models-------------
2022-01-26 18:05:04:INFO:Average Global Accuracy and Loss for Each Task:
2022-01-26 18:05:04:INFO:Accuracy = [0.9544364508393285, 0.9476418864908074, 0.967359445776712, 0.9729549693578471, 0.9822808419930722, 0.934052757793765, 0.9473754329869438, 0.9784172661870504, 0.9758859579003464, 0.9551025845989874]
2022-01-26 18:05:04:INFO:Loss = [0.13264449765855674, 0.1421360566668275, 0.08000861776904057, 0.08273238709497242, 0.06460650717584031, 0.1500644965388331, 0.14223589841146125, 0.08146142172332622, 0.07212500708423235, 0.13484912506357444]
2022-01-26 18:05:04:INFO:-------------Training local models-------------
2022-01-26 18:21:46:INFO:-------------Aggregating local models-------------
2022-01-26 18:21:51:INFO:-------------Round number: 3-------------
2022-01-26 18:21:51:INFO:-------------Sending models-------------
2022-01-26 18:21:52:INFO:-------------Evaluating models-------------
2022-01-26 18:21:53:INFO:Average Global Accuracy and Loss for Each Task:
2022-01-26 18:21:53:INFO:Accuracy = [0.9557687183586464, 0.9529709565680788, 0.9704236610711431, 0.973621103117506, 0.9838795630162537, 0.9353850253130829, 0.9551025845989874, 0.9832134292565947, 0.9789501731947775, 0.9630961897148947]
2022-01-26 18:21:53:INFO:Loss = [0.11520371304372005, 0.12400351034224173, 0.07095868006275513, 0.0744831256374352, 0.052515516028933194, 0.14150631997447752, 0.12393840850475316, 0.05777398790591187, 0.061107990867053485, 0.10470215234466294]
2022-01-26 18:21:53:INFO:-------------Training local models-------------
2022-01-26 18:38:34:INFO:-------------Aggregating local models-------------
2022-01-26 18:38:39:INFO:-------------Round number: 4-------------
2022-01-26 18:38:39:INFO:-------------Sending models-------------
2022-01-26 18:38:40:INFO:-------------Evaluating models-------------
2022-01-26 18:38:41:INFO:Average Global Accuracy and Loss for Each Task:
2022-01-26 18:38:41:INFO:Accuracy = [0.9594990674127365, 0.9547029043431922, 0.9738875566213696, 0.973621103117506, 0.9850786037836398, 0.9363176125766054, 0.9565680788702371, 0.9862776445510258, 0.9810818012256861, 0.9670929922728484]
2022-01-26 18:38:41:INFO:Loss = [0.1068222068764851, 0.11540111496288251, 0.0642480241289076, 0.06970467506569034, 0.046492125727821916, 0.13532649048478768, 0.11510088725270251, 0.04731211962978631, 0.05367221275575957, 0.08946389019704143]
2022-01-26 18:38:41:INFO:-------------Training local models-------------
2022-01-26 18:55:23:INFO:-------------Aggregating local models-------------
2022-01-26 18:55:29:INFO:-------------Round number: 5-------------
2022-01-26 18:55:29:INFO:-------------Sending models-------------
2022-01-26 18:55:29:INFO:-------------Evaluating models-------------
2022-01-26 18:55:30:INFO:Average Global Accuracy and Loss for Each Task:
2022-01-26 18:55:30:INFO:Accuracy = [0.9602984279243272, 0.9555022648547828, 0.9744204636290967, 0.973621103117506, 0.9856115107913669, 0.937783106847855, 0.9586997069011457, 0.9872102318145484, 0.9826805222488676, 0.968558486544098]
2022-01-26 18:55:30:INFO:Loss = [0.10209749322029735, 0.10956472106512727, 0.059832003894186254, 0.06550015838543141, 0.0432334276846572, 0.1298314797476832, 0.10861514283201709, 0.04312199795123865, 0.049808781373459975, 0.08127603414860163]
2022-01-26 18:55:30:INFO:-------------Training local models-------------
2022-01-26 19:12:12:INFO:-------------Aggregating local models-------------
2022-01-26 19:12:17:INFO:-------------Round number: 6-------------
2022-01-26 19:12:17:INFO:-------------Sending models-------------
2022-01-26 19:12:18:INFO:-------------Evaluating models-------------
2022-01-26 19:12:19:INFO:Average Global Accuracy and Loss for Each Task:
2022-01-26 19:12:19:INFO:Accuracy = [0.9612310151878497, 0.957900346389555, 0.9758859579003464, 0.9776179056754596, 0.9856115107913669, 0.9405808686384226, 0.9596322941646682, 0.9873434585664802, 0.9828137490007993, 0.973621103117506]
2022-01-26 19:12:19:INFO:Loss = [0.09877456606902311, 0.10568426500925951, 0.056918081912119126, 0.06061655145311109, 0.041592385391361744, 0.12395756739382123, 0.1046584159970516, 0.04100724694073839, 0.04786578821780412, 0.07416685494192142]
2022-01-26 19:12:19:INFO:-------------Training local models-------------
2022-01-26 19:29:01:INFO:-------------Aggregating local models-------------
2022-01-26 19:29:06:INFO:-------------Round number: 7-------------
2022-01-26 19:29:06:INFO:-------------Sending models-------------
2022-01-26 19:29:07:INFO:-------------Evaluating models-------------
2022-01-26 19:29:08:INFO:Average Global Accuracy and Loss for Each Task:
2022-01-26 19:29:08:INFO:Accuracy = [0.9621636024513722, 0.9594990674127365, 0.9785504929389821, 0.9820143884892086, 0.9853450572875033, 0.9468425259792166, 0.960431654676259, 0.9876099120703438, 0.9825472954969358, 0.9760191846522782]
2022-01-26 19:29:08:INFO:Loss = [0.09620827003177729, 0.10276823139851769, 0.05471458129662555, 0.05591598396878286, 0.04077283621072873, 0.11740905949562704, 0.1025589760299226, 0.039570235457529836, 0.046709576252008576, 0.06882559031072073]
2022-01-26 19:29:08:INFO:-------------Training local models-------------
2022-01-26 19:45:48:INFO:-------------Aggregating local models-------------
2022-01-26 19:45:54:INFO:-------------Round number: 8-------------
2022-01-26 19:45:54:INFO:-------------Sending models-------------
2022-01-26 19:45:54:INFO:-------------Evaluating models-------------
2022-01-26 19:45:55:INFO:Average Global Accuracy and Loss for Each Task:
2022-01-26 19:45:55:INFO:Accuracy = [0.9634958699706901, 0.9620303756994405, 0.9798827604583, 0.9816147082334132, 0.9849453770317079, 0.950439648281375, 0.9602984279243272, 0.9884092725819345, 0.9821476152411405, 0.9756195043964828]
2022-01-26 19:45:55:INFO:Loss = [0.09444096505391317, 0.1006613404186468, 0.05306697925427602, 0.053383323424788576, 0.04037378811645655, 0.11116616080413173, 0.10190348030763385, 0.03865600206905443, 0.04600843186775382, 0.06642762568447097]
2022-01-26 19:45:55:INFO:-------------Training local models-------------
2022-01-26 20:02:37:INFO:-------------Aggregating local models-------------
2022-01-26 20:02:43:INFO:-------------Round number: 9-------------
2022-01-26 20:02:43:INFO:-------------Sending models-------------
2022-01-26 20:02:43:INFO:-------------Evaluating models-------------
2022-01-26 20:02:44:INFO:Average Global Accuracy and Loss for Each Task:
2022-01-26 20:02:44:INFO:Accuracy = [0.964828137490008, 0.9638955502264854, 0.9802824407140954, 0.9814814814814815, 0.9849453770317079, 0.9513722355448974, 0.960431654676259, 0.9882760458300026, 0.9825472954969358, 0.9764188649080735]
2022-01-26 20:02:44:INFO:Loss = [0.09326817344331477, 0.10092052362745238, 0.05190884248964012, 0.05149691965939505, 0.04026352586835309, 0.1065037940204514, 0.10344272665250226, 0.03809039445239736, 0.04557312165552408, 0.06465691626633417]
2022-01-26 20:02:44:INFO:-------------Training local models-------------
2022-01-26 20:19:26:INFO:-------------Aggregating local models-------------
2022-01-26 20:19:31:INFO:-------------Round number: 10-------------
2022-01-26 20:19:31:INFO:-------------Sending models-------------
2022-01-26 20:19:32:INFO:-------------Evaluating models-------------
2022-01-26 20:19:33:INFO:Average Global Accuracy and Loss for Each Task:
2022-01-26 20:19:33:INFO:Accuracy = [0.964828137490008, 0.9633626432187583, 0.9810818012256861, 0.9814814814814815, 0.9853450572875033, 0.9536370903277378, 0.9609645616839861, 0.988675726085798, 0.982414068745004, 0.9766853184119371]
2022-01-26 20:19:33:INFO:Loss = [0.09231875357224989, 0.10296339522324227, 0.050890824540333994, 0.049752910688452306, 0.040302454005193465, 0.10315461726344273, 0.10633053622774746, 0.037839176682472185, 0.04535210422872363, 0.06349601763608007]
2022-01-26 20:19:33:INFO:-------------Training local models-------------
2022-01-26 20:36:14:INFO:-------------Aggregating local models-------------
2022-01-26 20:36:20:INFO:-------------Round number: 11-------------
2022-01-26 20:36:20:INFO:-------------Sending models-------------
2022-01-26 20:36:20:INFO:-------------Evaluating models-------------
2022-01-26 20:36:21:INFO:Average Global Accuracy and Loss for Each Task:
2022-01-26 20:36:21:INFO:Accuracy = [0.9645616839861444, 0.9629629629629629, 0.981215027977618, 0.9822808419930722, 0.9854782840394352, 0.9545696775912603, 0.9608313349320543, 0.9885424993338663, 0.9826805222488676, 0.9774846789235279]
2022-01-26 20:36:21:INFO:Loss = [0.09167547665525609, 0.1065617847423025, 0.049936382846232176, 0.047995345476035414, 0.040516318777776776, 0.1004548097625385, 0.11048608531823058, 0.03781353149356889, 0.04536640328517259, 0.0621505766276878]
2022-01-26 20:36:21:INFO:-------------Training local models-------------
2022-01-26 20:53:03:INFO:-------------Aggregating local models-------------
2022-01-26 20:53:08:INFO:-------------Round number: 12-------------
2022-01-26 20:53:08:INFO:-------------Sending models-------------
2022-01-26 20:53:09:INFO:-------------Evaluating models-------------
2022-01-26 20:53:10:INFO:Average Global Accuracy and Loss for Each Task:
2022-01-26 20:53:10:INFO:Accuracy = [0.9656274980015987, 0.9625632827071676, 0.9818811617372768, 0.9825472954969358, 0.9852118305355716, 0.9564348521183054, 0.9606981081801226, 0.9888089528377298, 0.9832134292565947, 0.9784172661870504]
2022-01-26 20:53:10:INFO:Loss = [0.09084659633222195, 0.1112821301851066, 0.04911371875047422, 0.046615887493803264, 0.040958739327548864, 0.09819507381040443, 0.11445817942956864, 0.038149617855643136, 0.045181887740016816, 0.06187595420319062]
2022-01-26 20:53:10:INFO:-------------Training local models-------------
2022-01-26 21:09:51:INFO:-------------Aggregating local models-------------
2022-01-26 21:09:57:INFO:-------------Round number: 13-------------
2022-01-26 21:09:57:INFO:-------------Sending models-------------
2022-01-26 21:09:57:INFO:-------------Evaluating models-------------
2022-01-26 21:09:58:INFO:Average Global Accuracy and Loss for Each Task:
2022-01-26 21:09:58:INFO:Accuracy = [0.9665600852651213, 0.9638955502264854, 0.9817479349853451, 0.9832134292565947, 0.9848121502797762, 0.9565680788702371, 0.9605648814281907, 0.9890754063415934, 0.9830802025046629, 0.978683719690914]
2022-01-26 21:09:58:INFO:Loss = [0.09092806726434088, 0.11713891491577648, 0.04830075487601241, 0.04567982222679534, 0.041350249275524005, 0.09652974145447123, 0.1179003189085761, 0.038664281810744536, 0.045838804531377585, 0.06215141353369084]
2022-01-26 21:09:58:INFO:-------------Training local models-------------
2022-01-26 21:26:39:INFO:-------------Aggregating local models-------------
2022-01-26 21:26:44:INFO:-------------Round number: 14-------------
2022-01-26 21:26:44:INFO:-------------Sending models-------------
2022-01-26 21:26:45:INFO:-------------Evaluating models-------------
2022-01-26 21:26:46:INFO:Average Global Accuracy and Loss for Each Task:
2022-01-26 21:26:46:INFO:Accuracy = [0.9668265387689848, 0.9633626432187583, 0.9826805222488676, 0.9833466560085266, 0.9848121502797762, 0.9571009858779643, 0.9616306954436451, 0.9889421795896616, 0.9830802025046629, 0.9781508126831868]
2022-01-26 21:26:46:INFO:Loss = [0.09204204078117972, 0.12390474730664648, 0.04764137147905973, 0.045237679049787274, 0.04163655367184059, 0.09557235797741295, 0.12130917564416449, 0.03925111533579362, 0.04713100679999233, 0.06281927376329027]
2022-01-26 21:26:46:INFO:-------------Training local models-------------
2022-01-26 21:43:27:INFO:-------------Aggregating local models-------------
2022-01-26 21:43:33:INFO:-------------Round number: 15-------------
2022-01-26 21:43:33:INFO:-------------Sending models-------------
2022-01-26 21:43:33:INFO:-------------Evaluating models-------------
2022-01-26 21:43:34:INFO:Average Global Accuracy and Loss for Each Task:
2022-01-26 21:43:34:INFO:Accuracy = [0.966693312017053, 0.9626965094590993, 0.9833466560085266, 0.9840127897681854, 0.9846789235278444, 0.958566480149214, 0.961097788435918, 0.9889421795896616, 0.9829469757527312, 0.9781508126831868]
2022-01-26 21:43:34:INFO:Loss = [0.09447342203616144, 0.13132697582686115, 0.04702990970638971, 0.04516614575732043, 0.04215379997671213, 0.09535763630431575, 0.12481145756768286, 0.03975003212385686, 0.04962066297355725, 0.06381384852271692]
2022-01-26 21:43:34:INFO:-------------Training local models-------------
2022-01-26 22:00:15:INFO:-------------Aggregating local models-------------
2022-01-26 22:00:21:INFO:-------------Round number: 16-------------
2022-01-26 22:00:21:INFO:-------------Sending models-------------
2022-01-26 22:00:21:INFO:-------------Evaluating models-------------
2022-01-26 22:00:22:INFO:Average Global Accuracy and Loss for Each Task:
2022-01-26 22:00:22:INFO:Accuracy = [0.9664268585131894, 0.9629629629629629, 0.9837463362643218, 0.9830802025046629, 0.9844124700239808, 0.958566480149214, 0.9608313349320543, 0.9889421795896616, 0.9826805222488676, 0.9782840394351185]
2022-01-26 22:00:22:INFO:Loss = [0.09830265880820933, 0.13837796634496363, 0.04639323745135242, 0.04543113253980709, 0.042689637475734746, 0.09607954647066463, 0.12826302628938363, 0.04001151411763766, 0.05322997117322389, 0.06472446654916633]
2022-01-26 22:00:22:INFO:-------------Training local models-------------
2022-01-26 22:17:04:INFO:-------------Aggregating local models-------------
2022-01-26 22:17:09:INFO:-------------Round number: 17-------------
2022-01-26 22:17:09:INFO:-------------Sending models-------------
2022-01-26 22:17:10:INFO:-------------Evaluating models-------------
2022-01-26 22:17:11:INFO:Average Global Accuracy and Loss for Each Task:
2022-01-26 22:17:11:INFO:Accuracy = [0.9649613642419398, 0.9626965094590993, 0.9845456967759126, 0.9834798827604583, 0.9845456967759126, 0.9590993871569411, 0.961097788435918, 0.9888089528377298, 0.9826805222488676, 0.9784172661870504]
2022-01-26 22:17:11:INFO:Loss = [0.10285473356085667, 0.14557971332713243, 0.04584238440893101, 0.04612470596900239, 0.04286425896695037, 0.09738807648009296, 0.13185980687829799, 0.040125903665955115, 0.05718339338122095, 0.06558680518520572]
2022-01-26 22:17:11:INFO:-------------Training local models-------------
2022-01-26 22:33:52:INFO:-------------Aggregating local models-------------
2022-01-26 22:33:57:INFO:-------------Round number: 18-------------
2022-01-26 22:33:57:INFO:-------------Sending models-------------
2022-01-26 22:33:58:INFO:-------------Evaluating models-------------
2022-01-26 22:33:59:INFO:Average Global Accuracy and Loss for Each Task:
2022-01-26 22:33:59:INFO:Accuracy = [0.9649613642419398, 0.9628297362110312, 0.9848121502797762, 0.9836131095123901, 0.9844124700239808, 0.9583000266453504, 0.9613642419397815, 0.9890754063415934, 0.9826805222488676, 0.9776179056754596]
2022-01-26 22:33:59:INFO:Loss = [0.10799383692790018, 0.15288013640182488, 0.04536456914951297, 0.04699686989656886, 0.04336407120295866, 0.09971045438294032, 0.13562783446455637, 0.04034424136973358, 0.061258666300706914, 0.06664759791559419]
2022-01-26 22:33:59:INFO:-------------Training local models-------------
2022-01-26 22:50:40:INFO:-------------Aggregating local models-------------
2022-01-26 22:50:46:INFO:-------------Round number: 19-------------
2022-01-26 22:50:46:INFO:-------------Sending models-------------
2022-01-26 22:50:46:INFO:-------------Evaluating models-------------
2022-01-26 22:50:47:INFO:Average Global Accuracy and Loss for Each Task:
2022-01-26 22:50:47:INFO:Accuracy = [0.964828137490008, 0.9620303756994405, 0.9853450572875033, 0.9833466560085266, 0.9844124700239808, 0.9586997069011457, 0.9616306954436451, 0.989341859845457, 0.982414068745004, 0.978017585931255]
2022-01-26 22:50:47:INFO:Loss = [0.11354244832581385, 0.16018896339256933, 0.04504135969460496, 0.048078552443562995, 0.0434481629987175, 0.10280342568285063, 0.13896527612630988, 0.04062113078714668, 0.06522515243086441, 0.06763204860031471]
2022-01-26 22:50:47:INFO:-------------Training local models-------------
2022-01-26 23:07:28:INFO:-------------Aggregating local models-------------
2022-01-26 23:07:34:INFO:-------------Round number: 20-------------
2022-01-26 23:07:34:INFO:-------------Sending models-------------
2022-01-26 23:07:34:INFO:-------------Evaluating models-------------
2022-01-26 23:07:35:INFO:Average Global Accuracy and Loss for Each Task:
2022-01-26 23:07:35:INFO:Accuracy = [0.9638955502264854, 0.9620303756994405, 0.9849453770317079, 0.9828137490007993, 0.9846789235278444, 0.9600319744204636, 0.9618971489475087, 0.9890754063415934, 0.9821476152411405, 0.9781508126831868]
2022-01-26 23:07:35:INFO:Loss = [0.1186565451004094, 0.16682536583150429, 0.0448121596909342, 0.0494270902891953, 0.04370240164050667, 0.10653273946834892, 0.14205125481597425, 0.041078028768719625, 0.06814878259452613, 0.06879588667290808]
2022-01-26 23:07:35:INFO:-------------Training local models-------------
2022-01-26 23:24:17:INFO:-------------Aggregating local models-------------
2022-01-26 23:24:23:INFO:-------------Round number: 21-------------
2022-01-26 23:24:23:INFO:-------------Sending models-------------
2022-01-26 23:24:23:INFO:-------------Evaluating models-------------
2022-01-26 23:24:24:INFO:Average Global Accuracy and Loss for Each Task:
2022-01-26 23:24:24:INFO:Accuracy = [0.9632294164668266, 0.9618971489475087, 0.9848121502797762, 0.9826805222488676, 0.9846789235278444, 0.9601652011723955, 0.9625632827071676, 0.9889421795896616, 0.9826805222488676, 0.9778843591793233]
2022-01-26 23:24:24:INFO:Loss = [0.12412199928533929, 0.17389036796349724, 0.0446845534142139, 0.05103349401345586, 0.0445051832406272, 0.11035682847867566, 0.1465559362301385, 0.041582877081944525, 0.07092198536311889, 0.07046032053007731]
2022-01-26 23:24:24:INFO:-------------Training local models-------------
2022-01-26 23:41:05:INFO:-------------Aggregating local models-------------
2022-01-26 23:41:11:INFO:-------------Round number: 22-------------
2022-01-26 23:41:11:INFO:-------------Sending models-------------
2022-01-26 23:41:11:INFO:-------------Evaluating models-------------
2022-01-26 23:41:12:INFO:Average Global Accuracy and Loss for Each Task:
2022-01-26 23:41:12:INFO:Accuracy = [0.9632294164668266, 0.9620303756994405, 0.9849453770317079, 0.9825472954969358, 0.9849453770317079, 0.9598987476685319, 0.9629629629629629, 0.988675726085798, 0.9828137490007993, 0.9778843591793233]
2022-01-26 23:41:12:INFO:Loss = [0.12911966034728564, 0.18191241587490906, 0.044632046539309224, 0.05254945107424619, 0.04477204308411291, 0.11432793985497297, 0.15019988119010783, 0.04214283883209715, 0.07325621656833409, 0.07196295166050176]
2022-01-26 23:41:12:INFO:-------------Training local models-------------
2022-01-26 23:57:54:INFO:-------------Aggregating local models-------------
2022-01-26 23:58:00:INFO:-------------Round number: 23-------------
2022-01-26 23:58:00:INFO:-------------Sending models-------------
2022-01-26 23:58:00:INFO:-------------Evaluating models-------------
2022-01-26 23:58:01:INFO:Average Global Accuracy and Loss for Each Task:
2022-01-26 23:58:01:INFO:Accuracy = [0.9633626432187583, 0.9617639221955768, 0.9854782840394352, 0.982414068745004, 0.9856115107913669, 0.9600319744204636, 0.9633626432187583, 0.9885424993338663, 0.9828137490007993, 0.9776179056754596]
2022-01-26 23:58:01:INFO:Loss = [0.13392411903436396, 0.19093333390123945, 0.044627371046745266, 0.05391791519775528, 0.04502491472000964, 0.11784990394470261, 0.15511400192633576, 0.04272666834891442, 0.07544105819388212, 0.0734900732001714]
2022-01-26 23:58:01:INFO:-------------Training local models-------------
2022-01-27 00:14:42:INFO:-------------Aggregating local models-------------
2022-01-27 00:14:48:INFO:-------------Round number: 24-------------
2022-01-27 00:14:48:INFO:-------------Sending models-------------
2022-01-27 00:14:48:INFO:-------------Evaluating models-------------
2022-01-27 00:14:49:INFO:Average Global Accuracy and Loss for Each Task:
2022-01-27 00:14:49:INFO:Accuracy = [0.9630961897148947, 0.9624300559552358, 0.9860111910471623, 0.9825472954969358, 0.9858779642952304, 0.9593658406608047, 0.9633626432187583, 0.9882760458300026, 0.9826805222488676, 0.9781508126831868]
2022-01-27 00:14:49:INFO:Loss = [0.1383877081154238, 0.19721429389490192, 0.044554474338043076, 0.05512539983871504, 0.045555737906633594, 0.12084758231272708, 0.1577252400141898, 0.0433018381871374, 0.07748755769251228, 0.07501604829869934]
2022-01-27 00:14:49:INFO:-------------Training local models-------------
